{
  "stats": {
    "suites": 59,
    "tests": 82,
    "passes": 82,
    "pending": 0,
    "failures": 0,
    "start": "2017-02-05T22:05:09.237Z",
    "end": "2017-02-05T22:05:10.712Z",
    "duration": 1475,
    "testsRegistered": 82,
    "passPercent": 100,
    "pendingPercent": 0,
    "other": 0,
    "hasOther": false,
    "skipped": 0,
    "hasSkipped": false,
    "passPercentClass": "success",
    "pendingPercentClass": "danger"
  },
  "suites": {
    "title": "",
    "suites": [
      {
        "title": "COMPONENT: Notification",
        "suites": [],
        "tests": [
          {
            "title": "Should render a notification title and a message",
            "fullTitle": "COMPONENT: Notification Should render a notification title and a message",
            "timedOut": false,
            "duration": 114,
            "state": "passed",
            "speed": "slow",
            "pass": true,
            "fail": false,
            "pending": false,
            "code": "var wrapper = (0, _enzyme.mount)(_react2.default.createElement(_Notification2.default, {\n    title: \"This is a test\",\n    message: \"Some message goes over here\"\n}));\nexpect(wrapper.find(\".header\").text().trim()).to.equal(\"This is a test\");\nexpect(wrapper.text().replace(\"This is a test\", \"\").trim()).to.equal(\"Some message goes over here\");",
            "err": {},
            "isRoot": false,
            "uuid": "3f9f8dac-a276-4829-97af-1fb79e4fc5ac",
            "parentUUID": "a3b1ade7-4f6e-46be-8dfb-9a149780d9d9",
            "skipped": false
          },
          {
            "title": "Should have a default level to be info if it is not specified",
            "fullTitle": "COMPONENT: Notification Should have a default level to be info if it is not specified",
            "timedOut": false,
            "duration": 30,
            "state": "passed",
            "speed": "fast",
            "pass": true,
            "fail": false,
            "pending": false,
            "code": "expect((0, _enzyme.mount)(_react2.default.createElement(_Notification2.default, null)).find(\".info.message\")).to.have.length(1);",
            "err": {},
            "isRoot": false,
            "uuid": "ccc5079e-fbd0-4f0f-b3c2-c42554f315d5",
            "parentUUID": "a3b1ade7-4f6e-46be-8dfb-9a149780d9d9",
            "skipped": false
          },
          {
            "title": "Should follow a specified level",
            "fullTitle": "COMPONENT: Notification Should follow a specified level",
            "timedOut": false,
            "duration": 107,
            "state": "passed",
            "speed": "slow",
            "pass": true,
            "fail": false,
            "pending": false,
            "code": "expect((0, _enzyme.mount)(_react2.default.createElement(_Notification2.default, { level: \"info\" })).find(\".info.message\")).to.have.length(1);\nexpect((0, _enzyme.mount)(_react2.default.createElement(_Notification2.default, { level: \"warning\" })).find(\".warning.message\")).to.have.length(1);\nexpect((0, _enzyme.mount)(_react2.default.createElement(_Notification2.default, { level: \"error\" })).find(\".negative.message\")).to.have.length(1);\nexpect((0, _enzyme.mount)(_react2.default.createElement(_Notification2.default, { level: \"success\" })).find(\".positive.message\")).to.have.length(1);",
            "err": {},
            "isRoot": false,
            "uuid": "d21718d2-b58e-4198-b7c0-aef4a6d1fef8",
            "parentUUID": "a3b1ade7-4f6e-46be-8dfb-9a149780d9d9",
            "skipped": false
          }
        ],
        "pending": [],
        "root": false,
        "_timeout": 2000,
        "file": "/test/components/Notifications/Notification.spec.jsx",
        "uuid": "a3b1ade7-4f6e-46be-8dfb-9a149780d9d9",
        "fullFile": "/home/staff01/Documents/monPlanR/test/components/Notifications/Notification.spec.jsx",
        "passes": [
          {
            "title": "Should render a notification title and a message",
            "fullTitle": "COMPONENT: Notification Should render a notification title and a message",
            "timedOut": false,
            "duration": 114,
            "state": "passed",
            "speed": "slow",
            "pass": true,
            "fail": false,
            "pending": false,
            "code": "var wrapper = (0, _enzyme.mount)(_react2.default.createElement(_Notification2.default, {\n    title: \"This is a test\",\n    message: \"Some message goes over here\"\n}));\nexpect(wrapper.find(\".header\").text().trim()).to.equal(\"This is a test\");\nexpect(wrapper.text().replace(\"This is a test\", \"\").trim()).to.equal(\"Some message goes over here\");",
            "err": {},
            "isRoot": false,
            "uuid": "3f9f8dac-a276-4829-97af-1fb79e4fc5ac",
            "parentUUID": "a3b1ade7-4f6e-46be-8dfb-9a149780d9d9",
            "skipped": false
          },
          {
            "title": "Should have a default level to be info if it is not specified",
            "fullTitle": "COMPONENT: Notification Should have a default level to be info if it is not specified",
            "timedOut": false,
            "duration": 30,
            "state": "passed",
            "speed": "fast",
            "pass": true,
            "fail": false,
            "pending": false,
            "code": "expect((0, _enzyme.mount)(_react2.default.createElement(_Notification2.default, null)).find(\".info.message\")).to.have.length(1);",
            "err": {},
            "isRoot": false,
            "uuid": "ccc5079e-fbd0-4f0f-b3c2-c42554f315d5",
            "parentUUID": "a3b1ade7-4f6e-46be-8dfb-9a149780d9d9",
            "skipped": false
          },
          {
            "title": "Should follow a specified level",
            "fullTitle": "COMPONENT: Notification Should follow a specified level",
            "timedOut": false,
            "duration": 107,
            "state": "passed",
            "speed": "slow",
            "pass": true,
            "fail": false,
            "pending": false,
            "code": "expect((0, _enzyme.mount)(_react2.default.createElement(_Notification2.default, { level: \"info\" })).find(\".info.message\")).to.have.length(1);\nexpect((0, _enzyme.mount)(_react2.default.createElement(_Notification2.default, { level: \"warning\" })).find(\".warning.message\")).to.have.length(1);\nexpect((0, _enzyme.mount)(_react2.default.createElement(_Notification2.default, { level: \"error\" })).find(\".negative.message\")).to.have.length(1);\nexpect((0, _enzyme.mount)(_react2.default.createElement(_Notification2.default, { level: \"success\" })).find(\".positive.message\")).to.have.length(1);",
            "err": {},
            "isRoot": false,
            "uuid": "d21718d2-b58e-4198-b7c0-aef4a6d1fef8",
            "parentUUID": "a3b1ade7-4f6e-46be-8dfb-9a149780d9d9",
            "skipped": false
          }
        ],
        "failures": [],
        "skipped": [],
        "hasTests": true,
        "hasSuites": false,
        "totalTests": 3,
        "totalPasses": 3,
        "totalFailures": 0,
        "totalPending": 0,
        "totalSkipped": 0,
        "hasPasses": true,
        "hasFailures": false,
        "hasPending": false,
        "hasSkipped": false,
        "duration": 251
      },
      {
        "title": "COMPONENT: SetuRating",
        "suites": [],
        "tests": [
          {
            "title": "should render two ratings",
            "fullTitle": "COMPONENT: SetuRating should render two ratings",
            "timedOut": false,
            "duration": 106,
            "state": "passed",
            "speed": "slow",
            "pass": true,
            "fail": false,
            "pending": false,
            "code": "expect((0, _enzyme.mount)(_react2.default.createElement(_SetuRating2.default, null)).find(\".rating\")).to.have.length(2);",
            "err": {},
            "isRoot": false,
            "uuid": "3f523b78-c123-47b7-911f-4283d6733d6c",
            "parentUUID": "8ad663d9-bf84-4972-80d4-430e70df9232",
            "skipped": false
          },
          {
            "title": "should render a book if learning ratings is >=2.5",
            "fullTitle": "COMPONENT: SetuRating should render a book if learning ratings is >=2.5",
            "timedOut": false,
            "duration": 155,
            "state": "passed",
            "speed": "slow",
            "pass": true,
            "fail": false,
            "pending": false,
            "code": "expect((0, _enzyme.mount)(_react2.default.createElement(_SetuRating2.default, { starRating: 4.13 })).find(\".book\")).to.have.length(1);\nexpect((0, _enzyme.mount)(_react2.default.createElement(_SetuRating2.default, { starRating: 2.50 })).find(\".book\")).to.have.length(1);",
            "err": {},
            "isRoot": false,
            "uuid": "35d31653-b0c8-4789-a7ef-cd05819afb03",
            "parentUUID": "8ad663d9-bf84-4972-80d4-430e70df9232",
            "skipped": false
          },
          {
            "title": "should render a remove circle if learning ratings is <2.5",
            "fullTitle": "COMPONENT: SetuRating should render a remove circle if learning ratings is <2.5",
            "timedOut": false,
            "duration": 140,
            "state": "passed",
            "speed": "slow",
            "pass": true,
            "fail": false,
            "pending": false,
            "code": "expect((0, _enzyme.mount)(_react2.default.createElement(_SetuRating2.default, { starRating: 1.51 })).find(\".remove.circle\")).to.have.length(1);\nexpect((0, _enzyme.mount)(_react2.default.createElement(_SetuRating2.default, { starRating: 2.49 })).find(\".remove.circle\")).to.have.length(1);",
            "err": {},
            "isRoot": false,
            "uuid": "2d9db481-0f6e-4c7c-ae51-eb63adca51ad",
            "parentUUID": "8ad663d9-bf84-4972-80d4-430e70df9232",
            "skipped": false
          },
          {
            "title": "should render a thumbs up if enjoyment ratings is >=2.5",
            "fullTitle": "COMPONENT: SetuRating should render a thumbs up if enjoyment ratings is >=2.5",
            "timedOut": false,
            "duration": 122,
            "state": "passed",
            "speed": "slow",
            "pass": true,
            "fail": false,
            "pending": false,
            "code": "expect((0, _enzyme.mount)(_react2.default.createElement(_SetuRating2.default, { heartRating: 4.13 })).find(\".thumbs.up\")).to.have.length(1);\nexpect((0, _enzyme.mount)(_react2.default.createElement(_SetuRating2.default, { heartRating: 2.50 })).find(\".thumbs.up\")).to.have.length(1);",
            "err": {},
            "isRoot": false,
            "uuid": "0beb01e6-1e7d-45cf-87cb-224445e5959b",
            "parentUUID": "8ad663d9-bf84-4972-80d4-430e70df9232",
            "skipped": false
          },
          {
            "title": "should render a thumbs down if enjoyment ratings is <2.5",
            "fullTitle": "COMPONENT: SetuRating should render a thumbs down if enjoyment ratings is <2.5",
            "timedOut": false,
            "duration": 87,
            "state": "passed",
            "speed": "slow",
            "pass": true,
            "fail": false,
            "pending": false,
            "code": "expect((0, _enzyme.mount)(_react2.default.createElement(_SetuRating2.default, { heartRating: 1.51 })).find(\".thumbs.down\")).to.have.length(1);\nexpect((0, _enzyme.mount)(_react2.default.createElement(_SetuRating2.default, { heartRating: 2.49 })).find(\".thumbs.down\")).to.have.length(1);",
            "err": {},
            "isRoot": false,
            "uuid": "4aa3fbe9-c12e-4538-94a2-507f61361145",
            "parentUUID": "8ad663d9-bf84-4972-80d4-430e70df9232",
            "skipped": false
          }
        ],
        "pending": [],
        "root": false,
        "_timeout": 2000,
        "file": "/test/components/Unit/SetuRating.spec.jsx",
        "uuid": "8ad663d9-bf84-4972-80d4-430e70df9232",
        "fullFile": "/home/staff01/Documents/monPlanR/test/components/Unit/SetuRating.spec.jsx",
        "passes": [
          {
            "title": "should render two ratings",
            "fullTitle": "COMPONENT: SetuRating should render two ratings",
            "timedOut": false,
            "duration": 106,
            "state": "passed",
            "speed": "slow",
            "pass": true,
            "fail": false,
            "pending": false,
            "code": "expect((0, _enzyme.mount)(_react2.default.createElement(_SetuRating2.default, null)).find(\".rating\")).to.have.length(2);",
            "err": {},
            "isRoot": false,
            "uuid": "3f523b78-c123-47b7-911f-4283d6733d6c",
            "parentUUID": "8ad663d9-bf84-4972-80d4-430e70df9232",
            "skipped": false
          },
          {
            "title": "should render a book if learning ratings is >=2.5",
            "fullTitle": "COMPONENT: SetuRating should render a book if learning ratings is >=2.5",
            "timedOut": false,
            "duration": 155,
            "state": "passed",
            "speed": "slow",
            "pass": true,
            "fail": false,
            "pending": false,
            "code": "expect((0, _enzyme.mount)(_react2.default.createElement(_SetuRating2.default, { starRating: 4.13 })).find(\".book\")).to.have.length(1);\nexpect((0, _enzyme.mount)(_react2.default.createElement(_SetuRating2.default, { starRating: 2.50 })).find(\".book\")).to.have.length(1);",
            "err": {},
            "isRoot": false,
            "uuid": "35d31653-b0c8-4789-a7ef-cd05819afb03",
            "parentUUID": "8ad663d9-bf84-4972-80d4-430e70df9232",
            "skipped": false
          },
          {
            "title": "should render a remove circle if learning ratings is <2.5",
            "fullTitle": "COMPONENT: SetuRating should render a remove circle if learning ratings is <2.5",
            "timedOut": false,
            "duration": 140,
            "state": "passed",
            "speed": "slow",
            "pass": true,
            "fail": false,
            "pending": false,
            "code": "expect((0, _enzyme.mount)(_react2.default.createElement(_SetuRating2.default, { starRating: 1.51 })).find(\".remove.circle\")).to.have.length(1);\nexpect((0, _enzyme.mount)(_react2.default.createElement(_SetuRating2.default, { starRating: 2.49 })).find(\".remove.circle\")).to.have.length(1);",
            "err": {},
            "isRoot": false,
            "uuid": "2d9db481-0f6e-4c7c-ae51-eb63adca51ad",
            "parentUUID": "8ad663d9-bf84-4972-80d4-430e70df9232",
            "skipped": false
          },
          {
            "title": "should render a thumbs up if enjoyment ratings is >=2.5",
            "fullTitle": "COMPONENT: SetuRating should render a thumbs up if enjoyment ratings is >=2.5",
            "timedOut": false,
            "duration": 122,
            "state": "passed",
            "speed": "slow",
            "pass": true,
            "fail": false,
            "pending": false,
            "code": "expect((0, _enzyme.mount)(_react2.default.createElement(_SetuRating2.default, { heartRating: 4.13 })).find(\".thumbs.up\")).to.have.length(1);\nexpect((0, _enzyme.mount)(_react2.default.createElement(_SetuRating2.default, { heartRating: 2.50 })).find(\".thumbs.up\")).to.have.length(1);",
            "err": {},
            "isRoot": false,
            "uuid": "0beb01e6-1e7d-45cf-87cb-224445e5959b",
            "parentUUID": "8ad663d9-bf84-4972-80d4-430e70df9232",
            "skipped": false
          },
          {
            "title": "should render a thumbs down if enjoyment ratings is <2.5",
            "fullTitle": "COMPONENT: SetuRating should render a thumbs down if enjoyment ratings is <2.5",
            "timedOut": false,
            "duration": 87,
            "state": "passed",
            "speed": "slow",
            "pass": true,
            "fail": false,
            "pending": false,
            "code": "expect((0, _enzyme.mount)(_react2.default.createElement(_SetuRating2.default, { heartRating: 1.51 })).find(\".thumbs.down\")).to.have.length(1);\nexpect((0, _enzyme.mount)(_react2.default.createElement(_SetuRating2.default, { heartRating: 2.49 })).find(\".thumbs.down\")).to.have.length(1);",
            "err": {},
            "isRoot": false,
            "uuid": "4aa3fbe9-c12e-4538-94a2-507f61361145",
            "parentUUID": "8ad663d9-bf84-4972-80d4-430e70df9232",
            "skipped": false
          }
        ],
        "failures": [],
        "skipped": [],
        "hasTests": true,
        "hasSuites": false,
        "totalTests": 5,
        "totalPasses": 5,
        "totalFailures": 0,
        "totalPending": 0,
        "totalSkipped": 0,
        "hasPasses": true,
        "hasFailures": false,
        "hasPending": false,
        "hasSkipped": false,
        "duration": 610
      },
      {
        "title": "COMPONENT: Unit",
        "suites": [],
        "tests": [
          {
            "title": "should only render a unit code and a unit name",
            "fullTitle": "COMPONENT: Unit should only render a unit code and a unit name",
            "timedOut": false,
            "duration": 96,
            "state": "passed",
            "speed": "slow",
            "pass": true,
            "fail": false,
            "pending": false,
            "code": "var unitCode = \"ABC1234\";\nvar unitName = \"Example unit\";\nvar wrapper = (0, _enzyme.mount)(_react2.default.createElement(_Unit.Unit, {\n    code: unitCode,\n    name: unitName,\n    connectDragSource: identity,\n    connectDropTarget: identity }));\nexpect(wrapper.find(\".header\").text().trim()).to.equal(unitCode);\nexpect(wrapper.find(\".message\").text().replace(unitCode, \"\").trim()).to.equal(unitName);",
            "err": {},
            "isRoot": false,
            "uuid": "06f24a87-ce3c-4adc-a253-2bf72b9b432c",
            "parentUUID": "e3cbad07-af56-4f2e-8fc7-cd3c602297f8",
            "skipped": false
          },
          {
            "title": "should render a close button only when mouse is over the unit",
            "fullTitle": "COMPONENT: Unit should render a close button only when mouse is over the unit",
            "timedOut": false,
            "duration": 144,
            "state": "passed",
            "speed": "slow",
            "pass": true,
            "fail": false,
            "pending": false,
            "code": "var wrapper = (0, _enzyme.mount)(_react2.default.createElement(_Unit.Unit, {\n    code: \"ABC1234\",\n    name: \"Example unit\",\n    connectDragSource: identity,\n    connectDropTarget: identity }));\nwrapper.simulate(\"mouseout\");\nwrapper.simulate(\"mouseleave\");\nexpect(wrapper.find(\".buttons\")).to.have.length(1);\nexpect(wrapper.find(\".buttons\")).to.have.style(\"visibility\", \"hidden\");\nwrapper.simulate(\"mouseover\");\nwrapper.simulate(\"mouseenter\");\nexpect(wrapper.find(\".buttons\")).to.have.length(1);\nexpect(wrapper.find(\".buttons\")).to.have.style(\"visibility\", \"visible\");\nwrapper.simulate(\"mouseout\");\nwrapper.simulate(\"mouseleave\");\nexpect(wrapper.find(\".buttons\")).to.have.length(1);\nexpect(wrapper.find(\".buttons\")).to.have.style(\"visibility\", \"hidden\");",
            "err": {},
            "isRoot": false,
            "uuid": "29bbf404-0b4a-4a65-9068-c534c2983079",
            "parentUUID": "e3cbad07-af56-4f2e-8fc7-cd3c602297f8",
            "skipped": false
          }
        ],
        "pending": [],
        "root": false,
        "_timeout": 2000,
        "file": "/test/components/Unit/Unit.spec.jsx",
        "uuid": "e3cbad07-af56-4f2e-8fc7-cd3c602297f8",
        "fullFile": "/home/staff01/Documents/monPlanR/test/components/Unit/Unit.spec.jsx",
        "passes": [
          {
            "title": "should only render a unit code and a unit name",
            "fullTitle": "COMPONENT: Unit should only render a unit code and a unit name",
            "timedOut": false,
            "duration": 96,
            "state": "passed",
            "speed": "slow",
            "pass": true,
            "fail": false,
            "pending": false,
            "code": "var unitCode = \"ABC1234\";\nvar unitName = \"Example unit\";\nvar wrapper = (0, _enzyme.mount)(_react2.default.createElement(_Unit.Unit, {\n    code: unitCode,\n    name: unitName,\n    connectDragSource: identity,\n    connectDropTarget: identity }));\nexpect(wrapper.find(\".header\").text().trim()).to.equal(unitCode);\nexpect(wrapper.find(\".message\").text().replace(unitCode, \"\").trim()).to.equal(unitName);",
            "err": {},
            "isRoot": false,
            "uuid": "06f24a87-ce3c-4adc-a253-2bf72b9b432c",
            "parentUUID": "e3cbad07-af56-4f2e-8fc7-cd3c602297f8",
            "skipped": false
          },
          {
            "title": "should render a close button only when mouse is over the unit",
            "fullTitle": "COMPONENT: Unit should render a close button only when mouse is over the unit",
            "timedOut": false,
            "duration": 144,
            "state": "passed",
            "speed": "slow",
            "pass": true,
            "fail": false,
            "pending": false,
            "code": "var wrapper = (0, _enzyme.mount)(_react2.default.createElement(_Unit.Unit, {\n    code: \"ABC1234\",\n    name: \"Example unit\",\n    connectDragSource: identity,\n    connectDropTarget: identity }));\nwrapper.simulate(\"mouseout\");\nwrapper.simulate(\"mouseleave\");\nexpect(wrapper.find(\".buttons\")).to.have.length(1);\nexpect(wrapper.find(\".buttons\")).to.have.style(\"visibility\", \"hidden\");\nwrapper.simulate(\"mouseover\");\nwrapper.simulate(\"mouseenter\");\nexpect(wrapper.find(\".buttons\")).to.have.length(1);\nexpect(wrapper.find(\".buttons\")).to.have.style(\"visibility\", \"visible\");\nwrapper.simulate(\"mouseout\");\nwrapper.simulate(\"mouseleave\");\nexpect(wrapper.find(\".buttons\")).to.have.length(1);\nexpect(wrapper.find(\".buttons\")).to.have.style(\"visibility\", \"hidden\");",
            "err": {},
            "isRoot": false,
            "uuid": "29bbf404-0b4a-4a65-9068-c534c2983079",
            "parentUUID": "e3cbad07-af56-4f2e-8fc7-cd3c602297f8",
            "skipped": false
          }
        ],
        "failures": [],
        "skipped": [],
        "hasTests": true,
        "hasSuites": false,
        "totalTests": 2,
        "totalPasses": 2,
        "totalFailures": 0,
        "totalPending": 0,
        "totalSkipped": 0,
        "hasPasses": true,
        "hasFailures": false,
        "hasPending": false,
        "hasSkipped": false,
        "duration": 240
      },
      {
        "title": "REDUCER: Counter",
        "suites": [
          {
            "title": "ACTION: INCREMENT_CREDIT_POINTS",
            "suites": [],
            "tests": [
              {
                "title": "Should increment the credit point state by a given value",
                "fullTitle": "REDUCER: Counter ACTION: INCREMENT_CREDIT_POINTS Should increment the credit point state by a given value",
                "timedOut": false,
                "duration": 3,
                "state": "passed",
                "speed": "fast",
                "pass": true,
                "fail": false,
                "pending": false,
                "code": "var stateBefore = { cost: 2, creditPoints: 0 };\nvar action = {\n    type: \"INCREMENT_CREDIT_POINTS\",\n    value: 1\n};\nvar stateAfter = {\n    cost: 2,\n    creditPoints: 1\n};\n(0, _deepFreeze2.default)(stateBefore);\n(0, _deepFreeze2.default)(action);\n(0, _expect2.default)((0, _Counter2.default)(stateBefore, action)).toEqual(stateAfter);",
                "err": {},
                "isRoot": false,
                "uuid": "14b0f55e-e9f5-41eb-9e66-818caf0a207d",
                "parentUUID": "b832a8a3-fe2c-4120-a1cc-252b66535a3f",
                "skipped": false
              }
            ],
            "pending": [],
            "root": false,
            "_timeout": 2000,
            "file": "/test/reducers/Counter.spec.js",
            "uuid": "b832a8a3-fe2c-4120-a1cc-252b66535a3f",
            "fullFile": "/home/staff01/Documents/monPlanR/test/reducers/Counter.spec.js",
            "passes": [
              {
                "title": "Should increment the credit point state by a given value",
                "fullTitle": "REDUCER: Counter ACTION: INCREMENT_CREDIT_POINTS Should increment the credit point state by a given value",
                "timedOut": false,
                "duration": 3,
                "state": "passed",
                "speed": "fast",
                "pass": true,
                "fail": false,
                "pending": false,
                "code": "var stateBefore = { cost: 2, creditPoints: 0 };\nvar action = {\n    type: \"INCREMENT_CREDIT_POINTS\",\n    value: 1\n};\nvar stateAfter = {\n    cost: 2,\n    creditPoints: 1\n};\n(0, _deepFreeze2.default)(stateBefore);\n(0, _deepFreeze2.default)(action);\n(0, _expect2.default)((0, _Counter2.default)(stateBefore, action)).toEqual(stateAfter);",
                "err": {},
                "isRoot": false,
                "uuid": "14b0f55e-e9f5-41eb-9e66-818caf0a207d",
                "parentUUID": "b832a8a3-fe2c-4120-a1cc-252b66535a3f",
                "skipped": false
              }
            ],
            "failures": [],
            "skipped": [],
            "hasTests": true,
            "hasSuites": false,
            "totalTests": 1,
            "totalPasses": 1,
            "totalFailures": 0,
            "totalPending": 0,
            "totalSkipped": 0,
            "hasPasses": true,
            "hasFailures": false,
            "hasPending": false,
            "hasSkipped": false,
            "duration": 3
          },
          {
            "title": "ACTION: DECREMENT_CREDIT_POINTS",
            "suites": [],
            "tests": [
              {
                "title": "Should decrement the credit point state by a given value",
                "fullTitle": "REDUCER: Counter ACTION: DECREMENT_CREDIT_POINTS Should decrement the credit point state by a given value",
                "timedOut": false,
                "duration": 0,
                "state": "passed",
                "speed": "fast",
                "pass": true,
                "fail": false,
                "pending": false,
                "code": "var stateBefore = { cost: 40, creditPoints: 50 };\nvar action = {\n    type: \"DECREMENT_CREDIT_POINTS\",\n    value: 10\n};\nvar stateAfter = {\n    cost: 40,\n    creditPoints: 40\n};\n(0, _deepFreeze2.default)(stateBefore);\n(0, _deepFreeze2.default)(action);\n(0, _expect2.default)((0, _Counter2.default)(stateBefore, action)).toEqual(stateAfter);",
                "err": {},
                "isRoot": false,
                "uuid": "d54c0a3f-df9e-48a9-9b5e-a43375951cca",
                "parentUUID": "67e125b1-f6b5-424e-a190-1d7da916c8aa",
                "skipped": false
              },
              {
                "title": "Should decrement the credit point state to 0 if a value given is larger than the current credit point value",
                "fullTitle": "REDUCER: Counter ACTION: DECREMENT_CREDIT_POINTS Should decrement the credit point state to 0 if a value given is larger than the current credit point value",
                "timedOut": false,
                "duration": 1,
                "state": "passed",
                "speed": "fast",
                "pass": true,
                "fail": false,
                "pending": false,
                "code": "var stateBefore = { cost: 40, creditPoints: 50 };\nvar action = {\n    type: \"DECREMENT_CREDIT_POINTS\",\n    value: 51\n};\nvar stateAfter = {\n    cost: 40,\n    creditPoints: 0\n};\n(0, _deepFreeze2.default)(stateBefore);\n(0, _deepFreeze2.default)(action);\n(0, _expect2.default)((0, _Counter2.default)(stateBefore, action)).toEqual(stateAfter);",
                "err": {},
                "isRoot": false,
                "uuid": "201c1ebc-aa9c-4ca3-91c0-d02e43a175b5",
                "parentUUID": "67e125b1-f6b5-424e-a190-1d7da916c8aa",
                "skipped": false
              }
            ],
            "pending": [],
            "root": false,
            "_timeout": 2000,
            "file": "/test/reducers/Counter.spec.js",
            "uuid": "67e125b1-f6b5-424e-a190-1d7da916c8aa",
            "fullFile": "/home/staff01/Documents/monPlanR/test/reducers/Counter.spec.js",
            "passes": [
              {
                "title": "Should decrement the credit point state by a given value",
                "fullTitle": "REDUCER: Counter ACTION: DECREMENT_CREDIT_POINTS Should decrement the credit point state by a given value",
                "timedOut": false,
                "duration": 0,
                "state": "passed",
                "speed": "fast",
                "pass": true,
                "fail": false,
                "pending": false,
                "code": "var stateBefore = { cost: 40, creditPoints: 50 };\nvar action = {\n    type: \"DECREMENT_CREDIT_POINTS\",\n    value: 10\n};\nvar stateAfter = {\n    cost: 40,\n    creditPoints: 40\n};\n(0, _deepFreeze2.default)(stateBefore);\n(0, _deepFreeze2.default)(action);\n(0, _expect2.default)((0, _Counter2.default)(stateBefore, action)).toEqual(stateAfter);",
                "err": {},
                "isRoot": false,
                "uuid": "d54c0a3f-df9e-48a9-9b5e-a43375951cca",
                "parentUUID": "67e125b1-f6b5-424e-a190-1d7da916c8aa",
                "skipped": false
              },
              {
                "title": "Should decrement the credit point state to 0 if a value given is larger than the current credit point value",
                "fullTitle": "REDUCER: Counter ACTION: DECREMENT_CREDIT_POINTS Should decrement the credit point state to 0 if a value given is larger than the current credit point value",
                "timedOut": false,
                "duration": 1,
                "state": "passed",
                "speed": "fast",
                "pass": true,
                "fail": false,
                "pending": false,
                "code": "var stateBefore = { cost: 40, creditPoints: 50 };\nvar action = {\n    type: \"DECREMENT_CREDIT_POINTS\",\n    value: 51\n};\nvar stateAfter = {\n    cost: 40,\n    creditPoints: 0\n};\n(0, _deepFreeze2.default)(stateBefore);\n(0, _deepFreeze2.default)(action);\n(0, _expect2.default)((0, _Counter2.default)(stateBefore, action)).toEqual(stateAfter);",
                "err": {},
                "isRoot": false,
                "uuid": "201c1ebc-aa9c-4ca3-91c0-d02e43a175b5",
                "parentUUID": "67e125b1-f6b5-424e-a190-1d7da916c8aa",
                "skipped": false
              }
            ],
            "failures": [],
            "skipped": [],
            "hasTests": true,
            "hasSuites": false,
            "totalTests": 2,
            "totalPasses": 2,
            "totalFailures": 0,
            "totalPending": 0,
            "totalSkipped": 0,
            "hasPasses": true,
            "hasFailures": false,
            "hasPending": false,
            "hasSkipped": false,
            "duration": 1
          },
          {
            "title": "ACTION: INCREMENT_COST",
            "suites": [],
            "tests": [
              {
                "title": "Should increment the cost state by a given value",
                "fullTitle": "REDUCER: Counter ACTION: INCREMENT_COST Should increment the cost state by a given value",
                "timedOut": false,
                "duration": 0,
                "state": "passed",
                "speed": "fast",
                "pass": true,
                "fail": false,
                "pending": false,
                "code": "var stateBefore = { cost: 20, creditPoints: 13 };\nvar action = {\n    type: \"INCREMENT_COST\",\n    value: 1\n};\nvar stateAfter = {\n    cost: 21,\n    creditPoints: 13\n};\n(0, _deepFreeze2.default)(stateBefore);\n(0, _deepFreeze2.default)(action);\n(0, _expect2.default)((0, _Counter2.default)(stateBefore, action)).toEqual(stateAfter);",
                "err": {},
                "isRoot": false,
                "uuid": "3f32cba1-f870-48a1-87e3-e23ef1bfc916",
                "parentUUID": "a963f13f-41ec-446c-a1ae-de00fb8e4790",
                "skipped": false
              }
            ],
            "pending": [],
            "root": false,
            "_timeout": 2000,
            "file": "/test/reducers/Counter.spec.js",
            "uuid": "a963f13f-41ec-446c-a1ae-de00fb8e4790",
            "fullFile": "/home/staff01/Documents/monPlanR/test/reducers/Counter.spec.js",
            "passes": [
              {
                "title": "Should increment the cost state by a given value",
                "fullTitle": "REDUCER: Counter ACTION: INCREMENT_COST Should increment the cost state by a given value",
                "timedOut": false,
                "duration": 0,
                "state": "passed",
                "speed": "fast",
                "pass": true,
                "fail": false,
                "pending": false,
                "code": "var stateBefore = { cost: 20, creditPoints: 13 };\nvar action = {\n    type: \"INCREMENT_COST\",\n    value: 1\n};\nvar stateAfter = {\n    cost: 21,\n    creditPoints: 13\n};\n(0, _deepFreeze2.default)(stateBefore);\n(0, _deepFreeze2.default)(action);\n(0, _expect2.default)((0, _Counter2.default)(stateBefore, action)).toEqual(stateAfter);",
                "err": {},
                "isRoot": false,
                "uuid": "3f32cba1-f870-48a1-87e3-e23ef1bfc916",
                "parentUUID": "a963f13f-41ec-446c-a1ae-de00fb8e4790",
                "skipped": false
              }
            ],
            "failures": [],
            "skipped": [],
            "hasTests": true,
            "hasSuites": false,
            "totalTests": 1,
            "totalPasses": 1,
            "totalFailures": 0,
            "totalPending": 0,
            "totalSkipped": 0,
            "hasPasses": true,
            "hasFailures": false,
            "hasPending": false,
            "hasSkipped": false,
            "duration": 0
          },
          {
            "title": "ACTION: DECREMENT_COST",
            "suites": [],
            "tests": [
              {
                "title": "Should decrement the cost state by a given value",
                "fullTitle": "REDUCER: Counter ACTION: DECREMENT_COST Should decrement the cost state by a given value",
                "timedOut": false,
                "duration": 0,
                "state": "passed",
                "speed": "fast",
                "pass": true,
                "fail": false,
                "pending": false,
                "code": "var stateBefore = { cost: 50, creditPoints: 40 };\nvar action = {\n    type: \"DECREMENT_COST\",\n    value: 10\n};\nvar stateAfter = {\n    cost: 40,\n    creditPoints: 40\n};\n(0, _deepFreeze2.default)(stateBefore);\n(0, _deepFreeze2.default)(action);\n(0, _expect2.default)((0, _Counter2.default)(stateBefore, action)).toEqual(stateAfter);",
                "err": {},
                "isRoot": false,
                "uuid": "07022339-72ad-4af2-bf06-8de434a6b59e",
                "parentUUID": "299cd25f-fbdf-4607-aa02-e46fabfefec9",
                "skipped": false
              },
              {
                "title": "Should decrement the cost state to 0 if a value given is larger than the current credit point value",
                "fullTitle": "REDUCER: Counter ACTION: DECREMENT_COST Should decrement the cost state to 0 if a value given is larger than the current credit point value",
                "timedOut": false,
                "duration": 0,
                "state": "passed",
                "speed": "fast",
                "pass": true,
                "fail": false,
                "pending": false,
                "code": "var stateBefore = { cost: 50, creditPoints: 40 };\nvar action = {\n    type: \"DECREMENT_COST\",\n    value: 51\n};\nvar stateAfter = {\n    cost: 0,\n    creditPoints: 40\n};\n(0, _deepFreeze2.default)(stateBefore);\n(0, _deepFreeze2.default)(action);\n(0, _expect2.default)((0, _Counter2.default)(stateBefore, action)).toEqual(stateAfter);",
                "err": {},
                "isRoot": false,
                "uuid": "fef35106-79d4-4055-a9d8-730e25a5c3ad",
                "parentUUID": "299cd25f-fbdf-4607-aa02-e46fabfefec9",
                "skipped": false
              }
            ],
            "pending": [],
            "root": false,
            "_timeout": 2000,
            "file": "/test/reducers/Counter.spec.js",
            "uuid": "299cd25f-fbdf-4607-aa02-e46fabfefec9",
            "fullFile": "/home/staff01/Documents/monPlanR/test/reducers/Counter.spec.js",
            "passes": [
              {
                "title": "Should decrement the cost state by a given value",
                "fullTitle": "REDUCER: Counter ACTION: DECREMENT_COST Should decrement the cost state by a given value",
                "timedOut": false,
                "duration": 0,
                "state": "passed",
                "speed": "fast",
                "pass": true,
                "fail": false,
                "pending": false,
                "code": "var stateBefore = { cost: 50, creditPoints: 40 };\nvar action = {\n    type: \"DECREMENT_COST\",\n    value: 10\n};\nvar stateAfter = {\n    cost: 40,\n    creditPoints: 40\n};\n(0, _deepFreeze2.default)(stateBefore);\n(0, _deepFreeze2.default)(action);\n(0, _expect2.default)((0, _Counter2.default)(stateBefore, action)).toEqual(stateAfter);",
                "err": {},
                "isRoot": false,
                "uuid": "07022339-72ad-4af2-bf06-8de434a6b59e",
                "parentUUID": "299cd25f-fbdf-4607-aa02-e46fabfefec9",
                "skipped": false
              },
              {
                "title": "Should decrement the cost state to 0 if a value given is larger than the current credit point value",
                "fullTitle": "REDUCER: Counter ACTION: DECREMENT_COST Should decrement the cost state to 0 if a value given is larger than the current credit point value",
                "timedOut": false,
                "duration": 0,
                "state": "passed",
                "speed": "fast",
                "pass": true,
                "fail": false,
                "pending": false,
                "code": "var stateBefore = { cost: 50, creditPoints: 40 };\nvar action = {\n    type: \"DECREMENT_COST\",\n    value: 51\n};\nvar stateAfter = {\n    cost: 0,\n    creditPoints: 40\n};\n(0, _deepFreeze2.default)(stateBefore);\n(0, _deepFreeze2.default)(action);\n(0, _expect2.default)((0, _Counter2.default)(stateBefore, action)).toEqual(stateAfter);",
                "err": {},
                "isRoot": false,
                "uuid": "fef35106-79d4-4055-a9d8-730e25a5c3ad",
                "parentUUID": "299cd25f-fbdf-4607-aa02-e46fabfefec9",
                "skipped": false
              }
            ],
            "failures": [],
            "skipped": [],
            "hasTests": true,
            "hasSuites": false,
            "totalTests": 2,
            "totalPasses": 2,
            "totalFailures": 0,
            "totalPending": 0,
            "totalSkipped": 0,
            "hasPasses": true,
            "hasFailures": false,
            "hasPending": false,
            "hasSkipped": false,
            "duration": 0
          },
          {
            "title": "ACTION: CLEAR_COURSE",
            "suites": [],
            "tests": [
              {
                "title": "Should reset the cost and credit point counters to 0",
                "fullTitle": "REDUCER: Counter ACTION: CLEAR_COURSE Should reset the cost and credit point counters to 0",
                "timedOut": false,
                "duration": 0,
                "state": "passed",
                "speed": "fast",
                "pass": true,
                "fail": false,
                "pending": false,
                "code": "var stateBefore = { cost: 50, creditPoints: 40 };\nvar action = {\n    type: \"CLEAR_COURSE\"\n};\nvar stateAfter = { cost: 0, creditPoints: 0 };\n(0, _deepFreeze2.default)(stateBefore);\n(0, _deepFreeze2.default)(action);\n(0, _expect2.default)((0, _Counter2.default)(stateBefore, action)).toEqual(stateAfter);",
                "err": {},
                "isRoot": false,
                "uuid": "446e494e-8e94-45ba-822f-6ca49a59aa29",
                "parentUUID": "d9fd839f-95d9-4cc2-89fa-f1eb66e18388",
                "skipped": false
              }
            ],
            "pending": [],
            "root": false,
            "_timeout": 2000,
            "file": "/test/reducers/Counter.spec.js",
            "uuid": "d9fd839f-95d9-4cc2-89fa-f1eb66e18388",
            "fullFile": "/home/staff01/Documents/monPlanR/test/reducers/Counter.spec.js",
            "passes": [
              {
                "title": "Should reset the cost and credit point counters to 0",
                "fullTitle": "REDUCER: Counter ACTION: CLEAR_COURSE Should reset the cost and credit point counters to 0",
                "timedOut": false,
                "duration": 0,
                "state": "passed",
                "speed": "fast",
                "pass": true,
                "fail": false,
                "pending": false,
                "code": "var stateBefore = { cost: 50, creditPoints: 40 };\nvar action = {\n    type: \"CLEAR_COURSE\"\n};\nvar stateAfter = { cost: 0, creditPoints: 0 };\n(0, _deepFreeze2.default)(stateBefore);\n(0, _deepFreeze2.default)(action);\n(0, _expect2.default)((0, _Counter2.default)(stateBefore, action)).toEqual(stateAfter);",
                "err": {},
                "isRoot": false,
                "uuid": "446e494e-8e94-45ba-822f-6ca49a59aa29",
                "parentUUID": "d9fd839f-95d9-4cc2-89fa-f1eb66e18388",
                "skipped": false
              }
            ],
            "failures": [],
            "skipped": [],
            "hasTests": true,
            "hasSuites": false,
            "totalTests": 1,
            "totalPasses": 1,
            "totalFailures": 0,
            "totalPending": 0,
            "totalSkipped": 0,
            "hasPasses": true,
            "hasFailures": false,
            "hasPending": false,
            "hasSkipped": false,
            "duration": 0
          },
          {
            "title": "ACTION: REMOVE_TEACHING_PERIOD",
            "suites": [],
            "tests": [
              {
                "title": "Should correctly go through and decrement the counters for each value ",
                "fullTitle": "REDUCER: Counter ACTION: REMOVE_TEACHING_PERIOD Should correctly go through and decrement the counters for each value ",
                "timedOut": false,
                "duration": 0,
                "state": "passed",
                "speed": "fast",
                "pass": true,
                "fail": false,
                "pending": false,
                "code": "var stateBefore = { cost: 50, creditPoints: 40 };\nvar action = {\n    type: \"REMOVE_TEACHING_PERIOD\",\n    tp: [null, { cost: 2, creditPoints: 20 }, { cost: 5, creditPoints: 10 }, null]\n};\nvar stateAfter = { cost: 43, creditPoints: 10 };\n(0, _deepFreeze2.default)(stateBefore);\n(0, _deepFreeze2.default)(action);\n(0, _expect2.default)((0, _Counter2.default)(stateBefore, action)).toEqual(stateAfter);",
                "err": {},
                "isRoot": false,
                "uuid": "491741df-1b72-41e7-b551-0b18690ec6cf",
                "parentUUID": "47193702-618e-4505-b760-592d9896e4c5",
                "skipped": false
              },
              {
                "title": "Should not decrement the counters below 0 ",
                "fullTitle": "REDUCER: Counter ACTION: REMOVE_TEACHING_PERIOD Should not decrement the counters below 0 ",
                "timedOut": false,
                "duration": 7,
                "state": "passed",
                "speed": "fast",
                "pass": true,
                "fail": false,
                "pending": false,
                "code": "var stateBefore = { cost: 50, creditPoints: 40 };\nvar action = {\n    type: \"REMOVE_TEACHING_PERIOD\",\n    tp: [null, { cost: 25, creditPoints: 20 }, { cost: 30, creditPoints: 30 }, { cost: 0, creditPoints: 10 }]\n};\nvar stateAfter = { cost: 0, creditPoints: 0 };\n(0, _deepFreeze2.default)(stateBefore);\n(0, _deepFreeze2.default)(action);\n(0, _expect2.default)((0, _Counter2.default)(stateBefore, action)).toEqual(stateAfter);",
                "err": {},
                "isRoot": false,
                "uuid": "6d29a12d-e45d-4e07-a81c-874e8d0cf8e4",
                "parentUUID": "47193702-618e-4505-b760-592d9896e4c5",
                "skipped": false
              }
            ],
            "pending": [],
            "root": false,
            "_timeout": 2000,
            "file": "/test/reducers/Counter.spec.js",
            "uuid": "47193702-618e-4505-b760-592d9896e4c5",
            "fullFile": "/home/staff01/Documents/monPlanR/test/reducers/Counter.spec.js",
            "passes": [
              {
                "title": "Should correctly go through and decrement the counters for each value ",
                "fullTitle": "REDUCER: Counter ACTION: REMOVE_TEACHING_PERIOD Should correctly go through and decrement the counters for each value ",
                "timedOut": false,
                "duration": 0,
                "state": "passed",
                "speed": "fast",
                "pass": true,
                "fail": false,
                "pending": false,
                "code": "var stateBefore = { cost: 50, creditPoints: 40 };\nvar action = {\n    type: \"REMOVE_TEACHING_PERIOD\",\n    tp: [null, { cost: 2, creditPoints: 20 }, { cost: 5, creditPoints: 10 }, null]\n};\nvar stateAfter = { cost: 43, creditPoints: 10 };\n(0, _deepFreeze2.default)(stateBefore);\n(0, _deepFreeze2.default)(action);\n(0, _expect2.default)((0, _Counter2.default)(stateBefore, action)).toEqual(stateAfter);",
                "err": {},
                "isRoot": false,
                "uuid": "491741df-1b72-41e7-b551-0b18690ec6cf",
                "parentUUID": "47193702-618e-4505-b760-592d9896e4c5",
                "skipped": false
              },
              {
                "title": "Should not decrement the counters below 0 ",
                "fullTitle": "REDUCER: Counter ACTION: REMOVE_TEACHING_PERIOD Should not decrement the counters below 0 ",
                "timedOut": false,
                "duration": 7,
                "state": "passed",
                "speed": "fast",
                "pass": true,
                "fail": false,
                "pending": false,
                "code": "var stateBefore = { cost: 50, creditPoints: 40 };\nvar action = {\n    type: \"REMOVE_TEACHING_PERIOD\",\n    tp: [null, { cost: 25, creditPoints: 20 }, { cost: 30, creditPoints: 30 }, { cost: 0, creditPoints: 10 }]\n};\nvar stateAfter = { cost: 0, creditPoints: 0 };\n(0, _deepFreeze2.default)(stateBefore);\n(0, _deepFreeze2.default)(action);\n(0, _expect2.default)((0, _Counter2.default)(stateBefore, action)).toEqual(stateAfter);",
                "err": {},
                "isRoot": false,
                "uuid": "6d29a12d-e45d-4e07-a81c-874e8d0cf8e4",
                "parentUUID": "47193702-618e-4505-b760-592d9896e4c5",
                "skipped": false
              }
            ],
            "failures": [],
            "skipped": [],
            "hasTests": true,
            "hasSuites": false,
            "totalTests": 2,
            "totalPasses": 2,
            "totalFailures": 0,
            "totalPending": 0,
            "totalSkipped": 0,
            "hasPasses": true,
            "hasFailures": false,
            "hasPending": false,
            "hasSkipped": false,
            "duration": 7
          }
        ],
        "tests": [],
        "pending": [],
        "root": false,
        "_timeout": 2000,
        "file": "/test/reducers/Counter.spec.js",
        "uuid": "d12e135a-1624-441e-9694-940f5cdd9a65",
        "fullFile": "/home/staff01/Documents/monPlanR/test/reducers/Counter.spec.js",
        "passes": [],
        "failures": [],
        "skipped": [],
        "hasTests": false,
        "hasSuites": true,
        "totalTests": 0,
        "totalPasses": 0,
        "totalFailures": 0,
        "totalPending": 0,
        "totalSkipped": 0,
        "hasPasses": false,
        "hasFailures": false,
        "hasPending": false,
        "hasSkipped": false,
        "duration": 0
      },
      {
        "title": "REDUCER: CourseStructure",
        "suites": [
          {
            "title": "ACTION: INSERT_TEACHING_PERIOD",
            "suites": [],
            "tests": [
              {
                "title": "Should insert a teaching period with the given info correctly into middle of array",
                "fullTitle": "REDUCER: CourseStructure ACTION: INSERT_TEACHING_PERIOD Should insert a teaching period with the given info correctly into middle of array",
                "timedOut": false,
                "duration": 2,
                "state": "passed",
                "speed": "fast",
                "pass": true,
                "fail": false,
                "pending": false,
                "code": "var stateBefore = {\n    teachingPeriods: [{ year: 2017, code: \"S2-01\", units: [null, null, null, null] }, { year: 2019, code: \"S2-01\", units: [null, null, null, null] }],\n    numberOfUnits: 4\n};\nvar action = {\n    type: \"INSERT_TEACHING_PERIOD\",\n    year: 2018,\n    code: \"S2-01\",\n    index: 1\n};\nvar stateAfter = {\n    teachingPeriods: [{ year: 2017, code: \"S2-01\", units: [null, null, null, null] }, { year: 2018, code: \"S2-01\", units: [null, null, null, null] }, { year: 2019, code: \"S2-01\", units: [null, null, null, null] }],\n    numberOfUnits: 4\n};\ntest(stateBefore, action, stateAfter);",
                "err": {},
                "isRoot": false,
                "uuid": "fb0cd211-5035-40fb-a4f1-009f066875e7",
                "parentUUID": "3444f89a-8f9c-4ceb-8a66-bc160b10f406",
                "skipped": false
              },
              {
                "title": "Should insert a teaching period with the given info correctly into start of array",
                "fullTitle": "REDUCER: CourseStructure ACTION: INSERT_TEACHING_PERIOD Should insert a teaching period with the given info correctly into start of array",
                "timedOut": false,
                "duration": 0,
                "state": "passed",
                "speed": "fast",
                "pass": true,
                "fail": false,
                "pending": false,
                "code": "var stateBefore = {\n    teachingPeriods: [{ year: 2017, code: \"S2-01\", units: [null, null, null, null] }, { year: 2019, code: \"S2-01\", units: [null, null, null, null] }],\n    numberOfUnits: 4\n};\nvar action = {\n    type: \"INSERT_TEACHING_PERIOD\",\n    year: 2016,\n    code: \"S2-01\",\n    index: 0\n};\nvar stateAfter = {\n    teachingPeriods: [{ year: 2016, code: \"S2-01\", units: [null, null, null, null] }, { year: 2017, code: \"S2-01\", units: [null, null, null, null] }, { year: 2019, code: \"S2-01\", units: [null, null, null, null] }],\n    numberOfUnits: 4\n};\ntest(stateBefore, action, stateAfter);",
                "err": {},
                "isRoot": false,
                "uuid": "764cf978-c34d-4fde-8829-acfe847e482b",
                "parentUUID": "3444f89a-8f9c-4ceb-8a66-bc160b10f406",
                "skipped": false
              }
            ],
            "pending": [],
            "root": false,
            "_timeout": 2000,
            "file": "/test/reducers/CourseStructure.spec.js",
            "uuid": "3444f89a-8f9c-4ceb-8a66-bc160b10f406",
            "fullFile": "/home/staff01/Documents/monPlanR/test/reducers/CourseStructure.spec.js",
            "passes": [
              {
                "title": "Should insert a teaching period with the given info correctly into middle of array",
                "fullTitle": "REDUCER: CourseStructure ACTION: INSERT_TEACHING_PERIOD Should insert a teaching period with the given info correctly into middle of array",
                "timedOut": false,
                "duration": 2,
                "state": "passed",
                "speed": "fast",
                "pass": true,
                "fail": false,
                "pending": false,
                "code": "var stateBefore = {\n    teachingPeriods: [{ year: 2017, code: \"S2-01\", units: [null, null, null, null] }, { year: 2019, code: \"S2-01\", units: [null, null, null, null] }],\n    numberOfUnits: 4\n};\nvar action = {\n    type: \"INSERT_TEACHING_PERIOD\",\n    year: 2018,\n    code: \"S2-01\",\n    index: 1\n};\nvar stateAfter = {\n    teachingPeriods: [{ year: 2017, code: \"S2-01\", units: [null, null, null, null] }, { year: 2018, code: \"S2-01\", units: [null, null, null, null] }, { year: 2019, code: \"S2-01\", units: [null, null, null, null] }],\n    numberOfUnits: 4\n};\ntest(stateBefore, action, stateAfter);",
                "err": {},
                "isRoot": false,
                "uuid": "fb0cd211-5035-40fb-a4f1-009f066875e7",
                "parentUUID": "3444f89a-8f9c-4ceb-8a66-bc160b10f406",
                "skipped": false
              },
              {
                "title": "Should insert a teaching period with the given info correctly into start of array",
                "fullTitle": "REDUCER: CourseStructure ACTION: INSERT_TEACHING_PERIOD Should insert a teaching period with the given info correctly into start of array",
                "timedOut": false,
                "duration": 0,
                "state": "passed",
                "speed": "fast",
                "pass": true,
                "fail": false,
                "pending": false,
                "code": "var stateBefore = {\n    teachingPeriods: [{ year: 2017, code: \"S2-01\", units: [null, null, null, null] }, { year: 2019, code: \"S2-01\", units: [null, null, null, null] }],\n    numberOfUnits: 4\n};\nvar action = {\n    type: \"INSERT_TEACHING_PERIOD\",\n    year: 2016,\n    code: \"S2-01\",\n    index: 0\n};\nvar stateAfter = {\n    teachingPeriods: [{ year: 2016, code: \"S2-01\", units: [null, null, null, null] }, { year: 2017, code: \"S2-01\", units: [null, null, null, null] }, { year: 2019, code: \"S2-01\", units: [null, null, null, null] }],\n    numberOfUnits: 4\n};\ntest(stateBefore, action, stateAfter);",
                "err": {},
                "isRoot": false,
                "uuid": "764cf978-c34d-4fde-8829-acfe847e482b",
                "parentUUID": "3444f89a-8f9c-4ceb-8a66-bc160b10f406",
                "skipped": false
              }
            ],
            "failures": [],
            "skipped": [],
            "hasTests": true,
            "hasSuites": false,
            "totalTests": 2,
            "totalPasses": 2,
            "totalFailures": 0,
            "totalPending": 0,
            "totalSkipped": 0,
            "hasPasses": true,
            "hasFailures": false,
            "hasPending": false,
            "hasSkipped": false,
            "duration": 2
          },
          {
            "title": "ACTION: REMOVE_TEACHING_PERIOD",
            "suites": [],
            "tests": [
              {
                "title": "Should remove a teaching period at the given index",
                "fullTitle": "REDUCER: CourseStructure ACTION: REMOVE_TEACHING_PERIOD Should remove a teaching period at the given index",
                "timedOut": false,
                "duration": 1,
                "state": "passed",
                "speed": "fast",
                "pass": true,
                "fail": false,
                "pending": false,
                "code": "var stateBefore = {\n    teachingPeriods: [{ year: 2017, code: \"S2-01\", units: [null, null, null, null] }, { year: 2018, code: \"S2-01\", units: [null, null, null, null] }, { year: 2019, code: \"S2-01\", units: [null, null, null, null] }],\n    numberOfUnits: 4\n};\nvar action = {\n    type: \"REMOVE_TEACHING_PERIOD\",\n    index: 1\n};\nvar stateAfter = {\n    teachingPeriods: [{ year: 2017, code: \"S2-01\", units: [null, null, null, null] }, { year: 2019, code: \"S2-01\", units: [null, null, null, null] }],\n    numberOfUnits: 4\n};\ntest(stateBefore, action, stateAfter);",
                "err": {},
                "isRoot": false,
                "uuid": "59302f79-32bd-440a-b460-892063baa547",
                "parentUUID": "647f3a5c-1017-4ff3-b210-6f8f3f704a40",
                "skipped": false
              },
              {
                "title": "Should remove a teaching period at the start of the array",
                "fullTitle": "REDUCER: CourseStructure ACTION: REMOVE_TEACHING_PERIOD Should remove a teaching period at the start of the array",
                "timedOut": false,
                "duration": 0,
                "state": "passed",
                "speed": "fast",
                "pass": true,
                "fail": false,
                "pending": false,
                "code": "var stateBefore = {\n    teachingPeriods: [{ year: 2017, code: \"S2-01\", units: [null, null, null, null] }, { year: 2018, code: \"S2-01\", units: [null, null, null, null] }, { year: 2019, code: \"S2-01\", units: [null, null, null, null] }],\n    numberOfUnits: 4\n};\nvar action = {\n    type: \"REMOVE_TEACHING_PERIOD\",\n    index: 0\n};\nvar stateAfter = {\n    teachingPeriods: [{ year: 2018, code: \"S2-01\", units: [null, null, null, null] }, { year: 2019, code: \"S2-01\", units: [null, null, null, null] }],\n    numberOfUnits: 4\n};\ntest(stateBefore, action, stateAfter);",
                "err": {},
                "isRoot": false,
                "uuid": "6123c21a-22da-4d42-8c41-e35cb20ac463",
                "parentUUID": "647f3a5c-1017-4ff3-b210-6f8f3f704a40",
                "skipped": false
              }
            ],
            "pending": [],
            "root": false,
            "_timeout": 2000,
            "file": "/test/reducers/CourseStructure.spec.js",
            "uuid": "647f3a5c-1017-4ff3-b210-6f8f3f704a40",
            "fullFile": "/home/staff01/Documents/monPlanR/test/reducers/CourseStructure.spec.js",
            "passes": [
              {
                "title": "Should remove a teaching period at the given index",
                "fullTitle": "REDUCER: CourseStructure ACTION: REMOVE_TEACHING_PERIOD Should remove a teaching period at the given index",
                "timedOut": false,
                "duration": 1,
                "state": "passed",
                "speed": "fast",
                "pass": true,
                "fail": false,
                "pending": false,
                "code": "var stateBefore = {\n    teachingPeriods: [{ year: 2017, code: \"S2-01\", units: [null, null, null, null] }, { year: 2018, code: \"S2-01\", units: [null, null, null, null] }, { year: 2019, code: \"S2-01\", units: [null, null, null, null] }],\n    numberOfUnits: 4\n};\nvar action = {\n    type: \"REMOVE_TEACHING_PERIOD\",\n    index: 1\n};\nvar stateAfter = {\n    teachingPeriods: [{ year: 2017, code: \"S2-01\", units: [null, null, null, null] }, { year: 2019, code: \"S2-01\", units: [null, null, null, null] }],\n    numberOfUnits: 4\n};\ntest(stateBefore, action, stateAfter);",
                "err": {},
                "isRoot": false,
                "uuid": "59302f79-32bd-440a-b460-892063baa547",
                "parentUUID": "647f3a5c-1017-4ff3-b210-6f8f3f704a40",
                "skipped": false
              },
              {
                "title": "Should remove a teaching period at the start of the array",
                "fullTitle": "REDUCER: CourseStructure ACTION: REMOVE_TEACHING_PERIOD Should remove a teaching period at the start of the array",
                "timedOut": false,
                "duration": 0,
                "state": "passed",
                "speed": "fast",
                "pass": true,
                "fail": false,
                "pending": false,
                "code": "var stateBefore = {\n    teachingPeriods: [{ year: 2017, code: \"S2-01\", units: [null, null, null, null] }, { year: 2018, code: \"S2-01\", units: [null, null, null, null] }, { year: 2019, code: \"S2-01\", units: [null, null, null, null] }],\n    numberOfUnits: 4\n};\nvar action = {\n    type: \"REMOVE_TEACHING_PERIOD\",\n    index: 0\n};\nvar stateAfter = {\n    teachingPeriods: [{ year: 2018, code: \"S2-01\", units: [null, null, null, null] }, { year: 2019, code: \"S2-01\", units: [null, null, null, null] }],\n    numberOfUnits: 4\n};\ntest(stateBefore, action, stateAfter);",
                "err": {},
                "isRoot": false,
                "uuid": "6123c21a-22da-4d42-8c41-e35cb20ac463",
                "parentUUID": "647f3a5c-1017-4ff3-b210-6f8f3f704a40",
                "skipped": false
              }
            ],
            "failures": [],
            "skipped": [],
            "hasTests": true,
            "hasSuites": false,
            "totalTests": 2,
            "totalPasses": 2,
            "totalFailures": 0,
            "totalPending": 0,
            "totalSkipped": 0,
            "hasPasses": true,
            "hasFailures": false,
            "hasPending": false,
            "hasSkipped": false,
            "duration": 1
          },
          {
            "title": "ACTION: APPEND_TEACHING_PERIOD",
            "suites": [],
            "tests": [
              {
                "title": "Should add the given teaching period to the end of the array",
                "fullTitle": "REDUCER: CourseStructure ACTION: APPEND_TEACHING_PERIOD Should add the given teaching period to the end of the array",
                "timedOut": false,
                "duration": 0,
                "state": "passed",
                "speed": "fast",
                "pass": true,
                "fail": false,
                "pending": false,
                "code": "var stateBefore = {\n    teachingPeriods: [{ year: 2018, code: \"S2-01\", units: [null, null, null, null] }, { year: 2019, code: \"S2-01\", units: [null, null, null, null] }],\n    numberOfUnits: 4\n};\nvar action = {\n    type: \"APPEND_TEACHING_PERIOD\",\n    year: 2020,\n    code: \"S2-01\"\n};\nvar stateAfter = {\n    teachingPeriods: [{ year: 2018, code: \"S2-01\", units: [null, null, null, null] }, { year: 2019, code: \"S2-01\", units: [null, null, null, null] }, { year: 2020, code: \"S2-01\", units: [null, null, null, null] }],\n    numberOfUnits: 4\n};\ntest(stateBefore, action, stateAfter);",
                "err": {},
                "isRoot": false,
                "uuid": "7629197f-2628-4886-a789-e8bd9b359ea4",
                "parentUUID": "18212b29-19f0-4c52-b727-dd6a128ced67",
                "skipped": false
              }
            ],
            "pending": [],
            "root": false,
            "_timeout": 2000,
            "file": "/test/reducers/CourseStructure.spec.js",
            "uuid": "18212b29-19f0-4c52-b727-dd6a128ced67",
            "fullFile": "/home/staff01/Documents/monPlanR/test/reducers/CourseStructure.spec.js",
            "passes": [
              {
                "title": "Should add the given teaching period to the end of the array",
                "fullTitle": "REDUCER: CourseStructure ACTION: APPEND_TEACHING_PERIOD Should add the given teaching period to the end of the array",
                "timedOut": false,
                "duration": 0,
                "state": "passed",
                "speed": "fast",
                "pass": true,
                "fail": false,
                "pending": false,
                "code": "var stateBefore = {\n    teachingPeriods: [{ year: 2018, code: \"S2-01\", units: [null, null, null, null] }, { year: 2019, code: \"S2-01\", units: [null, null, null, null] }],\n    numberOfUnits: 4\n};\nvar action = {\n    type: \"APPEND_TEACHING_PERIOD\",\n    year: 2020,\n    code: \"S2-01\"\n};\nvar stateAfter = {\n    teachingPeriods: [{ year: 2018, code: \"S2-01\", units: [null, null, null, null] }, { year: 2019, code: \"S2-01\", units: [null, null, null, null] }, { year: 2020, code: \"S2-01\", units: [null, null, null, null] }],\n    numberOfUnits: 4\n};\ntest(stateBefore, action, stateAfter);",
                "err": {},
                "isRoot": false,
                "uuid": "7629197f-2628-4886-a789-e8bd9b359ea4",
                "parentUUID": "18212b29-19f0-4c52-b727-dd6a128ced67",
                "skipped": false
              }
            ],
            "failures": [],
            "skipped": [],
            "hasTests": true,
            "hasSuites": false,
            "totalTests": 1,
            "totalPasses": 1,
            "totalFailures": 0,
            "totalPending": 0,
            "totalSkipped": 0,
            "hasPasses": true,
            "hasFailures": false,
            "hasPending": false,
            "hasSkipped": false,
            "duration": 0
          },
          {
            "title": "ACTION: INCREASE_STUDY_LOAD",
            "suites": [],
            "tests": [
              {
                "title": "Should increase the study load if the study load is less than 4",
                "fullTitle": "REDUCER: CourseStructure ACTION: INCREASE_STUDY_LOAD Should increase the study load if the study load is less than 4",
                "timedOut": false,
                "duration": 5,
                "state": "passed",
                "speed": "fast",
                "pass": true,
                "fail": false,
                "pending": false,
                "code": "var stateBefore = {\n    teachingPeriods: [{ year: 2018, code: \"S2-01\", units: [null, null, null, null] }],\n    numberOfUnits: 4\n};\nvar action = {\n    type: \"INCREASE_STUDY_LOAD\"\n};\nvar stateAfter = {\n    teachingPeriods: [{ year: 2018, code: \"S2-01\", units: [null, null, null, null, null] }],\n    numberOfUnits: 5\n};\ntest(stateBefore, action, stateAfter);",
                "err": {},
                "isRoot": false,
                "uuid": "6c465111-64be-430a-8b8b-a71c534fafc9",
                "parentUUID": "1fe59721-5658-4a4f-9f0b-09dccd253af9",
                "skipped": false
              },
              {
                "title": "Should not increase the study load if the study load is 6 or greater",
                "fullTitle": "REDUCER: CourseStructure ACTION: INCREASE_STUDY_LOAD Should not increase the study load if the study load is 6 or greater",
                "timedOut": false,
                "duration": 0,
                "state": "passed",
                "speed": "fast",
                "pass": true,
                "fail": false,
                "pending": false,
                "code": "var stateBefore = {\n    teachingPeriods: [{ year: 2018, code: \"S2-01\", units: [null, null, null, null, null, null] }],\n    numberOfUnits: 6\n};\nvar action = {\n    type: \"INCREASE_STUDY_LOAD\"\n};\nvar stateAfter = {\n    teachingPeriods: [{ year: 2018, code: \"S2-01\", units: [null, null, null, null, null, null] }],\n    numberOfUnits: 6\n};\ntest(stateBefore, action, stateAfter);",
                "err": {},
                "isRoot": false,
                "uuid": "bc44eb09-8ef3-422a-9be9-17664d505fca",
                "parentUUID": "1fe59721-5658-4a4f-9f0b-09dccd253af9",
                "skipped": false
              }
            ],
            "pending": [],
            "root": false,
            "_timeout": 2000,
            "file": "/test/reducers/CourseStructure.spec.js",
            "uuid": "1fe59721-5658-4a4f-9f0b-09dccd253af9",
            "fullFile": "/home/staff01/Documents/monPlanR/test/reducers/CourseStructure.spec.js",
            "passes": [
              {
                "title": "Should increase the study load if the study load is less than 4",
                "fullTitle": "REDUCER: CourseStructure ACTION: INCREASE_STUDY_LOAD Should increase the study load if the study load is less than 4",
                "timedOut": false,
                "duration": 5,
                "state": "passed",
                "speed": "fast",
                "pass": true,
                "fail": false,
                "pending": false,
                "code": "var stateBefore = {\n    teachingPeriods: [{ year: 2018, code: \"S2-01\", units: [null, null, null, null] }],\n    numberOfUnits: 4\n};\nvar action = {\n    type: \"INCREASE_STUDY_LOAD\"\n};\nvar stateAfter = {\n    teachingPeriods: [{ year: 2018, code: \"S2-01\", units: [null, null, null, null, null] }],\n    numberOfUnits: 5\n};\ntest(stateBefore, action, stateAfter);",
                "err": {},
                "isRoot": false,
                "uuid": "6c465111-64be-430a-8b8b-a71c534fafc9",
                "parentUUID": "1fe59721-5658-4a4f-9f0b-09dccd253af9",
                "skipped": false
              },
              {
                "title": "Should not increase the study load if the study load is 6 or greater",
                "fullTitle": "REDUCER: CourseStructure ACTION: INCREASE_STUDY_LOAD Should not increase the study load if the study load is 6 or greater",
                "timedOut": false,
                "duration": 0,
                "state": "passed",
                "speed": "fast",
                "pass": true,
                "fail": false,
                "pending": false,
                "code": "var stateBefore = {\n    teachingPeriods: [{ year: 2018, code: \"S2-01\", units: [null, null, null, null, null, null] }],\n    numberOfUnits: 6\n};\nvar action = {\n    type: \"INCREASE_STUDY_LOAD\"\n};\nvar stateAfter = {\n    teachingPeriods: [{ year: 2018, code: \"S2-01\", units: [null, null, null, null, null, null] }],\n    numberOfUnits: 6\n};\ntest(stateBefore, action, stateAfter);",
                "err": {},
                "isRoot": false,
                "uuid": "bc44eb09-8ef3-422a-9be9-17664d505fca",
                "parentUUID": "1fe59721-5658-4a4f-9f0b-09dccd253af9",
                "skipped": false
              }
            ],
            "failures": [],
            "skipped": [],
            "hasTests": true,
            "hasSuites": false,
            "totalTests": 2,
            "totalPasses": 2,
            "totalFailures": 0,
            "totalPending": 0,
            "totalSkipped": 0,
            "hasPasses": true,
            "hasFailures": false,
            "hasPending": false,
            "hasSkipped": false,
            "duration": 5
          },
          {
            "title": "ACTION: DECREASE_STUDY_LOAD",
            "suites": [],
            "tests": [
              {
                "title": "Should decrease the study load if the study load is greater than 4",
                "fullTitle": "REDUCER: CourseStructure ACTION: DECREASE_STUDY_LOAD Should decrease the study load if the study load is greater than 4",
                "timedOut": false,
                "duration": 1,
                "state": "passed",
                "speed": "fast",
                "pass": true,
                "fail": false,
                "pending": false,
                "code": "var stateBefore = {\n    teachingPeriods: [{ year: 2018, code: \"S2-01\", units: [null, null, null, null, null] }],\n    numberOfUnits: 5\n};\nvar action = {\n    type: \"DECREASE_STUDY_LOAD\"\n};\nvar stateAfter = {\n    teachingPeriods: [{ year: 2018, code: \"S2-01\", units: [null, null, null, null] }],\n    numberOfUnits: 4\n};\ntest(stateBefore, action, stateAfter);",
                "err": {},
                "isRoot": false,
                "uuid": "2ae24338-59f8-4bbc-b2b3-b847a1d63a74",
                "parentUUID": "0e8439ed-26a9-4984-8d6c-428b5cc00374",
                "skipped": false
              },
              {
                "title": "Should not decrease the study load if the study load is 4 or less",
                "fullTitle": "REDUCER: CourseStructure ACTION: DECREASE_STUDY_LOAD Should not decrease the study load if the study load is 4 or less",
                "timedOut": false,
                "duration": 0,
                "state": "passed",
                "speed": "fast",
                "pass": true,
                "fail": false,
                "pending": false,
                "code": "var stateBefore = {\n    teachingPeriods: [{ year: 2018, code: \"S2-01\", units: [null, null, null, null] }],\n    numberOfUnits: 4\n};\nvar action = {\n    type: \"DECREASE_STUDY_LOAD\"\n};\nvar stateAfter = {\n    teachingPeriods: [{ year: 2018, code: \"S2-01\", units: [null, null, null, null] }],\n    numberOfUnits: 4\n};\ntest(stateBefore, action, stateAfter);",
                "err": {},
                "isRoot": false,
                "uuid": "5ab69aef-a222-4062-8387-e338171b50e8",
                "parentUUID": "0e8439ed-26a9-4984-8d6c-428b5cc00374",
                "skipped": false
              }
            ],
            "pending": [],
            "root": false,
            "_timeout": 2000,
            "file": "/test/reducers/CourseStructure.spec.js",
            "uuid": "0e8439ed-26a9-4984-8d6c-428b5cc00374",
            "fullFile": "/home/staff01/Documents/monPlanR/test/reducers/CourseStructure.spec.js",
            "passes": [
              {
                "title": "Should decrease the study load if the study load is greater than 4",
                "fullTitle": "REDUCER: CourseStructure ACTION: DECREASE_STUDY_LOAD Should decrease the study load if the study load is greater than 4",
                "timedOut": false,
                "duration": 1,
                "state": "passed",
                "speed": "fast",
                "pass": true,
                "fail": false,
                "pending": false,
                "code": "var stateBefore = {\n    teachingPeriods: [{ year: 2018, code: \"S2-01\", units: [null, null, null, null, null] }],\n    numberOfUnits: 5\n};\nvar action = {\n    type: \"DECREASE_STUDY_LOAD\"\n};\nvar stateAfter = {\n    teachingPeriods: [{ year: 2018, code: \"S2-01\", units: [null, null, null, null] }],\n    numberOfUnits: 4\n};\ntest(stateBefore, action, stateAfter);",
                "err": {},
                "isRoot": false,
                "uuid": "2ae24338-59f8-4bbc-b2b3-b847a1d63a74",
                "parentUUID": "0e8439ed-26a9-4984-8d6c-428b5cc00374",
                "skipped": false
              },
              {
                "title": "Should not decrease the study load if the study load is 4 or less",
                "fullTitle": "REDUCER: CourseStructure ACTION: DECREASE_STUDY_LOAD Should not decrease the study load if the study load is 4 or less",
                "timedOut": false,
                "duration": 0,
                "state": "passed",
                "speed": "fast",
                "pass": true,
                "fail": false,
                "pending": false,
                "code": "var stateBefore = {\n    teachingPeriods: [{ year: 2018, code: \"S2-01\", units: [null, null, null, null] }],\n    numberOfUnits: 4\n};\nvar action = {\n    type: \"DECREASE_STUDY_LOAD\"\n};\nvar stateAfter = {\n    teachingPeriods: [{ year: 2018, code: \"S2-01\", units: [null, null, null, null] }],\n    numberOfUnits: 4\n};\ntest(stateBefore, action, stateAfter);",
                "err": {},
                "isRoot": false,
                "uuid": "5ab69aef-a222-4062-8387-e338171b50e8",
                "parentUUID": "0e8439ed-26a9-4984-8d6c-428b5cc00374",
                "skipped": false
              }
            ],
            "failures": [],
            "skipped": [],
            "hasTests": true,
            "hasSuites": false,
            "totalTests": 2,
            "totalPasses": 2,
            "totalFailures": 0,
            "totalPending": 0,
            "totalSkipped": 0,
            "hasPasses": true,
            "hasFailures": false,
            "hasPending": false,
            "hasSkipped": false,
            "duration": 1
          },
          {
            "title": "ACTION: CLEAR_COURSE",
            "suites": [],
            "tests": [
              {
                "title": "Should remove all teaching periods and set the amount of units to 4",
                "fullTitle": "REDUCER: CourseStructure ACTION: CLEAR_COURSE Should remove all teaching periods and set the amount of units to 4",
                "timedOut": false,
                "duration": 0,
                "state": "passed",
                "speed": "fast",
                "pass": true,
                "fail": false,
                "pending": false,
                "code": "var stateBefore = {\n    teachingPeriods: [{ year: 2018, code: \"S2-01\", units: [null, null, null, null, null] }],\n    numberOfUnits: 5\n};\nvar action = {\n    type: \"CLEAR_COURSE\"\n};\nvar stateAfter = {\n    teachingPeriods: [],\n    numberOfUnits: 4\n};\ntest(stateBefore, action, stateAfter);",
                "err": {},
                "isRoot": false,
                "uuid": "1042b74b-b197-4ced-9fa8-2fd79e6f7ada",
                "parentUUID": "f50ab956-6650-4e9c-b4c8-d0549538b4a4",
                "skipped": false
              }
            ],
            "pending": [],
            "root": false,
            "_timeout": 2000,
            "file": "/test/reducers/CourseStructure.spec.js",
            "uuid": "f50ab956-6650-4e9c-b4c8-d0549538b4a4",
            "fullFile": "/home/staff01/Documents/monPlanR/test/reducers/CourseStructure.spec.js",
            "passes": [
              {
                "title": "Should remove all teaching periods and set the amount of units to 4",
                "fullTitle": "REDUCER: CourseStructure ACTION: CLEAR_COURSE Should remove all teaching periods and set the amount of units to 4",
                "timedOut": false,
                "duration": 0,
                "state": "passed",
                "speed": "fast",
                "pass": true,
                "fail": false,
                "pending": false,
                "code": "var stateBefore = {\n    teachingPeriods: [{ year: 2018, code: \"S2-01\", units: [null, null, null, null, null] }],\n    numberOfUnits: 5\n};\nvar action = {\n    type: \"CLEAR_COURSE\"\n};\nvar stateAfter = {\n    teachingPeriods: [],\n    numberOfUnits: 4\n};\ntest(stateBefore, action, stateAfter);",
                "err": {},
                "isRoot": false,
                "uuid": "1042b74b-b197-4ced-9fa8-2fd79e6f7ada",
                "parentUUID": "f50ab956-6650-4e9c-b4c8-d0549538b4a4",
                "skipped": false
              }
            ],
            "failures": [],
            "skipped": [],
            "hasTests": true,
            "hasSuites": false,
            "totalTests": 1,
            "totalPasses": 1,
            "totalFailures": 0,
            "totalPending": 0,
            "totalSkipped": 0,
            "hasPasses": true,
            "hasFailures": false,
            "hasPending": false,
            "hasSkipped": false,
            "duration": 0
          },
          {
            "title": "ACTION: ADD_UNIT",
            "suites": [],
            "tests": [
              {
                "title": "Should add a unit correctly to the start of an array",
                "fullTitle": "REDUCER: CourseStructure ACTION: ADD_UNIT Should add a unit correctly to the start of an array",
                "timedOut": false,
                "duration": 2,
                "state": "passed",
                "speed": "fast",
                "pass": true,
                "fail": false,
                "pending": false,
[...]
      "err": {},
      "isRoot": false,
      "uuid": "00e75a3b-5f66-49b9-9057-437cebdd4eb5",
      "parentUUID": "22940392-75bf-4df5-8f96-db31384bae3c",
      "skipped": false
    },
    {
      "title": "Should correctly toggle the insert teaching period UI boolean",
      "fullTitle": "ACTION: SHOW_INSERT_TEACHING_PERIOD_UI Should correctly toggle the insert teaching period UI boolean",
      "timedOut": false,
      "duration": 1,
      "state": "passed",
      "speed": "fast",
      "pass": true,
      "fail": false,
      "pending": false,
      "code": "var stateBefore = {\n    showingInsertTeachingPeriodUI: false,\n    showMovingUnitUI: false,\n    showAddingUnitUI: false\n};\nvar action = {\n    type: \"SHOW_INSERT_TEACHING_PERIOD_UI\"\n};\nvar stateAfter = {\n    showingInsertTeachingPeriodUI: true,\n    showMovingUnitUI: false,\n    showAddingUnitUI: false\n};\n(0, _deepFreeze2.default)(stateBefore);\n(0, _deepFreeze2.default)(action);\n(0, _expect2.default)((0, _UI2.default)(stateBefore, action)).toEqual(stateAfter);",
      "err": {},
      "isRoot": false,
      "uuid": "2512d22f-bf77-44ec-b5fc-fb212628731a",
      "parentUUID": "5d52e0d5-603f-4847-b176-dc76ff3d94cf",
      "skipped": false
    },
    {
      "title": "Should correctly toggle the insert teaching period UI boolean",
      "fullTitle": "ACTION: HIDE_INSERT_TEACHING_PERIOD_UI Should correctly toggle the insert teaching period UI boolean",
      "timedOut": false,
      "duration": 0,
      "state": "passed",
      "speed": "fast",
      "pass": true,
      "fail": false,
      "pending": false,
      "code": "var stateBefore = {\n    showingInsertTeachingPeriodUI: true,\n    showMovingUnitUI: false,\n    showAddingUnitUI: false\n};\nvar action = {\n    type: \"HIDE_INSERT_TEACHING_PERIOD_UI\"\n};\nvar stateAfter = {\n    showingInsertTeachingPeriodUI: false,\n    showMovingUnitUI: false,\n    showAddingUnitUI: false\n};\n(0, _deepFreeze2.default)(stateBefore);\n(0, _deepFreeze2.default)(action);\n(0, _expect2.default)((0, _UI2.default)(stateBefore, action)).toEqual(stateAfter);",
      "err": {},
      "isRoot": false,
      "uuid": "621c69be-9ff9-4138-af69-dee3cbaa8bc7",
      "parentUUID": "2e08fea9-c2d1-4b1e-bbff-cff17aef34d1",
      "skipped": false
    },
    {
      "title": "Should correctly toggle the add unit UI boolean",
      "fullTitle": "ACTION: SHOW_ADD_UNIT_UI Should correctly toggle the add unit UI boolean",
      "timedOut": false,
      "duration": 0,
      "state": "passed",
      "speed": "fast",
      "pass": true,
      "fail": false,
      "pending": false,
      "code": "var stateBefore = {\n    showingInsertTeachingPeriodUI: false,\n    showMovingUnitUI: false,\n    showAddingUnitUI: false\n};\nvar action = {\n    type: \"SHOW_ADD_UNIT_UI\"\n};\nvar stateAfter = {\n    showingInsertTeachingPeriodUI: false,\n    showMovingUnitUI: false,\n    showAddingUnitUI: true\n};\n(0, _deepFreeze2.default)(stateBefore);\n(0, _deepFreeze2.default)(action);\n(0, _expect2.default)((0, _UI2.default)(stateBefore, action)).toEqual(stateAfter);",
      "err": {},
      "isRoot": false,
      "uuid": "e9e87882-d3c3-4cbb-8e20-e96974e6a3b6",
      "parentUUID": "a496c8a5-915b-428d-8417-201fd78f3cca",
      "skipped": false
    },
    {
      "title": "Should correctly toggle the add unit UI boolean",
      "fullTitle": "ACTION: HIDE_ADD_UNIT_UI Should correctly toggle the add unit UI boolean",
      "timedOut": false,
      "duration": 0,
      "state": "passed",
      "speed": "fast",
      "pass": true,
      "fail": false,
      "pending": false,
      "code": "var stateBefore = {\n    showingInsertTeachingPeriodUI: false,\n    showMovingUnitUI: false,\n    showAddingUnitUI: true\n};\nvar action = {\n    type: \"HIDE_ADD_UNIT_UI\"\n};\nvar stateAfter = {\n    showingInsertTeachingPeriodUI: false,\n    showMovingUnitUI: false,\n    showAddingUnitUI: false\n};\n(0, _deepFreeze2.default)(stateBefore);\n(0, _deepFreeze2.default)(action);\n(0, _expect2.default)((0, _UI2.default)(stateBefore, action)).toEqual(stateAfter);",
      "err": {},
      "isRoot": false,
      "uuid": "dde35506-cde8-4a3b-b9b7-ae8b67011461",
      "parentUUID": "07cfc887-3ef8-475c-b041-774be6283c31",
      "skipped": false
    },
    {
      "title": "Should correctly toggle the move unit UI boolean",
      "fullTitle": "ACTION: SHOW_MOVE_UNIT_UI Should correctly toggle the move unit UI boolean",
      "timedOut": false,
      "duration": 1,
      "state": "passed",
      "speed": "fast",
      "pass": true,
      "fail": false,
      "pending": false,
      "code": "var stateBefore = {\n    showingInsertTeachingPeriodUI: false,\n    showMovingUnitUI: false,\n    showAddingUnitUI: false\n};\nvar action = {\n    type: \"SHOW_MOVE_UNIT_UI\"\n};\nvar stateAfter = {\n    showingInsertTeachingPeriodUI: false,\n    showMovingUnitUI: true,\n    showAddingUnitUI: false\n};\n(0, _deepFreeze2.default)(stateBefore);\n(0, _deepFreeze2.default)(action);\n(0, _expect2.default)((0, _UI2.default)(stateBefore, action)).toEqual(stateAfter);",
      "err": {},
      "isRoot": false,
      "uuid": "b3294063-9e68-49a1-8314-d618ecab23d0",
      "parentUUID": "0abf96fa-7a57-4e7f-bac3-57b75dd8bd00",
      "skipped": false
    },
    {
      "title": "Should correctly toggle the move unit UI boolean",
      "fullTitle": "ACTION: HIDE_MOVE_UNIT_UI Should correctly toggle the move unit UI boolean",
      "timedOut": false,
      "duration": 0,
      "state": "passed",
      "speed": "fast",
      "pass": true,
      "fail": false,
      "pending": false,
      "code": "var stateBefore = {\n    showingInsertTeachingPeriodUI: false,\n    showMovingUnitUI: true,\n    showAddingUnitUI: false\n};\nvar action = {\n    type: \"HIDE_MOVE_UNIT_UI\"\n};\nvar stateAfter = {\n    showingInsertTeachingPeriodUI: false,\n    showMovingUnitUI: false,\n    showAddingUnitUI: false\n};\n(0, _deepFreeze2.default)(stateBefore);\n(0, _deepFreeze2.default)(action);\n(0, _expect2.default)((0, _UI2.default)(stateBefore, action)).toEqual(stateAfter);",
      "err": {},
      "isRoot": false,
      "uuid": "6bde87b0-a333-41be-9e6d-caa1342fa6a1",
      "parentUUID": "df0276aa-eaae-498e-aa32-c24009cebf42",
      "skipped": false
    },
    {
      "title": "Should set the course to read only correctly",
      "fullTitle": "ACTION: SET_COURSE_READ_ONLY Should set the course to read only correctly",
      "timedOut": false,
      "duration": 0,
      "state": "passed",
      "speed": "fast",
      "pass": true,
      "fail": false,
      "pending": false,
      "code": "var stateBefore = {\n    showingInsertTeachingPeriodUI: false,\n    showMovingUnitUI: false,\n    showAddingUnitUI: false,\n    readOnly: false\n};\nvar action = {\n    type: \"SET_COURSE_READ_ONLY\"\n};\nvar stateAfter = {\n    showingInsertTeachingPeriodUI: false,\n    showMovingUnitUI: false,\n    showAddingUnitUI: false,\n    readOnly: true\n};\n(0, _deepFreeze2.default)(stateBefore);\n(0, _deepFreeze2.default)(action);\n(0, _expect2.default)((0, _UI2.default)(stateBefore, action)).toEqual(stateAfter);",
      "err": {},
      "isRoot": false,
      "uuid": "9d2b41a0-008b-4d68-9160-f3c10ea233b0",
      "parentUUID": "bfd55bbf-89bf-419d-9391-2de8e3840a4e",
      "skipped": false
    },
    {
      "title": "Should set the course to allow edits correctly",
      "fullTitle": "ACTION: SET_COURSE_READ_AND_WRITE Should set the course to allow edits correctly",
      "timedOut": false,
      "duration": 0,
      "state": "passed",
      "speed": "fast",
      "pass": true,
      "fail": false,
      "pending": false,
      "code": "var stateBefore = {\n    showingInsertTeachingPeriodUI: false,\n    showMovingUnitUI: false,\n    showAddingUnitUI: false,\n    readOnly: true\n};\nvar action = {\n    type: \"SET_COURSE_READ_AND_WRITE\"\n};\nvar stateAfter = {\n    showingInsertTeachingPeriodUI: false,\n    showMovingUnitUI: false,\n    showAddingUnitUI: false,\n    readOnly: false\n};\n(0, _deepFreeze2.default)(stateBefore);\n(0, _deepFreeze2.default)(action);\n(0, _expect2.default)((0, _UI2.default)(stateBefore, action)).toEqual(stateAfter);",
      "err": {},
      "isRoot": false,
      "uuid": "856403b8-59f5-4f80-9222-6f890e088edf",
      "parentUUID": "bba4c23b-df41-4114-953d-aff7ed7f8188",
      "skipped": false
    },
    {
      "title": "Should return a non-negative number",
      "fullTitle": "UTILS: CostCalc Should return a non-negative number",
      "timedOut": false,
      "duration": 0,
      "state": "passed",
      "speed": "fast",
      "pass": true,
      "fail": false,
      "pending": false,
      "code": "expect(_CostCalc2.default.calculateCost(0, 0)).to.be.gte(0);\nexpect(_CostCalc2.default.calculateCost(2, 6)).to.be.gte(0);",
      "err": {},
      "isRoot": false,
      "uuid": "b1245906-1254-4be4-9f2f-0df7eace1522",
      "parentUUID": "8d9725dc-bb4f-4d70-9798-a96668dbe1a3",
      "skipped": false
    },
    {
      "title": "Should multiply SCA band cost with credit points",
      "fullTitle": "UTILS: CostCalc Should multiply SCA band cost with credit points",
      "timedOut": false,
      "duration": 0,
      "state": "passed",
      "speed": "fast",
      "pass": true,
      "fail": false,
      "pending": false,
      "code": "var scaBand = 3;\nvar creditPoints = 6;\nvar scaBandCost = _CostCalc2.default.calculateCost(scaBand, 1);\nexpect(_CostCalc2.default.calculateCost(scaBand, creditPoints)).to.equal(scaBandCost * creditPoints);",
      "err": {},
      "isRoot": false,
      "uuid": "2a3da47f-6980-482f-87a1-c42acac28541",
      "parentUUID": "8d9725dc-bb4f-4d70-9798-a96668dbe1a3",
      "skipped": false
    },
    {
      "title": "Should default to semester one of start year if teachingPeriods and teachingPeriodData are both empty.",
      "fullTitle": "nextSemester Should default to semester one of start year if teachingPeriods and teachingPeriodData are both empty.",
      "timedOut": false,
      "duration": 1,
      "state": "passed",
      "speed": "fast",
      "pass": true,
      "fail": false,
      "pending": false,
      "code": "expect((0, _NextSemesterString.nextSemester)([], 2011, [])).to.deep.equal({\n    index: 0,\n    year: 2011,\n    code: \"S1-01\",\n    teachingPeriodData: []\n});",
      "err": {},
      "isRoot": false,
      "uuid": "36de49f0-7777-4ea9-8671-e89245899718",
      "parentUUID": "ed330d37-5027-4df4-bf3a-c8140e2ec1ed",
      "skipped": false
    },
    {
      "title": "Should default to semester one of start year if teachingPeriods is empty and teachingPeriodData is populated.",
      "fullTitle": "nextSemester Should default to semester one of start year if teachingPeriods is empty and teachingPeriodData is populated.",
      "timedOut": false,
      "duration": 0,
      "state": "passed",
      "speed": "fast",
      "pass": true,
      "fail": false,
      "pending": false,
      "code": "expect((0, _NextSemesterString.nextSemester)([], 2029, sortedTeachingPeriodData)).to.deep.equal({\n    index: 0,\n    year: 2029,\n    code: \"S1-01\",\n    teachingPeriodData: sortedTeachingPeriodData\n});",
      "err": {},
      "isRoot": false,
      "uuid": "48a3c75c-59d9-431f-8800-2d5b82e6eb21",
      "parentUUID": "ed330d37-5027-4df4-bf3a-c8140e2ec1ed",
      "skipped": false
    },
    {
      "title": "Should return semester two if the last teaching period is in semester one, with the same year",
      "fullTitle": "nextSemester Should return semester two if the last teaching period is in semester one, with the same year",
      "timedOut": false,
      "duration": 0,
      "state": "passed",
      "speed": "fast",
      "pass": true,
      "fail": false,
      "pending": false,
      "code": "expect((0, _NextSemesterString.nextSemester)([{\n    year: 2025,\n    code: \"S1-01\"\n}, {\n    year: 2025,\n    code: \"S2-01\"\n}, {\n    year: 2026,\n    code: \"S1-01\"\n}, {\n    year: 2026,\n    code: \"S2-01\"\n}, {\n    year: 2027,\n    code: \"S1-01\"\n}], 2023, sortedTeachingPeriodData)).to.deep.equal({\n    index: 5,\n    year: 2027,\n    code: \"S2-01\",\n    teachingPeriodData: sortedTeachingPeriodData\n});",
      "err": {},
      "isRoot": false,
      "uuid": "cc8af055-fdca-446e-8e7a-62e67c1c7046",
      "parentUUID": "ed330d37-5027-4df4-bf3a-c8140e2ec1ed",
      "skipped": false
    },
    {
      "title": "Should return semester one next year if the last teaching period is in semester two",
      "fullTitle": "nextSemester Should return semester one next year if the last teaching period is in semester two",
      "timedOut": false,
      "duration": 0,
      "state": "passed",
      "speed": "fast",
      "pass": true,
      "fail": false,
      "pending": false,
      "code": "expect((0, _NextSemesterString.nextSemester)([{\n    year: 2015,\n    code: \"FY-01\"\n}, {\n    year: 2017,\n    code: \"S2-01\"\n}], 2015, sortedTeachingPeriodData)).to.deep.equal({\n    index: 2,\n    year: 2018,\n    code: \"S1-01\",\n    teachingPeriodData: sortedTeachingPeriodData\n});",
      "err": {},
      "isRoot": false,
      "uuid": "4d05307d-4cf2-4771-8585-c100cfd1bfcc",
      "parentUUID": "ed330d37-5027-4df4-bf3a-c8140e2ec1ed",
      "skipped": false
    },
    {
      "title": "Should render a semester string",
      "fullTitle": "getSemesterString Should render a semester string",
      "timedOut": false,
      "duration": 1,
      "state": "passed",
      "speed": "fast",
      "pass": true,
      "fail": false,
      "pending": false,
      "code": "expect((0, _NextSemesterString.getSemesterString)({\n    year: 2019,\n    code: \"S2-01\",\n    teachingPeriodData: sortedTeachingPeriodData\n})).to.equal(\"Semester 2, 2019\");",
      "err": {},
      "isRoot": false,
      "uuid": "4a6b42fd-9315-4bc3-9cbc-a0dd1c3ca1c4",
      "parentUUID": "b3e36e2d-2a8d-4529-bc35-34231e07272e",
      "skipped": false
    },
    {
      "title": "Should revert back to semester codes if teachingPeriodData is not available",
      "fullTitle": "getSemesterString Should revert back to semester codes if teachingPeriodData is not available",
      "timedOut": false,
      "duration": 0,
      "state": "passed",
      "speed": "fast",
      "pass": true,
      "fail": false,
      "pending": false,
      "code": "expect((0, _NextSemesterString.getSemesterString)({\n    year: 2015,\n    code: \"S1-01\"\n})).to.equal(\"S1-01, 2015\");",
      "err": {},
      "isRoot": false,
      "uuid": "20024f79-4fe0-475d-83c2-6fd5b6f4caef",
      "parentUUID": "b3e36e2d-2a8d-4529-bc35-34231e07272e",
      "skipped": false
    },
    {
      "title": "Should return the right year based off current month",
      "fullTitle": "UTILS: ShowYear Should return the right year based off current month",
      "timedOut": false,
      "duration": 0,
      "state": "passed",
      "speed": "fast",
      "pass": true,
      "fail": false,
      "pending": false,
      "code": "if (new Date().getMonth() + 1 >= 11) {\n    expect((0, _ShowYear2.default)()).to.equal(new Date().getFullYear() + 1);\n} else {\n    expect((0, _ShowYear2.default)()).to.equal(new Date().getFullYear());\n}",
      "err": {},
      "isRoot": false,
      "uuid": "8212e31f-156a-4f8d-8cfe-8a600eaaa9dd",
      "parentUUID": "949a7f5f-d4e4-41b7-afa3-d939575ec5b5",
      "skipped": false
    },
    {
      "title": "Should contain the same year as it was specified",
      "fullTitle": "UTILS: YearCalc Should contain the same year as it was specified",
      "timedOut": false,
      "duration": 1,
      "state": "passed",
      "speed": "fast",
      "pass": true,
      "fail": false,
      "pending": false,
      "code": "expect(_YearCalc2.default.getStartYearVals(2016).find(function (year) {\n    return year.value === 2016;\n})).to.be.ok;\nexpect(_YearCalc2.default.getEndYearVals(2017).find(function (year) {\n    return year.value === 2017;\n})).to.be.ok;",
      "err": {},
      "isRoot": false,
      "uuid": "1f400bc1-f5c1-4120-b8ec-e73beba664eb",
      "parentUUID": "52ae5ee6-5fd7-4c16-b55c-22ad7b3acc0c",
      "skipped": false
    },
    {
      "title": "Should contain a year that is ten years from now",
      "fullTitle": "UTILS: YearCalc Should contain a year that is ten years from now",
      "timedOut": false,
      "duration": 0,
      "state": "passed",
      "speed": "fast",
      "pass": true,
      "fail": false,
      "pending": false,
      "code": "expect(_YearCalc2.default.getStartYearVals(2019).find(function (year) {\n    return year.value === 2029;\n})).to.be.ok;\nexpect(_YearCalc2.default.getStartYearVals(2012).find(function (year) {\n    return year.value === 2002;\n})).to.be.ok;\nexpect(_YearCalc2.default.getEndYearVals(2018).find(function (year) {\n    return year.value === 2028;\n})).to.be.ok;",
      "err": {},
      "isRoot": false,
      "uuid": "4afce87f-e0b8-4305-97df-82905bbac4d3",
      "parentUUID": "52ae5ee6-5fd7-4c16-b55c-22ad7b3acc0c",
      "skipped": false
    },
    {
      "title": "Should not contain any past year when computing end years",
      "fullTitle": "UTILS: YearCalc Should not contain any past year when computing end years",
      "timedOut": false,
      "duration": 1,
      "state": "passed",
      "speed": "fast",
      "pass": true,
      "fail": false,
      "pending": false,
      "code": "expect(_YearCalc2.default.getEndYearVals(2018).find(function (year) {\n    return year.value === 2017;\n})).to.be.not.ok;\nexpect(_YearCalc2.default.getEndYearVals(2018).find(function (year) {\n    return year.value === 2008;\n})).to.be.not.ok;",
      "err": {},
      "isRoot": false,
      "uuid": "4ada2d2d-e1cf-45ca-ae41-6121105f7339",
      "parentUUID": "52ae5ee6-5fd7-4c16-b55c-22ad7b3acc0c",
      "skipped": false
    },
    {
      "title": "Should have starting years go in decreasing order from one year ahead to the minimum",
      "fullTitle": "UTILS: YearCalc Should have starting years go in decreasing order from one year ahead to the minimum",
      "timedOut": false,
      "duration": 0,
      "state": "passed",
      "speed": "fast",
      "pass": true,
      "fail": false,
      "pending": false,
      "code": "expect(_YearCalc2.default.getStartYearVals(2019).slice(0, 12)).to.deep.equal([{\n    text: \"2020\",\n    value: 2020\n}, {\n    text: \"2019\",\n    value: 2019\n}, {\n    text: \"2018\",\n    value: 2018\n}, {\n    text: \"2017\",\n    value: 2017\n}, {\n    text: \"2016\",\n    value: 2016\n}, {\n    text: \"2015\",\n    value: 2015\n}, {\n    text: \"2014\",\n    value: 2014\n}, {\n    text: \"2013\",\n    value: 2013\n}, {\n    text: \"2012\",\n    value: 2012\n}, {\n    text: \"2011\",\n    value: 2011\n}, {\n    text: \"2010\",\n    value: 2010\n}, {\n    text: \"2009\",\n    value: 2009\n}]);",
      "err": {},
      "isRoot": false,
      "uuid": "bfea363c-278d-480f-b20d-6ee77acaea2e",
      "parentUUID": "52ae5ee6-5fd7-4c16-b55c-22ad7b3acc0c",
      "skipped": false
    }
  ],
  "allFailures": [],
  "copyrightYear": 2017
}