{
  "stats": {
    "suites": 53,
    "tests": 69,
    "passes": 69,
    "pending": 0,
    "failures": 0,
    "start": "2017-02-02T22:36:17.323Z",
    "end": "2017-02-02T22:36:18.849Z",
    "duration": 1526,
    "testsRegistered": 69,
    "passPercent": 100,
    "pendingPercent": 0,
    "other": 0,
    "hasOther": false,
    "skipped": 0,
    "hasSkipped": false,
    "passPercentClass": "success",
    "pendingPercentClass": "danger"
  },
  "suites": {
    "title": "",
    "suites": [
      {
        "title": "COMPONENT: Notification",
        "suites": [],
        "tests": [
          {
            "title": "Should render a notification title and a message",
            "fullTitle": "COMPONENT: Notification Should render a notification title and a message",
            "timedOut": false,
            "duration": 140,
            "state": "passed",
            "speed": "slow",
            "pass": true,
            "fail": false,
            "pending": false,
            "code": "var wrapper = (0, _enzyme.mount)(_react2.default.createElement(_Notification2.default, {\n    title: \"This is a test\",\n    message: \"Some message goes over here\"\n}));\nexpect(wrapper.find(\".header\").text().trim()).to.equal(\"This is a test\");\nexpect(wrapper.text().replace(\"This is a test\", \"\").trim()).to.equal(\"Some message goes over here\");",
            "err": {},
            "isRoot": false,
            "uuid": "452a6474-fd6e-4ca1-aed6-ece40b321ddd",
            "parentUUID": "e84d5d09-17f5-4a0e-8679-b74175941edf",
            "skipped": false
          },
          {
            "title": "Should have a default level to be info if it is not specified",
            "fullTitle": "COMPONENT: Notification Should have a default level to be info if it is not specified",
            "timedOut": false,
            "duration": 47,
            "state": "passed",
            "speed": "medium",
            "pass": true,
            "fail": false,
            "pending": false,
            "code": "expect((0, _enzyme.mount)(_react2.default.createElement(_Notification2.default, null)).find(\".info.message\")).to.have.length(1);",
            "err": {},
            "isRoot": false,
            "uuid": "6db479e4-f5d5-4bd2-a4ec-62976fe75f90",
            "parentUUID": "e84d5d09-17f5-4a0e-8679-b74175941edf",
            "skipped": false
          },
          {
            "title": "Should follow a specified level",
            "fullTitle": "COMPONENT: Notification Should follow a specified level",
            "timedOut": false,
            "duration": 89,
            "state": "passed",
            "speed": "slow",
            "pass": true,
            "fail": false,
            "pending": false,
            "code": "expect((0, _enzyme.mount)(_react2.default.createElement(_Notification2.default, { level: \"info\" })).find(\".info.message\")).to.have.length(1);\nexpect((0, _enzyme.mount)(_react2.default.createElement(_Notification2.default, { level: \"warning\" })).find(\".warning.message\")).to.have.length(1);\nexpect((0, _enzyme.mount)(_react2.default.createElement(_Notification2.default, { level: \"error\" })).find(\".negative.message\")).to.have.length(1);\nexpect((0, _enzyme.mount)(_react2.default.createElement(_Notification2.default, { level: \"success\" })).find(\".positive.message\")).to.have.length(1);",
            "err": {},
            "isRoot": false,
            "uuid": "dfdc8799-31a4-4b77-915d-599c4d3c6faf",
            "parentUUID": "e84d5d09-17f5-4a0e-8679-b74175941edf",
            "skipped": false
          }
        ],
        "pending": [],
        "root": false,
        "_timeout": 2000,
        "file": "/test/components/Notifications/Notification.spec.jsx",
        "uuid": "e84d5d09-17f5-4a0e-8679-b74175941edf",
        "fullFile": "/home/staff01/Documents/monPlanR/test/components/Notifications/Notification.spec.jsx",
        "passes": [
          {
            "title": "Should render a notification title and a message",
            "fullTitle": "COMPONENT: Notification Should render a notification title and a message",
            "timedOut": false,
            "duration": 140,
            "state": "passed",
            "speed": "slow",
            "pass": true,
            "fail": false,
            "pending": false,
            "code": "var wrapper = (0, _enzyme.mount)(_react2.default.createElement(_Notification2.default, {\n    title: \"This is a test\",\n    message: \"Some message goes over here\"\n}));\nexpect(wrapper.find(\".header\").text().trim()).to.equal(\"This is a test\");\nexpect(wrapper.text().replace(\"This is a test\", \"\").trim()).to.equal(\"Some message goes over here\");",
            "err": {},
            "isRoot": false,
            "uuid": "452a6474-fd6e-4ca1-aed6-ece40b321ddd",
            "parentUUID": "e84d5d09-17f5-4a0e-8679-b74175941edf",
            "skipped": false
          },
          {
            "title": "Should have a default level to be info if it is not specified",
            "fullTitle": "COMPONENT: Notification Should have a default level to be info if it is not specified",
            "timedOut": false,
            "duration": 47,
            "state": "passed",
            "speed": "medium",
            "pass": true,
            "fail": false,
            "pending": false,
            "code": "expect((0, _enzyme.mount)(_react2.default.createElement(_Notification2.default, null)).find(\".info.message\")).to.have.length(1);",
            "err": {},
            "isRoot": false,
            "uuid": "6db479e4-f5d5-4bd2-a4ec-62976fe75f90",
            "parentUUID": "e84d5d09-17f5-4a0e-8679-b74175941edf",
            "skipped": false
          },
          {
            "title": "Should follow a specified level",
            "fullTitle": "COMPONENT: Notification Should follow a specified level",
            "timedOut": false,
            "duration": 89,
            "state": "passed",
            "speed": "slow",
            "pass": true,
            "fail": false,
            "pending": false,
            "code": "expect((0, _enzyme.mount)(_react2.default.createElement(_Notification2.default, { level: \"info\" })).find(\".info.message\")).to.have.length(1);\nexpect((0, _enzyme.mount)(_react2.default.createElement(_Notification2.default, { level: \"warning\" })).find(\".warning.message\")).to.have.length(1);\nexpect((0, _enzyme.mount)(_react2.default.createElement(_Notification2.default, { level: \"error\" })).find(\".negative.message\")).to.have.length(1);\nexpect((0, _enzyme.mount)(_react2.default.createElement(_Notification2.default, { level: \"success\" })).find(\".positive.message\")).to.have.length(1);",
            "err": {},
            "isRoot": false,
            "uuid": "dfdc8799-31a4-4b77-915d-599c4d3c6faf",
            "parentUUID": "e84d5d09-17f5-4a0e-8679-b74175941edf",
            "skipped": false
          }
        ],
        "failures": [],
        "skipped": [],
        "hasTests": true,
        "hasSuites": false,
        "totalTests": 3,
        "totalPasses": 3,
        "totalFailures": 0,
        "totalPending": 0,
        "totalSkipped": 0,
        "hasPasses": true,
        "hasFailures": false,
        "hasPending": false,
        "hasSkipped": false,
        "duration": 276
      },
      {
        "title": "COMPONENT: SetuRating",
        "suites": [],
        "tests": [
          {
            "title": "should render two ratings",
            "fullTitle": "COMPONENT: SetuRating should render two ratings",
            "timedOut": false,
            "duration": 129,
            "state": "passed",
            "speed": "slow",
            "pass": true,
            "fail": false,
            "pending": false,
            "code": "expect((0, _enzyme.mount)(_react2.default.createElement(_SetuRating2.default, null)).find(\".rating\")).to.have.length(2);",
            "err": {},
            "isRoot": false,
            "uuid": "b0d36f54-f28f-43da-baf2-e1ec7236a815",
            "parentUUID": "6436837a-7843-4572-8983-d4613ac67342",
            "skipped": false
          },
          {
            "title": "should render a book if learning ratings is >=2.5",
            "fullTitle": "COMPONENT: SetuRating should render a book if learning ratings is >=2.5",
            "timedOut": false,
            "duration": 167,
            "state": "passed",
            "speed": "slow",
            "pass": true,
            "fail": false,
            "pending": false,
            "code": "expect((0, _enzyme.mount)(_react2.default.createElement(_SetuRating2.default, { starRating: 4.13 })).find(\".book\")).to.have.length(1);\nexpect((0, _enzyme.mount)(_react2.default.createElement(_SetuRating2.default, { starRating: 2.50 })).find(\".book\")).to.have.length(1);",
            "err": {},
            "isRoot": false,
            "uuid": "4e4b1e0d-0750-47e3-8b89-488d91a6afb0",
            "parentUUID": "6436837a-7843-4572-8983-d4613ac67342",
            "skipped": false
          },
          {
            "title": "should render a remove circle if learning ratings is <2.5",
            "fullTitle": "COMPONENT: SetuRating should render a remove circle if learning ratings is <2.5",
            "timedOut": false,
            "duration": 117,
            "state": "passed",
            "speed": "slow",
            "pass": true,
            "fail": false,
            "pending": false,
            "code": "expect((0, _enzyme.mount)(_react2.default.createElement(_SetuRating2.default, { starRating: 1.51 })).find(\".remove.circle\")).to.have.length(1);\nexpect((0, _enzyme.mount)(_react2.default.createElement(_SetuRating2.default, { starRating: 2.49 })).find(\".remove.circle\")).to.have.length(1);",
            "err": {},
            "isRoot": false,
            "uuid": "bc53e38d-547a-484f-baaa-a6e5f484ac9f",
            "parentUUID": "6436837a-7843-4572-8983-d4613ac67342",
            "skipped": false
          },
          {
            "title": "should render a thumbs up if enjoyment ratings is >=2.5",
            "fullTitle": "COMPONENT: SetuRating should render a thumbs up if enjoyment ratings is >=2.5",
            "timedOut": false,
            "duration": 153,
            "state": "passed",
            "speed": "slow",
            "pass": true,
            "fail": false,
            "pending": false,
            "code": "expect((0, _enzyme.mount)(_react2.default.createElement(_SetuRating2.default, { heartRating: 4.13 })).find(\".thumbs.up\")).to.have.length(1);\nexpect((0, _enzyme.mount)(_react2.default.createElement(_SetuRating2.default, { heartRating: 2.50 })).find(\".thumbs.up\")).to.have.length(1);",
            "err": {},
            "isRoot": false,
            "uuid": "4940afa5-c50e-44c4-9c60-da6f7bea43b1",
            "parentUUID": "6436837a-7843-4572-8983-d4613ac67342",
            "skipped": false
          },
          {
            "title": "should render a thumbs down if enjoyment ratings is <2.5",
            "fullTitle": "COMPONENT: SetuRating should render a thumbs down if enjoyment ratings is <2.5",
            "timedOut": false,
            "duration": 87,
            "state": "passed",
            "speed": "slow",
            "pass": true,
            "fail": false,
            "pending": false,
            "code": "expect((0, _enzyme.mount)(_react2.default.createElement(_SetuRating2.default, { heartRating: 1.51 })).find(\".thumbs.down\")).to.have.length(1);\nexpect((0, _enzyme.mount)(_react2.default.createElement(_SetuRating2.default, { heartRating: 2.49 })).find(\".thumbs.down\")).to.have.length(1);",
            "err": {},
            "isRoot": false,
            "uuid": "dfb20625-a255-48e3-b288-2d6c3c5d4f42",
            "parentUUID": "6436837a-7843-4572-8983-d4613ac67342",
            "skipped": false
          }
        ],
        "pending": [],
        "root": false,
        "_timeout": 2000,
        "file": "/test/components/Unit/SetuRating.spec.jsx",
        "uuid": "6436837a-7843-4572-8983-d4613ac67342",
        "fullFile": "/home/staff01/Documents/monPlanR/test/components/Unit/SetuRating.spec.jsx",
        "passes": [
          {
            "title": "should render two ratings",
            "fullTitle": "COMPONENT: SetuRating should render two ratings",
            "timedOut": false,
            "duration": 129,
            "state": "passed",
            "speed": "slow",
            "pass": true,
            "fail": false,
            "pending": false,
            "code": "expect((0, _enzyme.mount)(_react2.default.createElement(_SetuRating2.default, null)).find(\".rating\")).to.have.length(2);",
            "err": {},
            "isRoot": false,
            "uuid": "b0d36f54-f28f-43da-baf2-e1ec7236a815",
            "parentUUID": "6436837a-7843-4572-8983-d4613ac67342",
            "skipped": false
          },
          {
            "title": "should render a book if learning ratings is >=2.5",
            "fullTitle": "COMPONENT: SetuRating should render a book if learning ratings is >=2.5",
            "timedOut": false,
            "duration": 167,
            "state": "passed",
            "speed": "slow",
            "pass": true,
            "fail": false,
            "pending": false,
            "code": "expect((0, _enzyme.mount)(_react2.default.createElement(_SetuRating2.default, { starRating: 4.13 })).find(\".book\")).to.have.length(1);\nexpect((0, _enzyme.mount)(_react2.default.createElement(_SetuRating2.default, { starRating: 2.50 })).find(\".book\")).to.have.length(1);",
            "err": {},
            "isRoot": false,
            "uuid": "4e4b1e0d-0750-47e3-8b89-488d91a6afb0",
            "parentUUID": "6436837a-7843-4572-8983-d4613ac67342",
            "skipped": false
          },
          {
            "title": "should render a remove circle if learning ratings is <2.5",
            "fullTitle": "COMPONENT: SetuRating should render a remove circle if learning ratings is <2.5",
            "timedOut": false,
            "duration": 117,
            "state": "passed",
            "speed": "slow",
            "pass": true,
            "fail": false,
            "pending": false,
            "code": "expect((0, _enzyme.mount)(_react2.default.createElement(_SetuRating2.default, { starRating: 1.51 })).find(\".remove.circle\")).to.have.length(1);\nexpect((0, _enzyme.mount)(_react2.default.createElement(_SetuRating2.default, { starRating: 2.49 })).find(\".remove.circle\")).to.have.length(1);",
            "err": {},
            "isRoot": false,
            "uuid": "bc53e38d-547a-484f-baaa-a6e5f484ac9f",
            "parentUUID": "6436837a-7843-4572-8983-d4613ac67342",
            "skipped": false
          },
          {
            "title": "should render a thumbs up if enjoyment ratings is >=2.5",
            "fullTitle": "COMPONENT: SetuRating should render a thumbs up if enjoyment ratings is >=2.5",
            "timedOut": false,
            "duration": 153,
            "state": "passed",
            "speed": "slow",
            "pass": true,
            "fail": false,
            "pending": false,
            "code": "expect((0, _enzyme.mount)(_react2.default.createElement(_SetuRating2.default, { heartRating: 4.13 })).find(\".thumbs.up\")).to.have.length(1);\nexpect((0, _enzyme.mount)(_react2.default.createElement(_SetuRating2.default, { heartRating: 2.50 })).find(\".thumbs.up\")).to.have.length(1);",
            "err": {},
            "isRoot": false,
            "uuid": "4940afa5-c50e-44c4-9c60-da6f7bea43b1",
            "parentUUID": "6436837a-7843-4572-8983-d4613ac67342",
            "skipped": false
          },
          {
            "title": "should render a thumbs down if enjoyment ratings is <2.5",
            "fullTitle": "COMPONENT: SetuRating should render a thumbs down if enjoyment ratings is <2.5",
            "timedOut": false,
            "duration": 87,
            "state": "passed",
            "speed": "slow",
            "pass": true,
            "fail": false,
            "pending": false,
            "code": "expect((0, _enzyme.mount)(_react2.default.createElement(_SetuRating2.default, { heartRating: 1.51 })).find(\".thumbs.down\")).to.have.length(1);\nexpect((0, _enzyme.mount)(_react2.default.createElement(_SetuRating2.default, { heartRating: 2.49 })).find(\".thumbs.down\")).to.have.length(1);",
            "err": {},
            "isRoot": false,
            "uuid": "dfb20625-a255-48e3-b288-2d6c3c5d4f42",
            "parentUUID": "6436837a-7843-4572-8983-d4613ac67342",
            "skipped": false
          }
        ],
        "failures": [],
        "skipped": [],
        "hasTests": true,
        "hasSuites": false,
        "totalTests": 5,
        "totalPasses": 5,
        "totalFailures": 0,
        "totalPending": 0,
        "totalSkipped": 0,
        "hasPasses": true,
        "hasFailures": false,
        "hasPending": false,
        "hasSkipped": false,
        "duration": 653
      },
      {
        "title": "COMPONENT: Unit",
        "suites": [],
        "tests": [
          {
            "title": "should only render a unit code and a unit name",
            "fullTitle": "COMPONENT: Unit should only render a unit code and a unit name",
            "timedOut": false,
            "duration": 128,
            "state": "passed",
            "speed": "slow",
            "pass": true,
            "fail": false,
            "pending": false,
            "code": "var unitCode = \"ABC1234\";\nvar unitName = \"Example unit\";\nvar wrapper = (0, _enzyme.mount)(_react2.default.createElement(_Unit.Unit, {\n    code: unitCode,\n    name: unitName,\n    connectDragSource: identity,\n    connectDropTarget: identity }));\nexpect(wrapper.find(\".header\").text().trim()).to.equal(unitCode);\nexpect(wrapper.find(\".message\").text().replace(unitCode, \"\").trim()).to.equal(unitName);",
            "err": {},
            "isRoot": false,
            "uuid": "61a48184-5667-4912-bedb-5d4fb993f181",
            "parentUUID": "f72b2112-15ac-4a4c-bd4d-ff38a8c47abe",
            "skipped": false
          },
          {
            "title": "should render a close button only when mouse is over the unit",
            "fullTitle": "COMPONENT: Unit should render a close button only when mouse is over the unit",
            "timedOut": false,
            "duration": 131,
            "state": "passed",
            "speed": "slow",
            "pass": true,
            "fail": false,
            "pending": false,
            "code": "var wrapper = (0, _enzyme.mount)(_react2.default.createElement(_Unit.Unit, {\n    code: \"ABC1234\",\n    name: \"Example unit\",\n    connectDragSource: identity,\n    connectDropTarget: identity }));\nwrapper.simulate(\"mouseout\");\nwrapper.simulate(\"mouseleave\");\nexpect(wrapper.find(\".buttons\")).to.have.length(1);\nexpect(wrapper.find(\".buttons\")).to.have.style(\"visibility\", \"hidden\");\nwrapper.simulate(\"mouseover\");\nwrapper.simulate(\"mouseenter\");\nexpect(wrapper.find(\".buttons\")).to.have.length(1);\nexpect(wrapper.find(\".buttons\")).to.have.style(\"visibility\", \"visible\");\nwrapper.simulate(\"mouseout\");\nwrapper.simulate(\"mouseleave\");\nexpect(wrapper.find(\".buttons\")).to.have.length(1);\nexpect(wrapper.find(\".buttons\")).to.have.style(\"visibility\", \"hidden\");",
            "err": {},
            "isRoot": false,
            "uuid": "2cddd68c-6e12-44bc-9e5e-007d11fa0b79",
            "parentUUID": "f72b2112-15ac-4a4c-bd4d-ff38a8c47abe",
            "skipped": false
          }
        ],
        "pending": [],
        "root": false,
        "_timeout": 2000,
        "file": "/test/components/Unit/Unit.spec.jsx",
        "uuid": "f72b2112-15ac-4a4c-bd4d-ff38a8c47abe",
        "fullFile": "/home/staff01/Documents/monPlanR/test/components/Unit/Unit.spec.jsx",
        "passes": [
          {
            "title": "should only render a unit code and a unit name",
            "fullTitle": "COMPONENT: Unit should only render a unit code and a unit name",
            "timedOut": false,
            "duration": 128,
            "state": "passed",
            "speed": "slow",
            "pass": true,
            "fail": false,
            "pending": false,
            "code": "var unitCode = \"ABC1234\";\nvar unitName = \"Example unit\";\nvar wrapper = (0, _enzyme.mount)(_react2.default.createElement(_Unit.Unit, {\n    code: unitCode,\n    name: unitName,\n    connectDragSource: identity,\n    connectDropTarget: identity }));\nexpect(wrapper.find(\".header\").text().trim()).to.equal(unitCode);\nexpect(wrapper.find(\".message\").text().replace(unitCode, \"\").trim()).to.equal(unitName);",
            "err": {},
            "isRoot": false,
            "uuid": "61a48184-5667-4912-bedb-5d4fb993f181",
            "parentUUID": "f72b2112-15ac-4a4c-bd4d-ff38a8c47abe",
            "skipped": false
          },
          {
            "title": "should render a close button only when mouse is over the unit",
            "fullTitle": "COMPONENT: Unit should render a close button only when mouse is over the unit",
            "timedOut": false,
            "duration": 131,
            "state": "passed",
            "speed": "slow",
            "pass": true,
            "fail": false,
            "pending": false,
            "code": "var wrapper = (0, _enzyme.mount)(_react2.default.createElement(_Unit.Unit, {\n    code: \"ABC1234\",\n    name: \"Example unit\",\n    connectDragSource: identity,\n    connectDropTarget: identity }));\nwrapper.simulate(\"mouseout\");\nwrapper.simulate(\"mouseleave\");\nexpect(wrapper.find(\".buttons\")).to.have.length(1);\nexpect(wrapper.find(\".buttons\")).to.have.style(\"visibility\", \"hidden\");\nwrapper.simulate(\"mouseover\");\nwrapper.simulate(\"mouseenter\");\nexpect(wrapper.find(\".buttons\")).to.have.length(1);\nexpect(wrapper.find(\".buttons\")).to.have.style(\"visibility\", \"visible\");\nwrapper.simulate(\"mouseout\");\nwrapper.simulate(\"mouseleave\");\nexpect(wrapper.find(\".buttons\")).to.have.length(1);\nexpect(wrapper.find(\".buttons\")).to.have.style(\"visibility\", \"hidden\");",
            "err": {},
            "isRoot": false,
            "uuid": "2cddd68c-6e12-44bc-9e5e-007d11fa0b79",
            "parentUUID": "f72b2112-15ac-4a4c-bd4d-ff38a8c47abe",
            "skipped": false
          }
        ],
        "failures": [],
        "skipped": [],
        "hasTests": true,
        "hasSuites": false,
        "totalTests": 2,
        "totalPasses": 2,
        "totalFailures": 0,
        "totalPending": 0,
        "totalSkipped": 0,
        "hasPasses": true,
        "hasFailures": false,
        "hasPending": false,
        "hasSkipped": false,
        "duration": 259
      },
      {
        "title": "REDUCER: Counter",
        "suites": [
          {
            "title": "ACTION: INCREMENT_CREDIT_POINTS",
            "suites": [],
            "tests": [
              {
                "title": "Should increment the credit point state by a given value",
                "fullTitle": "REDUCER: Counter ACTION: INCREMENT_CREDIT_POINTS Should increment the credit point state by a given value",
                "timedOut": false,
                "duration": 4,
                "state": "passed",
                "speed": "fast",
                "pass": true,
                "fail": false,
                "pending": false,
                "code": "var stateBefore = { cost: 2, creditPoints: 0 };\nvar action = {\n    type: \"INCREMENT_CREDIT_POINTS\",\n    value: 1\n};\nvar stateAfter = {\n    cost: 2,\n    creditPoints: 1\n};\n(0, _deepFreeze2.default)(stateBefore);\n(0, _deepFreeze2.default)(action);\n(0, _expect2.default)((0, _Counter2.default)(stateBefore, action)).toEqual(stateAfter);",
                "err": {},
                "isRoot": false,
                "uuid": "5903840f-ac04-489c-8f4e-1052847ce1de",
                "parentUUID": "7e20470b-f854-4536-a6db-949c8fd91355",
                "skipped": false
              }
            ],
            "pending": [],
            "root": false,
            "_timeout": 2000,
            "file": "/test/reducers/Counter.spec.js",
            "uuid": "7e20470b-f854-4536-a6db-949c8fd91355",
            "fullFile": "/home/staff01/Documents/monPlanR/test/reducers/Counter.spec.js",
            "passes": [
              {
                "title": "Should increment the credit point state by a given value",
                "fullTitle": "REDUCER: Counter ACTION: INCREMENT_CREDIT_POINTS Should increment the credit point state by a given value",
                "timedOut": false,
                "duration": 4,
                "state": "passed",
                "speed": "fast",
                "pass": true,
                "fail": false,
                "pending": false,
                "code": "var stateBefore = { cost: 2, creditPoints: 0 };\nvar action = {\n    type: \"INCREMENT_CREDIT_POINTS\",\n    value: 1\n};\nvar stateAfter = {\n    cost: 2,\n    creditPoints: 1\n};\n(0, _deepFreeze2.default)(stateBefore);\n(0, _deepFreeze2.default)(action);\n(0, _expect2.default)((0, _Counter2.default)(stateBefore, action)).toEqual(stateAfter);",
                "err": {},
                "isRoot": false,
                "uuid": "5903840f-ac04-489c-8f4e-1052847ce1de",
                "parentUUID": "7e20470b-f854-4536-a6db-949c8fd91355",
                "skipped": false
              }
            ],
            "failures": [],
            "skipped": [],
            "hasTests": true,
            "hasSuites": false,
            "totalTests": 1,
            "totalPasses": 1,
            "totalFailures": 0,
            "totalPending": 0,
            "totalSkipped": 0,
            "hasPasses": true,
            "hasFailures": false,
            "hasPending": false,
            "hasSkipped": false,
            "duration": 4
          },
          {
            "title": "ACTION: DECREMENT_CREDIT_POINTS",
            "suites": [],
            "tests": [
              {
                "title": "Should decrement the credit point state by a given value",
                "fullTitle": "REDUCER: Counter ACTION: DECREMENT_CREDIT_POINTS Should decrement the credit point state by a given value",
                "timedOut": false,
                "duration": 0,
                "state": "passed",
                "speed": "fast",
                "pass": true,
                "fail": false,
                "pending": false,
                "code": "var stateBefore = { cost: 40, creditPoints: 50 };\nvar action = {\n    type: \"DECREMENT_CREDIT_POINTS\",\n    value: 10\n};\nvar stateAfter = {\n    cost: 40,\n    creditPoints: 40\n};\n(0, _deepFreeze2.default)(stateBefore);\n(0, _deepFreeze2.default)(action);\n(0, _expect2.default)((0, _Counter2.default)(stateBefore, action)).toEqual(stateAfter);",
                "err": {},
                "isRoot": false,
                "uuid": "6d8f7d85-a9c6-45fd-a1c2-eb84314f6787",
                "parentUUID": "8d378439-6896-4957-8d00-a5840f5290e0",
                "skipped": false
              },
              {
                "title": "Should decrement the credit point state to 0 if a value given is larger than the current credit point value",
                "fullTitle": "REDUCER: Counter ACTION: DECREMENT_CREDIT_POINTS Should decrement the credit point state to 0 if a value given is larger than the current credit point value",
                "timedOut": false,
                "duration": 0,
                "state": "passed",
                "speed": "fast",
                "pass": true,
                "fail": false,
                "pending": false,
                "code": "var stateBefore = { cost: 40, creditPoints: 50 };\nvar action = {\n    type: \"DECREMENT_CREDIT_POINTS\",\n    value: 51\n};\nvar stateAfter = {\n    cost: 40,\n    creditPoints: 0\n};\n(0, _deepFreeze2.default)(stateBefore);\n(0, _deepFreeze2.default)(action);\n(0, _expect2.default)((0, _Counter2.default)(stateBefore, action)).toEqual(stateAfter);",
                "err": {},
                "isRoot": false,
                "uuid": "a456c82c-16c3-4b92-aff1-f784a73580a9",
                "parentUUID": "8d378439-6896-4957-8d00-a5840f5290e0",
                "skipped": false
              }
            ],
            "pending": [],
            "root": false,
            "_timeout": 2000,
            "file": "/test/reducers/Counter.spec.js",
            "uuid": "8d378439-6896-4957-8d00-a5840f5290e0",
            "fullFile": "/home/staff01/Documents/monPlanR/test/reducers/Counter.spec.js",
            "passes": [
              {
                "title": "Should decrement the credit point state by a given value",
                "fullTitle": "REDUCER: Counter ACTION: DECREMENT_CREDIT_POINTS Should decrement the credit point state by a given value",
                "timedOut": false,
                "duration": 0,
                "state": "passed",
                "speed": "fast",
                "pass": true,
                "fail": false,
                "pending": false,
                "code": "var stateBefore = { cost: 40, creditPoints: 50 };\nvar action = {\n    type: \"DECREMENT_CREDIT_POINTS\",\n    value: 10\n};\nvar stateAfter = {\n    cost: 40,\n    creditPoints: 40\n};\n(0, _deepFreeze2.default)(stateBefore);\n(0, _deepFreeze2.default)(action);\n(0, _expect2.default)((0, _Counter2.default)(stateBefore, action)).toEqual(stateAfter);",
                "err": {},
                "isRoot": false,
                "uuid": "6d8f7d85-a9c6-45fd-a1c2-eb84314f6787",
                "parentUUID": "8d378439-6896-4957-8d00-a5840f5290e0",
                "skipped": false
              },
              {
                "title": "Should decrement the credit point state to 0 if a value given is larger than the current credit point value",
                "fullTitle": "REDUCER: Counter ACTION: DECREMENT_CREDIT_POINTS Should decrement the credit point state to 0 if a value given is larger than the current credit point value",
                "timedOut": false,
                "duration": 0,
                "state": "passed",
                "speed": "fast",
                "pass": true,
                "fail": false,
                "pending": false,
                "code": "var stateBefore = { cost: 40, creditPoints: 50 };\nvar action = {\n    type: \"DECREMENT_CREDIT_POINTS\",\n    value: 51\n};\nvar stateAfter = {\n    cost: 40,\n    creditPoints: 0\n};\n(0, _deepFreeze2.default)(stateBefore);\n(0, _deepFreeze2.default)(action);\n(0, _expect2.default)((0, _Counter2.default)(stateBefore, action)).toEqual(stateAfter);",
                "err": {},
                "isRoot": false,
                "uuid": "a456c82c-16c3-4b92-aff1-f784a73580a9",
                "parentUUID": "8d378439-6896-4957-8d00-a5840f5290e0",
                "skipped": false
              }
            ],
            "failures": [],
            "skipped": [],
            "hasTests": true,
            "hasSuites": false,
            "totalTests": 2,
            "totalPasses": 2,
            "totalFailures": 0,
            "totalPending": 0,
            "totalSkipped": 0,
            "hasPasses": true,
            "hasFailures": false,
            "hasPending": false,
            "hasSkipped": false,
            "duration": 0
          },
          {
            "title": "ACTION: INCREMENT_COST",
            "suites": [],
            "tests": [
              {
                "title": "Should increment the cost state by a given value",
                "fullTitle": "REDUCER: Counter ACTION: INCREMENT_COST Should increment the cost state by a given value",
                "timedOut": false,
                "duration": 0,
                "state": "passed",
                "speed": "fast",
                "pass": true,
                "fail": false,
                "pending": false,
                "code": "var stateBefore = { cost: 20, creditPoints: 13 };\nvar action = {\n    type: \"INCREMENT_COST\",\n    value: 1\n};\nvar stateAfter = {\n    cost: 21,\n    creditPoints: 13\n};\n(0, _deepFreeze2.default)(stateBefore);\n(0, _deepFreeze2.default)(action);\n(0, _expect2.default)((0, _Counter2.default)(stateBefore, action)).toEqual(stateAfter);",
                "err": {},
                "isRoot": false,
                "uuid": "fe882218-1def-4efd-921e-f29aeeac4b4e",
                "parentUUID": "bd085929-92d0-4617-bc67-4e43ae826f00",
                "skipped": false
              }
            ],
            "pending": [],
            "root": false,
            "_timeout": 2000,
            "file": "/test/reducers/Counter.spec.js",
            "uuid": "bd085929-92d0-4617-bc67-4e43ae826f00",
            "fullFile": "/home/staff01/Documents/monPlanR/test/reducers/Counter.spec.js",
            "passes": [
              {
                "title": "Should increment the cost state by a given value",
                "fullTitle": "REDUCER: Counter ACTION: INCREMENT_COST Should increment the cost state by a given value",
                "timedOut": false,
                "duration": 0,
                "state": "passed",
                "speed": "fast",
                "pass": true,
                "fail": false,
                "pending": false,
                "code": "var stateBefore = { cost: 20, creditPoints: 13 };\nvar action = {\n    type: \"INCREMENT_COST\",\n    value: 1\n};\nvar stateAfter = {\n    cost: 21,\n    creditPoints: 13\n};\n(0, _deepFreeze2.default)(stateBefore);\n(0, _deepFreeze2.default)(action);\n(0, _expect2.default)((0, _Counter2.default)(stateBefore, action)).toEqual(stateAfter);",
                "err": {},
                "isRoot": false,
                "uuid": "fe882218-1def-4efd-921e-f29aeeac4b4e",
                "parentUUID": "bd085929-92d0-4617-bc67-4e43ae826f00",
                "skipped": false
              }
            ],
            "failures": [],
            "skipped": [],
            "hasTests": true,
            "hasSuites": false,
            "totalTests": 1,
            "totalPasses": 1,
            "totalFailures": 0,
            "totalPending": 0,
            "totalSkipped": 0,
            "hasPasses": true,
            "hasFailures": false,
            "hasPending": false,
            "hasSkipped": false,
            "duration": 0
          },
          {
            "title": "ACTION: DECREMENT_COST",
            "suites": [],
            "tests": [
              {
                "title": "Should decrement the cost state by a given value",
                "fullTitle": "REDUCER: Counter ACTION: DECREMENT_COST Should decrement the cost state by a given value",
                "timedOut": false,
                "duration": 0,
                "state": "passed",
                "speed": "fast",
                "pass": true,
                "fail": false,
                "pending": false,
                "code": "var stateBefore = { cost: 50, creditPoints: 40 };\nvar action = {\n    type: \"DECREMENT_COST\",\n    value: 10\n};\nvar stateAfter = {\n    cost: 40,\n    creditPoints: 40\n};\n(0, _deepFreeze2.default)(stateBefore);\n(0, _deepFreeze2.default)(action);\n(0, _expect2.default)((0, _Counter2.default)(stateBefore, action)).toEqual(stateAfter);",
                "err": {},
                "isRoot": false,
                "uuid": "13f5604e-4413-4275-8cec-57e7a879bf3a",
                "parentUUID": "d4995482-0709-4bd4-801b-13ec0ec16122",
                "skipped": false
              },
              {
                "title": "Should decrement the cost state to 0 if a value given is larger than the current credit point value",
                "fullTitle": "REDUCER: Counter ACTION: DECREMENT_COST Should decrement the cost state to 0 if a value given is larger than the current credit point value",
                "timedOut": false,
                "duration": 1,
                "state": "passed",
                "speed": "fast",
                "pass": true,
                "fail": false,
                "pending": false,
                "code": "var stateBefore = { cost: 50, creditPoints: 40 };\nvar action = {\n    type: \"DECREMENT_COST\",\n    value: 51\n};\nvar stateAfter = {\n    cost: 0,\n    creditPoints: 40\n};\n(0, _deepFreeze2.default)(stateBefore);\n(0, _deepFreeze2.default)(action);\n(0, _expect2.default)((0, _Counter2.default)(stateBefore, action)).toEqual(stateAfter);",
                "err": {},
                "isRoot": false,
                "uuid": "5e8dd643-9bb7-440a-a02a-ca67af021314",
                "parentUUID": "d4995482-0709-4bd4-801b-13ec0ec16122",
                "skipped": false
              }
            ],
            "pending": [],
            "root": false,
            "_timeout": 2000,
            "file": "/test/reducers/Counter.spec.js",
            "uuid": "d4995482-0709-4bd4-801b-13ec0ec16122",
            "fullFile": "/home/staff01/Documents/monPlanR/test/reducers/Counter.spec.js",
            "passes": [
              {
                "title": "Should decrement the cost state by a given value",
                "fullTitle": "REDUCER: Counter ACTION: DECREMENT_COST Should decrement the cost state by a given value",
                "timedOut": false,
                "duration": 0,
                "state": "passed",
                "speed": "fast",
                "pass": true,
                "fail": false,
                "pending": false,
                "code": "var stateBefore = { cost: 50, creditPoints: 40 };\nvar action = {\n    type: \"DECREMENT_COST\",\n    value: 10\n};\nvar stateAfter = {\n    cost: 40,\n    creditPoints: 40\n};\n(0, _deepFreeze2.default)(stateBefore);\n(0, _deepFreeze2.default)(action);\n(0, _expect2.default)((0, _Counter2.default)(stateBefore, action)).toEqual(stateAfter);",
                "err": {},
                "isRoot": false,
                "uuid": "13f5604e-4413-4275-8cec-57e7a879bf3a",
                "parentUUID": "d4995482-0709-4bd4-801b-13ec0ec16122",
                "skipped": false
              },
              {
                "title": "Should decrement the cost state to 0 if a value given is larger than the current credit point value",
                "fullTitle": "REDUCER: Counter ACTION: DECREMENT_COST Should decrement the cost state to 0 if a value given is larger than the current credit point value",
                "timedOut": false,
                "duration": 1,
                "state": "passed",
                "speed": "fast",
                "pass": true,
                "fail": false,
                "pending": false,
                "code": "var stateBefore = { cost: 50, creditPoints: 40 };\nvar action = {\n    type: \"DECREMENT_COST\",\n    value: 51\n};\nvar stateAfter = {\n    cost: 0,\n    creditPoints: 40\n};\n(0, _deepFreeze2.default)(stateBefore);\n(0, _deepFreeze2.default)(action);\n(0, _expect2.default)((0, _Counter2.default)(stateBefore, action)).toEqual(stateAfter);",
                "err": {},
                "isRoot": false,
                "uuid": "5e8dd643-9bb7-440a-a02a-ca67af021314",
                "parentUUID": "d4995482-0709-4bd4-801b-13ec0ec16122",
                "skipped": false
              }
            ],
            "failures": [],
            "skipped": [],
            "hasTests": true,
            "hasSuites": false,
            "totalTests": 2,
            "totalPasses": 2,
            "totalFailures": 0,
            "totalPending": 0,
            "totalSkipped": 0,
            "hasPasses": true,
            "hasFailures": false,
            "hasPending": false,
            "hasSkipped": false,
            "duration": 1
          },
          {
            "title": "ACTION: CLEAR_COURSE",
            "suites": [],
            "tests": [
              {
                "title": "Should reset the cost and credit point counters to 0",
                "fullTitle": "REDUCER: Counter ACTION: CLEAR_COURSE Should reset the cost and credit point counters to 0",
                "timedOut": false,
                "duration": 0,
                "state": "passed",
                "speed": "fast",
                "pass": true,
                "fail": false,
                "pending": false,
                "code": "var stateBefore = { cost: 50, creditPoints: 40 };\nvar action = {\n    type: \"CLEAR_COURSE\"\n};\nvar stateAfter = { cost: 0, creditPoints: 0 };\n(0, _deepFreeze2.default)(stateBefore);\n(0, _deepFreeze2.default)(action);\n(0, _expect2.default)((0, _Counter2.default)(stateBefore, action)).toEqual(stateAfter);",
                "err": {},
                "isRoot": false,
                "uuid": "d180688c-cb88-4aa6-8dab-1a754a5849dd",
                "parentUUID": "c68f189e-d55b-4407-ab56-be915c35253c",
                "skipped": false
              }
            ],
            "pending": [],
            "root": false,
            "_timeout": 2000,
            "file": "/test/reducers/Counter.spec.js",
            "uuid": "c68f189e-d55b-4407-ab56-be915c35253c",
            "fullFile": "/home/staff01/Documents/monPlanR/test/reducers/Counter.spec.js",
            "passes": [
              {
                "title": "Should reset the cost and credit point counters to 0",
                "fullTitle": "REDUCER: Counter ACTION: CLEAR_COURSE Should reset the cost and credit point counters to 0",
                "timedOut": false,
                "duration": 0,
                "state": "passed",
                "speed": "fast",
                "pass": true,
                "fail": false,
                "pending": false,
                "code": "var stateBefore = { cost: 50, creditPoints: 40 };\nvar action = {\n    type: \"CLEAR_COURSE\"\n};\nvar stateAfter = { cost: 0, creditPoints: 0 };\n(0, _deepFreeze2.default)(stateBefore);\n(0, _deepFreeze2.default)(action);\n(0, _expect2.default)((0, _Counter2.default)(stateBefore, action)).toEqual(stateAfter);",
                "err": {},
                "isRoot": false,
                "uuid": "d180688c-cb88-4aa6-8dab-1a754a5849dd",
                "parentUUID": "c68f189e-d55b-4407-ab56-be915c35253c",
                "skipped": false
              }
            ],
            "failures": [],
            "skipped": [],
            "hasTests": true,
            "hasSuites": false,
            "totalTests": 1,
            "totalPasses": 1,
            "totalFailures": 0,
            "totalPending": 0,
            "totalSkipped": 0,
            "hasPasses": true,
            "hasFailures": false,
            "hasPending": false,
            "hasSkipped": false,
            "duration": 0
          },
          {
            "title": "ACTION: REMOVE_TEACHING_PERIOD",
            "suites": [],
            "tests": [
              {
                "title": "Should correctly go through and decrement the counters for each value ",
                "fullTitle": "REDUCER: Counter ACTION: REMOVE_TEACHING_PERIOD Should correctly go through and decrement the counters for each value ",
                "timedOut": false,
                "duration": 1,
                "state": "passed",
                "speed": "fast",
                "pass": true,
                "fail": false,
                "pending": false,
                "code": "var stateBefore = { cost: 50, creditPoints: 40 };\nvar action = {\n    type: \"REMOVE_TEACHING_PERIOD\",\n    tp: [null, { cost: 2, creditPoints: 20 }, { cost: 5, creditPoints: 10 }, null]\n};\nvar stateAfter = { cost: 43, creditPoints: 10 };\n(0, _deepFreeze2.default)(stateBefore);\n(0, _deepFreeze2.default)(action);\n(0, _expect2.default)((0, _Counter2.default)(stateBefore, action)).toEqual(stateAfter);",
                "err": {},
                "isRoot": false,
                "uuid": "22682a1e-a5aa-425b-b366-fab3117fd4d0",
                "parentUUID": "4d6df78f-f6ab-43f1-a053-daa5b42a754e",
                "skipped": false
              },
              {
                "title": "Should not decrement the counters below 0 ",
                "fullTitle": "REDUCER: Counter ACTION: REMOVE_TEACHING_PERIOD Should not decrement the counters below 0 ",
                "timedOut": false,
                "duration": 0,
                "state": "passed",
                "speed": "fast",
                "pass": true,
                "fail": false,
                "pending": false,
                "code": "var stateBefore = { cost: 50, creditPoints: 40 };\nvar action = {\n    type: \"REMOVE_TEACHING_PERIOD\",\n    tp: [null, { cost: 25, creditPoints: 20 }, { cost: 30, creditPoints: 30 }, { cost: 0, creditPoints: 10 }]\n};\nvar stateAfter = { cost: 0, creditPoints: 0 };\n(0, _deepFreeze2.default)(stateBefore);\n(0, _deepFreeze2.default)(action);\n(0, _expect2.default)((0, _Counter2.default)(stateBefore, action)).toEqual(stateAfter);",
                "err": {},
                "isRoot": false,
                "uuid": "823a3bcb-3c34-4d2e-9212-9ee80ba825de",
                "parentUUID": "4d6df78f-f6ab-43f1-a053-daa5b42a754e",
                "skipped": false
              }
            ],
            "pending": [],
            "root": false,
            "_timeout": 2000,
            "file": "/test/reducers/Counter.spec.js",
            "uuid": "4d6df78f-f6ab-43f1-a053-daa5b42a754e",
            "fullFile": "/home/staff01/Documents/monPlanR/test/reducers/Counter.spec.js",
            "passes": [
              {
                "title": "Should correctly go through and decrement the counters for each value ",
                "fullTitle": "REDUCER: Counter ACTION: REMOVE_TEACHING_PERIOD Should correctly go through and decrement the counters for each value ",
                "timedOut": false,
                "duration": 1,
                "state": "passed",
                "speed": "fast",
                "pass": true,
                "fail": false,
                "pending": false,
                "code": "var stateBefore = { cost: 50, creditPoints: 40 };\nvar action = {\n    type: \"REMOVE_TEACHING_PERIOD\",\n    tp: [null, { cost: 2, creditPoints: 20 }, { cost: 5, creditPoints: 10 }, null]\n};\nvar stateAfter = { cost: 43, creditPoints: 10 };\n(0, _deepFreeze2.default)(stateBefore);\n(0, _deepFreeze2.default)(action);\n(0, _expect2.default)((0, _Counter2.default)(stateBefore, action)).toEqual(stateAfter);",
                "err": {},
                "isRoot": false,
                "uuid": "22682a1e-a5aa-425b-b366-fab3117fd4d0",
                "parentUUID": "4d6df78f-f6ab-43f1-a053-daa5b42a754e",
                "skipped": false
              },
              {
                "title": "Should not decrement the counters below 0 ",
                "fullTitle": "REDUCER: Counter ACTION: REMOVE_TEACHING_PERIOD Should not decrement the counters below 0 ",
                "timedOut": false,
                "duration": 0,
                "state": "passed",
                "speed": "fast",
                "pass": true,
                "fail": false,
                "pending": false,
                "code": "var stateBefore = { cost: 50, creditPoints: 40 };\nvar action = {\n    type: \"REMOVE_TEACHING_PERIOD\",\n    tp: [null, { cost: 25, creditPoints: 20 }, { cost: 30, creditPoints: 30 }, { cost: 0, creditPoints: 10 }]\n};\nvar stateAfter = { cost: 0, creditPoints: 0 };\n(0, _deepFreeze2.default)(stateBefore);\n(0, _deepFreeze2.default)(action);\n(0, _expect2.default)((0, _Counter2.default)(stateBefore, action)).toEqual(stateAfter);",
                "err": {},
                "isRoot": false,
                "uuid": "823a3bcb-3c34-4d2e-9212-9ee80ba825de",
                "parentUUID": "4d6df78f-f6ab-43f1-a053-daa5b42a754e",
                "skipped": false
              }
            ],
            "failures": [],
            "skipped": [],
            "hasTests": true,
            "hasSuites": false,
            "totalTests": 2,
            "totalPasses": 2,
            "totalFailures": 0,
            "totalPending": 0,
            "totalSkipped": 0,
            "hasPasses": true,
            "hasFailures": false,
            "hasPending": false,
            "hasSkipped": false,
            "duration": 1
          }
        ],
        "tests": [],
        "pending": [],
        "root": false,
        "_timeout": 2000,
        "file": "/test/reducers/Counter.spec.js",
        "uuid": "15ef6a4e-0120-44a0-8a75-bc27e2c1f605",
        "fullFile": "/home/staff01/Documents/monPlanR/test/reducers/Counter.spec.js",
        "passes": [],
        "failures": [],
        "skipped": [],
        "hasTests": false,
        "hasSuites": true,
        "totalTests": 0,
        "totalPasses": 0,
        "totalFailures": 0,
        "totalPending": 0,
        "totalSkipped": 0,
        "hasPasses": false,
        "hasFailures": false,
        "hasPending": false,
        "hasSkipped": false,
        "duration": 0
      },
      {
        "title": "REDUCER: CourseStructure",
        "suites": [
          {
            "title": "ACTION: INSERT_TEACHING_PERIOD",
            "suites": [],
            "tests": [
              {
                "title": "Should insert a teaching period with the given info correctly into middle of array",
                "fullTitle": "REDUCER: CourseStructure ACTION: INSERT_TEACHING_PERIOD Should insert a teaching period with the given info correctly into middle of array",
                "timedOut": false,
                "duration": 2,
                "state": "passed",
                "speed": "fast",
                "pass": true,
                "fail": false,
                "pending": false,
                "code": "var stateBefore = {\n    teachingPeriods: [{ year: 2017, code: \"S2-01\", units: [null, null, null, null] }, { year: 2019, code: \"S2-01\", units: [null, null, null, null] }],\n    numberOfUnits: 4\n};\nvar action = {\n    type: \"INSERT_TEACHING_PERIOD\",\n    year: 2018,\n    code: \"S2-01\",\n    index: 1\n};\nvar stateAfter = {\n    teachingPeriods: [{ year: 2017, code: \"S2-01\", units: [null, null, null, null] }, { year: 2018, code: \"S2-01\", units: [null, null, null, null] }, { year: 2019, code: \"S2-01\", units: [null, null, null, null] }],\n    numberOfUnits: 4\n};\ntest(stateBefore, action, stateAfter);",
                "err": {},
                "isRoot": false,
                "uuid": "eb90fca3-4979-4d18-994e-8426145b28cf",
                "parentUUID": "92f029bf-9885-47e1-9563-d282f03e31e1",
                "skipped": false
              },
              {
                "title": "Should insert a teaching period with the given info correctly into start of array",
                "fullTitle": "REDUCER: CourseStructure ACTION: INSERT_TEACHING_PERIOD Should insert a teaching period with the given info correctly into start of array",
                "timedOut": false,
                "duration": 1,
                "state": "passed",
                "speed": "fast",
                "pass": true,
                "fail": false,
                "pending": false,
                "code": "var stateBefore = {\n    teachingPeriods: [{ year: 2017, code: \"S2-01\", units: [null, null, null, null] }, { year: 2019, code: \"S2-01\", units: [null, null, null, null] }],\n    numberOfUnits: 4\n};\nvar action = {\n    type: \"INSERT_TEACHING_PERIOD\",\n    year: 2016,\n    code: \"S2-01\",\n    index: 0\n};\nvar stateAfter = {\n    teachingPeriods: [{ year: 2016, code: \"S2-01\", units: [null, null, null, null] }, { year: 2017, code: \"S2-01\", units: [null, null, null, null] }, { year: 2019, code: \"S2-01\", units: [null, null, null, null] }],\n    numberOfUnits: 4\n};\ntest(stateBefore, action, stateAfter);",
                "err": {},
                "isRoot": false,
                "uuid": "8ad8cac6-41ce-4915-b2eb-86f8fb5511a6",
                "parentUUID": "92f029bf-9885-47e1-9563-d282f03e31e1",
                "skipped": false
              }
            ],
            "pending": [],
            "root": false,
            "_timeout": 2000,
            "file": "/test/reducers/CourseStructure.spec.js",
            "uuid": "92f029bf-9885-47e1-9563-d282f03e31e1",
            "fullFile": "/home/staff01/Documents/monPlanR/test/reducers/CourseStructure.spec.js",
            "passes": [
              {
                "title": "Should insert a teaching period with the given info correctly into middle of array",
                "fullTitle": "REDUCER: CourseStructure ACTION: INSERT_TEACHING_PERIOD Should insert a teaching period with the given info correctly into middle of array",
                "timedOut": false,
                "duration": 2,
                "state": "passed",
                "speed": "fast",
                "pass": true,
                "fail": false,
                "pending": false,
                "code": "var stateBefore = {\n    teachingPeriods: [{ year: 2017, code: \"S2-01\", units: [null, null, null, null] }, { year: 2019, code: \"S2-01\", units: [null, null, null, null] }],\n    numberOfUnits: 4\n};\nvar action = {\n    type: \"INSERT_TEACHING_PERIOD\",\n    year: 2018,\n    code: \"S2-01\",\n    index: 1\n};\nvar stateAfter = {\n    teachingPeriods: [{ year: 2017, code: \"S2-01\", units: [null, null, null, null] }, { year: 2018, code: \"S2-01\", units: [null, null, null, null] }, { year: 2019, code: \"S2-01\", units: [null, null, null, null] }],\n    numberOfUnits: 4\n};\ntest(stateBefore, action, stateAfter);",
                "err": {},
                "isRoot": false,
                "uuid": "eb90fca3-4979-4d18-994e-8426145b28cf",
                "parentUUID": "92f029bf-9885-47e1-9563-d282f03e31e1",
                "skipped": false
              },
              {
                "title": "Should insert a teaching period with the given info correctly into start of array",
                "fullTitle": "REDUCER: CourseStructure ACTION: INSERT_TEACHING_PERIOD Should insert a teaching period with the given info correctly into start of array",
                "timedOut": false,
                "duration": 1,
                "state": "passed",
                "speed": "fast",
                "pass": true,
                "fail": false,
                "pending": false,
                "code": "var stateBefore = {\n    teachingPeriods: [{ year: 2017, code: \"S2-01\", units: [null, null, null, null] }, { year: 2019, code: \"S2-01\", units: [null, null, null, null] }],\n    numberOfUnits: 4\n};\nvar action = {\n    type: \"INSERT_TEACHING_PERIOD\",\n    year: 2016,\n    code: \"S2-01\",\n    index: 0\n};\nvar stateAfter = {\n    teachingPeriods: [{ year: 2016, code: \"S2-01\", units: [null, null, null, null] }, { year: 2017, code: \"S2-01\", units: [null, null, null, null] }, { year: 2019, code: \"S2-01\", units: [null, null, null, null] }],\n    numberOfUnits: 4\n};\ntest(stateBefore, action, stateAfter);",
                "err": {},
                "isRoot": false,
                "uuid": "8ad8cac6-41ce-4915-b2eb-86f8fb5511a6",
                "parentUUID": "92f029bf-9885-47e1-9563-d282f03e31e1",
                "skipped": false
              }
            ],
            "failures": [],
            "skipped": [],
            "hasTests": true,
            "hasSuites": false,
            "totalTests": 2,
            "totalPasses": 2,
            "totalFailures": 0,
            "totalPending": 0,
            "totalSkipped": 0,
            "hasPasses": true,
            "hasFailures": false,
            "hasPending": false,
            "hasSkipped": false,
            "duration": 3
          },
          {
            "title": "ACTION: REMOVE_TEACHING_PERIOD",
            "suites": [],
            "tests": [
              {
                "title": "Should remove a teaching period at the given index",
                "fullTitle": "REDUCER: CourseStructure ACTION: REMOVE_TEACHING_PERIOD Should remove a teaching period at the given index",
                "timedOut": false,
                "duration": 0,
                "state": "passed",
                "speed": "fast",
                "pass": true,
                "fail": false,
                "pending": false,
                "code": "var stateBefore = {\n    teachingPeriods: [{ year: 2017, code: \"S2-01\", units: [null, null, null, null] }, { year: 2018, code: \"S2-01\", units: [null, null, null, null] }, { year: 2019, code: \"S2-01\", units: [null, null, null, null] }],\n    numberOfUnits: 4\n};\nvar action = {\n    type: \"REMOVE_TEACHING_PERIOD\",\n    index: 1\n};\nvar stateAfter = {\n    teachingPeriods: [{ year: 2017, code: \"S2-01\", units: [null, null, null, null] }, { year: 2019, code: \"S2-01\", units: [null, null, null, null] }],\n    numberOfUnits: 4\n};\ntest(stateBefore, action, stateAfter);",
                "err": {},
                "isRoot": false,
                "uuid": "627bb5ad-c96e-4db1-87e8-f2039f516822",
                "parentUUID": "4f5d9b22-17ad-48e0-bc3b-d3ebd7995081",
                "skipped": false
              },
              {
                "title": "Should remove a teaching period at the start of the array",
                "fullTitle": "REDUCER: CourseStructure ACTION: REMOVE_TEACHING_PERIOD Should remove a teaching period at the start of the array",
                "timedOut": false,
                "duration": 1,
                "state": "passed",
                "speed": "fast",
                "pass": true,
                "fail": false,
                "pending": false,
                "code": "var stateBefore = {\n    teachingPeriods: [{ year: 2017, code: \"S2-01\", units: [null, null, null, null] }, { year: 2018, code: \"S2-01\", units: [null, null, null, null] }, { year: 2019, code: \"S2-01\", units: [null, null, null, null] }],\n    numberOfUnits: 4\n};\nvar action = {\n    type: \"REMOVE_TEACHING_PERIOD\",\n    index: 0\n};\nvar stateAfter = {\n    teachingPeriods: [{ year: 2018, code: \"S2-01\", units: [null, null, null, null] }, { year: 2019, code: \"S2-01\", units: [null, null, null, null] }],\n    numberOfUnits: 4\n};\ntest(stateBefore, action, stateAfter);",
                "err": {},
                "isRoot": false,
                "uuid": "13215ed4-3262-4f5f-8dc7-438b50086c85",
                "parentUUID": "4f5d9b22-17ad-48e0-bc3b-d3ebd7995081",
                "skipped": false
              }
            ],
            "pending": [],
            "root": false,
            "_timeout": 2000,
            "file": "/test/reducers/CourseStructure.spec.js",
            "uuid": "4f5d9b22-17ad-48e0-bc3b-d3ebd7995081",
            "fullFile": "/home/staff01/Documents/monPlanR/test/reducers/CourseStructure.spec.js",
            "passes": [
              {
                "title": "Should remove a teaching period at the given index",
                "fullTitle": "REDUCER: CourseStructure ACTION: REMOVE_TEACHING_PERIOD Should remove a teaching period at the given index",
                "timedOut": false,
                "duration": 0,
                "state": "passed",
                "speed": "fast",
                "pass": true,
                "fail": false,
                "pending": false,
                "code": "var stateBefore = {\n    teachingPeriods: [{ year: 2017, code: \"S2-01\", units: [null, null, null, null] }, { year: 2018, code: \"S2-01\", units: [null, null, null, null] }, { year: 2019, code: \"S2-01\", units: [null, null, null, null] }],\n    numberOfUnits: 4\n};\nvar action = {\n    type: \"REMOVE_TEACHING_PERIOD\",\n    index: 1\n};\nvar stateAfter = {\n    teachingPeriods: [{ year: 2017, code: \"S2-01\", units: [null, null, null, null] }, { year: 2019, code: \"S2-01\", units: [null, null, null, null] }],\n    numberOfUnits: 4\n};\ntest(stateBefore, action, stateAfter);",
                "err": {},
                "isRoot": false,
                "uuid": "627bb5ad-c96e-4db1-87e8-f2039f516822",
                "parentUUID": "4f5d9b22-17ad-48e0-bc3b-d3ebd7995081",
                "skipped": false
              },
              {
                "title": "Should remove a teaching period at the start of the array",
                "fullTitle": "REDUCER: CourseStructure ACTION: REMOVE_TEACHING_PERIOD Should remove a teaching period at the start of the array",
                "timedOut": false,
                "duration": 1,
                "state": "passed",
                "speed": "fast",
                "pass": true,
                "fail": false,
                "pending": false,
                "code": "var stateBefore = {\n    teachingPeriods: [{ year: 2017, code: \"S2-01\", units: [null, null, null, null] }, { year: 2018, code: \"S2-01\", units: [null, null, null, null] }, { year: 2019, code: \"S2-01\", units: [null, null, null, null] }],\n    numberOfUnits: 4\n};\nvar action = {\n    type: \"REMOVE_TEACHING_PERIOD\",\n    index: 0\n};\nvar stateAfter = {\n    teachingPeriods: [{ year: 2018, code: \"S2-01\", units: [null, null, null, null] }, { year: 2019, code: \"S2-01\", units: [null, null, null, null] }],\n    numberOfUnits: 4\n};\ntest(stateBefore, action, stateAfter);",
                "err": {},
                "isRoot": false,
                "uuid": "13215ed4-3262-4f5f-8dc7-438b50086c85",
                "parentUUID": "4f5d9b22-17ad-48e0-bc3b-d3ebd7995081",
                "skipped": false
              }
            ],
            "failures": [],
            "skipped": [],
            "hasTests": true,
            "hasSuites": false,
            "totalTests": 2,
            "totalPasses": 2,
            "totalFailures": 0,
            "totalPending": 0,
            "totalSkipped": 0,
            "hasPasses": true,
            "hasFailures": false,
            "hasPending": false,
            "hasSkipped": false,
            "duration": 1
          },
          {
            "title": "ACTION: APPEND_TEACHING_PERIOD",
            "suites": [],
            "tests": [
              {
                "title": "Should add the given teaching period to the end of the array",
                "fullTitle": "REDUCER: CourseStructure ACTION: APPEND_TEACHING_PERIOD Should add the given teaching period to the end of the array",
                "timedOut": false,
                "duration": 0,
                "state": "passed",
                "speed": "fast",
                "pass": true,
                "fail": false,
                "pending": false,
                "code": "var stateBefore = {\n    teachingPeriods: [{ year: 2018, code: \"S2-01\", units: [null, null, null, null] }, { year: 2019, code: \"S2-01\", units: [null, null, null, null] }],\n    numberOfUnits: 4\n};\nvar action = {\n    type: \"APPEND_TEACHING_PERIOD\",\n    year: 2020,\n    code: \"S2-01\"\n};\nvar stateAfter = {\n    teachingPeriods: [{ year: 2018, code: \"S2-01\", units: [null, null, null, null] }, { year: 2019, code: \"S2-01\", units: [null, null, null, null] }, { year: 2020, code: \"S2-01\", units: [null, null, null, null] }],\n    numberOfUnits: 4\n};\ntest(stateBefore, action, stateAfter);",
                "err": {},
                "isRoot": false,
                "uuid": "3bc4dd94-fe7e-4b18-ac5c-bed916b09410",
                "parentUUID": "b5cb39fa-1ad6-44cd-a79b-6dc2938201e3",
                "skipped": false
              }
            ],
            "pending": [],
            "root": false,
            "_timeout": 2000,
            "file": "/test/reducers/CourseStructure.spec.js",
            "uuid": "b5cb39fa-1ad6-44cd-a79b-6dc2938201e3",
            "fullFile": "/home/staff01/Documents/monPlanR/test/reducers/CourseStructure.spec.js",
            "passes": [
              {
                "title": "Should add the given teaching period to the end of the array",
                "fullTitle": "REDUCER: CourseStructure ACTION: APPEND_TEACHING_PERIOD Should add the given teaching period to the end of the array",
                "timedOut": false,
                "duration": 0,
                "state": "passed",
                "speed": "fast",
                "pass": true,
                "fail": false,
                "pending": false,
                "code": "var stateBefore = {\n    teachingPeriods: [{ year: 2018, code: \"S2-01\", units: [null, null, null, null] }, { year: 2019, code: \"S2-01\", units: [null, null, null, null] }],\n    numberOfUnits: 4\n};\nvar action = {\n    type: \"APPEND_TEACHING_PERIOD\",\n    year: 2020,\n    code: \"S2-01\"\n};\nvar stateAfter = {\n    teachingPeriods: [{ year: 2018, code: \"S2-01\", units: [null, null, null, null] }, { year: 2019, code: \"S2-01\", units: [null, null, null, null] }, { year: 2020, code: \"S2-01\", units: [null, null, null, null] }],\n    numberOfUnits: 4\n};\ntest(stateBefore, action, stateAfter);",
                "err": {},
                "isRoot": false,
                "uuid": "3bc4dd94-fe7e-4b18-ac5c-bed916b09410",
                "parentUUID": "b5cb39fa-1ad6-44cd-a79b-6dc2938201e3",
                "skipped": false
              }
            ],
            "failures": [],
            "skipped": [],
            "hasTests": true,
            "hasSuites": false,
            "totalTests": 1,
            "totalPasses": 1,
            "totalFailures": 0,
            "totalPending": 0,
            "totalSkipped": 0,
            "hasPasses": true,
            "hasFailures": false,
            "hasPending": false,
            "hasSkipped": false,
            "duration": 0
          },
          {
            "title": "ACTION: INCREASE_STUDY_LOAD",
            "suites": [],
            "tests": [
              {
                "title": "Should increase the study load if the study load is less than 4",
                "fullTitle": "REDUCER: CourseStructure ACTION: INCREASE_STUDY_LOAD Should increase the study load if the study load is less than 4",
                "timedOut": false,
                "duration": 2,
                "state": "passed",
                "speed": "fast",
                "pass": true,
                "fail": false,
                "pending": false,
                "code": "var stateBefore = {\n    teachingPeriods: [{ year: 2018, code: \"S2-01\", units: [null, null, null, null] }],\n    numberOfUnits: 4\n};\nvar action = {\n    type: \"INCREASE_STUDY_LOAD\"\n};\nvar stateAfter = {\n    teachingPeriods: [{ year: 2018, code: \"S2-01\", units: [null, null, null, null, null] }],\n    numberOfUnits: 5\n};\ntest(stateBefore, action, stateAfter);",
                "err": {},
                "isRoot": false,
                "uuid": "1f6c084f-d340-4326-8018-48788787e8e7",
                "parentUUID": "fe840236-0b6e-4b00-beb5-968c74155c21",
                "skipped": false
              },
              {
                "title": "Should not increase the study load if the study load is 6 or greater",
                "fullTitle": "REDUCER: CourseStructure ACTION: INCREASE_STUDY_LOAD Should not increase the study load if the study load is 6 or greater",
                "timedOut": false,
                "duration": 0,
                "state": "passed",
                "speed": "fast",
                "pass": true,
                "fail": false,
                "pending": false,
                "code": "var stateBefore = {\n    teachingPeriods: [{ year: 2018, code: \"S2-01\", units: [null, null, null, null, null, null] }],\n    numberOfUnits: 6\n};\nvar action = {\n    type: \"INCREASE_STUDY_LOAD\"\n};\nvar stateAfter = {\n    teachingPeriods: [{ year: 2018, code: \"S2-01\", units: [null, null, null, null, null, null] }],\n    numberOfUnits: 6\n};\ntest(stateBefore, action, stateAfter);",
                "err": {},
                "isRoot": false,
                "uuid": "239bf45d-948c-4e91-baa4-615ab7bc13a1",
                "parentUUID": "fe840236-0b6e-4b00-beb5-968c74155c21",
                "skipped": false
              }
            ],
            "pending": [],
            "root": false,
            "_timeout": 2000,
            "file": "/test/reducers/CourseStructure.spec.js",
            "uuid": "fe840236-0b6e-4b00-beb5-968c74155c21",
            "fullFile": "/home/staff01/Documents/monPlanR/test/reducers/CourseStructure.spec.js",
            "passes": [
              {
                "title": "Should increase the study load if the study load is less than 4",
                "fullTitle": "REDUCER: CourseStructure ACTION: INCREASE_STUDY_LOAD Should increase the study load if the study load is less than 4",
                "timedOut": false,
                "duration": 2,
                "state": "passed",
                "speed": "fast",
                "pass": true,
                "fail": false,
                "pending": false,
                "code": "var stateBefore = {\n    teachingPeriods: [{ year: 2018, code: \"S2-01\", units: [null, null, null, null] }],\n    numberOfUnits: 4\n};\nvar action = {\n    type: \"INCREASE_STUDY_LOAD\"\n};\nvar stateAfter = {\n    teachingPeriods: [{ year: 2018, code: \"S2-01\", units: [null, null, null, null, null] }],\n    numberOfUnits: 5\n};\ntest(stateBefore, action, stateAfter);",
                "err": {},
                "isRoot": false,
                "uuid": "1f6c084f-d340-4326-8018-48788787e8e7",
                "parentUUID": "fe840236-0b6e-4b00-beb5-968c74155c21",
                "skipped": false
              },
              {
                "title": "Should not increase the study load if the study load is 6 or greater",
                "fullTitle": "REDUCER: CourseStructure ACTION: INCREASE_STUDY_LOAD Should not increase the study load if the study load is 6 or greater",
                "timedOut": false,
                "duration": 0,
                "state": "passed",
                "speed": "fast",
                "pass": true,
                "fail": false,
                "pending": false,
                "code": "var stateBefore = {\n    teachingPeriods: [{ year: 2018, code: \"S2-01\", units: [null, null, null, null, null, null] }],\n    numberOfUnits: 6\n};\nvar action = {\n    type: \"INCREASE_STUDY_LOAD\"\n};\nvar stateAfter = {\n    teachingPeriods: [{ year: 2018, code: \"S2-01\", units: [null, null, null, null, null, null] }],\n    numberOfUnits: 6\n};\ntest(stateBefore, action, stateAfter);",
                "err": {},
                "isRoot": false,
                "uuid": "239bf45d-948c-4e91-baa4-615ab7bc13a1",
                "parentUUID": "fe840236-0b6e-4b00-beb5-968c74155c21",
                "skipped": false
              }
            ],
            "failures": [],
            "skipped": [],
            "hasTests": true,
            "hasSuites": false,
            "totalTests": 2,
            "totalPasses": 2,
            "totalFailures": 0,
            "totalPending": 0,
            "totalSkipped": 0,
            "hasPasses": true,
            "hasFailures": false,
            "hasPending": false,
            "hasSkipped": false,
            "duration": 2
          },
          {
            "title": "ACTION: DECREASE_STUDY_LOAD",
            "suites": [],
            "tests": [
              {
                "title": "Should decrease the study load if the study load is greater than 4",
                "fullTitle": "REDUCER: CourseStructure ACTION: DECREASE_STUDY_LOAD Should decrease the study load if the study load is greater than 4",
                "timedOut": false,
                "duration": 1,
                "state": "passed",
                "speed": "fast",
                "pass": true,
                "fail": false,
                "pending": false,
                "code": "var stateBefore = {\n    teachingPeriods: [{ year: 2018, code: \"S2-01\", units: [null, null, null, null, null] }],\n    numberOfUnits: 5\n};\nvar action = {\n    type: \"DECREASE_STUDY_LOAD\"\n};\nvar stateAfter = {\n    teachingPeriods: [{ year: 2018, code: \"S2-01\", units: [null, null, null, null] }],\n    numberOfUnits: 4\n};\ntest(stateBefore, action, stateAfter);",
                "err": {},
                "isRoot": false,
                "uuid": "f555db99-0120-4aaf-b6a2-b1466052e79c",
                "parentUUID": "4539bb59-029c-4e88-a7e1-bf33620875fc",
                "skipped": false
              },
              {
                "title": "Should not decrease the study load if the study load is 4 or less",
                "fullTitle": "REDUCER: CourseStructure ACTION: DECREASE_STUDY_LOAD Should not decrease the study load if the study load is 4 or less",
                "timedOut": false,
                "duration": 0,
                "state": "passed",
                "speed": "fast",
                "pass": true,
                "fail": false,
                "pending": false,
                "code": "var stateBefore = {\n    teachingPeriods: [{ year: 2018, code: \"S2-01\", units: [null, null, null, null] }],\n    numberOfUnits: 4\n};\nvar action = {\n    type: \"DECREASE_STUDY_LOAD\"\n};\nvar stateAfter = {\n    teachingPeriods: [{ year: 2018, code: \"S2-01\", units: [null, null, null, null] }],\n    numberOfUnits: 4\n};\ntest(stateBefore, action, stateAfter);",
                "err": {},
                "isRoot": false,
                "uuid": "7c76efe0-c750-4174-a361-61b6caf1e0c8",
                "parentUUID": "4539bb59-029c-4e88-a7e1-bf33620875fc",
                "skipped": false
              }
            ],
            "pending": [],
            "root": false,
            "_timeout": 2000,
            "file": "/test/reducers/CourseStructure.spec.js",
            "uuid": "4539bb59-029c-4e88-a7e1-bf33620875fc",
            "fullFile": "/home/staff01/Documents/monPlanR/test/reducers/CourseStructure.spec.js",
            "passes": [
              {
                "title": "Should decrease the study load if the study load is greater than 4",
                "fullTitle": "REDUCER: CourseStructure ACTION: DECREASE_STUDY_LOAD Should decrease the study load if the study load is greater than 4",
                "timedOut": false,
                "duration": 1,
                "state": "passed",
                "speed": "fast",
                "pass": true,
                "fail": false,
                "pending": false,
                "code": "var stateBefore = {\n    teachingPeriods: [{ year: 2018, code: \"S2-01\", units: [null, null, null, null, null] }],\n    numberOfUnits: 5\n};\nvar action = {\n    type: \"DECREASE_STUDY_LOAD\"\n};\nvar stateAfter = {\n    teachingPeriods: [{ year: 2018, code: \"S2-01\", units: [null, null, null, null] }],\n    numberOfUnits: 4\n};\ntest(stateBefore, action, stateAfter);",
                "err": {},
                "isRoot": false,
                "uuid": "f555db99-0120-4aaf-b6a2-b1466052e79c",
                "parentUUID": "4539bb59-029c-4e88-a7e1-bf33620875fc",
                "skipped": false
              },
              {
                "title": "Should not decrease the study load if the study load is 4 or less",
                "fullTitle": "REDUCER: CourseStructure ACTION: DECREASE_STUDY_LOAD Should not decrease the study load if the study load is 4 or less",
                "timedOut": false,
                "duration": 0,
                "state": "passed",
                "speed": "fast",
                "pass": true,
                "fail": false,
                "pending": false,
                "code": "var stateBefore = {\n    teachingPeriods: [{ year: 2018, code: \"S2-01\", units: [null, null, null, null] }],\n    numberOfUnits: 4\n};\nvar action = {\n    type: \"DECREASE_STUDY_LOAD\"\n};\nvar stateAfter = {\n    teachingPeriods: [{ year: 2018, code: \"S2-01\", units: [null, null, null, null] }],\n    numberOfUnits: 4\n};\ntest(stateBefore, action, stateAfter);",
                "err": {},
                "isRoot": false,
                "uuid": "7c76efe0-c750-4174-a361-61b6caf1e0c8",
                "parentUUID": "4539bb59-029c-4e88-a7e1-bf33620875fc",
                "skipped": false
              }
            ],
            "failures": [],
            "skipped": [],
            "hasTests": true,
            "hasSuites": false,
            "totalTests": 2,
            "totalPasses": 2,
            "totalFailures": 0,
            "totalPending": 0,
            "totalSkipped": 0,
            "hasPasses": true,
            "hasFailures": false,
            "hasPending": false,
            "hasSkipped": false,
            "duration": 1
          },
          {
            "title": "ACTION: CLEAR_COURSE",
            "suites": [],
            "tests": [
              {
                "title": "Should remove all teaching periods and set the amount of units to 4",
                "fullTitle": "REDUCER: CourseStructure ACTION: CLEAR_COURSE Should remove all teaching periods and set the amount of units to 4",
                "timedOut": false,
                "duration": 0,
                "state": "passed",
                "speed": "fast",
                "pass": true,
                "fail": false,
                "pending": false,
                "code": "var stateBefore = {\n    teachingPeriods: [{ year: 2018, code: \"S2-01\", units: [null, null, null, null, null] }],\n    numberOfUnits: 5\n};\nvar action = {\n    type: \"CLEAR_COURSE\"\n};\nvar stateAfter = {\n    teachingPeriods: [],\n    numberOfUnits: 4\n};\ntest(stateBefore, action, stateAfter);",
                "err": {},
                "isRoot": false,
                "uuid": "abd9f0c4-4087-4695-8f07-103c73542545",
                "parentUUID": "33950555-6349-40e4-a6aa-5abb2489a8e3",
                "skipped": false
              }
            ],
            "pending": [],
            "root": false,
            "_timeout": 2000,
            "file": "/test/reducers/CourseStructure.spec.js",
            "uuid": "33950555-6349-40e4-a6aa-5abb2489a8e3",
            "fullFile": "/home/staff01/Documents/monPlanR/test/reducers/CourseStructure.spec.js",
            "passes": [
              {
                "title": "Should remove all teaching periods and set the amount of units to 4",
                "fullTitle": "REDUCER: CourseStructure ACTION: CLEAR_COURSE Should remove all teaching periods and set the amount of units to 4",
                "timedOut": false,
                "duration": 0,
                "state": "passed",
                "speed": "fast",
                "pass": true,
                "fail": false,
                "pending": false,
                "code": "var stateBefore = {\n    teachingPeriods: [{ year: 2018, code: \"S2-01\", units: [null, null, null, null, null] }],\n    numberOfUnits: 5\n};\nvar action = {\n    type: \"CLEAR_COURSE\"\n};\nvar stateAfter = {\n    teachingPeriods: [],\n    numberOfUnits: 4\n};\ntest(stateBefore, action, stateAfter);",
                "err": {},
                "isRoot": false,
                "uuid": "abd9f0c4-4087-4695-8f07-103c73542545",
                "parentUUID": "33950555-6349-40e4-a6aa-5abb2489a8e3",
                "skipped": false
              }
            ],
            "failures": [],
            "skipped": [],
            "hasTests": true,
            "hasSuites": false,
            "totalTests": 1,
            "totalPasses": 1,
            "totalFailures": 0,
            "totalPending": 0,
            "totalSkipped": 0,
            "hasPasses": true,
            "hasFailures": false,
            "hasPending": false,
            "hasSkipped": false,
            "duration": 0
          },
          {
            "title": "ACTION: ADD_UNIT",
            "suites": [],
            "tests": [
              {
                "title": "Should add a unit correctly to the start of an array",
                "fullTitle": "REDUCER: CourseStructure ACTION: ADD_UNIT Should add a unit correctly to the start of an array",
                "timedOut": false,
                "duration": 10,
                "state": "passed",
                "speed": "fast",
                "pass": true,
                "fail": false,
                "pending": false,
[...]
    {
      "title": "Should handle the initiation of a course snapshot upload correctly",
      "fullTitle": "ACTION: UPLOAD_COURSE_SNAPSHOT_PENDING Should handle the initiation of a course snapshot upload correctly",
      "timedOut": false,
      "duration": 1,
      "state": "passed",
      "speed": "fast",
      "pass": true,
      "fail": false,
      "pending": false,
      "code": "var stateBefore = {\n    testParam1: 1,\n    testParam2: \"test\",\n    courseSnapshotUploading: false,\n    courseSnapshotUploadError: true,\n    courseSnapShotUploadData: null\n};\nvar action = {\n    type: \"UPLOAD_COURSE_SNAPSHOT_PENDING\"\n};\nvar stateAfter = {\n    testParam1: 1,\n    testParam2: \"test\",\n    courseSnapshotUploading: true,\n    courseSnapshotUploadError: false,\n    courseSnapShotUploadData: null\n};\ntest(stateBefore, action, stateAfter);",
      "err": {},
      "isRoot": false,
      "uuid": "f35f34cd-aa10-49d9-bf55-431f8f84f191",
      "parentUUID": "742fb4fc-979b-45e3-b7e8-da8cbbaf8e67",
      "skipped": false
    },
    {
      "title": "Should handle the successful upload of a course snapshot correctly",
      "fullTitle": "ACTION: UPLOAD_COURSE_SNAPSHOT_FULFILLED Should handle the successful upload of a course snapshot correctly",
      "timedOut": false,
      "duration": 0,
      "state": "passed",
      "speed": "fast",
      "pass": true,
      "fail": false,
      "pending": false,
      "code": "var stateBefore = {\n    testParam1: 1,\n    testParam2: \"test\",\n    courseSnapshotUploading: true,\n    courseSnapshotUploadError: false,\n    courseSnapShotUploadData: null\n};\nvar action = {\n    type: \"UPLOAD_COURSE_SNAPSHOT_FULFILLED\",\n    payload: { data: \"upload string\" }\n};\nvar stateAfter = {\n    testParam1: 1,\n    testParam2: \"test\",\n    courseSnapshotUploading: false,\n    courseSnapshotUploadError: false,\n    courseSnapShotUploadData: \"upload string\"\n};\ntest(stateBefore, action, stateAfter);",
      "err": {},
      "isRoot": false,
      "uuid": "976034ff-8bab-4fe9-9fa9-23ff4a644ef9",
      "parentUUID": "36319530-6f57-43fb-9dda-89a6731294bd",
      "skipped": false
    },
    {
      "title": "Should do handle the rejected upload of a course snapshot correctly",
      "fullTitle": "ACTION: UPLOAD_COURSE_SNAPSHOT_REJECTED Should do handle the rejected upload of a course snapshot correctly",
      "timedOut": false,
      "duration": 0,
      "state": "passed",
      "speed": "fast",
      "pass": true,
      "fail": false,
      "pending": false,
      "code": "var stateBefore = {\n    testParam1: 1,\n    testParam2: \"test\",\n    courseSnapshotUploading: true,\n    courseSnapshotUploadError: false,\n    courseSnapShotUploadData: null\n};\nvar action = {\n    type: \"UPLOAD_COURSE_SNAPSHOT_REJECTED\"\n};\nvar stateAfter = {\n    testParam1: 1,\n    testParam2: \"test\",\n    courseSnapshotUploading: false,\n    courseSnapshotUploadError: true,\n    courseSnapShotUploadData: null\n};\ntest(stateBefore, action, stateAfter);",
      "err": {},
      "isRoot": false,
      "uuid": "8170a653-97dd-43c9-8e6e-3b47e3d3771e",
      "parentUUID": "cb8a4b68-307d-4908-bd52-acf7f756487f",
      "skipped": false
    },
    {
      "title": "Should begin fetching a course snapshot correctly",
      "fullTitle": "ACTION: FETCH_COURSE_SNAPSHOT_PENDING Should begin fetching a course snapshot correctly",
      "timedOut": false,
      "duration": 0,
      "state": "passed",
      "speed": "fast",
      "pass": true,
      "fail": false,
      "pending": false,
      "code": "var stateBefore = {\n    testParam1: 1,\n    testParam2: \"test\",\n    courseSnapshotLoading: false,\n    courseSnapshotLoadError: true,\n    courseSnapshotData: null\n};\nvar action = {\n    type: \"FETCH_COURSE_SNAPSHOT_PENDING\"\n};\nvar stateAfter = {\n    testParam1: 1,\n    testParam2: \"test\",\n    courseSnapshotLoading: true,\n    courseSnapshotLoadError: false,\n    courseSnapshotData: null\n};\ntest(stateBefore, action, stateAfter);",
      "err": {},
      "isRoot": false,
      "uuid": "98e26d57-49d1-402e-81d0-7646eafeb396",
      "parentUUID": "e44db1ac-06fb-4d5d-a963-7d23e0e056fa",
      "skipped": false
    },
    {
      "title": "Should handle a successful course snapshot fetch correctly",
      "fullTitle": "ACTION: FETCH_COURSE_SNAPSHOT_FULFILLED Should handle a successful course snapshot fetch correctly",
      "timedOut": false,
      "duration": 0,
      "state": "passed",
      "speed": "fast",
      "pass": true,
      "fail": false,
      "pending": false,
      "code": "var stateBefore = {\n    testParam1: 1,\n    testParam2: \"test\",\n    courseSnapshotLoading: true,\n    courseSnapshotLoadError: false,\n    courseSnapshotData: null\n};\nvar action = {\n    type: \"FETCH_COURSE_SNAPSHOT_FULFILLED\",\n    payload: { data: \"Snap data\" }\n};\nvar stateAfter = {\n    testParam1: 1,\n    testParam2: \"test\",\n    courseSnapshotLoading: false,\n    courseSnapshotLoadError: false,\n    courseSnapshotData: \"Snap data\"\n};\ntest(stateBefore, action, stateAfter);",
      "err": {},
      "isRoot": false,
      "uuid": "4ab09715-2f14-40e7-aab2-12b07f7a6584",
      "parentUUID": "b05d5978-8998-4b62-84a9-cc71a9c713b9",
      "skipped": false
    },
    {
      "title": "Should handle a rejected course snapshot fetch correctly",
      "fullTitle": "ACTION: FETCH_COURSE_SNAPSHOT_REJECTED Should handle a rejected course snapshot fetch correctly",
      "timedOut": false,
      "duration": 0,
      "state": "passed",
      "speed": "fast",
      "pass": true,
      "fail": false,
      "pending": false,
      "code": "var stateBefore = {\n    testParam1: 1,\n    testParam2: \"test\",\n    courseSnapshotLoading: true,\n    courseSnapshotLoadError: false,\n    courseSnapshotData: null\n};\nvar action = {\n    type: \"FETCH_COURSE_SNAPSHOT_REJECTED\"\n};\nvar stateAfter = {\n    testParam1: 1,\n    testParam2: \"test\",\n    courseSnapshotLoading: false,\n    courseSnapshotLoadError: true,\n    courseSnapshotData: null\n};\ntest(stateBefore, action, stateAfter);",
      "err": {},
      "isRoot": false,
      "uuid": "10a2ab14-a5ed-4d28-9e31-ce2e816507f5",
      "parentUUID": "44bfdba2-4923-4c3a-81aa-2836200bd110",
      "skipped": false
    },
    {
      "title": "should insert a notification from an empty list",
      "fullTitle": "ACTION: ADD_NOTIFICATION should insert a notification from an empty list",
      "timedOut": false,
      "duration": 4,
      "state": "passed",
      "speed": "fast",
      "pass": true,
      "fail": false,
      "pending": false,
      "code": "var stateBefore = {\n    notificationsList: []\n};\nvar action = {\n    type: \"ADD_NOTIFICATION\",\n    id: \"TEST_NOTIFICATION\",\n    title: \"This is a test\",\n    message: \"Some message goes over here\",\n    level: \"info\"\n};\nvar stateAfter = {\n    notificationsList: [{\n        id: \"TEST_NOTIFICATION\",\n        title: \"This is a test\",\n        message: \"Some message goes over here\",\n        level: \"info\",\n        dismissable: undefined,\n        autoDismiss: undefined\n    }]\n};\n(0, _deepFreeze2.default)(stateBefore);\n(0, _deepFreeze2.default)(action);\n(0, _expect2.default)((0, _Notifications2.default)(stateBefore, action)).toEqual(stateAfter);",
      "err": {},
      "isRoot": false,
      "uuid": "74e84296-1e8b-43df-a044-93219e8563c5",
      "parentUUID": "08c108e9-cc14-441c-9ecc-f18ef78ed128",
      "skipped": false
    },
    {
      "title": "should prepend a notification into an list of a few existing notifications.",
      "fullTitle": "ACTION: ADD_NOTIFICATION should prepend a notification into an list of a few existing notifications.",
      "timedOut": false,
      "duration": 8,
      "state": "passed",
      "speed": "fast",
      "pass": true,
      "fail": false,
      "pending": false,
      "code": "var stateBefore = {\n    notificationsList: [{\n        id: \"GENERIC_ERROR\",\n        title: \"Error\",\n        message: \"Something went wrong. Please try again later.\",\n        level: \"error\",\n        dismissable: true,\n        autoDismiss: undefined\n    }, {\n        id: \"CONNECTION_LOST\",\n        title: \"Lost connection\",\n        message: \"Please check your connection. This notification will go away once you go online.\",\n        level: \"warning\",\n        dismissable: false,\n        autoDismiss: undefined\n    }]\n};\nvar action = {\n    type: \"ADD_NOTIFICATION\",\n    id: \"TEST_NOTIFICATION\",\n    title: \"This is a test\",\n    message: \"Some message goes over here\",\n    level: \"info\"\n};\nvar stateAfter = {\n    notificationsList: [{\n        id: \"TEST_NOTIFICATION\",\n        title: \"This is a test\",\n        message: \"Some message goes over here\",\n        level: \"info\",\n        dismissable: undefined,\n        autoDismiss: undefined\n    }, {\n        id: \"GENERIC_ERROR\",\n        title: \"Error\",\n        message: \"Something went wrong. Please try again later.\",\n        level: \"error\",\n        dismissable: true,\n        autoDismiss: undefined\n    }, {\n        id: \"CONNECTION_LOST\",\n        title: \"Lost connection\",\n        message: \"Please check your connection. This notification will go away once you go online.\",\n        level: \"warning\",\n        dismissable: false,\n        autoDismiss: undefined\n    }]\n};\n(0, _deepFreeze2.default)(stateBefore);\n(0, _deepFreeze2.default)(action);\n(0, _expect2.default)((0, _Notifications2.default)(stateBefore, action)).toEqual(stateAfter);",
      "err": {},
      "isRoot": false,
      "uuid": "0368d00e-2f1d-4964-a8d7-4140101d30e1",
      "parentUUID": "08c108e9-cc14-441c-9ecc-f18ef78ed128",
      "skipped": false
    },
    {
      "title": "Should remove a notification given its ID",
      "fullTitle": "ACTION: REMOVE_NOTIFICATION Should remove a notification given its ID",
      "timedOut": false,
      "duration": 1,
      "state": "passed",
      "speed": "fast",
      "pass": true,
      "fail": false,
      "pending": false,
      "code": "var stateBefore = {\n    notificationsList: [{\n        id: \"TEST_NOTIFICATION\",\n        title: \"This is a test\",\n        message: \"Some message goes over here\",\n        level: \"info\",\n        dismissable: undefined,\n        autoDismiss: undefined\n    }, {\n        id: \"GENERIC_ERROR\",\n        title: \"Error\",\n        message: \"Something went wrong. Please try again later.\",\n        level: \"error\",\n        dismissable: true,\n        autoDismiss: undefined\n    }, {\n        id: \"CONNECTION_LOST\",\n        title: \"Lost connection\",\n        message: \"Please check your connection. This notification will go away once you go online.\",\n        level: \"warning\",\n        dismissable: false,\n        autoDismiss: undefined\n    }]\n};\nvar action = {\n    type: \"REMOVE_NOTIFICATION\",\n    id: \"CONNECTION_LOST\"\n};\nvar stateAfter = {\n    notificationsList: [{\n        id: \"TEST_NOTIFICATION\",\n        title: \"This is a test\",\n        message: \"Some message goes over here\",\n        level: \"info\",\n        dismissable: undefined,\n        autoDismiss: undefined\n    }, {\n        id: \"GENERIC_ERROR\",\n        title: \"Error\",\n        message: \"Something went wrong. Please try again later.\",\n        level: \"error\",\n        dismissable: true,\n        autoDismiss: undefined\n    }]\n};\n(0, _deepFreeze2.default)(stateBefore);\n(0, _deepFreeze2.default)(action);\n(0, _expect2.default)((0, _Notifications2.default)(stateBefore, action)).toEqual(stateAfter);",
      "err": {},
      "isRoot": false,
      "uuid": "7180398a-085a-4afc-a085-9a6e4017a061",
      "parentUUID": "a4504279-e257-4fda-a672-28dccd07e385",
      "skipped": false
    },
    {
      "title": "Should correctly toggle the insert teaching period UI boolean",
      "fullTitle": "ACTION: SHOW_INSERT_TEACHING_PERIOD_UI Should correctly toggle the insert teaching period UI boolean",
      "timedOut": false,
      "duration": 1,
      "state": "passed",
      "speed": "fast",
      "pass": true,
      "fail": false,
      "pending": false,
      "code": "var stateBefore = {\n    showingInsertTeachingPeriodUI: false,\n    showMovingUnitUI: false,\n    showAddingUnitUI: false\n};\nvar action = {\n    type: \"SHOW_INSERT_TEACHING_PERIOD_UI\"\n};\nvar stateAfter = {\n    showingInsertTeachingPeriodUI: true,\n    showMovingUnitUI: false,\n    showAddingUnitUI: false\n};\n(0, _deepFreeze2.default)(stateBefore);\n(0, _deepFreeze2.default)(action);\n(0, _expect2.default)((0, _UI2.default)(stateBefore, action)).toEqual(stateAfter);",
      "err": {},
      "isRoot": false,
      "uuid": "053d5852-0104-4d01-989e-a48a04fe64fd",
      "parentUUID": "52543005-ed06-4cba-a370-4a3a8e39daac",
      "skipped": false
    },
    {
      "title": "Should correctly toggle the insert teaching period UI boolean",
      "fullTitle": "ACTION: HIDE_INSERT_TEACHING_PERIOD_UI Should correctly toggle the insert teaching period UI boolean",
      "timedOut": false,
      "duration": 0,
      "state": "passed",
      "speed": "fast",
      "pass": true,
      "fail": false,
      "pending": false,
      "code": "var stateBefore = {\n    showingInsertTeachingPeriodUI: true,\n    showMovingUnitUI: false,\n    showAddingUnitUI: false\n};\nvar action = {\n    type: \"HIDE_INSERT_TEACHING_PERIOD_UI\"\n};\nvar stateAfter = {\n    showingInsertTeachingPeriodUI: false,\n    showMovingUnitUI: false,\n    showAddingUnitUI: false\n};\n(0, _deepFreeze2.default)(stateBefore);\n(0, _deepFreeze2.default)(action);\n(0, _expect2.default)((0, _UI2.default)(stateBefore, action)).toEqual(stateAfter);",
      "err": {},
      "isRoot": false,
      "uuid": "137fea7b-26f0-4b0c-b22b-a4c4f472e9ac",
      "parentUUID": "1522f5e2-5005-4490-8ad3-6f01dd26cf52",
      "skipped": false
    },
    {
      "title": "Should correctly toggle the add unit UI boolean",
      "fullTitle": "ACTION: SHOW_ADD_UNIT_UI Should correctly toggle the add unit UI boolean",
      "timedOut": false,
      "duration": 1,
      "state": "passed",
      "speed": "fast",
      "pass": true,
      "fail": false,
      "pending": false,
      "code": "var stateBefore = {\n    showingInsertTeachingPeriodUI: false,\n    showMovingUnitUI: false,\n    showAddingUnitUI: false\n};\nvar action = {\n    type: \"SHOW_ADD_UNIT_UI\"\n};\nvar stateAfter = {\n    showingInsertTeachingPeriodUI: false,\n    showMovingUnitUI: false,\n    showAddingUnitUI: true\n};\n(0, _deepFreeze2.default)(stateBefore);\n(0, _deepFreeze2.default)(action);\n(0, _expect2.default)((0, _UI2.default)(stateBefore, action)).toEqual(stateAfter);",
      "err": {},
      "isRoot": false,
      "uuid": "52e34dab-4301-4ea6-a37d-84caaccdfa17",
      "parentUUID": "6e51d546-1340-431e-bc2a-4a83a0a14103",
      "skipped": false
    },
    {
      "title": "Should correctly toggle the add unit UI boolean",
      "fullTitle": "ACTION: HIDE_ADD_UNIT_UI Should correctly toggle the add unit UI boolean",
      "timedOut": false,
      "duration": 1,
      "state": "passed",
      "speed": "fast",
      "pass": true,
      "fail": false,
      "pending": false,
      "code": "var stateBefore = {\n    showingInsertTeachingPeriodUI: false,\n    showMovingUnitUI: false,\n    showAddingUnitUI: true\n};\nvar action = {\n    type: \"HIDE_ADD_UNIT_UI\"\n};\nvar stateAfter = {\n    showingInsertTeachingPeriodUI: false,\n    showMovingUnitUI: false,\n    showAddingUnitUI: false\n};\n(0, _deepFreeze2.default)(stateBefore);\n(0, _deepFreeze2.default)(action);\n(0, _expect2.default)((0, _UI2.default)(stateBefore, action)).toEqual(stateAfter);",
      "err": {},
      "isRoot": false,
      "uuid": "f455e010-6887-409b-acfb-5b5bee8ade79",
      "parentUUID": "b8d2b44c-1bdc-4710-a9d7-528dc21b47e9",
      "skipped": false
    },
    {
      "title": "Should correctly toggle the move unit UI boolean",
      "fullTitle": "ACTION: SHOW_MOVE_UNIT_UI Should correctly toggle the move unit UI boolean",
      "timedOut": false,
      "duration": 0,
      "state": "passed",
      "speed": "fast",
      "pass": true,
      "fail": false,
      "pending": false,
      "code": "var stateBefore = {\n    showingInsertTeachingPeriodUI: false,\n    showMovingUnitUI: false,\n    showAddingUnitUI: false\n};\nvar action = {\n    type: \"SHOW_MOVE_UNIT_UI\"\n};\nvar stateAfter = {\n    showingInsertTeachingPeriodUI: false,\n    showMovingUnitUI: true,\n    showAddingUnitUI: false\n};\n(0, _deepFreeze2.default)(stateBefore);\n(0, _deepFreeze2.default)(action);\n(0, _expect2.default)((0, _UI2.default)(stateBefore, action)).toEqual(stateAfter);",
      "err": {},
      "isRoot": false,
      "uuid": "8ac6f30f-d69e-4fc6-8754-a2ab6cf754db",
      "parentUUID": "2256e87b-42cc-4224-8084-069950fad62d",
      "skipped": false
    },
    {
      "title": "Should correctly toggle the move unit UI boolean",
      "fullTitle": "ACTION: HIDE_MOVE_UNIT_UI Should correctly toggle the move unit UI boolean",
      "timedOut": false,
      "duration": 0,
      "state": "passed",
      "speed": "fast",
      "pass": true,
      "fail": false,
      "pending": false,
      "code": "var stateBefore = {\n    showingInsertTeachingPeriodUI: false,\n    showMovingUnitUI: true,\n    showAddingUnitUI: false\n};\nvar action = {\n    type: \"HIDE_MOVE_UNIT_UI\"\n};\nvar stateAfter = {\n    showingInsertTeachingPeriodUI: false,\n    showMovingUnitUI: false,\n    showAddingUnitUI: false\n};\n(0, _deepFreeze2.default)(stateBefore);\n(0, _deepFreeze2.default)(action);\n(0, _expect2.default)((0, _UI2.default)(stateBefore, action)).toEqual(stateAfter);",
      "err": {},
      "isRoot": false,
      "uuid": "3243d420-0d91-4432-b2d4-89d7ab1bf28e",
      "parentUUID": "ff7f1716-ce71-4f71-8912-e11d94ae41c0",
      "skipped": false
    },
    {
      "title": "Should set the course to read only correctly",
      "fullTitle": "ACTION: SET_COURSE_READ_ONLY Should set the course to read only correctly",
      "timedOut": false,
      "duration": 0,
      "state": "passed",
      "speed": "fast",
      "pass": true,
      "fail": false,
      "pending": false,
      "code": "var stateBefore = {\n    showingInsertTeachingPeriodUI: false,\n    showMovingUnitUI: false,\n    showAddingUnitUI: false,\n    readOnly: false\n};\nvar action = {\n    type: \"SET_COURSE_READ_ONLY\"\n};\nvar stateAfter = {\n    showingInsertTeachingPeriodUI: false,\n    showMovingUnitUI: false,\n    showAddingUnitUI: false,\n    readOnly: true\n};\n(0, _deepFreeze2.default)(stateBefore);\n(0, _deepFreeze2.default)(action);\n(0, _expect2.default)((0, _UI2.default)(stateBefore, action)).toEqual(stateAfter);",
      "err": {},
      "isRoot": false,
      "uuid": "d6f95737-1475-4818-91e0-cf1d425dd918",
      "parentUUID": "56c4078b-8669-4525-9a0e-671908941dc3",
      "skipped": false
    },
    {
      "title": "Should set the course to allow edits correctly",
      "fullTitle": "ACTION: SET_COURSE_READ_AND_WRITE Should set the course to allow edits correctly",
      "timedOut": false,
      "duration": 0,
      "state": "passed",
      "speed": "fast",
      "pass": true,
      "fail": false,
      "pending": false,
      "code": "var stateBefore = {\n    showingInsertTeachingPeriodUI: false,\n    showMovingUnitUI: false,\n    showAddingUnitUI: false,\n    readOnly: true\n};\nvar action = {\n    type: \"SET_COURSE_READ_AND_WRITE\"\n};\nvar stateAfter = {\n    showingInsertTeachingPeriodUI: false,\n    showMovingUnitUI: false,\n    showAddingUnitUI: false,\n    readOnly: false\n};\n(0, _deepFreeze2.default)(stateBefore);\n(0, _deepFreeze2.default)(action);\n(0, _expect2.default)((0, _UI2.default)(stateBefore, action)).toEqual(stateAfter);",
      "err": {},
      "isRoot": false,
      "uuid": "19f1cb52-7365-43db-b5cc-a2b0e4fb7ec1",
      "parentUUID": "2f2de65a-96e5-4421-bb17-e544b41ed9ca",
      "skipped": false
    }
  ],
  "allFailures": [],
  "copyrightYear": 2017
}