{
  "stats": {
    "suites": 29,
    "tests": 43,
    "passes": 43,
    "pending": 0,
    "failures": 0,
    "start": "2017-02-02T03:27:09.997Z",
    "end": "2017-02-02T03:27:11.115Z",
    "duration": 1118,
    "testsRegistered": 43,
    "passPercent": 100,
    "pendingPercent": 0,
    "other": 0,
    "hasOther": false,
    "skipped": 0,
    "hasSkipped": false,
    "passPercentClass": "success",
    "pendingPercentClass": "danger"
  },
  "suites": {
    "title": "",
    "suites": [
      {
        "title": "COMPONENT: SetuRating",
        "suites": [],
        "tests": [
          {
            "title": "should render two ratings",
            "fullTitle": "COMPONENT: SetuRating should render two ratings",
            "timedOut": false,
            "duration": 162,
            "state": "passed",
            "speed": "slow",
            "pass": true,
            "fail": false,
            "pending": false,
            "code": "expect((0, _enzyme.mount)(_react2.default.createElement(_SetuRating2.default, null)).find(\".rating\")).to.have.length(2);",
            "err": {},
            "isRoot": false,
            "uuid": "2167b6e8-90c3-4e45-b4a5-33e57335a6f1",
            "parentUUID": "4b3d0c12-0170-4de5-8189-c309c9e55378",
            "skipped": false
          },
          {
            "title": "should render a book if learning ratings is >=2.5",
            "fullTitle": "COMPONENT: SetuRating should render a book if learning ratings is >=2.5",
            "timedOut": false,
            "duration": 130,
            "state": "passed",
            "speed": "slow",
            "pass": true,
            "fail": false,
            "pending": false,
            "code": "expect((0, _enzyme.mount)(_react2.default.createElement(_SetuRating2.default, { starRating: 4.13 })).find(\".book\")).to.have.length(1);\nexpect((0, _enzyme.mount)(_react2.default.createElement(_SetuRating2.default, { starRating: 2.50 })).find(\".book\")).to.have.length(1);",
            "err": {},
            "isRoot": false,
            "uuid": "a5ccd742-e5f9-4c33-ae40-69f633853465",
            "parentUUID": "4b3d0c12-0170-4de5-8189-c309c9e55378",
            "skipped": false
          },
          {
            "title": "should render a remove circle if learning ratings is <2.5",
            "fullTitle": "COMPONENT: SetuRating should render a remove circle if learning ratings is <2.5",
            "timedOut": false,
            "duration": 138,
            "state": "passed",
            "speed": "slow",
            "pass": true,
            "fail": false,
            "pending": false,
            "code": "expect((0, _enzyme.mount)(_react2.default.createElement(_SetuRating2.default, { starRating: 1.51 })).find(\".remove.circle\")).to.have.length(1);\nexpect((0, _enzyme.mount)(_react2.default.createElement(_SetuRating2.default, { starRating: 2.49 })).find(\".remove.circle\")).to.have.length(1);",
            "err": {},
            "isRoot": false,
            "uuid": "857216e2-f920-490d-a2a5-c399b0e050cf",
            "parentUUID": "4b3d0c12-0170-4de5-8189-c309c9e55378",
            "skipped": false
          },
          {
            "title": "should render a thumbs up if enjoyment ratings is >=2.5",
            "fullTitle": "COMPONENT: SetuRating should render a thumbs up if enjoyment ratings is >=2.5",
            "timedOut": false,
            "duration": 115,
            "state": "passed",
            "speed": "slow",
            "pass": true,
            "fail": false,
            "pending": false,
            "code": "expect((0, _enzyme.mount)(_react2.default.createElement(_SetuRating2.default, { heartRating: 4.13 })).find(\".thumbs.up\")).to.have.length(1);\nexpect((0, _enzyme.mount)(_react2.default.createElement(_SetuRating2.default, { heartRating: 2.50 })).find(\".thumbs.up\")).to.have.length(1);",
            "err": {},
            "isRoot": false,
            "uuid": "f4207c7a-09aa-4572-a284-9bc44ff86e97",
            "parentUUID": "4b3d0c12-0170-4de5-8189-c309c9e55378",
            "skipped": false
          },
          {
            "title": "should render a thumbs down if enjoyment ratings is <2.5",
            "fullTitle": "COMPONENT: SetuRating should render a thumbs down if enjoyment ratings is <2.5",
            "timedOut": false,
            "duration": 94,
            "state": "passed",
            "speed": "slow",
            "pass": true,
            "fail": false,
            "pending": false,
            "code": "expect((0, _enzyme.mount)(_react2.default.createElement(_SetuRating2.default, { heartRating: 1.51 })).find(\".thumbs.down\")).to.have.length(1);\nexpect((0, _enzyme.mount)(_react2.default.createElement(_SetuRating2.default, { heartRating: 2.49 })).find(\".thumbs.down\")).to.have.length(1);",
            "err": {},
            "isRoot": false,
            "uuid": "4c033396-4fc3-4bc1-ae32-34c1bddf21fb",
            "parentUUID": "4b3d0c12-0170-4de5-8189-c309c9e55378",
            "skipped": false
          }
        ],
        "pending": [],
        "root": false,
        "_timeout": 2000,
        "file": "/test/components/Unit/SetuRating.spec.jsx",
        "uuid": "4b3d0c12-0170-4de5-8189-c309c9e55378",
        "fullFile": "/home/staff01/Documents/monPlanR/test/components/Unit/SetuRating.spec.jsx",
        "passes": [
          {
            "title": "should render two ratings",
            "fullTitle": "COMPONENT: SetuRating should render two ratings",
            "timedOut": false,
            "duration": 162,
            "state": "passed",
            "speed": "slow",
            "pass": true,
            "fail": false,
            "pending": false,
            "code": "expect((0, _enzyme.mount)(_react2.default.createElement(_SetuRating2.default, null)).find(\".rating\")).to.have.length(2);",
            "err": {},
            "isRoot": false,
            "uuid": "2167b6e8-90c3-4e45-b4a5-33e57335a6f1",
            "parentUUID": "4b3d0c12-0170-4de5-8189-c309c9e55378",
            "skipped": false
          },
          {
            "title": "should render a book if learning ratings is >=2.5",
            "fullTitle": "COMPONENT: SetuRating should render a book if learning ratings is >=2.5",
            "timedOut": false,
            "duration": 130,
            "state": "passed",
            "speed": "slow",
            "pass": true,
            "fail": false,
            "pending": false,
            "code": "expect((0, _enzyme.mount)(_react2.default.createElement(_SetuRating2.default, { starRating: 4.13 })).find(\".book\")).to.have.length(1);\nexpect((0, _enzyme.mount)(_react2.default.createElement(_SetuRating2.default, { starRating: 2.50 })).find(\".book\")).to.have.length(1);",
            "err": {},
            "isRoot": false,
            "uuid": "a5ccd742-e5f9-4c33-ae40-69f633853465",
            "parentUUID": "4b3d0c12-0170-4de5-8189-c309c9e55378",
            "skipped": false
          },
          {
            "title": "should render a remove circle if learning ratings is <2.5",
            "fullTitle": "COMPONENT: SetuRating should render a remove circle if learning ratings is <2.5",
            "timedOut": false,
            "duration": 138,
            "state": "passed",
            "speed": "slow",
            "pass": true,
            "fail": false,
            "pending": false,
            "code": "expect((0, _enzyme.mount)(_react2.default.createElement(_SetuRating2.default, { starRating: 1.51 })).find(\".remove.circle\")).to.have.length(1);\nexpect((0, _enzyme.mount)(_react2.default.createElement(_SetuRating2.default, { starRating: 2.49 })).find(\".remove.circle\")).to.have.length(1);",
            "err": {},
            "isRoot": false,
            "uuid": "857216e2-f920-490d-a2a5-c399b0e050cf",
            "parentUUID": "4b3d0c12-0170-4de5-8189-c309c9e55378",
            "skipped": false
          },
          {
            "title": "should render a thumbs up if enjoyment ratings is >=2.5",
            "fullTitle": "COMPONENT: SetuRating should render a thumbs up if enjoyment ratings is >=2.5",
            "timedOut": false,
            "duration": 115,
            "state": "passed",
            "speed": "slow",
            "pass": true,
            "fail": false,
            "pending": false,
            "code": "expect((0, _enzyme.mount)(_react2.default.createElement(_SetuRating2.default, { heartRating: 4.13 })).find(\".thumbs.up\")).to.have.length(1);\nexpect((0, _enzyme.mount)(_react2.default.createElement(_SetuRating2.default, { heartRating: 2.50 })).find(\".thumbs.up\")).to.have.length(1);",
            "err": {},
            "isRoot": false,
            "uuid": "f4207c7a-09aa-4572-a284-9bc44ff86e97",
            "parentUUID": "4b3d0c12-0170-4de5-8189-c309c9e55378",
            "skipped": false
          },
          {
            "title": "should render a thumbs down if enjoyment ratings is <2.5",
            "fullTitle": "COMPONENT: SetuRating should render a thumbs down if enjoyment ratings is <2.5",
            "timedOut": false,
            "duration": 94,
            "state": "passed",
            "speed": "slow",
            "pass": true,
            "fail": false,
            "pending": false,
            "code": "expect((0, _enzyme.mount)(_react2.default.createElement(_SetuRating2.default, { heartRating: 1.51 })).find(\".thumbs.down\")).to.have.length(1);\nexpect((0, _enzyme.mount)(_react2.default.createElement(_SetuRating2.default, { heartRating: 2.49 })).find(\".thumbs.down\")).to.have.length(1);",
            "err": {},
            "isRoot": false,
            "uuid": "4c033396-4fc3-4bc1-ae32-34c1bddf21fb",
            "parentUUID": "4b3d0c12-0170-4de5-8189-c309c9e55378",
            "skipped": false
          }
        ],
        "failures": [],
        "skipped": [],
        "hasTests": true,
        "hasSuites": false,
        "totalTests": 5,
        "totalPasses": 5,
        "totalFailures": 0,
        "totalPending": 0,
        "totalSkipped": 0,
        "hasPasses": true,
        "hasFailures": false,
        "hasPending": false,
        "hasSkipped": false,
        "duration": 639
      },
      {
        "title": "COMPONENT: Unit",
        "suites": [],
        "tests": [
          {
            "title": "should only render a unit code and a unit name",
            "fullTitle": "COMPONENT: Unit should only render a unit code and a unit name",
            "timedOut": false,
            "duration": 99,
            "state": "passed",
            "speed": "slow",
            "pass": true,
            "fail": false,
            "pending": false,
            "code": "var unitCode = \"ABC1234\";\nvar unitName = \"Example unit\";\nvar wrapper = (0, _enzyme.mount)(_react2.default.createElement(_Unit.Unit, {\n    code: unitCode,\n    name: unitName,\n    connectDragSource: identity,\n    connectDropTarget: identity }));\nexpect(wrapper.find(\".header\").text().trim()).to.equal(unitCode);\nexpect(wrapper.find(\".message\").text().replace(unitCode, \"\").trim()).to.equal(unitName);",
            "err": {},
            "isRoot": false,
            "uuid": "73279318-d184-4f12-8199-0debe8534413",
            "parentUUID": "30c597cc-7a3d-454f-b32c-3ee8644d5f3e",
            "skipped": false
          },
          {
            "title": "should render a close button only when mouse is over the unit",
            "fullTitle": "COMPONENT: Unit should render a close button only when mouse is over the unit",
            "timedOut": false,
            "duration": 145,
            "state": "passed",
            "speed": "slow",
            "pass": true,
            "fail": false,
            "pending": false,
            "code": "var wrapper = (0, _enzyme.mount)(_react2.default.createElement(_Unit.Unit, {\n    code: \"ABC1234\",\n    name: \"Example unit\",\n    connectDragSource: identity,\n    connectDropTarget: identity }));\nwrapper.simulate(\"mouseout\");\nwrapper.simulate(\"mouseleave\");\nexpect(wrapper.find(\".buttons\")).to.have.length(1);\nexpect(wrapper.find(\".buttons\")).to.have.style(\"visibility\", \"hidden\");\nwrapper.simulate(\"mouseover\");\nwrapper.simulate(\"mouseenter\");\nexpect(wrapper.find(\".buttons\")).to.have.length(1);\nexpect(wrapper.find(\".buttons\")).to.have.style(\"visibility\", \"visible\");\nwrapper.simulate(\"mouseout\");\nwrapper.simulate(\"mouseleave\");\nexpect(wrapper.find(\".buttons\")).to.have.length(1);\nexpect(wrapper.find(\".buttons\")).to.have.style(\"visibility\", \"hidden\");",
            "err": {},
            "isRoot": false,
            "uuid": "95062ec1-baca-4fab-ba4f-b1e180e245eb",
            "parentUUID": "30c597cc-7a3d-454f-b32c-3ee8644d5f3e",
            "skipped": false
          }
        ],
        "pending": [],
        "root": false,
        "_timeout": 2000,
        "file": "/test/components/Unit/Unit.spec.jsx",
        "uuid": "30c597cc-7a3d-454f-b32c-3ee8644d5f3e",
        "fullFile": "/home/staff01/Documents/monPlanR/test/components/Unit/Unit.spec.jsx",
        "passes": [
          {
            "title": "should only render a unit code and a unit name",
            "fullTitle": "COMPONENT: Unit should only render a unit code and a unit name",
            "timedOut": false,
            "duration": 99,
            "state": "passed",
            "speed": "slow",
            "pass": true,
            "fail": false,
            "pending": false,
            "code": "var unitCode = \"ABC1234\";\nvar unitName = \"Example unit\";\nvar wrapper = (0, _enzyme.mount)(_react2.default.createElement(_Unit.Unit, {\n    code: unitCode,\n    name: unitName,\n    connectDragSource: identity,\n    connectDropTarget: identity }));\nexpect(wrapper.find(\".header\").text().trim()).to.equal(unitCode);\nexpect(wrapper.find(\".message\").text().replace(unitCode, \"\").trim()).to.equal(unitName);",
            "err": {},
            "isRoot": false,
            "uuid": "73279318-d184-4f12-8199-0debe8534413",
            "parentUUID": "30c597cc-7a3d-454f-b32c-3ee8644d5f3e",
            "skipped": false
          },
          {
            "title": "should render a close button only when mouse is over the unit",
            "fullTitle": "COMPONENT: Unit should render a close button only when mouse is over the unit",
            "timedOut": false,
            "duration": 145,
            "state": "passed",
            "speed": "slow",
            "pass": true,
            "fail": false,
            "pending": false,
            "code": "var wrapper = (0, _enzyme.mount)(_react2.default.createElement(_Unit.Unit, {\n    code: \"ABC1234\",\n    name: \"Example unit\",\n    connectDragSource: identity,\n    connectDropTarget: identity }));\nwrapper.simulate(\"mouseout\");\nwrapper.simulate(\"mouseleave\");\nexpect(wrapper.find(\".buttons\")).to.have.length(1);\nexpect(wrapper.find(\".buttons\")).to.have.style(\"visibility\", \"hidden\");\nwrapper.simulate(\"mouseover\");\nwrapper.simulate(\"mouseenter\");\nexpect(wrapper.find(\".buttons\")).to.have.length(1);\nexpect(wrapper.find(\".buttons\")).to.have.style(\"visibility\", \"visible\");\nwrapper.simulate(\"mouseout\");\nwrapper.simulate(\"mouseleave\");\nexpect(wrapper.find(\".buttons\")).to.have.length(1);\nexpect(wrapper.find(\".buttons\")).to.have.style(\"visibility\", \"hidden\");",
            "err": {},
            "isRoot": false,
            "uuid": "95062ec1-baca-4fab-ba4f-b1e180e245eb",
            "parentUUID": "30c597cc-7a3d-454f-b32c-3ee8644d5f3e",
            "skipped": false
          }
        ],
        "failures": [],
        "skipped": [],
        "hasTests": true,
        "hasSuites": false,
        "totalTests": 2,
        "totalPasses": 2,
        "totalFailures": 0,
        "totalPending": 0,
        "totalSkipped": 0,
        "hasPasses": true,
        "hasFailures": false,
        "hasPending": false,
        "hasSkipped": false,
        "duration": 244
      },
      {
        "title": "REDUCER: Counter",
        "suites": [
          {
            "title": "ACTION: INCREMENT_CREDIT_POINTS",
            "suites": [],
            "tests": [
              {
                "title": "Should increment the credit point state by a given value",
                "fullTitle": "REDUCER: Counter ACTION: INCREMENT_CREDIT_POINTS Should increment the credit point state by a given value",
                "timedOut": false,
                "duration": 2,
                "state": "passed",
                "speed": "fast",
                "pass": true,
                "fail": false,
                "pending": false,
                "code": "var stateBefore = { cost: 2, creditPoints: 0 };\nvar action = {\n    type: \"INCREMENT_CREDIT_POINTS\",\n    value: 1\n};\nvar stateAfter = {\n    cost: 2,\n    creditPoints: 1\n};\n(0, _deepFreeze2.default)(stateBefore);\n(0, _deepFreeze2.default)(action);\n(0, _expect2.default)((0, _Counter2.default)(stateBefore, action)).toEqual(stateAfter);",
                "err": {},
                "isRoot": false,
                "uuid": "9cb38e8e-418f-4c77-9939-6751f690b7a3",
                "parentUUID": "28f0b62f-bc01-4928-b0f8-abaa1432eee4",
                "skipped": false
              }
            ],
            "pending": [],
            "root": false,
            "_timeout": 2000,
            "file": "/test/reducers/Counter.spec.js",
            "uuid": "28f0b62f-bc01-4928-b0f8-abaa1432eee4",
            "fullFile": "/home/staff01/Documents/monPlanR/test/reducers/Counter.spec.js",
            "passes": [
              {
                "title": "Should increment the credit point state by a given value",
                "fullTitle": "REDUCER: Counter ACTION: INCREMENT_CREDIT_POINTS Should increment the credit point state by a given value",
                "timedOut": false,
                "duration": 2,
                "state": "passed",
                "speed": "fast",
                "pass": true,
                "fail": false,
                "pending": false,
                "code": "var stateBefore = { cost: 2, creditPoints: 0 };\nvar action = {\n    type: \"INCREMENT_CREDIT_POINTS\",\n    value: 1\n};\nvar stateAfter = {\n    cost: 2,\n    creditPoints: 1\n};\n(0, _deepFreeze2.default)(stateBefore);\n(0, _deepFreeze2.default)(action);\n(0, _expect2.default)((0, _Counter2.default)(stateBefore, action)).toEqual(stateAfter);",
                "err": {},
                "isRoot": false,
                "uuid": "9cb38e8e-418f-4c77-9939-6751f690b7a3",
                "parentUUID": "28f0b62f-bc01-4928-b0f8-abaa1432eee4",
                "skipped": false
              }
            ],
            "failures": [],
            "skipped": [],
            "hasTests": true,
            "hasSuites": false,
            "totalTests": 1,
            "totalPasses": 1,
            "totalFailures": 0,
            "totalPending": 0,
            "totalSkipped": 0,
            "hasPasses": true,
            "hasFailures": false,
            "hasPending": false,
            "hasSkipped": false,
            "duration": 2
          },
          {
            "title": "ACTION: DECREMENT_CREDIT_POINTS",
            "suites": [],
            "tests": [
              {
                "title": "Should decrement the credit point state by a given value",
                "fullTitle": "REDUCER: Counter ACTION: DECREMENT_CREDIT_POINTS Should decrement the credit point state by a given value",
                "timedOut": false,
                "duration": 1,
                "state": "passed",
                "speed": "fast",
                "pass": true,
                "fail": false,
                "pending": false,
                "code": "var stateBefore = { cost: 40, creditPoints: 50 };\nvar action = {\n    type: \"DECREMENT_CREDIT_POINTS\",\n    value: 10\n};\nvar stateAfter = {\n    cost: 40,\n    creditPoints: 40\n};\n(0, _deepFreeze2.default)(stateBefore);\n(0, _deepFreeze2.default)(action);\n(0, _expect2.default)((0, _Counter2.default)(stateBefore, action)).toEqual(stateAfter);",
                "err": {},
                "isRoot": false,
                "uuid": "91759b10-f3f8-4fb1-9cd6-19a51118356f",
                "parentUUID": "a0b9c870-8f66-4570-b04a-6d4c22a5a14d",
                "skipped": false
              },
              {
                "title": "Should decrement the credit point state to 0 if a value given is larger than the current credit point value",
                "fullTitle": "REDUCER: Counter ACTION: DECREMENT_CREDIT_POINTS Should decrement the credit point state to 0 if a value given is larger than the current credit point value",
                "timedOut": false,
                "duration": 0,
                "state": "passed",
                "speed": "fast",
                "pass": true,
                "fail": false,
                "pending": false,
                "code": "var stateBefore = { cost: 40, creditPoints: 50 };\nvar action = {\n    type: \"DECREMENT_CREDIT_POINTS\",\n    value: 51\n};\nvar stateAfter = {\n    cost: 40,\n    creditPoints: 0\n};\n(0, _deepFreeze2.default)(stateBefore);\n(0, _deepFreeze2.default)(action);\n(0, _expect2.default)((0, _Counter2.default)(stateBefore, action)).toEqual(stateAfter);",
                "err": {},
                "isRoot": false,
                "uuid": "ef01a233-8fa9-48a8-8588-f1141423c94e",
                "parentUUID": "a0b9c870-8f66-4570-b04a-6d4c22a5a14d",
                "skipped": false
              }
            ],
            "pending": [],
            "root": false,
            "_timeout": 2000,
            "file": "/test/reducers/Counter.spec.js",
            "uuid": "a0b9c870-8f66-4570-b04a-6d4c22a5a14d",
            "fullFile": "/home/staff01/Documents/monPlanR/test/reducers/Counter.spec.js",
            "passes": [
              {
                "title": "Should decrement the credit point state by a given value",
                "fullTitle": "REDUCER: Counter ACTION: DECREMENT_CREDIT_POINTS Should decrement the credit point state by a given value",
                "timedOut": false,
                "duration": 1,
                "state": "passed",
                "speed": "fast",
                "pass": true,
                "fail": false,
                "pending": false,
                "code": "var stateBefore = { cost: 40, creditPoints: 50 };\nvar action = {\n    type: \"DECREMENT_CREDIT_POINTS\",\n    value: 10\n};\nvar stateAfter = {\n    cost: 40,\n    creditPoints: 40\n};\n(0, _deepFreeze2.default)(stateBefore);\n(0, _deepFreeze2.default)(action);\n(0, _expect2.default)((0, _Counter2.default)(stateBefore, action)).toEqual(stateAfter);",
                "err": {},
                "isRoot": false,
                "uuid": "91759b10-f3f8-4fb1-9cd6-19a51118356f",
                "parentUUID": "a0b9c870-8f66-4570-b04a-6d4c22a5a14d",
                "skipped": false
              },
              {
                "title": "Should decrement the credit point state to 0 if a value given is larger than the current credit point value",
                "fullTitle": "REDUCER: Counter ACTION: DECREMENT_CREDIT_POINTS Should decrement the credit point state to 0 if a value given is larger than the current credit point value",
                "timedOut": false,
                "duration": 0,
                "state": "passed",
                "speed": "fast",
                "pass": true,
                "fail": false,
                "pending": false,
                "code": "var stateBefore = { cost: 40, creditPoints: 50 };\nvar action = {\n    type: \"DECREMENT_CREDIT_POINTS\",\n    value: 51\n};\nvar stateAfter = {\n    cost: 40,\n    creditPoints: 0\n};\n(0, _deepFreeze2.default)(stateBefore);\n(0, _deepFreeze2.default)(action);\n(0, _expect2.default)((0, _Counter2.default)(stateBefore, action)).toEqual(stateAfter);",
                "err": {},
                "isRoot": false,
                "uuid": "ef01a233-8fa9-48a8-8588-f1141423c94e",
                "parentUUID": "a0b9c870-8f66-4570-b04a-6d4c22a5a14d",
                "skipped": false
              }
            ],
            "failures": [],
            "skipped": [],
            "hasTests": true,
            "hasSuites": false,
            "totalTests": 2,
            "totalPasses": 2,
            "totalFailures": 0,
            "totalPending": 0,
            "totalSkipped": 0,
            "hasPasses": true,
            "hasFailures": false,
            "hasPending": false,
            "hasSkipped": false,
            "duration": 1
          },
          {
            "title": "ACTION: INCREMENT_COST",
            "suites": [],
            "tests": [
              {
                "title": "Should increment the cost state by a given value",
                "fullTitle": "REDUCER: Counter ACTION: INCREMENT_COST Should increment the cost state by a given value",
                "timedOut": false,
                "duration": 0,
                "state": "passed",
                "speed": "fast",
                "pass": true,
                "fail": false,
                "pending": false,
                "code": "var stateBefore = { cost: 20, creditPoints: 13 };\nvar action = {\n    type: \"INCREMENT_COST\",\n    value: 1\n};\nvar stateAfter = {\n    cost: 21,\n    creditPoints: 13\n};\n(0, _deepFreeze2.default)(stateBefore);\n(0, _deepFreeze2.default)(action);\n(0, _expect2.default)((0, _Counter2.default)(stateBefore, action)).toEqual(stateAfter);",
                "err": {},
                "isRoot": false,
                "uuid": "0f43be66-1393-46a7-b8cb-f275c8e6f20e",
                "parentUUID": "28c6be9a-fd6d-47c6-8c38-c896794eac61",
                "skipped": false
              }
            ],
            "pending": [],
            "root": false,
            "_timeout": 2000,
            "file": "/test/reducers/Counter.spec.js",
            "uuid": "28c6be9a-fd6d-47c6-8c38-c896794eac61",
            "fullFile": "/home/staff01/Documents/monPlanR/test/reducers/Counter.spec.js",
            "passes": [
              {
                "title": "Should increment the cost state by a given value",
                "fullTitle": "REDUCER: Counter ACTION: INCREMENT_COST Should increment the cost state by a given value",
                "timedOut": false,
                "duration": 0,
                "state": "passed",
                "speed": "fast",
                "pass": true,
                "fail": false,
                "pending": false,
                "code": "var stateBefore = { cost: 20, creditPoints: 13 };\nvar action = {\n    type: \"INCREMENT_COST\",\n    value: 1\n};\nvar stateAfter = {\n    cost: 21,\n    creditPoints: 13\n};\n(0, _deepFreeze2.default)(stateBefore);\n(0, _deepFreeze2.default)(action);\n(0, _expect2.default)((0, _Counter2.default)(stateBefore, action)).toEqual(stateAfter);",
                "err": {},
                "isRoot": false,
                "uuid": "0f43be66-1393-46a7-b8cb-f275c8e6f20e",
                "parentUUID": "28c6be9a-fd6d-47c6-8c38-c896794eac61",
                "skipped": false
              }
            ],
            "failures": [],
            "skipped": [],
            "hasTests": true,
            "hasSuites": false,
            "totalTests": 1,
            "totalPasses": 1,
            "totalFailures": 0,
            "totalPending": 0,
            "totalSkipped": 0,
            "hasPasses": true,
            "hasFailures": false,
            "hasPending": false,
            "hasSkipped": false,
            "duration": 0
          },
          {
            "title": "ACTION: DECREMENT_COST",
            "suites": [],
            "tests": [
              {
                "title": "Should decrement the cost state by a given value",
                "fullTitle": "REDUCER: Counter ACTION: DECREMENT_COST Should decrement the cost state by a given value",
                "timedOut": false,
                "duration": 0,
                "state": "passed",
                "speed": "fast",
                "pass": true,
                "fail": false,
                "pending": false,
                "code": "var stateBefore = { cost: 50, creditPoints: 40 };\nvar action = {\n    type: \"DECREMENT_COST\",\n    value: 10\n};\nvar stateAfter = {\n    cost: 40,\n    creditPoints: 40\n};\n(0, _deepFreeze2.default)(stateBefore);\n(0, _deepFreeze2.default)(action);\n(0, _expect2.default)((0, _Counter2.default)(stateBefore, action)).toEqual(stateAfter);",
                "err": {},
                "isRoot": false,
                "uuid": "d1cf1243-78ce-4239-a500-6629832d2210",
                "parentUUID": "05e953ce-8418-4867-820d-2bca4c06692e",
                "skipped": false
              },
              {
                "title": "Should decrement the cost state to 0 if a value given is larger than the current credit point value",
                "fullTitle": "REDUCER: Counter ACTION: DECREMENT_COST Should decrement the cost state to 0 if a value given is larger than the current credit point value",
                "timedOut": false,
                "duration": 0,
                "state": "passed",
                "speed": "fast",
                "pass": true,
                "fail": false,
                "pending": false,
                "code": "var stateBefore = { cost: 50, creditPoints: 40 };\nvar action = {\n    type: \"DECREMENT_COST\",\n    value: 51\n};\nvar stateAfter = {\n    cost: 0,\n    creditPoints: 40\n};\n(0, _deepFreeze2.default)(stateBefore);\n(0, _deepFreeze2.default)(action);\n(0, _expect2.default)((0, _Counter2.default)(stateBefore, action)).toEqual(stateAfter);",
                "err": {},
                "isRoot": false,
                "uuid": "aef77ab3-eeba-49ac-9f3c-77231d8bee75",
                "parentUUID": "05e953ce-8418-4867-820d-2bca4c06692e",
                "skipped": false
              }
            ],
            "pending": [],
            "root": false,
            "_timeout": 2000,
            "file": "/test/reducers/Counter.spec.js",
            "uuid": "05e953ce-8418-4867-820d-2bca4c06692e",
            "fullFile": "/home/staff01/Documents/monPlanR/test/reducers/Counter.spec.js",
            "passes": [
              {
                "title": "Should decrement the cost state by a given value",
                "fullTitle": "REDUCER: Counter ACTION: DECREMENT_COST Should decrement the cost state by a given value",
                "timedOut": false,
                "duration": 0,
                "state": "passed",
                "speed": "fast",
                "pass": true,
                "fail": false,
                "pending": false,
                "code": "var stateBefore = { cost: 50, creditPoints: 40 };\nvar action = {\n    type: \"DECREMENT_COST\",\n    value: 10\n};\nvar stateAfter = {\n    cost: 40,\n    creditPoints: 40\n};\n(0, _deepFreeze2.default)(stateBefore);\n(0, _deepFreeze2.default)(action);\n(0, _expect2.default)((0, _Counter2.default)(stateBefore, action)).toEqual(stateAfter);",
                "err": {},
                "isRoot": false,
                "uuid": "d1cf1243-78ce-4239-a500-6629832d2210",
                "parentUUID": "05e953ce-8418-4867-820d-2bca4c06692e",
                "skipped": false
              },
              {
                "title": "Should decrement the cost state to 0 if a value given is larger than the current credit point value",
                "fullTitle": "REDUCER: Counter ACTION: DECREMENT_COST Should decrement the cost state to 0 if a value given is larger than the current credit point value",
                "timedOut": false,
                "duration": 0,
                "state": "passed",
                "speed": "fast",
                "pass": true,
                "fail": false,
                "pending": false,
                "code": "var stateBefore = { cost: 50, creditPoints: 40 };\nvar action = {\n    type: \"DECREMENT_COST\",\n    value: 51\n};\nvar stateAfter = {\n    cost: 0,\n    creditPoints: 40\n};\n(0, _deepFreeze2.default)(stateBefore);\n(0, _deepFreeze2.default)(action);\n(0, _expect2.default)((0, _Counter2.default)(stateBefore, action)).toEqual(stateAfter);",
                "err": {},
                "isRoot": false,
                "uuid": "aef77ab3-eeba-49ac-9f3c-77231d8bee75",
                "parentUUID": "05e953ce-8418-4867-820d-2bca4c06692e",
                "skipped": false
              }
            ],
            "failures": [],
            "skipped": [],
            "hasTests": true,
            "hasSuites": false,
            "totalTests": 2,
            "totalPasses": 2,
            "totalFailures": 0,
            "totalPending": 0,
            "totalSkipped": 0,
            "hasPasses": true,
            "hasFailures": false,
            "hasPending": false,
            "hasSkipped": false,
            "duration": 0
          },
          {
            "title": "ACTION: CLEAR_COURSE",
            "suites": [],
            "tests": [
              {
                "title": "Should reset the cost and credit point counters to 0",
                "fullTitle": "REDUCER: Counter ACTION: CLEAR_COURSE Should reset the cost and credit point counters to 0",
                "timedOut": false,
                "duration": 0,
                "state": "passed",
                "speed": "fast",
                "pass": true,
                "fail": false,
                "pending": false,
                "code": "var stateBefore = { cost: 50, creditPoints: 40 };\nvar action = {\n    type: \"CLEAR_COURSE\"\n};\nvar stateAfter = { cost: 0, creditPoints: 0 };\n(0, _deepFreeze2.default)(stateBefore);\n(0, _deepFreeze2.default)(action);\n(0, _expect2.default)((0, _Counter2.default)(stateBefore, action)).toEqual(stateAfter);",
                "err": {},
                "isRoot": false,
                "uuid": "2663516b-2780-4d76-aa90-b5a67e575d34",
                "parentUUID": "189d3938-7ae0-4d2a-a171-6ff4dce7a775",
                "skipped": false
              }
            ],
            "pending": [],
            "root": false,
            "_timeout": 2000,
            "file": "/test/reducers/Counter.spec.js",
            "uuid": "189d3938-7ae0-4d2a-a171-6ff4dce7a775",
            "fullFile": "/home/staff01/Documents/monPlanR/test/reducers/Counter.spec.js",
            "passes": [
              {
                "title": "Should reset the cost and credit point counters to 0",
                "fullTitle": "REDUCER: Counter ACTION: CLEAR_COURSE Should reset the cost and credit point counters to 0",
                "timedOut": false,
                "duration": 0,
                "state": "passed",
                "speed": "fast",
                "pass": true,
                "fail": false,
                "pending": false,
                "code": "var stateBefore = { cost: 50, creditPoints: 40 };\nvar action = {\n    type: \"CLEAR_COURSE\"\n};\nvar stateAfter = { cost: 0, creditPoints: 0 };\n(0, _deepFreeze2.default)(stateBefore);\n(0, _deepFreeze2.default)(action);\n(0, _expect2.default)((0, _Counter2.default)(stateBefore, action)).toEqual(stateAfter);",
                "err": {},
                "isRoot": false,
                "uuid": "2663516b-2780-4d76-aa90-b5a67e575d34",
                "parentUUID": "189d3938-7ae0-4d2a-a171-6ff4dce7a775",
                "skipped": false
              }
            ],
            "failures": [],
            "skipped": [],
            "hasTests": true,
            "hasSuites": false,
            "totalTests": 1,
            "totalPasses": 1,
            "totalFailures": 0,
            "totalPending": 0,
            "totalSkipped": 0,
            "hasPasses": true,
            "hasFailures": false,
            "hasPending": false,
            "hasSkipped": false,
            "duration": 0
          }
        ],
        "tests": [],
        "pending": [],
        "root": false,
        "_timeout": 2000,
        "file": "/test/reducers/Counter.spec.js",
        "uuid": "a5e32fdd-305a-440d-bd12-abc64284a25c",
        "fullFile": "/home/staff01/Documents/monPlanR/test/reducers/Counter.spec.js",
        "passes": [],
        "failures": [],
        "skipped": [],
        "hasTests": false,
        "hasSuites": true,
        "totalTests": 0,
        "totalPasses": 0,
        "totalFailures": 0,
        "totalPending": 0,
        "totalSkipped": 0,
        "hasPasses": false,
        "hasFailures": false,
        "hasPending": false,
        "hasSkipped": false,
        "duration": 0
      },
      {
        "title": "REDUCER: CourseStructure",
        "suites": [
          {
            "title": "ACTION: INSERT_TEACHING_PERIOD",
            "suites": [],
            "tests": [
              {
                "title": "Should insert a teaching period with the given info correctly into middle of array",
                "fullTitle": "REDUCER: CourseStructure ACTION: INSERT_TEACHING_PERIOD Should insert a teaching period with the given info correctly into middle of array",
                "timedOut": false,
                "duration": 2,
                "state": "passed",
                "speed": "fast",
                "pass": true,
                "fail": false,
                "pending": false,
                "code": "var stateBefore = {\n    teachingPeriods: [{ year: 2017, code: \"S2-01\", units: [null, null, null, null] }, { year: 2019, code: \"S2-01\", units: [null, null, null, null] }],\n    numberOfUnits: 4\n};\nvar action = {\n    type: \"INSERT_TEACHING_PERIOD\",\n    year: 2018,\n    code: \"S2-01\",\n    index: 1\n};\nvar stateAfter = {\n    teachingPeriods: [{ year: 2017, code: \"S2-01\", units: [null, null, null, null] }, { year: 2018, code: \"S2-01\", units: [null, null, null, null] }, { year: 2019, code: \"S2-01\", units: [null, null, null, null] }],\n    numberOfUnits: 4\n};\n(0, _deepFreeze2.default)(stateBefore);\n(0, _deepFreeze2.default)(action);\n(0, _expect2.default)((0, _CourseStructure2.default)(stateBefore, action)).toEqual(stateAfter);",
                "err": {},
                "isRoot": false,
                "uuid": "b7f7daef-ae70-4d5f-bfe9-7d8f8eb045c3",
                "parentUUID": "36daf862-88ee-4663-a765-506233b878fb",
                "skipped": false
              },
              {
                "title": "Should insert a teaching period with the given info correctly into start of array",
                "fullTitle": "REDUCER: CourseStructure ACTION: INSERT_TEACHING_PERIOD Should insert a teaching period with the given info correctly into start of array",
                "timedOut": false,
                "duration": 0,
                "state": "passed",
                "speed": "fast",
                "pass": true,
                "fail": false,
                "pending": false,
                "code": "var stateBefore = {\n    teachingPeriods: [{ year: 2017, code: \"S2-01\", units: [null, null, null, null] }, { year: 2019, code: \"S2-01\", units: [null, null, null, null] }],\n    numberOfUnits: 4\n};\nvar action = {\n    type: \"INSERT_TEACHING_PERIOD\",\n    year: 2016,\n    code: \"S2-01\",\n    index: 0\n};\nvar stateAfter = {\n    teachingPeriods: [{ year: 2016, code: \"S2-01\", units: [null, null, null, null] }, { year: 2017, code: \"S2-01\", units: [null, null, null, null] }, { year: 2019, code: \"S2-01\", units: [null, null, null, null] }],\n    numberOfUnits: 4\n};\n(0, _deepFreeze2.default)(stateBefore);\n(0, _deepFreeze2.default)(action);\n(0, _expect2.default)((0, _CourseStructure2.default)(stateBefore, action)).toEqual(stateAfter);",
                "err": {},
                "isRoot": false,
                "uuid": "e2e1d565-0ad4-402c-8cc4-4b7ee7288991",
                "parentUUID": "36daf862-88ee-4663-a765-506233b878fb",
                "skipped": false
              }
            ],
            "pending": [],
            "root": false,
            "_timeout": 2000,
            "file": "/test/reducers/CourseStructure.spec.js",
            "uuid": "36daf862-88ee-4663-a765-506233b878fb",
            "fullFile": "/home/staff01/Documents/monPlanR/test/reducers/CourseStructure.spec.js",
            "passes": [
              {
                "title": "Should insert a teaching period with the given info correctly into middle of array",
                "fullTitle": "REDUCER: CourseStructure ACTION: INSERT_TEACHING_PERIOD Should insert a teaching period with the given info correctly into middle of array",
                "timedOut": false,
                "duration": 2,
                "state": "passed",
                "speed": "fast",
                "pass": true,
                "fail": false,
                "pending": false,
                "code": "var stateBefore = {\n    teachingPeriods: [{ year: 2017, code: \"S2-01\", units: [null, null, null, null] }, { year: 2019, code: \"S2-01\", units: [null, null, null, null] }],\n    numberOfUnits: 4\n};\nvar action = {\n    type: \"INSERT_TEACHING_PERIOD\",\n    year: 2018,\n    code: \"S2-01\",\n    index: 1\n};\nvar stateAfter = {\n    teachingPeriods: [{ year: 2017, code: \"S2-01\", units: [null, null, null, null] }, { year: 2018, code: \"S2-01\", units: [null, null, null, null] }, { year: 2019, code: \"S2-01\", units: [null, null, null, null] }],\n    numberOfUnits: 4\n};\n(0, _deepFreeze2.default)(stateBefore);\n(0, _deepFreeze2.default)(action);\n(0, _expect2.default)((0, _CourseStructure2.default)(stateBefore, action)).toEqual(stateAfter);",
                "err": {},
                "isRoot": false,
                "uuid": "b7f7daef-ae70-4d5f-bfe9-7d8f8eb045c3",
                "parentUUID": "36daf862-88ee-4663-a765-506233b878fb",
                "skipped": false
              },
              {
                "title": "Should insert a teaching period with the given info correctly into start of array",
                "fullTitle": "REDUCER: CourseStructure ACTION: INSERT_TEACHING_PERIOD Should insert a teaching period with the given info correctly into start of array",
                "timedOut": false,
                "duration": 0,
                "state": "passed",
                "speed": "fast",
                "pass": true,
                "fail": false,
                "pending": false,
                "code": "var stateBefore = {\n    teachingPeriods: [{ year: 2017, code: \"S2-01\", units: [null, null, null, null] }, { year: 2019, code: \"S2-01\", units: [null, null, null, null] }],\n    numberOfUnits: 4\n};\nvar action = {\n    type: \"INSERT_TEACHING_PERIOD\",\n    year: 2016,\n    code: \"S2-01\",\n    index: 0\n};\nvar stateAfter = {\n    teachingPeriods: [{ year: 2016, code: \"S2-01\", units: [null, null, null, null] }, { year: 2017, code: \"S2-01\", units: [null, null, null, null] }, { year: 2019, code: \"S2-01\", units: [null, null, null, null] }],\n    numberOfUnits: 4\n};\n(0, _deepFreeze2.default)(stateBefore);\n(0, _deepFreeze2.default)(action);\n(0, _expect2.default)((0, _CourseStructure2.default)(stateBefore, action)).toEqual(stateAfter);",
                "err": {},
                "isRoot": false,
                "uuid": "e2e1d565-0ad4-402c-8cc4-4b7ee7288991",
                "parentUUID": "36daf862-88ee-4663-a765-506233b878fb",
                "skipped": false
              }
            ],
            "failures": [],
            "skipped": [],
            "hasTests": true,
            "hasSuites": false,
            "totalTests": 2,
            "totalPasses": 2,
            "totalFailures": 0,
            "totalPending": 0,
            "totalSkipped": 0,
            "hasPasses": true,
            "hasFailures": false,
            "hasPending": false,
            "hasSkipped": false,
            "duration": 2
          },
          {
            "title": "ACTION: REMOVE_TEACHING_PERIOD",
            "suites": [],
            "tests": [
              {
                "title": "Should remove a teaching period at the given index",
                "fullTitle": "REDUCER: CourseStructure ACTION: REMOVE_TEACHING_PERIOD Should remove a teaching period at the given index",
                "timedOut": false,
                "duration": 7,
                "state": "passed",
                "speed": "fast",
                "pass": true,
                "fail": false,
                "pending": false,
                "code": "var stateBefore = {\n    teachingPeriods: [{ year: 2017, code: \"S2-01\", units: [null, null, null, null] }, { year: 2018, code: \"S2-01\", units: [null, null, null, null] }, { year: 2019, code: \"S2-01\", units: [null, null, null, null] }],\n    numberOfUnits: 4\n};\nvar action = {\n    type: \"REMOVE_TEACHING_PERIOD\",\n    index: 1\n};\nvar stateAfter = {\n    teachingPeriods: [{ year: 2017, code: \"S2-01\", units: [null, null, null, null] }, { year: 2019, code: \"S2-01\", units: [null, null, null, null] }],\n    numberOfUnits: 4\n};\n(0, _deepFreeze2.default)(stateBefore);\n(0, _deepFreeze2.default)(action);\n(0, _expect2.default)((0, _CourseStructure2.default)(stateBefore, action)).toEqual(stateAfter);",
                "err": {},
                "isRoot": false,
                "uuid": "348ac6bd-b0a3-4532-8433-fbeb74f6295a",
                "parentUUID": "a291a9e1-528b-40a7-9447-f50cc6835ba6",
                "skipped": false
              },
              {
                "title": "Should remove a teaching period at the start of the array",
                "fullTitle": "REDUCER: CourseStructure ACTION: REMOVE_TEACHING_PERIOD Should remove a teaching period at the start of the array",
                "timedOut": false,
                "duration": 1,
                "state": "passed",
                "speed": "fast",
                "pass": true,
                "fail": false,
                "pending": false,
                "code": "var stateBefore = {\n    teachingPeriods: [{ year: 2017, code: \"S2-01\", units: [null, null, null, null] }, { year: 2018, code: \"S2-01\", units: [null, null, null, null] }, { year: 2019, code: \"S2-01\", units: [null, null, null, null] }],\n    numberOfUnits: 4\n};\nvar action = {\n    type: \"REMOVE_TEACHING_PERIOD\",\n    index: 0\n};\nvar stateAfter = {\n    teachingPeriods: [{ year: 2018, code: \"S2-01\", units: [null, null, null, null] }, { year: 2019, code: \"S2-01\", units: [null, null, null, null] }],\n    numberOfUnits: 4\n};\n(0, _deepFreeze2.default)(stateBefore);\n(0, _deepFreeze2.default)(action);\n(0, _expect2.default)((0, _CourseStructure2.default)(stateBefore, action)).toEqual(stateAfter);",
                "err": {},
                "isRoot": false,
                "uuid": "c4c457fd-4a1b-4d91-a1ba-5d8607da2e33",
                "parentUUID": "a291a9e1-528b-40a7-9447-f50cc6835ba6",
                "skipped": false
              }
            ],
            "pending": [],
            "root": false,
            "_timeout": 2000,
            "file": "/test/reducers/CourseStructure.spec.js",
            "uuid": "a291a9e1-528b-40a7-9447-f50cc6835ba6",
            "fullFile": "/home/staff01/Documents/monPlanR/test/reducers/CourseStructure.spec.js",
            "passes": [
              {
                "title": "Should remove a teaching period at the given index",
                "fullTitle": "REDUCER: CourseStructure ACTION: REMOVE_TEACHING_PERIOD Should remove a teaching period at the given index",
                "timedOut": false,
                "duration": 7,
                "state": "passed",
                "speed": "fast",
                "pass": true,
                "fail": false,
                "pending": false,
                "code": "var stateBefore = {\n    teachingPeriods: [{ year: 2017, code: \"S2-01\", units: [null, null, null, null] }, { year: 2018, code: \"S2-01\", units: [null, null, null, null] }, { year: 2019, code: \"S2-01\", units: [null, null, null, null] }],\n    numberOfUnits: 4\n};\nvar action = {\n    type: \"REMOVE_TEACHING_PERIOD\",\n    index: 1\n};\nvar stateAfter = {\n    teachingPeriods: [{ year: 2017, code: \"S2-01\", units: [null, null, null, null] }, { year: 2019, code: \"S2-01\", units: [null, null, null, null] }],\n    numberOfUnits: 4\n};\n(0, _deepFreeze2.default)(stateBefore);\n(0, _deepFreeze2.default)(action);\n(0, _expect2.default)((0, _CourseStructure2.default)(stateBefore, action)).toEqual(stateAfter);",
                "err": {},
                "isRoot": false,
                "uuid": "348ac6bd-b0a3-4532-8433-fbeb74f6295a",
                "parentUUID": "a291a9e1-528b-40a7-9447-f50cc6835ba6",
                "skipped": false
              },
              {
                "title": "Should remove a teaching period at the start of the array",
                "fullTitle": "REDUCER: CourseStructure ACTION: REMOVE_TEACHING_PERIOD Should remove a teaching period at the start of the array",
                "timedOut": false,
                "duration": 1,
                "state": "passed",
                "speed": "fast",
                "pass": true,
                "fail": false,
                "pending": false,
                "code": "var stateBefore = {\n    teachingPeriods: [{ year: 2017, code: \"S2-01\", units: [null, null, null, null] }, { year: 2018, code: \"S2-01\", units: [null, null, null, null] }, { year: 2019, code: \"S2-01\", units: [null, null, null, null] }],\n    numberOfUnits: 4\n};\nvar action = {\n    type: \"REMOVE_TEACHING_PERIOD\",\n    index: 0\n};\nvar stateAfter = {\n    teachingPeriods: [{ year: 2018, code: \"S2-01\", units: [null, null, null, null] }, { year: 2019, code: \"S2-01\", units: [null, null, null, null] }],\n    numberOfUnits: 4\n};\n(0, _deepFreeze2.default)(stateBefore);\n(0, _deepFreeze2.default)(action);\n(0, _expect2.default)((0, _CourseStructure2.default)(stateBefore, action)).toEqual(stateAfter);",
                "err": {},
                "isRoot": false,
                "uuid": "c4c457fd-4a1b-4d91-a1ba-5d8607da2e33",
                "parentUUID": "a291a9e1-528b-40a7-9447-f50cc6835ba6",
                "skipped": false
              }
            ],
            "failures": [],
            "skipped": [],
            "hasTests": true,
            "hasSuites": false,
            "totalTests": 2,
            "totalPasses": 2,
            "totalFailures": 0,
            "totalPending": 0,
            "totalSkipped": 0,
            "hasPasses": true,
            "hasFailures": false,
            "hasPending": false,
            "hasSkipped": false,
            "duration": 8
          },
          {
            "title": "ACTION: APPEND_TEACHING_PERIOD",
            "suites": [],
            "tests": [
              {
                "title": "Should add the given teaching period to the end of the array",
                "fullTitle": "REDUCER: CourseStructure ACTION: APPEND_TEACHING_PERIOD Should add the given teaching period to the end of the array",
                "timedOut": false,
                "duration": 1,
                "state": "passed",
                "speed": "fast",
                "pass": true,
                "fail": false,
                "pending": false,
                "code": "var stateBefore = {\n    teachingPeriods: [{ year: 2018, code: \"S2-01\", units: [null, null, null, null] }, { year: 2019, code: \"S2-01\", units: [null, null, null, null] }],\n    numberOfUnits: 4\n};\nvar action = {\n    type: \"APPEND_TEACHING_PERIOD\",\n    year: 2020,\n    code: \"S2-01\"\n};\nvar stateAfter = {\n    teachingPeriods: [{ year: 2018, code: \"S2-01\", units: [null, null, null, null] }, { year: 2019, code: \"S2-01\", units: [null, null, null, null] }, { year: 2020, code: \"S2-01\", units: [null, null, null, null] }],\n    numberOfUnits: 4\n};\n(0, _deepFreeze2.default)(stateBefore);\n(0, _deepFreeze2.default)(action);\n(0, _expect2.default)((0, _CourseStructure2.default)(stateBefore, action)).toEqual(stateAfter);",
                "err": {},
                "isRoot": false,
                "uuid": "e8a79626-5601-4b6e-a6ba-402b1693d26d",
                "parentUUID": "930e6278-6993-426e-9d6a-3428e2c981c8",
                "skipped": false
              }
            ],
            "pending": [],
            "root": false,
            "_timeout": 2000,
            "file": "/test/reducers/CourseStructure.spec.js",
            "uuid": "930e6278-6993-426e-9d6a-3428e2c981c8",
            "fullFile": "/home/staff01/Documents/monPlanR/test/reducers/CourseStructure.spec.js",
            "passes": [
              {
                "title": "Should add the given teaching period to the end of the array",
                "fullTitle": "REDUCER: CourseStructure ACTION: APPEND_TEACHING_PERIOD Should add the given teaching period to the end of the array",
                "timedOut": false,
                "duration": 1,
                "state": "passed",
                "speed": "fast",
                "pass": true,
                "fail": false,
                "pending": false,
                "code": "var stateBefore = {\n    teachingPeriods: [{ year: 2018, code: \"S2-01\", units: [null, null, null, null] }, { year: 2019, code: \"S2-01\", units: [null, null, null, null] }],\n    numberOfUnits: 4\n};\nvar action = {\n    type: \"APPEND_TEACHING_PERIOD\",\n    year: 2020,\n    code: \"S2-01\"\n};\nvar stateAfter = {\n    teachingPeriods: [{ year: 2018, code: \"S2-01\", units: [null, null, null, null] }, { year: 2019, code: \"S2-01\", units: [null, null, null, null] }, { year: 2020, code: \"S2-01\", units: [null, null, null, null] }],\n    numberOfUnits: 4\n};\n(0, _deepFreeze2.default)(stateBefore);\n(0, _deepFreeze2.default)(action);\n(0, _expect2.default)((0, _CourseStructure2.default)(stateBefore, action)).toEqual(stateAfter);",
                "err": {},
                "isRoot": false,
                "uuid": "e8a79626-5601-4b6e-a6ba-402b1693d26d",
                "parentUUID": "930e6278-6993-426e-9d6a-3428e2c981c8",
                "skipped": false
              }
            ],
            "failures": [],
            "skipped": [],
            "hasTests": true,
            "hasSuites": false,
            "totalTests": 1,
            "totalPasses": 1,
            "totalFailures": 0,
            "totalPending": 0,
            "totalSkipped": 0,
            "hasPasses": true,
            "hasFailures": false,
            "hasPending": false,
            "hasSkipped": false,
            "duration": 1
          },
          {
            "title": "ACTION: INCREASE_STUDY_LOAD",
            "suites": [],
            "tests": [
              {
                "title": "Should increase the study load if the study load is less than 4",
                "fullTitle": "REDUCER: CourseStructure ACTION: INCREASE_STUDY_LOAD Should increase the study load if the study load is less than 4",
                "timedOut": false,
                "duration": 1,
                "state": "passed",
                "speed": "fast",
                "pass": true,
                "fail": false,
                "pending": false,
                "code": "var stateBefore = {\n    teachingPeriods: [{ year: 2018, code: \"S2-01\", units: [null, null, null, null] }],\n    numberOfUnits: 4\n};\nvar action = {\n    type: \"INCREASE_STUDY_LOAD\"\n};\nvar stateAfter = {\n    teachingPeriods: [{ year: 2018, code: \"S2-01\", units: [null, null, null, null, null] }],\n    numberOfUnits: 5\n};\n(0, _deepFreeze2.default)(stateBefore);\n(0, _deepFreeze2.default)(action);\n(0, _expect2.default)((0, _CourseStructure2.default)(stateBefore, action)).toEqual(stateAfter);",
                "err": {},
                "isRoot": false,
                "uuid": "71af6ba3-0c90-40a8-8a2b-42b0d367e024",
                "parentUUID": "21c7b1a3-53c9-432c-81d8-228d6cde4d51",
                "skipped": false
              },
              {
                "title": "Should not increase the study load if the study load is 6 or greater",
                "fullTitle": "REDUCER: CourseStructure ACTION: INCREASE_STUDY_LOAD Should not increase the study load if the study load is 6 or greater",
                "timedOut": false,
                "duration": 2,
                "state": "passed",
                "speed": "fast",
                "pass": true,
                "fail": false,
                "pending": false,
                "code": "var stateBefore = {\n    teachingPeriods: [{ year: 2018, code: \"S2-01\", units: [null, null, null, null, null, null] }],\n    numberOfUnits: 6\n};\nvar action = {\n    type: \"INCREASE_STUDY_LOAD\"\n};\nvar stateAfter = {\n    teachingPeriods: [{ year: 2018, code: \"S2-01\", units: [null, null, null, null, null, null] }],\n    numberOfUnits: 6\n};\n(0, _deepFreeze2.default)(stateBefore);\n(0, _deepFreeze2.default)(action);\n(0, _expect2.default)((0, _CourseStructure2.default)(stateBefore, action)).toEqual(stateAfter);",
                "err": {},
                "isRoot": false,
                "uuid": "296bcef8-baba-410f-89f7-4f77efc002e5",
                "parentUUID": "21c7b1a3-53c9-432c-81d8-228d6cde4d51",
                "skipped": false
              }
            ],
            "pending": [],
            "root": false,
            "_timeout": 2000,
            "file": "/test/reducers/CourseStructure.spec.js",
            "uuid": "21c7b1a3-53c9-432c-81d8-228d6cde4d51",
            "fullFile": "/home/staff01/Documents/monPlanR/test/reducers/CourseStructure.spec.js",
            "passes": [
              {
                "title": "Should increase the study load if the study load is less than 4",
                "fullTitle": "REDUCER: CourseStructure ACTION: INCREASE_STUDY_LOAD Should increase the study load if the study load is less than 4",
                "timedOut": false,
                "duration": 1,
                "state": "passed",
                "speed": "fast",
                "pass": true,
                "fail": false,
                "pending": false,
                "code": "var stateBefore = {\n    teachingPeriods: [{ year: 2018, code: \"S2-01\", units: [null, null, null, null] }],\n    numberOfUnits: 4\n};\nvar action = {\n    type: \"INCREASE_STUDY_LOAD\"\n};\nvar stateAfter = {\n    teachingPeriods: [{ year: 2018, code: \"S2-01\", units: [null, null, null, null, null] }],\n    numberOfUnits: 5\n};\n(0, _deepFreeze2.default)(stateBefore);\n(0, _deepFreeze2.default)(action);\n(0, _expect2.default)((0, _CourseStructure2.default)(stateBefore, action)).toEqual(stateAfter);",
                "err": {},
                "isRoot": false,
                "uuid": "71af6ba3-0c90-40a8-8a2b-42b0d367e024",
                "parentUUID": "21c7b1a3-53c9-432c-81d8-228d6cde4d51",
                "skipped": false
              },
              {
                "title": "Should not increase the study load if the study load is 6 or greater",
                "fullTitle": "REDUCER: CourseStructure ACTION: INCREASE_STUDY_LOAD Should not increase the study load if the study load is 6 or greater",
                "timedOut": false,
                "duration": 2,
                "state": "passed",
                "speed": "fast",
                "pass": true,
                "fail": false,
                "pending": false,
                "code": "var stateBefore = {\n    teachingPeriods: [{ year: 2018, code: \"S2-01\", units: [null, null, null, null, null, null] }],\n    numberOfUnits: 6\n};\nvar action = {\n    type: \"INCREASE_STUDY_LOAD\"\n};\nvar stateAfter = {\n    teachingPeriods: [{ year: 2018, code: \"S2-01\", units: [null, null, null, null, null, null] }],\n    numberOfUnits: 6\n};\n(0, _deepFreeze2.default)(stateBefore);\n(0, _deepFreeze2.default)(action);\n(0, _expect2.default)((0, _CourseStructure2.default)(stateBefore, action)).toEqual(stateAfter);",
                "err": {},
                "isRoot": false,
                "uuid": "296bcef8-baba-410f-89f7-4f77efc002e5",
                "parentUUID": "21c7b1a3-53c9-432c-81d8-228d6cde4d51",
                "skipped": false
              }
            ],
            "failures": [],
            "skipped": [],
            "hasTests": true,
            "hasSuites": false,
            "totalTests": 2,
            "totalPasses": 2,
            "totalFailures": 0,
            "totalPending": 0,
            "totalSkipped": 0,
            "hasPasses": true,
            "hasFailures": false,
            "hasPending": false,
            "hasSkipped": false,
            "duration": 3
          },
          {
            "title": "ACTION: DECREASE_STUDY_LOAD",
            "suites": [],
            "tests": [
              {
                "title": "Should decrease the study load if the study load is greater than 4",
                "fullTitle": "REDUCER: CourseStructure ACTION: DECREASE_STUDY_LOAD Should decrease the study load if the study load is greater than 4",
                "timedOut": false,
                "duration": 1,
                "state": "passed",
                "speed": "fast",
                "pass": true,
                "fail": false,
                "pending": false,
                "code": "var stateBefore = {\n    teachingPeriods: [{ year: 2018, code: \"S2-01\", units: [null, null, null, null, null] }],\n    numberOfUnits: 5\n};\nvar action = {\n    type: \"DECREASE_STUDY_LOAD\"\n};\nvar stateAfter = {\n    teachingPeriods: [{ year: 2018, code: \"S2-01\", units: [null, null, null, null] }],\n    numberOfUnits: 4\n};\n(0, _deepFreeze2.default)(stateBefore);\n(0, _deepFreeze2.default)(action);\n(0, _expect2.default)((0, _CourseStructure2.default)(stateBefore, action)).toEqual(stateAfter);",
                "err": {},
                "isRoot": false,
                "uuid": "d482c788-4dee-4707-bf36-1b5915eeddd2",
                "parentUUID": "e7c4e7a8-652a-4282-a43e-d021d88da71b",
                "skipped": false
              },
              {
                "title": "Should not decrease the study load if the study load is 4 or less",
                "fullTitle": "REDUCER: CourseStructure ACTION: DECREASE_STUDY_LOAD Should not decrease the study load if the study load is 4 or less",
                "timedOut": false,
                "duration": 0,
                "state": "passed",
                "speed": "fast",
                "pass": true,
                "fail": false,
                "pending": false,
                "code": "var stateBefore = {\n    teachingPeriods: [{ year: 2018, code: \"S2-01\", units: [null, null, null, null] }],\n    numberOfUnits: 4\n};\nvar action = {\n    type: \"DECREASE_STUDY_LOAD\"\n};\nvar stateAfter = {\n    teachingPeriods: [{ year: 2018, code: \"S2-01\", units: [null, null, null, null] }],\n    numberOfUnits: 4\n};\n(0, _deepFreeze2.default)(stateBefore);\n(0, _deepFreeze2.default)(action);\n(0, _expect2.default)((0, _CourseStructure2.default)(stateBefore, action)).toEqual(stateAfter);",
                "err": {},
                "isRoot": false,
                "uuid": "e985e8b8-f9b5-4b8c-b8d0-6d323b173edb",
                "parentUUID": "e7c4e7a8-652a-4282-a43e-d021d88da71b",
                "skipped": false
              }
            ],
            "pending": [],
            "root": false,
            "_timeout": 2000,
            "file": "/test/reducers/CourseStructure.spec.js",
            "uuid": "e7c4e7a8-652a-4282-a43e-d021d88da71b",
            "fullFile": "/home/staff01/Documents/monPlanR/test/reducers/CourseStructure.spec.js",
            "passes": [
              {
                "title": "Should decrease the study load if the study load is greater than 4",
                "fullTitle": "REDUCER: CourseStructure ACTION: DECREASE_STUDY_LOAD Should decrease the study load if the study load is greater than 4",
                "timedOut": false,
                "duration": 1,
                "state": "passed",
                "speed": "fast",
                "pass": true,
                "fail": false,
                "pending": false,
                "code": "var stateBefore = {\n    teachingPeriods: [{ year: 2018, code: \"S2-01\", units: [null, null, null, null, null] }],\n    numberOfUnits: 5\n};\nvar action = {\n    type: \"DECREASE_STUDY_LOAD\"\n};\nvar stateAfter = {\n    teachingPeriods: [{ year: 2018, code: \"S2-01\", units: [null, null, null, null] }],\n    numberOfUnits: 4\n};\n(0, _deepFreeze2.default)(stateBefore);\n(0, _deepFreeze2.default)(action);\n(0, _expect2.default)((0, _CourseStructure2.default)(stateBefore, action)).toEqual(stateAfter);",
                "err": {},
                "isRoot": false,
                "uuid": "d482c788-4dee-4707-bf36-1b5915eeddd2",
                "parentUUID": "e7c4e7a8-652a-4282-a43e-d021d88da71b",
                "skipped": false
              },
              {
                "title": "Should not decrease the study load if the study load is 4 or less",
                "fullTitle": "REDUCER: CourseStructure ACTION: DECREASE_STUDY_LOAD Should not decrease the study load if the study load is 4 or less",
                "timedOut": false,
                "duration": 0,
                "state": "passed",
                "speed": "fast",
                "pass": true,
                "fail": false,
                "pending": false,
                "code": "var stateBefore = {\n    teachingPeriods: [{ year: 2018, code: \"S2-01\", units: [null, null, null, null] }],\n    numberOfUnits: 4\n};\nvar action = {\n    type: \"DECREASE_STUDY_LOAD\"\n};\nvar stateAfter = {\n    teachingPeriods: [{ year: 2018, code: \"S2-01\", units: [null, null, null, null] }],\n    numberOfUnits: 4\n};\n(0, _deepFreeze2.default)(stateBefore);\n(0, _deepFreeze2.default)(action);\n(0, _expect2.default)((0, _CourseStructure2.default)(stateBefore, action)).toEqual(stateAfter);",
                "err": {},
                "isRoot": false,
                "uuid": "e985e8b8-f9b5-4b8c-b8d0-6d323b173edb",
                "parentUUID": "e7c4e7a8-652a-4282-a43e-d021d88da71b",
                "skipped": false
              }
            ],
            "failures": [],
            "skipped": [],
            "hasTests": true,
            "hasSuites": false,
            "totalTests": 2,
            "totalPasses": 2,
            "totalFailures": 0,
            "totalPending": 0,
            "totalSkipped": 0,
            "hasPasses": true,
            "hasFailures": false,
            "hasPending": false,
            "hasSkipped": false,
            "duration": 1
          },
          {
            "title": "ACTION: CLEAR_COURSE",
            "suites": [],
            "tests": [
              {
                "title": "Should remove all teaching periods and set the amount of units to 4",
                "fullTitle": "REDUCER: CourseStructure ACTION: CLEAR_COURSE Should remove all teaching periods and set the amount of units to 4",
                "timedOut": false,
                "duration": 0,
                "state": "passed",
                "speed": "fast",
                "pass": true,
                "fail": false,
                "pending": false,
                "code": "var stateBefore = {\n    teachingPeriods: [{ year: 2018, code: \"S2-01\", units: [null, null, null, null, null] }],\n    numberOfUnits: 5\n};\nvar action = {\n    type: \"CLEAR_COURSE\"\n};\nvar stateAfter = {\n    teachingPeriods: [],\n    numberOfUnits: 4\n};\n(0, _deepFreeze2.default)(stateBefore);\n(0, _deepFreeze2.default)(action);\n(0, _expect2.default)((0, _CourseStructure2.default)(stateBefore, action)).toEqual(stateAfter);",
                "err": {},
                "isRoot": false,
                "uuid": "1fee671a-df51-4fe5-9708-dea4ec868b4f",
                "parentUUID": "292ab237-6ca3-435f-8d11-bf1d6b104046",
                "skipped": false
              }
            ],
            "pending": [],
            "root": false,
            "_timeout": 2000,
            "file": "/test/reducers/CourseStructure.spec.js",
            "uuid": "292ab237-6ca3-435f-8d11-bf1d6b104046",
            "fullFile": "/home/staff01/Documents/monPlanR/test/reducers/CourseStructure.spec.js",
            "passes": [
              {
                "title": "Should remove all teaching periods and set the amount of units to 4",
                "fullTitle": "REDUCER: CourseStructure ACTION: CLEAR_COURSE Should remove all teaching periods and set the amount of units to 4",
                "timedOut": false,
                "duration": 0,
                "state": "passed",
                "speed": "fast",
                "pass": true,
                "fail": false,
                "pending": false,
                "code": "var stateBefore = {\n    teachingPeriods: [{ year: 2018, code: \"S2-01\", units: [null, null, null, null, null] }],\n    numberOfUnits: 5\n};\nvar action = {\n    type: \"CLEAR_COURSE\"\n};\nvar stateAfter = {\n    teachingPeriods: [],\n    numberOfUnits: 4\n};\n(0, _deepFreeze2.default)(stateBefore);\n(0, _deepFreeze2.default)(action);\n(0, _expect2.default)((0, _CourseStructure2.default)(stateBefore, action)).toEqual(stateAfter);",
                "err": {},
                "isRoot": false,
                "uuid": "1fee671a-df51-4fe5-9708-dea4ec868b4f",
                "parentUUID": "292ab237-6ca3-435f-8d11-bf1d6b104046",
                "skipped": false
              }
            ],
            "failures": [],
            "skipped": [],
            "hasTests": true,
            "hasSuites": false,
            "totalTests": 1,
            "totalPasses": 1,
            "totalFailures": 0,
            "totalPending": 0,
            "totalSkipped": 0,
            "hasPasses": true,
            "hasFailures": false,
            "hasPending": false,
            "hasSkipped": false,
            "duration": 0
          },
          {
            "title": "ACTION: ADD_UNIT",
            "suites": [],
            "tests": [
              {
                "title": "Should add a unit correctly to the start of an array",
                "fullTitle": "REDUCER: CourseStructure ACTION: ADD_UNIT Should add a unit correctly to the start of an array",
                "timedOut": false,
                "duration": 1,
                "state": "passed",
                "speed": "fast",
                "pass": true,
                "fail": false,
                "pending": false,
                "code": "var stateBefore = {\n    teachingPeriods: [{ year: 2017, code: \"S2-01\", units: [null, null, null, null] }, { year: 2018, code: \"S2-01\", units: [null, null, null, null] }, { year: 2019, code: \"S2-01\", units: [null, null, null, null] }],\n    numberOfUnits: 4\n};\nvar action = {\n    type: \"ADD_UNIT\",\n    tpIndex: 0,\n    unitIndex: 0,\n    unit: { unitCode: \"XXX0001\", unitName: \"Test Unit\" }\n};\nvar stateAfter = {\n    teachingPeriods: [{ year: 2017, code: \"S2-01\", units: [{ unitCode: \"XXX0001\", unitName: \"Test Unit\" }, null, null, null] }, { year: 2018, code: \"S2-01\", units: [null, null, null, null] }, { year: 2019, code: \"S2-01\", units: [null, null, null, null] }],\n    numberOfUnits: 4\n};\n(0, _deepFreeze2.default)(stateBefore);\n(0, _deepFreeze2.default)(action);\n(0, _expect2.default)((0, _CourseStructure2.default)(stateBefore, action)).toEqual(stateAfter);",
                "err": {},
                "isRoot": false,
                "uuid": "d1de5c5f-8e9e-48dc-9520-c12288664a7e",
                "parentUUID": "28cab216-f50d-4dd2-94dc-f2457c46cffe",
                "skipped": false
              },
              {
                "title": "Should add a unit correctly to the middle of an array",
                "fullTitle": "REDUCER: CourseStructure ACTION: ADD_UNIT Should add a unit correctly to the middle of an array",
                "timedOut": false,
                "duration": 0,
                "state": "passed",
                "speed": "fast",
                "pass": true,
                "fail": false,
                "pending": false,
                "code": "var stateBefore = {\n    teachingPeriods: [{ year: 2017, code: \"S2-01\", units: [null, null, null, null] }, { year: 2018, code: \"S2-01\", units: [null, null, null, null] }, { year: 2019, code: \"S2-01\", units: [null, null, null, null] }],\n    numberOfUnits: 4\n};\nvar action = {\n    type: \"ADD_UNIT\",\n    tpIndex: 1,\n    unitIndex: 1,\n    unit: { unitCode: \"XXX0001\", unitName: \"Test Unit\" }\n};\nvar stateAfter = {\n    teachingPeriods: [{ year: 2017, code: \"S2-01\", units: [null, null, null, null] }, { year: 2018, code: \"S2-01\", units: [null, { unitCode: \"XXX0001\", unitName: \"Test Unit\" }, null, null] }, { year: 2019, code: \"S2-01\", units: [null, null, null, null] }],\n    numberOfUnits: 4\n};\n(0, _deepFreeze2.default)(stateBefore);\n(0, _deepFreeze2.default)(action);\n(0, _expect2.default)((0, _CourseStructure2.default)(stateBefore, action)).toEqual(stateAfter);",
                "err": {},
                "isRoot": false,
                "uuid": "4832a3b0-fae6-4666-a733-586130bd2f1d",
                "parentUUID": "28cab216-f50d-4dd2-94dc-f2457c46cffe",
                "skipped": false
              },
              {
                "title": "Should add a unit correctly to the end of an array",
                "fullTitle": "REDUCER: CourseStructure ACTION: ADD_UNIT Should add a unit correctly to the end of an array",
                "timedOut": false,
                "duration": 1,
                "state": "passed",
                "speed": "fast",
                "pass": true,
                "fail": false,
                "pending": false,
                "code": "var stateBefore = {\n    teachingPeriods: [{ year: 2017, code: \"S2-01\", units: [null, null, null, null] }, { year: 2018, code: \"S2-01\", units: [null, null, null, null] }, { year: 2019, code: \"S2-01\", units: [null, null, null, null] }],\n    numberOfUnits: 4\n};\nvar action = {\n    type: \"ADD_UNIT\",\n    tpIndex: 2,\n    unitIndex: 3,\n    unit: { unitCode: \"XXX0001\", unitName: \"Test Unit\" }\n};\nvar stateAfter = {\n    teachingPeriods: [{ year: 2017, code: \"S2-01\", units: [null, null, null, null] }, { year: 2018, code: \"S2-01\", units: [null, null, null, null] }, { year: 2019, code: \"S2-01\", units: [null, null, null, { unitCode: \"XXX0001\", unitName: \"Test Unit\" }] }],\n    numberOfUnits: 4\n};\n(0, _deepFreeze2.default)(stateBefore);\n(0, _deepFreeze2.default)(action);\n(0, _expect2.default)((0, _CourseStructure2.default)(stateBefore, action)).toEqual(stateAfter);",
                "err": {},
                "isRoot": false,
                "uuid": "a3081914-812b-4a16-8bcf-254e8c7f8a34",
                "parentUUID": "28cab216-f50d-4dd2-94dc-f2457c46cffe",
                "skipped": false
              }
            ],
            "pending": [],
            "root": false,
            "_timeout": 2000,
            "file": "/test/reducers/CourseStructure.spec.js",
            "uuid": "28cab216-f50d-4dd2-94dc-f2457c46cffe",
            "fullFile": "/home/staff01/Documents/monPlanR/test/reducers/CourseStructure.spec.js",
            "passes": [
              {
                "title": "Should add a unit correctly to the start of an array",
                "fullTitle": "REDUCER: CourseStructure ACTION: ADD_UNIT Should add a unit correctly to the start of an array",
                "timedOut": false,
                "duration": 1,
                "state": "passed",
                "speed": "fast",
                "pass": true,
                "fail": false,
                "pending": false,
                "code": "var stateBefore = {\n    teachingPeriods: [{ year: 2017, code: \"S2-01\", units: [null, null, null, null] }, { year: 2018, code: \"S2-01\", units: [null, null, null, null] }, { year: 2019, code: \"S2-01\", units: [null, null, null, null] }],\n    numberOfUnits: 4\n};\nvar action = {\n    type: \"ADD_UNIT\",\n    tpIndex: 0,\n    unitIndex: 0,\n    unit: { unitCode: \"XXX0001\", unitName: \"Test Unit\" }\n};\nvar stateAfter = {\n    teachingPeriods: [{ year: 2017, code: \"S2-01\", units: [{ unitCode: \"XXX0001\", unitName: \"Test Unit\" }, null, null, null] }, { year: 2018, code: \"S2-01\", units: [null, null, null, null] }, { year: 2019, code: \"S2-01\", units: [null, null, null, null] }],\n    numberOfUnits: 4\n};\n(0, _deepFreeze2.default)(stateBefore);\n(0, _deepFreeze2.default)(action);\n(0, _expect2.default)((0, _CourseStructure2.default)(stateBefore, action)).toEqual(stateAfter);",
                "err": {},
                "isRoot": false,
                "uuid": "d1de5c5f-8e9e-48dc-9520-c12288664a7e",
                "parentUUID": "28cab216-f50d-4dd2-94dc-f2457c46cffe",
                "skipped": false
              },
              {
                "title": "Should add a unit correctly to the middle of an array",
                "fullTitle": "REDUCER: CourseStructure ACTION: ADD_UNIT Should add a unit correctly to the middle of an array",
                "timedOut": false,
                "duration": 0,
                "state": "passed",
                "speed": "fast",
                "pass": true,
                "fail": false,
                "pending": false,
                "code": "var stateBefore = {\n    teachingPeriods: [{ year: 2017, code: \"S2-01\", units: [null, null, null, null] }, { year: 2018, code: \"S2-01\", units: [null, null, null, null] }, { year: 2019, code: \"S2-01\", units: [null, null, null, null] }],\n    numberOfUnits: 4\n};\nvar action = {\n    type: \"ADD_UNIT\",\n    tpIndex: 1,\n    unitIndex: 1,\n    unit: { unitCode: \"XXX0001\", unitName: \"Test Unit\" }\n};\nvar stateAfter = {\n    teachingPeriods: [{ year: 2017, code: \"S2-01\", units: [null, null, null, null] }, { year: 2018, code: \"S2-01\", units: [null, { unitCode: \"XXX0001\", unitName: \"Test Unit\" }, null, null] }, { year: 2019, code: \"S2-01\", units: [null, null, null, null] }],\n    numberOfUnits: 4\n};\n(0, _deepFreeze2.default)(stateBefore);\n(0, _deepFreeze2.default)(action);\n(0, _expect2.default)((0, _CourseStructure2.default)(stateBefore, action)).toEqual(stateAfter);",
                "err": {},
                "isRoot": false,
                "uuid": "4832a3b0-fae6-4666-a733-586130bd2f1d",
                "parentUUID": "28cab216-f50d-4dd2-94dc-f2457c46cffe",
                "skipped": false
              },
              {
                "title": "Should add a unit correctly to the end of an array",
                "fullTitle": "REDUCER: CourseStructure ACTION: ADD_UNIT Should add a unit correctly to the end of an array",
                "timedOut": false,
                "duration": 1,
                "state": "passed",
                "speed": "fast",
                "pass": true,
                "fail": false,
                "pending": false,
                "code": "var stateBefore = {\n    teachingPeriods: [{ year: 2017, code: \"S2-01\", units: [null, null, null, null] }, { year: 2018, code: \"S2-01\", units: [null, null, null, null] }, { year: 2019, code: \"S2-01\", units: [null, null, null, null] }],\n    numberOfUnits: 4\n};\nvar action = {\n    type: \"ADD_UNIT\",\n    tpIndex: 2,\n    unitIndex: 3,\n    unit: { unitCode: \"XXX0001\", unitName: \"Test Unit\" }\n};\nvar stateAfter = {\n    teachingPeriods: [{ year: 2017, code: \"S2-01\", units: [null, null, null, null] }, { year: 2018, code: \"S2-01\", units: [null, null, null, null] }, { year: 2019, code: \"S2-01\", units: [null, null, null, { unitCode: \"XXX0001\", unitName: \"Test Unit\" }] }],\n    numberOfUnits: 4\n};\n(0, _deepFreeze2.default)(stateBefore);\n(0, _deepFreeze2.default)(action);\n(0, _expect2.default)((0, _CourseStructure2.default)(stateBefore, action)).toEqual(stateAfter);",
                "err": {},
                "isRoot": false,
                "uuid": "a3081914-812b-4a16-8bcf-254e8c7f8a34",
                "parentUUID": "28cab216-f50d-4dd2-94dc-f2457c46cffe",
                "skipped": false
              }
            ],
            "failures": [],
            "skipped": [],
            "hasTests": true,
            "hasSuites": false,
            "totalTests": 3,
            "totalPasses": 3,
            "totalFailures": 0,
[...]
      "code": "var stateBefore = {\n    teachingPeriods: [{ year: 2017, code: \"S2-01\", units: [null, null, null, null] }, { year: 2018, code: \"S2-01\", units: [null, null, null, null] }, { year: 2019, code: \"S2-01\", units: [null, null, null, { unitCode: \"XXX0001\", unitName: \"Test Unit\" }] }],\n    numberOfUnits: 4\n};\nvar action = {\n    type: \"REMOVE_UNIT\",\n    tpIndex: 2,\n    unitIndex: 3\n};\nvar stateAfter = {\n    teachingPeriods: [{ year: 2017, code: \"S2-01\", units: [null, null, null, null] }, { year: 2018, code: \"S2-01\", units: [null, null, null, null] }, { year: 2019, code: \"S2-01\", units: [null, null, null, null] }],\n    numberOfUnits: 4\n};\n(0, _deepFreeze2.default)(stateBefore);\n(0, _deepFreeze2.default)(action);\n(0, _expect2.default)((0, _CourseStructure2.default)(stateBefore, action)).toEqual(stateAfter);",
      "err": {},
      "isRoot": false,
      "uuid": "35c3bc25-5964-4be0-95e1-373a00599b72",
      "parentUUID": "fcd4c4c7-79b6-4fd1-90b0-6207ac35793d",
      "skipped": false
    },
    {
      "title": "Should generate a course structure with valid start and end years",
      "fullTitle": "ACTION: GENERATE_COURSE Should generate a course structure with valid start and end years",
      "timedOut": false,
      "duration": 6,
      "state": "passed",
      "speed": "fast",
      "pass": true,
      "fail": false,
      "pending": false,
      "code": "var stateBefore = {\n    teachingPeriods: [],\n    numberOfUnits: 4\n};\nvar action = {\n    type: \"GENERATE_COURSE\",\n    startYear: 2014,\n    endYear: 2016\n};\nvar stateAfter = {\n    teachingPeriods: [{ year: 2014, code: \"S1-01\", units: [null, null, null, null] }, { year: 2014, code: \"S2-01\", units: [null, null, null, null] }, { year: 2015, code: \"S1-01\", units: [null, null, null, null] }, { year: 2015, code: \"S2-01\", units: [null, null, null, null] }, { year: 2016, code: \"S1-01\", units: [null, null, null, null] }, { year: 2016, code: \"S2-01\", units: [null, null, null, null] }],\n    numberOfUnits: 4\n};\n(0, _deepFreeze2.default)(stateBefore);\n(0, _deepFreeze2.default)(action);\n(0, _expect2.default)((0, _CourseStructure2.default)(stateBefore, action)).toEqual(stateAfter);",
      "err": {},
      "isRoot": false,
      "uuid": "bdf1a2dc-ae21-4600-862d-21d63c19edf0",
      "parentUUID": "2afee88d-d86c-4e2f-bec7-9a1bc60324de",
      "skipped": false
    },
    {
      "title": "Should return an empty course structure with invalid start and end years.",
      "fullTitle": "ACTION: GENERATE_COURSE Should return an empty course structure with invalid start and end years.",
      "timedOut": false,
      "duration": 0,
      "state": "passed",
      "speed": "fast",
      "pass": true,
      "fail": false,
      "pending": false,
      "code": "var stateBefore = {\n    teachingPeriods: [{ year: 2014, code: \"S1-01\", units: [null, null, null, null] }, { year: 2014, code: \"S2-01\", units: [null, null, null, null] }, { year: 2015, code: \"S1-01\", units: [null, null, null, null] }, { year: 2015, code: \"S2-01\", units: [null, null, null, null] }, { year: 2016, code: \"S1-01\", units: [null, null, null, null] }, { year: 2016, code: \"S2-01\", units: [null, null, null, null] }],\n    numberOfUnits: 4\n};\nvar action = {\n    type: \"GENERATE_COURSE\",\n    startYear: 2017,\n    endYear: 2013\n};\nvar stateAfter = {\n    teachingPeriods: [],\n    numberOfUnits: 4\n};\n(0, _deepFreeze2.default)(stateBefore);\n(0, _deepFreeze2.default)(action);\n(0, _expect2.default)((0, _CourseStructure2.default)(stateBefore, action)).toEqual(stateAfter);",
      "err": {},
      "isRoot": false,
      "uuid": "6f770130-8f3d-413c-a3f6-49b58df82f6c",
      "parentUUID": "2afee88d-d86c-4e2f-bec7-9a1bc60324de",
      "skipped": false
    },
    {
      "title": "Should correctly show that the course info is loading",
      "fullTitle": "ACTION: FETCH_COURSE_INFO_PENDING Should correctly show that the course info is loading",
      "timedOut": false,
      "duration": 1,
      "state": "passed",
      "speed": "fast",
      "pass": true,
      "fail": false,
      "pending": false,
      "code": "var stateBefore = {\n    teachingPeriods: [],\n    numberOfUnits: 4,\n    courseTemplateLoadError: false,\n    courseInfoLoadError: false,\n    unitLoadError: false,\n    unitLoading: false,\n    courseInfoLoading: false,\n    courseInfo: null\n};\nvar action = {\n    type: \"FETCH_COURSE_INFO_PENDING\"\n};\nvar stateAfter = {\n    teachingPeriods: [],\n    numberOfUnits: 4,\n    courseTemplateLoadError: false,\n    courseInfoLoadError: false,\n    unitLoadError: false,\n    unitLoading: false,\n    courseInfoLoading: true,\n    courseInfo: null\n};\n(0, _deepFreeze2.default)(stateBefore);\n(0, _deepFreeze2.default)(action);\n(0, _expect2.default)((0, _CourseStructure2.default)(stateBefore, action)).toEqual(stateAfter);",
      "err": {},
      "isRoot": false,
      "uuid": "63c1baa7-bf7b-477e-9ada-2101fd9a584a",
      "parentUUID": "d61934fe-9477-43e3-8c5d-a661a3ccb0d0",
      "skipped": false
    },
    {
      "title": "Should correctly return the payload and show that it is no longer loading",
      "fullTitle": "ACTION: FETCH_COURSE_INFO_FULFILLED Should correctly return the payload and show that it is no longer loading",
      "timedOut": false,
      "duration": 1,
      "state": "passed",
      "speed": "fast",
      "pass": true,
      "fail": false,
      "pending": false,
      "code": "var stateBefore = {\n    teachingPeriods: [],\n    numberOfUnits: 4,\n    courseTemplateLoadError: false,\n    courseInfoLoadError: false,\n    unitLoadError: false,\n    unitLoading: false,\n    courseInfoLoading: true,\n    focusedCourse: null,\n    courseInfo: null\n};\nvar action = {\n    type: \"FETCH_COURSE_INFO_FULFILLED\",\n    payload: { data: {\n            courseName: \"Test Course\",\n            mangFac: \"Test Faculty\",\n            creditPoints: 100,\n            courseDescrip: \"Test Description\",\n            courseDuration: \"Test Duration\",\n            modeLoc: \"Test mode and location\",\n            courseAward: \"Test awards\",\n            abrevTitle: \"Test abreviated title\"\n        } },\n    courseCode: \"COURSE101\"\n};\nvar stateAfter = {\n    teachingPeriods: [],\n    numberOfUnits: 4,\n    courseTemplateLoadError: false,\n    courseInfoLoadError: false,\n    unitLoadError: false,\n    unitLoading: false,\n    courseInfoLoading: false,\n    courseInfo: {\n        courseName: \"Test Course\",\n        faculty: \"Test Faculty\",\n        creditPoints: 100,\n        courseDescription: \"Test Description\",\n        durationStr: \"Test Duration\",\n        modeAndLocation: \"Test mode and location\",\n        awards: \"Test awards\",\n        abrTitle: \"Test abreviated title\"\n    },\n    focusedCourse: \"COURSE101\"\n};\n(0, _deepFreeze2.default)(stateBefore);\n(0, _deepFreeze2.default)(action);\n(0, _expect2.default)((0, _CourseStructure2.default)(stateBefore, action)).toEqual(stateAfter);",
      "err": {},
      "isRoot": false,
      "uuid": "54ef9d1d-1f76-4054-a0eb-bf4e74e02feb",
      "parentUUID": "cbe078c5-277e-42d7-9e3a-4c5bd20e7632",
      "skipped": false
    },
    {
      "title": "Should correctly show that the course info fetch failed and show that it is no longer loading",
      "fullTitle": "ACTION: FETCH_COURSE_INFO_REJECTED Should correctly show that the course info fetch failed and show that it is no longer loading",
      "timedOut": false,
      "duration": 1,
      "state": "passed",
      "speed": "fast",
      "pass": true,
      "fail": false,
      "pending": false,
      "code": "var stateBefore = {\n    teachingPeriods: [],\n    numberOfUnits: 4,\n    courseTemplateLoadError: false,\n    courseInfoLoadError: false,\n    unitLoadError: false,\n    unitLoading: false,\n    courseInfoLoading: true,\n    courseInfo: null\n};\nvar action = {\n    type: \"FETCH_COURSE_INFO_REJECTED\"\n};\nvar stateAfter = {\n    teachingPeriods: [],\n    numberOfUnits: 4,\n    courseTemplateLoadError: false,\n    courseInfoLoadError: true,\n    unitLoadError: false,\n    unitLoading: false,\n    courseInfoLoading: false,\n    courseInfo: null\n};\n(0, _deepFreeze2.default)(stateBefore);\n(0, _deepFreeze2.default)(action);\n(0, _expect2.default)((0, _CourseStructure2.default)(stateBefore, action)).toEqual(stateAfter);",
      "err": {},
      "isRoot": false,
      "uuid": "2e34ca8f-77fa-44a4-bd73-3777f4c73e51",
      "parentUUID": "18d5d128-f818-48ec-bdba-4003e6be5bde",
      "skipped": false
    },
    {
      "title": "Should correctly show that the course template is loading",
      "fullTitle": "ACTION: FETCH_COURSE_TEMPLATE_PENDING Should correctly show that the course template is loading",
      "timedOut": false,
      "duration": 0,
      "state": "passed",
      "speed": "fast",
      "pass": true,
      "fail": false,
      "pending": false,
      "code": "var stateBefore = {\n    teachingPeriods: [],\n    numberOfUnits: 4,\n    courseTemplateLoadError: false,\n    courseInfoLoadError: false,\n    unitLoadError: false,\n    unitLoading: false,\n    courseLoading: false,\n    courseTemplateData: null\n};\nvar action = {\n    type: \"FETCH_COURSE_TEMPLATE_PENDING\"\n};\nvar stateAfter = {\n    teachingPeriods: [],\n    numberOfUnits: 4,\n    courseTemplateLoadError: false,\n    courseInfoLoadError: false,\n    unitLoadError: false,\n    unitLoading: false,\n    courseLoading: true,\n    courseTemplateData: null\n};\n(0, _deepFreeze2.default)(stateBefore);\n(0, _deepFreeze2.default)(action);\n(0, _expect2.default)((0, _CourseStructure2.default)(stateBefore, action)).toEqual(stateAfter);",
      "err": {},
      "isRoot": false,
      "uuid": "05c0d60d-b325-4a6f-abd3-722ecf271a7d",
      "parentUUID": "b19a5ab5-46fa-462c-adc6-dc8ac2fd667f",
      "skipped": false
    },
    {
      "title": "Should correctly return the payload and show that it is no longer loading",
      "fullTitle": "ACTION: FETCH_COURSE_TEMPLATE_FULFILLED Should correctly return the payload and show that it is no longer loading",
      "timedOut": false,
      "duration": 0,
      "state": "passed",
      "speed": "fast",
      "pass": true,
      "fail": false,
      "pending": false,
      "code": "var stateBefore = {\n    teachingPeriods: [],\n    numberOfUnits: 4,\n    courseTemplateLoadError: false,\n    courseInfoLoadError: false,\n    unitLoadError: false,\n    unitLoading: false,\n    courseLoading: true,\n    courseTemplateData: null\n};\nvar action = {\n    type: \"FETCH_COURSE_TEMPLATE_FULFILLED\",\n    payload: { data: \"Fake Course Template\" }\n};\nvar stateAfter = {\n    teachingPeriods: [],\n    numberOfUnits: 4,\n    courseTemplateLoadError: false,\n    courseInfoLoadError: false,\n    unitLoadError: false,\n    unitLoading: false,\n    courseLoading: false,\n    courseTemplateData: \"Fake Course Template\"\n};\n(0, _deepFreeze2.default)(stateBefore);\n(0, _deepFreeze2.default)(action);\n(0, _expect2.default)((0, _CourseStructure2.default)(stateBefore, action)).toEqual(stateAfter);",
      "err": {},
      "isRoot": false,
      "uuid": "746c20cf-c672-4b0b-8c13-fea2beb8225d",
      "parentUUID": "e9f6f527-cafb-44dc-9c17-150ddea5ab56",
      "skipped": false
    },
    {
      "title": "Should correctly show that the course template fetch failed and show that it is no longer loading",
      "fullTitle": "ACTION: FETCH_COURSE_TEMPLATE_REJECTED Should correctly show that the course template fetch failed and show that it is no longer loading",
      "timedOut": false,
      "duration": 0,
      "state": "passed",
      "speed": "fast",
      "pass": true,
      "fail": false,
      "pending": false,
      "code": "var stateBefore = {\n    teachingPeriods: [],\n    numberOfUnits: 4,\n    courseTemplateLoadError: false,\n    courseInfoLoadError: false,\n    unitLoadError: false,\n    unitLoading: false,\n    courseLoading: true,\n    courseTemplateData: null\n};\nvar action = {\n    type: \"FETCH_COURSE_TEMPLATE_REJECTED\"\n};\nvar stateAfter = {\n    teachingPeriods: [],\n    numberOfUnits: 4,\n    courseTemplateLoadError: true,\n    courseInfoLoadError: false,\n    unitLoadError: false,\n    unitLoading: false,\n    courseLoading: false,\n    courseTemplateData: null\n};\n(0, _deepFreeze2.default)(stateBefore);\n(0, _deepFreeze2.default)(action);\n(0, _expect2.default)((0, _CourseStructure2.default)(stateBefore, action)).toEqual(stateAfter);",
      "err": {},
      "isRoot": false,
      "uuid": "c8329883-7c2f-4be9-8745-2d0d99f46793",
      "parentUUID": "02cd7b4d-c3fd-4f26-bc1d-afae7d15b83e",
      "skipped": false
    },
    {
      "title": "Should correctly show that the unit info is loading",
      "fullTitle": "ACTION: FETCH_UNIT_INFO_PENDING Should correctly show that the unit info is loading",
      "timedOut": false,
      "duration": 0,
      "state": "passed",
      "speed": "fast",
      "pass": true,
      "fail": false,
      "pending": false,
      "code": "var stateBefore = {\n    teachingPeriods: [],\n    numberOfUnits: 4,\n    courseTemplateLoadError: false,\n    courseInfoLoadError: false,\n    unitLoadError: false,\n    unitLoading: false,\n    courseLoading: false,\n    unitInfo: null,\n    focusedUnitCode: null\n};\nvar action = {\n    type: \"FETCH_UNIT_INFO_PENDING\"\n};\nvar stateAfter = {\n    teachingPeriods: [],\n    numberOfUnits: 4,\n    courseTemplateLoadError: false,\n    courseInfoLoadError: false,\n    unitLoadError: false,\n    unitLoading: true,\n    courseLoading: false,\n    unitInfo: null,\n    focusedUnitCode: null\n};\n(0, _deepFreeze2.default)(stateBefore);\n(0, _deepFreeze2.default)(action);\n(0, _expect2.default)((0, _CourseStructure2.default)(stateBefore, action)).toEqual(stateAfter);",
      "err": {},
      "isRoot": false,
      "uuid": "3ea85943-5a31-49b2-93de-ee2096d29c02",
      "parentUUID": "ce8270a6-0755-4df8-8dd8-dbe86e70924f",
      "skipped": false
    },
    {
      "title": "Should correctly return the payload and show that it is no longer loading",
      "fullTitle": "ACTION: FETCH_UNIT_INFO_FULFILLED Should correctly return the payload and show that it is no longer loading",
      "timedOut": false,
      "duration": 0,
      "state": "passed",
      "speed": "fast",
      "pass": true,
      "fail": false,
      "pending": false,
      "code": "var stateBefore = {\n    teachingPeriods: [],\n    numberOfUnits: 4,\n    courseTemplateLoadError: false,\n    courseInfoLoadError: false,\n    unitLoadError: false,\n    unitLoading: true,\n    courseLoading: false,\n    unitInfo: null,\n    focusedUnitCode: null\n};\nvar action = {\n    type: \"FETCH_UNIT_INFO_FULFILLED\",\n    payload: { data: \"Fake Unit Info\" },\n    unitCode: \"FAKE1001\"\n};\nvar stateAfter = {\n    teachingPeriods: [],\n    numberOfUnits: 4,\n    courseTemplateLoadError: false,\n    courseInfoLoadError: false,\n    unitLoadError: false,\n    unitLoading: false,\n    courseLoading: false,\n    unitInfo: \"Fake Unit Info\",\n    focusedUnitCode: \"FAKE1001\"\n};\n(0, _deepFreeze2.default)(stateBefore);\n(0, _deepFreeze2.default)(action);\n(0, _expect2.default)((0, _CourseStructure2.default)(stateBefore, action)).toEqual(stateAfter);",
      "err": {},
      "isRoot": false,
      "uuid": "9d8d8bc5-db2c-4a71-a179-00211c160ba4",
      "parentUUID": "27ba468e-369b-440a-83a9-0e3a74355db1",
      "skipped": false
    },
    {
      "title": "Should correctly show that the unit info fetch failed and show that it is no longer loading",
      "fullTitle": "ACTION: FETCH_UNIT_INFO_REJECTED Should correctly show that the unit info fetch failed and show that it is no longer loading",
      "timedOut": false,
      "duration": 1,
      "state": "passed",
      "speed": "fast",
      "pass": true,
      "fail": false,
      "pending": false,
      "code": "var stateBefore = {\n    teachingPeriods: [],\n    numberOfUnits: 4,\n    courseTemplateLoadError: false,\n    courseInfoLoadError: false,\n    unitLoadError: false,\n    unitLoading: true,\n    courseLoading: false,\n    unitInfo: null,\n    focusedUnitCode: \"FAKE1001\"\n};\nvar action = {\n    type: \"FETCH_UNIT_INFO_REJECTED\",\n    payload: \"Error Msg\"\n};\nvar stateAfter = {\n    teachingPeriods: [],\n    numberOfUnits: 4,\n    courseTemplateLoadError: false,\n    courseInfoLoadError: false,\n    unitLoadError: true,\n    unitLoading: false,\n    courseLoading: false,\n    unitInfo: null,\n    focusedUnitCode: \"FAKE1001\"\n};\n(0, _deepFreeze2.default)(stateBefore);\n(0, _deepFreeze2.default)(action);\n(0, _expect2.default)((0, _CourseStructure2.default)(stateBefore, action)).toEqual(stateAfter);",
      "err": {},
      "isRoot": false,
      "uuid": "203e82de-0e5d-4e58-8dce-da0d4c4b481c",
      "parentUUID": "bafa4f27-87e7-43c3-a93f-e500faa44042",
      "skipped": false
    },
    {
      "title": "Should accurately set the start year and the focused course on submission",
      "fullTitle": "ACTION: SUBMIT_COURSE_FORM Should accurately set the start year and the focused course on submission",
      "timedOut": false,
      "duration": 0,
      "state": "passed",
      "speed": "fast",
      "pass": true,
      "fail": false,
      "pending": false,
      "code": "var stateBefore = {\n    teachingPeriods: [],\n    numberOfUnits: 4,\n    courseTemplateLoadError: false,\n    courseInfoLoadError: false,\n    unitLoadError: false,\n    unitLoading: true,\n    courseLoading: false,\n    unitInfo: null,\n    focusedUnitCode: \"FAKE1001\",\n    focusedCourse: null,\n    startYear: 2016,\n    endYear: 2020\n};\nvar action = {\n    type: \"SUBMIT_COURSE_FORM\",\n    startYear: 2020,\n    courseCode: \"TEST1001\"\n};\nvar stateAfter = {\n    teachingPeriods: [],\n    numberOfUnits: 4,\n    courseTemplateLoadError: false,\n    courseInfoLoadError: false,\n    unitLoadError: false,\n    unitLoading: true,\n    courseLoading: false,\n    unitInfo: null,\n    focusedUnitCode: \"FAKE1001\",\n    focusedCourse: \"TEST1001\",\n    startYear: 2020,\n    endYear: 2020\n};\n(0, _deepFreeze2.default)(stateBefore);\n(0, _deepFreeze2.default)(action);\n(0, _expect2.default)((0, _CourseStructure2.default)(stateBefore, action)).toEqual(stateAfter);",
      "err": {},
      "isRoot": false,
      "uuid": "8b4f89d3-5175-45ca-826b-bad76678499c",
      "parentUUID": "707011b5-8c28-4462-9862-8fee92e7be52",
      "skipped": false
    },
    {
      "title": "Should accurately set the start year and end year on submission",
      "fullTitle": "ACTION: SUBMIT_YEAR_FORM Should accurately set the start year and end year on submission",
      "timedOut": false,
      "duration": 0,
      "state": "passed",
      "speed": "fast",
      "pass": true,
      "fail": false,
      "pending": false,
      "code": "var stateBefore = {\n    teachingPeriods: [],\n    numberOfUnits: 4,\n    courseTemplateLoadError: false,\n    courseInfoLoadError: false,\n    unitLoadError: false,\n    unitLoading: true,\n    courseLoading: false,\n    unitInfo: null,\n    focusedUnitCode: \"FAKE1001\",\n    focusedCourse: null,\n    startYear: 2016,\n    endYear: 2020\n};\nvar action = {\n    type: \"SUBMIT_YEAR_FORM\",\n    startYear: 2020,\n    endYear: 2025\n};\nvar stateAfter = {\n    teachingPeriods: [],\n    numberOfUnits: 4,\n    courseTemplateLoadError: false,\n    courseInfoLoadError: false,\n    unitLoadError: false,\n    unitLoading: true,\n    courseLoading: false,\n    unitInfo: null,\n    focusedUnitCode: \"FAKE1001\",\n    focusedCourse: null,\n    startYear: 2020,\n    endYear: 2025\n};\n(0, _deepFreeze2.default)(stateBefore);\n(0, _deepFreeze2.default)(action);\n(0, _expect2.default)((0, _CourseStructure2.default)(stateBefore, action)).toEqual(stateAfter);",
      "err": {},
      "isRoot": false,
      "uuid": "b06961c8-5c01-42e7-91ed-5f75e6553771",
      "parentUUID": "93d37549-6878-4520-8e55-8111e3db4fa8",
      "skipped": false
    }
  ],
  "allFailures": [],
  "copyrightYear": 2017
}