{
  "stats": {
    "suites": 29,
    "tests": 43,
    "passes": 43,
    "pending": 0,
    "failures": 0,
    "start": "2017-02-02T03:32:20.629Z",
    "end": "2017-02-02T03:32:21.740Z",
    "duration": 1111,
    "testsRegistered": 43,
    "passPercent": 100,
    "pendingPercent": 0,
    "other": 0,
    "hasOther": false,
    "skipped": 0,
    "hasSkipped": false,
    "passPercentClass": "success",
    "pendingPercentClass": "danger"
  },
  "suites": {
    "title": "",
    "suites": [
      {
        "title": "COMPONENT: SetuRating",
        "suites": [],
        "tests": [
          {
            "title": "should render two ratings",
            "fullTitle": "COMPONENT: SetuRating should render two ratings",
            "timedOut": false,
            "duration": 158,
            "state": "passed",
            "speed": "slow",
            "pass": true,
            "fail": false,
            "pending": false,
            "code": "expect((0, _enzyme.mount)(_react2.default.createElement(_SetuRating2.default, null)).find(\".rating\")).to.have.length(2);",
            "err": {},
            "isRoot": false,
            "uuid": "7b22df3a-6d4f-49d4-af0d-0597e5d6eb15",
            "parentUUID": "c57dfb68-0259-4706-b544-b6fdcc1f9d0c",
            "skipped": false
          },
          {
            "title": "should render a book if learning ratings is >=2.5",
            "fullTitle": "COMPONENT: SetuRating should render a book if learning ratings is >=2.5",
            "timedOut": false,
            "duration": 130,
            "state": "passed",
            "speed": "slow",
            "pass": true,
            "fail": false,
            "pending": false,
            "code": "expect((0, _enzyme.mount)(_react2.default.createElement(_SetuRating2.default, { starRating: 4.13 })).find(\".book\")).to.have.length(1);\nexpect((0, _enzyme.mount)(_react2.default.createElement(_SetuRating2.default, { starRating: 2.50 })).find(\".book\")).to.have.length(1);",
            "err": {},
            "isRoot": false,
            "uuid": "a7794da3-d1d5-4763-a12c-c903e94c63d7",
            "parentUUID": "c57dfb68-0259-4706-b544-b6fdcc1f9d0c",
            "skipped": false
          },
          {
            "title": "should render a remove circle if learning ratings is <2.5",
            "fullTitle": "COMPONENT: SetuRating should render a remove circle if learning ratings is <2.5",
            "timedOut": false,
            "duration": 123,
            "state": "passed",
            "speed": "slow",
            "pass": true,
            "fail": false,
            "pending": false,
            "code": "expect((0, _enzyme.mount)(_react2.default.createElement(_SetuRating2.default, { starRating: 1.51 })).find(\".remove.circle\")).to.have.length(1);\nexpect((0, _enzyme.mount)(_react2.default.createElement(_SetuRating2.default, { starRating: 2.49 })).find(\".remove.circle\")).to.have.length(1);",
            "err": {},
            "isRoot": false,
            "uuid": "bdee1268-a0e5-4831-a497-db48385c478c",
            "parentUUID": "c57dfb68-0259-4706-b544-b6fdcc1f9d0c",
            "skipped": false
          },
          {
            "title": "should render a thumbs up if enjoyment ratings is >=2.5",
            "fullTitle": "COMPONENT: SetuRating should render a thumbs up if enjoyment ratings is >=2.5",
            "timedOut": false,
            "duration": 129,
            "state": "passed",
            "speed": "slow",
            "pass": true,
            "fail": false,
            "pending": false,
            "code": "expect((0, _enzyme.mount)(_react2.default.createElement(_SetuRating2.default, { heartRating: 4.13 })).find(\".thumbs.up\")).to.have.length(1);\nexpect((0, _enzyme.mount)(_react2.default.createElement(_SetuRating2.default, { heartRating: 2.50 })).find(\".thumbs.up\")).to.have.length(1);",
            "err": {},
            "isRoot": false,
            "uuid": "29ca9482-cf27-4cc7-bb08-d87639fa24b4",
            "parentUUID": "c57dfb68-0259-4706-b544-b6fdcc1f9d0c",
            "skipped": false
          },
          {
            "title": "should render a thumbs down if enjoyment ratings is <2.5",
            "fullTitle": "COMPONENT: SetuRating should render a thumbs down if enjoyment ratings is <2.5",
            "timedOut": false,
            "duration": 101,
            "state": "passed",
            "speed": "slow",
            "pass": true,
            "fail": false,
            "pending": false,
            "code": "expect((0, _enzyme.mount)(_react2.default.createElement(_SetuRating2.default, { heartRating: 1.51 })).find(\".thumbs.down\")).to.have.length(1);\nexpect((0, _enzyme.mount)(_react2.default.createElement(_SetuRating2.default, { heartRating: 2.49 })).find(\".thumbs.down\")).to.have.length(1);",
            "err": {},
            "isRoot": false,
            "uuid": "0c6ef5a2-bd65-48f0-9ef4-1aca473994de",
            "parentUUID": "c57dfb68-0259-4706-b544-b6fdcc1f9d0c",
            "skipped": false
          }
        ],
        "pending": [],
        "root": false,
        "_timeout": 2000,
        "file": "/test/components/Unit/SetuRating.spec.jsx",
        "uuid": "c57dfb68-0259-4706-b544-b6fdcc1f9d0c",
        "fullFile": "/home/staff01/Documents/monPlanR/test/components/Unit/SetuRating.spec.jsx",
        "passes": [
          {
            "title": "should render two ratings",
            "fullTitle": "COMPONENT: SetuRating should render two ratings",
            "timedOut": false,
            "duration": 158,
            "state": "passed",
            "speed": "slow",
            "pass": true,
            "fail": false,
            "pending": false,
            "code": "expect((0, _enzyme.mount)(_react2.default.createElement(_SetuRating2.default, null)).find(\".rating\")).to.have.length(2);",
            "err": {},
            "isRoot": false,
            "uuid": "7b22df3a-6d4f-49d4-af0d-0597e5d6eb15",
            "parentUUID": "c57dfb68-0259-4706-b544-b6fdcc1f9d0c",
            "skipped": false
          },
          {
            "title": "should render a book if learning ratings is >=2.5",
            "fullTitle": "COMPONENT: SetuRating should render a book if learning ratings is >=2.5",
            "timedOut": false,
            "duration": 130,
            "state": "passed",
            "speed": "slow",
            "pass": true,
            "fail": false,
            "pending": false,
            "code": "expect((0, _enzyme.mount)(_react2.default.createElement(_SetuRating2.default, { starRating: 4.13 })).find(\".book\")).to.have.length(1);\nexpect((0, _enzyme.mount)(_react2.default.createElement(_SetuRating2.default, { starRating: 2.50 })).find(\".book\")).to.have.length(1);",
            "err": {},
            "isRoot": false,
            "uuid": "a7794da3-d1d5-4763-a12c-c903e94c63d7",
            "parentUUID": "c57dfb68-0259-4706-b544-b6fdcc1f9d0c",
            "skipped": false
          },
          {
            "title": "should render a remove circle if learning ratings is <2.5",
            "fullTitle": "COMPONENT: SetuRating should render a remove circle if learning ratings is <2.5",
            "timedOut": false,
            "duration": 123,
            "state": "passed",
            "speed": "slow",
            "pass": true,
            "fail": false,
            "pending": false,
            "code": "expect((0, _enzyme.mount)(_react2.default.createElement(_SetuRating2.default, { starRating: 1.51 })).find(\".remove.circle\")).to.have.length(1);\nexpect((0, _enzyme.mount)(_react2.default.createElement(_SetuRating2.default, { starRating: 2.49 })).find(\".remove.circle\")).to.have.length(1);",
            "err": {},
            "isRoot": false,
            "uuid": "bdee1268-a0e5-4831-a497-db48385c478c",
            "parentUUID": "c57dfb68-0259-4706-b544-b6fdcc1f9d0c",
            "skipped": false
          },
          {
            "title": "should render a thumbs up if enjoyment ratings is >=2.5",
            "fullTitle": "COMPONENT: SetuRating should render a thumbs up if enjoyment ratings is >=2.5",
            "timedOut": false,
            "duration": 129,
            "state": "passed",
            "speed": "slow",
            "pass": true,
            "fail": false,
            "pending": false,
            "code": "expect((0, _enzyme.mount)(_react2.default.createElement(_SetuRating2.default, { heartRating: 4.13 })).find(\".thumbs.up\")).to.have.length(1);\nexpect((0, _enzyme.mount)(_react2.default.createElement(_SetuRating2.default, { heartRating: 2.50 })).find(\".thumbs.up\")).to.have.length(1);",
            "err": {},
            "isRoot": false,
            "uuid": "29ca9482-cf27-4cc7-bb08-d87639fa24b4",
            "parentUUID": "c57dfb68-0259-4706-b544-b6fdcc1f9d0c",
            "skipped": false
          },
          {
            "title": "should render a thumbs down if enjoyment ratings is <2.5",
            "fullTitle": "COMPONENT: SetuRating should render a thumbs down if enjoyment ratings is <2.5",
            "timedOut": false,
            "duration": 101,
            "state": "passed",
            "speed": "slow",
            "pass": true,
            "fail": false,
            "pending": false,
            "code": "expect((0, _enzyme.mount)(_react2.default.createElement(_SetuRating2.default, { heartRating: 1.51 })).find(\".thumbs.down\")).to.have.length(1);\nexpect((0, _enzyme.mount)(_react2.default.createElement(_SetuRating2.default, { heartRating: 2.49 })).find(\".thumbs.down\")).to.have.length(1);",
            "err": {},
            "isRoot": false,
            "uuid": "0c6ef5a2-bd65-48f0-9ef4-1aca473994de",
            "parentUUID": "c57dfb68-0259-4706-b544-b6fdcc1f9d0c",
            "skipped": false
          }
        ],
        "failures": [],
        "skipped": [],
        "hasTests": true,
        "hasSuites": false,
        "totalTests": 5,
        "totalPasses": 5,
        "totalFailures": 0,
        "totalPending": 0,
        "totalSkipped": 0,
        "hasPasses": true,
        "hasFailures": false,
        "hasPending": false,
        "hasSkipped": false,
        "duration": 641
      },
      {
        "title": "COMPONENT: Unit",
        "suites": [],
        "tests": [
          {
            "title": "should only render a unit code and a unit name",
            "fullTitle": "COMPONENT: Unit should only render a unit code and a unit name",
            "timedOut": false,
            "duration": 98,
            "state": "passed",
            "speed": "slow",
            "pass": true,
            "fail": false,
            "pending": false,
            "code": "var unitCode = \"ABC1234\";\nvar unitName = \"Example unit\";\nvar wrapper = (0, _enzyme.mount)(_react2.default.createElement(_Unit.Unit, {\n    code: unitCode,\n    name: unitName,\n    connectDragSource: identity,\n    connectDropTarget: identity }));\nexpect(wrapper.find(\".header\").text().trim()).to.equal(unitCode);\nexpect(wrapper.find(\".message\").text().replace(unitCode, \"\").trim()).to.equal(unitName);",
            "err": {},
            "isRoot": false,
            "uuid": "a74ea2fc-54c6-4b62-bff7-3dad35f1015c",
            "parentUUID": "df9b00d4-81ed-4a11-87df-bc3e743d7184",
            "skipped": false
          },
          {
            "title": "should render a close button only when mouse is over the unit",
            "fullTitle": "COMPONENT: Unit should render a close button only when mouse is over the unit",
            "timedOut": false,
            "duration": 126,
            "state": "passed",
            "speed": "slow",
            "pass": true,
            "fail": false,
            "pending": false,
            "code": "var wrapper = (0, _enzyme.mount)(_react2.default.createElement(_Unit.Unit, {\n    code: \"ABC1234\",\n    name: \"Example unit\",\n    connectDragSource: identity,\n    connectDropTarget: identity }));\nwrapper.simulate(\"mouseout\");\nwrapper.simulate(\"mouseleave\");\nexpect(wrapper.find(\".buttons\")).to.have.length(1);\nexpect(wrapper.find(\".buttons\")).to.have.style(\"visibility\", \"hidden\");\nwrapper.simulate(\"mouseover\");\nwrapper.simulate(\"mouseenter\");\nexpect(wrapper.find(\".buttons\")).to.have.length(1);\nexpect(wrapper.find(\".buttons\")).to.have.style(\"visibility\", \"visible\");\nwrapper.simulate(\"mouseout\");\nwrapper.simulate(\"mouseleave\");\nexpect(wrapper.find(\".buttons\")).to.have.length(1);\nexpect(wrapper.find(\".buttons\")).to.have.style(\"visibility\", \"hidden\");",
            "err": {},
            "isRoot": false,
            "uuid": "265f6515-2785-4314-bfc3-963e4e31c032",
            "parentUUID": "df9b00d4-81ed-4a11-87df-bc3e743d7184",
            "skipped": false
          }
        ],
        "pending": [],
        "root": false,
        "_timeout": 2000,
        "file": "/test/components/Unit/Unit.spec.jsx",
        "uuid": "df9b00d4-81ed-4a11-87df-bc3e743d7184",
        "fullFile": "/home/staff01/Documents/monPlanR/test/components/Unit/Unit.spec.jsx",
        "passes": [
          {
            "title": "should only render a unit code and a unit name",
            "fullTitle": "COMPONENT: Unit should only render a unit code and a unit name",
            "timedOut": false,
            "duration": 98,
            "state": "passed",
            "speed": "slow",
            "pass": true,
            "fail": false,
            "pending": false,
            "code": "var unitCode = \"ABC1234\";\nvar unitName = \"Example unit\";\nvar wrapper = (0, _enzyme.mount)(_react2.default.createElement(_Unit.Unit, {\n    code: unitCode,\n    name: unitName,\n    connectDragSource: identity,\n    connectDropTarget: identity }));\nexpect(wrapper.find(\".header\").text().trim()).to.equal(unitCode);\nexpect(wrapper.find(\".message\").text().replace(unitCode, \"\").trim()).to.equal(unitName);",
            "err": {},
            "isRoot": false,
            "uuid": "a74ea2fc-54c6-4b62-bff7-3dad35f1015c",
            "parentUUID": "df9b00d4-81ed-4a11-87df-bc3e743d7184",
            "skipped": false
          },
          {
            "title": "should render a close button only when mouse is over the unit",
            "fullTitle": "COMPONENT: Unit should render a close button only when mouse is over the unit",
            "timedOut": false,
            "duration": 126,
            "state": "passed",
            "speed": "slow",
            "pass": true,
            "fail": false,
            "pending": false,
            "code": "var wrapper = (0, _enzyme.mount)(_react2.default.createElement(_Unit.Unit, {\n    code: \"ABC1234\",\n    name: \"Example unit\",\n    connectDragSource: identity,\n    connectDropTarget: identity }));\nwrapper.simulate(\"mouseout\");\nwrapper.simulate(\"mouseleave\");\nexpect(wrapper.find(\".buttons\")).to.have.length(1);\nexpect(wrapper.find(\".buttons\")).to.have.style(\"visibility\", \"hidden\");\nwrapper.simulate(\"mouseover\");\nwrapper.simulate(\"mouseenter\");\nexpect(wrapper.find(\".buttons\")).to.have.length(1);\nexpect(wrapper.find(\".buttons\")).to.have.style(\"visibility\", \"visible\");\nwrapper.simulate(\"mouseout\");\nwrapper.simulate(\"mouseleave\");\nexpect(wrapper.find(\".buttons\")).to.have.length(1);\nexpect(wrapper.find(\".buttons\")).to.have.style(\"visibility\", \"hidden\");",
            "err": {},
            "isRoot": false,
            "uuid": "265f6515-2785-4314-bfc3-963e4e31c032",
            "parentUUID": "df9b00d4-81ed-4a11-87df-bc3e743d7184",
            "skipped": false
          }
        ],
        "failures": [],
        "skipped": [],
        "hasTests": true,
        "hasSuites": false,
        "totalTests": 2,
        "totalPasses": 2,
        "totalFailures": 0,
        "totalPending": 0,
        "totalSkipped": 0,
        "hasPasses": true,
        "hasFailures": false,
        "hasPending": false,
        "hasSkipped": false,
        "duration": 224
      },
      {
        "title": "REDUCER: Counter",
        "suites": [
          {
            "title": "ACTION: INCREMENT_CREDIT_POINTS",
            "suites": [],
            "tests": [
              {
                "title": "Should increment the credit point state by a given value",
                "fullTitle": "REDUCER: Counter ACTION: INCREMENT_CREDIT_POINTS Should increment the credit point state by a given value",
                "timedOut": false,
                "duration": 2,
                "state": "passed",
                "speed": "fast",
                "pass": true,
                "fail": false,
                "pending": false,
                "code": "var stateBefore = { cost: 2, creditPoints: 0 };\nvar action = {\n    type: \"INCREMENT_CREDIT_POINTS\",\n    value: 1\n};\nvar stateAfter = {\n    cost: 2,\n    creditPoints: 1\n};\n(0, _deepFreeze2.default)(stateBefore);\n(0, _deepFreeze2.default)(action);\n(0, _expect2.default)((0, _Counter2.default)(stateBefore, action)).toEqual(stateAfter);",
                "err": {},
                "isRoot": false,
                "uuid": "cd3ba6e1-e967-4c18-80da-de0867992a32",
                "parentUUID": "94f954ce-a526-4944-8cd6-8af524fa11d1",
                "skipped": false
              }
            ],
            "pending": [],
            "root": false,
            "_timeout": 2000,
            "file": "/test/reducers/Counter.spec.js",
            "uuid": "94f954ce-a526-4944-8cd6-8af524fa11d1",
            "fullFile": "/home/staff01/Documents/monPlanR/test/reducers/Counter.spec.js",
            "passes": [
              {
                "title": "Should increment the credit point state by a given value",
                "fullTitle": "REDUCER: Counter ACTION: INCREMENT_CREDIT_POINTS Should increment the credit point state by a given value",
                "timedOut": false,
                "duration": 2,
                "state": "passed",
                "speed": "fast",
                "pass": true,
                "fail": false,
                "pending": false,
                "code": "var stateBefore = { cost: 2, creditPoints: 0 };\nvar action = {\n    type: \"INCREMENT_CREDIT_POINTS\",\n    value: 1\n};\nvar stateAfter = {\n    cost: 2,\n    creditPoints: 1\n};\n(0, _deepFreeze2.default)(stateBefore);\n(0, _deepFreeze2.default)(action);\n(0, _expect2.default)((0, _Counter2.default)(stateBefore, action)).toEqual(stateAfter);",
                "err": {},
                "isRoot": false,
                "uuid": "cd3ba6e1-e967-4c18-80da-de0867992a32",
                "parentUUID": "94f954ce-a526-4944-8cd6-8af524fa11d1",
                "skipped": false
              }
            ],
            "failures": [],
            "skipped": [],
            "hasTests": true,
            "hasSuites": false,
            "totalTests": 1,
            "totalPasses": 1,
            "totalFailures": 0,
            "totalPending": 0,
            "totalSkipped": 0,
            "hasPasses": true,
            "hasFailures": false,
            "hasPending": false,
            "hasSkipped": false,
            "duration": 2
          },
          {
            "title": "ACTION: DECREMENT_CREDIT_POINTS",
            "suites": [],
            "tests": [
              {
                "title": "Should decrement the credit point state by a given value",
                "fullTitle": "REDUCER: Counter ACTION: DECREMENT_CREDIT_POINTS Should decrement the credit point state by a given value",
                "timedOut": false,
                "duration": 0,
                "state": "passed",
                "speed": "fast",
                "pass": true,
                "fail": false,
                "pending": false,
                "code": "var stateBefore = { cost: 40, creditPoints: 50 };\nvar action = {\n    type: \"DECREMENT_CREDIT_POINTS\",\n    value: 10\n};\nvar stateAfter = {\n    cost: 40,\n    creditPoints: 40\n};\n(0, _deepFreeze2.default)(stateBefore);\n(0, _deepFreeze2.default)(action);\n(0, _expect2.default)((0, _Counter2.default)(stateBefore, action)).toEqual(stateAfter);",
                "err": {},
                "isRoot": false,
                "uuid": "1f19a6a5-6e02-40e5-881d-de5c15e19658",
                "parentUUID": "a512ec54-ed8a-4d83-be60-c8259b187c95",
                "skipped": false
              },
              {
                "title": "Should decrement the credit point state to 0 if a value given is larger than the current credit point value",
                "fullTitle": "REDUCER: Counter ACTION: DECREMENT_CREDIT_POINTS Should decrement the credit point state to 0 if a value given is larger than the current credit point value",
                "timedOut": false,
                "duration": 0,
                "state": "passed",
                "speed": "fast",
                "pass": true,
                "fail": false,
                "pending": false,
                "code": "var stateBefore = { cost: 40, creditPoints: 50 };\nvar action = {\n    type: \"DECREMENT_CREDIT_POINTS\",\n    value: 51\n};\nvar stateAfter = {\n    cost: 40,\n    creditPoints: 0\n};\n(0, _deepFreeze2.default)(stateBefore);\n(0, _deepFreeze2.default)(action);\n(0, _expect2.default)((0, _Counter2.default)(stateBefore, action)).toEqual(stateAfter);",
                "err": {},
                "isRoot": false,
                "uuid": "0f1c73e6-1524-4911-8f4d-7b0a80cc2883",
                "parentUUID": "a512ec54-ed8a-4d83-be60-c8259b187c95",
                "skipped": false
              }
            ],
            "pending": [],
            "root": false,
            "_timeout": 2000,
            "file": "/test/reducers/Counter.spec.js",
            "uuid": "a512ec54-ed8a-4d83-be60-c8259b187c95",
            "fullFile": "/home/staff01/Documents/monPlanR/test/reducers/Counter.spec.js",
            "passes": [
              {
                "title": "Should decrement the credit point state by a given value",
                "fullTitle": "REDUCER: Counter ACTION: DECREMENT_CREDIT_POINTS Should decrement the credit point state by a given value",
                "timedOut": false,
                "duration": 0,
                "state": "passed",
                "speed": "fast",
                "pass": true,
                "fail": false,
                "pending": false,
                "code": "var stateBefore = { cost: 40, creditPoints: 50 };\nvar action = {\n    type: \"DECREMENT_CREDIT_POINTS\",\n    value: 10\n};\nvar stateAfter = {\n    cost: 40,\n    creditPoints: 40\n};\n(0, _deepFreeze2.default)(stateBefore);\n(0, _deepFreeze2.default)(action);\n(0, _expect2.default)((0, _Counter2.default)(stateBefore, action)).toEqual(stateAfter);",
                "err": {},
                "isRoot": false,
                "uuid": "1f19a6a5-6e02-40e5-881d-de5c15e19658",
                "parentUUID": "a512ec54-ed8a-4d83-be60-c8259b187c95",
                "skipped": false
              },
              {
                "title": "Should decrement the credit point state to 0 if a value given is larger than the current credit point value",
                "fullTitle": "REDUCER: Counter ACTION: DECREMENT_CREDIT_POINTS Should decrement the credit point state to 0 if a value given is larger than the current credit point value",
                "timedOut": false,
                "duration": 0,
                "state": "passed",
                "speed": "fast",
                "pass": true,
                "fail": false,
                "pending": false,
                "code": "var stateBefore = { cost: 40, creditPoints: 50 };\nvar action = {\n    type: \"DECREMENT_CREDIT_POINTS\",\n    value: 51\n};\nvar stateAfter = {\n    cost: 40,\n    creditPoints: 0\n};\n(0, _deepFreeze2.default)(stateBefore);\n(0, _deepFreeze2.default)(action);\n(0, _expect2.default)((0, _Counter2.default)(stateBefore, action)).toEqual(stateAfter);",
                "err": {},
                "isRoot": false,
                "uuid": "0f1c73e6-1524-4911-8f4d-7b0a80cc2883",
                "parentUUID": "a512ec54-ed8a-4d83-be60-c8259b187c95",
                "skipped": false
              }
            ],
            "failures": [],
            "skipped": [],
            "hasTests": true,
            "hasSuites": false,
            "totalTests": 2,
            "totalPasses": 2,
            "totalFailures": 0,
            "totalPending": 0,
            "totalSkipped": 0,
            "hasPasses": true,
            "hasFailures": false,
            "hasPending": false,
            "hasSkipped": false,
            "duration": 0
          },
          {
            "title": "ACTION: INCREMENT_COST",
            "suites": [],
            "tests": [
              {
                "title": "Should increment the cost state by a given value",
                "fullTitle": "REDUCER: Counter ACTION: INCREMENT_COST Should increment the cost state by a given value",
                "timedOut": false,
                "duration": 0,
                "state": "passed",
                "speed": "fast",
                "pass": true,
                "fail": false,
                "pending": false,
                "code": "var stateBefore = { cost: 20, creditPoints: 13 };\nvar action = {\n    type: \"INCREMENT_COST\",\n    value: 1\n};\nvar stateAfter = {\n    cost: 21,\n    creditPoints: 13\n};\n(0, _deepFreeze2.default)(stateBefore);\n(0, _deepFreeze2.default)(action);\n(0, _expect2.default)((0, _Counter2.default)(stateBefore, action)).toEqual(stateAfter);",
                "err": {},
                "isRoot": false,
                "uuid": "683b9712-6222-4b16-b554-e20033835342",
                "parentUUID": "6908e2ad-3fd5-4b41-8273-47db14f24c9a",
                "skipped": false
              }
            ],
            "pending": [],
            "root": false,
            "_timeout": 2000,
            "file": "/test/reducers/Counter.spec.js",
            "uuid": "6908e2ad-3fd5-4b41-8273-47db14f24c9a",
            "fullFile": "/home/staff01/Documents/monPlanR/test/reducers/Counter.spec.js",
            "passes": [
              {
                "title": "Should increment the cost state by a given value",
                "fullTitle": "REDUCER: Counter ACTION: INCREMENT_COST Should increment the cost state by a given value",
                "timedOut": false,
                "duration": 0,
                "state": "passed",
                "speed": "fast",
                "pass": true,
                "fail": false,
                "pending": false,
                "code": "var stateBefore = { cost: 20, creditPoints: 13 };\nvar action = {\n    type: \"INCREMENT_COST\",\n    value: 1\n};\nvar stateAfter = {\n    cost: 21,\n    creditPoints: 13\n};\n(0, _deepFreeze2.default)(stateBefore);\n(0, _deepFreeze2.default)(action);\n(0, _expect2.default)((0, _Counter2.default)(stateBefore, action)).toEqual(stateAfter);",
                "err": {},
                "isRoot": false,
                "uuid": "683b9712-6222-4b16-b554-e20033835342",
                "parentUUID": "6908e2ad-3fd5-4b41-8273-47db14f24c9a",
                "skipped": false
              }
            ],
            "failures": [],
            "skipped": [],
            "hasTests": true,
            "hasSuites": false,
            "totalTests": 1,
            "totalPasses": 1,
            "totalFailures": 0,
            "totalPending": 0,
            "totalSkipped": 0,
            "hasPasses": true,
            "hasFailures": false,
            "hasPending": false,
            "hasSkipped": false,
            "duration": 0
          },
          {
            "title": "ACTION: DECREMENT_COST",
            "suites": [],
            "tests": [
              {
                "title": "Should decrement the cost state by a given value",
                "fullTitle": "REDUCER: Counter ACTION: DECREMENT_COST Should decrement the cost state by a given value",
                "timedOut": false,
                "duration": 0,
                "state": "passed",
                "speed": "fast",
                "pass": true,
                "fail": false,
                "pending": false,
                "code": "var stateBefore = { cost: 50, creditPoints: 40 };\nvar action = {\n    type: \"DECREMENT_COST\",\n    value: 10\n};\nvar stateAfter = {\n    cost: 40,\n    creditPoints: 40\n};\n(0, _deepFreeze2.default)(stateBefore);\n(0, _deepFreeze2.default)(action);\n(0, _expect2.default)((0, _Counter2.default)(stateBefore, action)).toEqual(stateAfter);",
                "err": {},
                "isRoot": false,
                "uuid": "e604d6a7-8be2-4a5c-af53-d62137060521",
                "parentUUID": "2c65f98a-db21-45c3-a64f-5551227490fb",
                "skipped": false
              },
              {
                "title": "Should decrement the cost state to 0 if a value given is larger than the current credit point value",
                "fullTitle": "REDUCER: Counter ACTION: DECREMENT_COST Should decrement the cost state to 0 if a value given is larger than the current credit point value",
                "timedOut": false,
                "duration": 0,
                "state": "passed",
                "speed": "fast",
                "pass": true,
                "fail": false,
                "pending": false,
                "code": "var stateBefore = { cost: 50, creditPoints: 40 };\nvar action = {\n    type: \"DECREMENT_COST\",\n    value: 51\n};\nvar stateAfter = {\n    cost: 0,\n    creditPoints: 40\n};\n(0, _deepFreeze2.default)(stateBefore);\n(0, _deepFreeze2.default)(action);\n(0, _expect2.default)((0, _Counter2.default)(stateBefore, action)).toEqual(stateAfter);",
                "err": {},
                "isRoot": false,
                "uuid": "018274b8-4bbb-45f5-a166-0c3f6c497a4a",
                "parentUUID": "2c65f98a-db21-45c3-a64f-5551227490fb",
                "skipped": false
              }
            ],
            "pending": [],
            "root": false,
            "_timeout": 2000,
            "file": "/test/reducers/Counter.spec.js",
            "uuid": "2c65f98a-db21-45c3-a64f-5551227490fb",
            "fullFile": "/home/staff01/Documents/monPlanR/test/reducers/Counter.spec.js",
            "passes": [
              {
                "title": "Should decrement the cost state by a given value",
                "fullTitle": "REDUCER: Counter ACTION: DECREMENT_COST Should decrement the cost state by a given value",
                "timedOut": false,
                "duration": 0,
                "state": "passed",
                "speed": "fast",
                "pass": true,
                "fail": false,
                "pending": false,
                "code": "var stateBefore = { cost: 50, creditPoints: 40 };\nvar action = {\n    type: \"DECREMENT_COST\",\n    value: 10\n};\nvar stateAfter = {\n    cost: 40,\n    creditPoints: 40\n};\n(0, _deepFreeze2.default)(stateBefore);\n(0, _deepFreeze2.default)(action);\n(0, _expect2.default)((0, _Counter2.default)(stateBefore, action)).toEqual(stateAfter);",
                "err": {},
                "isRoot": false,
                "uuid": "e604d6a7-8be2-4a5c-af53-d62137060521",
                "parentUUID": "2c65f98a-db21-45c3-a64f-5551227490fb",
                "skipped": false
              },
              {
                "title": "Should decrement the cost state to 0 if a value given is larger than the current credit point value",
                "fullTitle": "REDUCER: Counter ACTION: DECREMENT_COST Should decrement the cost state to 0 if a value given is larger than the current credit point value",
                "timedOut": false,
                "duration": 0,
                "state": "passed",
                "speed": "fast",
                "pass": true,
                "fail": false,
                "pending": false,
                "code": "var stateBefore = { cost: 50, creditPoints: 40 };\nvar action = {\n    type: \"DECREMENT_COST\",\n    value: 51\n};\nvar stateAfter = {\n    cost: 0,\n    creditPoints: 40\n};\n(0, _deepFreeze2.default)(stateBefore);\n(0, _deepFreeze2.default)(action);\n(0, _expect2.default)((0, _Counter2.default)(stateBefore, action)).toEqual(stateAfter);",
                "err": {},
                "isRoot": false,
                "uuid": "018274b8-4bbb-45f5-a166-0c3f6c497a4a",
                "parentUUID": "2c65f98a-db21-45c3-a64f-5551227490fb",
                "skipped": false
              }
            ],
            "failures": [],
            "skipped": [],
            "hasTests": true,
            "hasSuites": false,
            "totalTests": 2,
            "totalPasses": 2,
            "totalFailures": 0,
            "totalPending": 0,
            "totalSkipped": 0,
            "hasPasses": true,
            "hasFailures": false,
            "hasPending": false,
            "hasSkipped": false,
            "duration": 0
          },
          {
            "title": "ACTION: CLEAR_COURSE",
            "suites": [],
            "tests": [
              {
                "title": "Should reset the cost and credit point counters to 0",
                "fullTitle": "REDUCER: Counter ACTION: CLEAR_COURSE Should reset the cost and credit point counters to 0",
                "timedOut": false,
                "duration": 0,
                "state": "passed",
                "speed": "fast",
                "pass": true,
                "fail": false,
                "pending": false,
                "code": "var stateBefore = { cost: 50, creditPoints: 40 };\nvar action = {\n    type: \"CLEAR_COURSE\"\n};\nvar stateAfter = { cost: 0, creditPoints: 0 };\n(0, _deepFreeze2.default)(stateBefore);\n(0, _deepFreeze2.default)(action);\n(0, _expect2.default)((0, _Counter2.default)(stateBefore, action)).toEqual(stateAfter);",
                "err": {},
                "isRoot": false,
                "uuid": "8ce953d1-42c6-4a36-9727-359d09c35777",
                "parentUUID": "c1b6c950-d020-44c6-9b68-1db5166d0324",
                "skipped": false
              }
            ],
            "pending": [],
            "root": false,
            "_timeout": 2000,
            "file": "/test/reducers/Counter.spec.js",
            "uuid": "c1b6c950-d020-44c6-9b68-1db5166d0324",
            "fullFile": "/home/staff01/Documents/monPlanR/test/reducers/Counter.spec.js",
            "passes": [
              {
                "title": "Should reset the cost and credit point counters to 0",
                "fullTitle": "REDUCER: Counter ACTION: CLEAR_COURSE Should reset the cost and credit point counters to 0",
                "timedOut": false,
                "duration": 0,
                "state": "passed",
                "speed": "fast",
                "pass": true,
                "fail": false,
                "pending": false,
                "code": "var stateBefore = { cost: 50, creditPoints: 40 };\nvar action = {\n    type: \"CLEAR_COURSE\"\n};\nvar stateAfter = { cost: 0, creditPoints: 0 };\n(0, _deepFreeze2.default)(stateBefore);\n(0, _deepFreeze2.default)(action);\n(0, _expect2.default)((0, _Counter2.default)(stateBefore, action)).toEqual(stateAfter);",
                "err": {},
                "isRoot": false,
                "uuid": "8ce953d1-42c6-4a36-9727-359d09c35777",
                "parentUUID": "c1b6c950-d020-44c6-9b68-1db5166d0324",
                "skipped": false
              }
            ],
            "failures": [],
            "skipped": [],
            "hasTests": true,
            "hasSuites": false,
            "totalTests": 1,
            "totalPasses": 1,
            "totalFailures": 0,
            "totalPending": 0,
            "totalSkipped": 0,
            "hasPasses": true,
            "hasFailures": false,
            "hasPending": false,
            "hasSkipped": false,
            "duration": 0
          }
        ],
        "tests": [],
        "pending": [],
        "root": false,
        "_timeout": 2000,
        "file": "/test/reducers/Counter.spec.js",
        "uuid": "a528934e-1f0b-4572-bcf7-ba2ca7c39694",
        "fullFile": "/home/staff01/Documents/monPlanR/test/reducers/Counter.spec.js",
        "passes": [],
        "failures": [],
        "skipped": [],
        "hasTests": false,
        "hasSuites": true,
        "totalTests": 0,
        "totalPasses": 0,
        "totalFailures": 0,
        "totalPending": 0,
        "totalSkipped": 0,
        "hasPasses": false,
        "hasFailures": false,
        "hasPending": false,
        "hasSkipped": false,
        "duration": 0
      },
      {
        "title": "REDUCER: CourseStructure",
        "suites": [
          {
            "title": "ACTION: INSERT_TEACHING_PERIOD",
            "suites": [],
            "tests": [
              {
                "title": "Should insert a teaching period with the given info correctly into middle of array",
                "fullTitle": "REDUCER: CourseStructure ACTION: INSERT_TEACHING_PERIOD Should insert a teaching period with the given info correctly into middle of array",
                "timedOut": false,
                "duration": 5,
                "state": "passed",
                "speed": "fast",
                "pass": true,
                "fail": false,
                "pending": false,
                "code": "var stateBefore = {\n    teachingPeriods: [{ year: 2017, code: \"S2-01\", units: [null, null, null, null] }, { year: 2019, code: \"S2-01\", units: [null, null, null, null] }],\n    numberOfUnits: 4\n};\nvar action = {\n    type: \"INSERT_TEACHING_PERIOD\",\n    year: 2018,\n    code: \"S2-01\",\n    index: 1\n};\nvar stateAfter = {\n    teachingPeriods: [{ year: 2017, code: \"S2-01\", units: [null, null, null, null] }, { year: 2018, code: \"S2-01\", units: [null, null, null, null] }, { year: 2019, code: \"S2-01\", units: [null, null, null, null] }],\n    numberOfUnits: 4\n};\n(0, _deepFreeze2.default)(stateBefore);\n(0, _deepFreeze2.default)(action);\n(0, _expect2.default)((0, _CourseStructure2.default)(stateBefore, action)).toEqual(stateAfter);",
                "err": {},
                "isRoot": false,
                "uuid": "2da33711-e74f-4f73-88be-1b71e4c4b8e0",
                "parentUUID": "ff2ebe7e-2f46-45c5-8213-1e27d37c22ef",
                "skipped": false
              },
              {
                "title": "Should insert a teaching period with the given info correctly into start of array",
                "fullTitle": "REDUCER: CourseStructure ACTION: INSERT_TEACHING_PERIOD Should insert a teaching period with the given info correctly into start of array",
                "timedOut": false,
                "duration": 1,
                "state": "passed",
                "speed": "fast",
                "pass": true,
                "fail": false,
                "pending": false,
                "code": "var stateBefore = {\n    teachingPeriods: [{ year: 2017, code: \"S2-01\", units: [null, null, null, null] }, { year: 2019, code: \"S2-01\", units: [null, null, null, null] }],\n    numberOfUnits: 4\n};\nvar action = {\n    type: \"INSERT_TEACHING_PERIOD\",\n    year: 2016,\n    code: \"S2-01\",\n    index: 0\n};\nvar stateAfter = {\n    teachingPeriods: [{ year: 2016, code: \"S2-01\", units: [null, null, null, null] }, { year: 2017, code: \"S2-01\", units: [null, null, null, null] }, { year: 2019, code: \"S2-01\", units: [null, null, null, null] }],\n    numberOfUnits: 4\n};\n(0, _deepFreeze2.default)(stateBefore);\n(0, _deepFreeze2.default)(action);\n(0, _expect2.default)((0, _CourseStructure2.default)(stateBefore, action)).toEqual(stateAfter);",
                "err": {},
                "isRoot": false,
                "uuid": "b5e7ab90-c33c-4173-9ab7-b97a3a476c1d",
                "parentUUID": "ff2ebe7e-2f46-45c5-8213-1e27d37c22ef",
                "skipped": false
              }
            ],
            "pending": [],
            "root": false,
            "_timeout": 2000,
            "file": "/test/reducers/CourseStructure.spec.js",
            "uuid": "ff2ebe7e-2f46-45c5-8213-1e27d37c22ef",
            "fullFile": "/home/staff01/Documents/monPlanR/test/reducers/CourseStructure.spec.js",
            "passes": [
              {
                "title": "Should insert a teaching period with the given info correctly into middle of array",
                "fullTitle": "REDUCER: CourseStructure ACTION: INSERT_TEACHING_PERIOD Should insert a teaching period with the given info correctly into middle of array",
                "timedOut": false,
                "duration": 5,
                "state": "passed",
                "speed": "fast",
                "pass": true,
                "fail": false,
                "pending": false,
                "code": "var stateBefore = {\n    teachingPeriods: [{ year: 2017, code: \"S2-01\", units: [null, null, null, null] }, { year: 2019, code: \"S2-01\", units: [null, null, null, null] }],\n    numberOfUnits: 4\n};\nvar action = {\n    type: \"INSERT_TEACHING_PERIOD\",\n    year: 2018,\n    code: \"S2-01\",\n    index: 1\n};\nvar stateAfter = {\n    teachingPeriods: [{ year: 2017, code: \"S2-01\", units: [null, null, null, null] }, { year: 2018, code: \"S2-01\", units: [null, null, null, null] }, { year: 2019, code: \"S2-01\", units: [null, null, null, null] }],\n    numberOfUnits: 4\n};\n(0, _deepFreeze2.default)(stateBefore);\n(0, _deepFreeze2.default)(action);\n(0, _expect2.default)((0, _CourseStructure2.default)(stateBefore, action)).toEqual(stateAfter);",
                "err": {},
                "isRoot": false,
                "uuid": "2da33711-e74f-4f73-88be-1b71e4c4b8e0",
                "parentUUID": "ff2ebe7e-2f46-45c5-8213-1e27d37c22ef",
                "skipped": false
              },
              {
                "title": "Should insert a teaching period with the given info correctly into start of array",
                "fullTitle": "REDUCER: CourseStructure ACTION: INSERT_TEACHING_PERIOD Should insert a teaching period with the given info correctly into start of array",
                "timedOut": false,
                "duration": 1,
                "state": "passed",
                "speed": "fast",
                "pass": true,
                "fail": false,
                "pending": false,
                "code": "var stateBefore = {\n    teachingPeriods: [{ year: 2017, code: \"S2-01\", units: [null, null, null, null] }, { year: 2019, code: \"S2-01\", units: [null, null, null, null] }],\n    numberOfUnits: 4\n};\nvar action = {\n    type: \"INSERT_TEACHING_PERIOD\",\n    year: 2016,\n    code: \"S2-01\",\n    index: 0\n};\nvar stateAfter = {\n    teachingPeriods: [{ year: 2016, code: \"S2-01\", units: [null, null, null, null] }, { year: 2017, code: \"S2-01\", units: [null, null, null, null] }, { year: 2019, code: \"S2-01\", units: [null, null, null, null] }],\n    numberOfUnits: 4\n};\n(0, _deepFreeze2.default)(stateBefore);\n(0, _deepFreeze2.default)(action);\n(0, _expect2.default)((0, _CourseStructure2.default)(stateBefore, action)).toEqual(stateAfter);",
                "err": {},
                "isRoot": false,
                "uuid": "b5e7ab90-c33c-4173-9ab7-b97a3a476c1d",
                "parentUUID": "ff2ebe7e-2f46-45c5-8213-1e27d37c22ef",
                "skipped": false
              }
            ],
            "failures": [],
            "skipped": [],
            "hasTests": true,
            "hasSuites": false,
            "totalTests": 2,
            "totalPasses": 2,
            "totalFailures": 0,
            "totalPending": 0,
            "totalSkipped": 0,
            "hasPasses": true,
            "hasFailures": false,
            "hasPending": false,
            "hasSkipped": false,
            "duration": 6
          },
          {
            "title": "ACTION: REMOVE_TEACHING_PERIOD",
            "suites": [],
            "tests": [
              {
                "title": "Should remove a teaching period at the given index",
                "fullTitle": "REDUCER: CourseStructure ACTION: REMOVE_TEACHING_PERIOD Should remove a teaching period at the given index",
                "timedOut": false,
                "duration": 1,
                "state": "passed",
                "speed": "fast",
                "pass": true,
                "fail": false,
                "pending": false,
                "code": "var stateBefore = {\n    teachingPeriods: [{ year: 2017, code: \"S2-01\", units: [null, null, null, null] }, { year: 2018, code: \"S2-01\", units: [null, null, null, null] }, { year: 2019, code: \"S2-01\", units: [null, null, null, null] }],\n    numberOfUnits: 4\n};\nvar action = {\n    type: \"REMOVE_TEACHING_PERIOD\",\n    index: 1\n};\nvar stateAfter = {\n    teachingPeriods: [{ year: 2017, code: \"S2-01\", units: [null, null, null, null] }, { year: 2019, code: \"S2-01\", units: [null, null, null, null] }],\n    numberOfUnits: 4\n};\n(0, _deepFreeze2.default)(stateBefore);\n(0, _deepFreeze2.default)(action);\n(0, _expect2.default)((0, _CourseStructure2.default)(stateBefore, action)).toEqual(stateAfter);",
                "err": {},
                "isRoot": false,
                "uuid": "bc2cbeb6-a0b3-4b00-bfe5-7c2620c8d929",
                "parentUUID": "f709debe-cc84-4309-a14d-8384dcde690a",
                "skipped": false
              },
              {
                "title": "Should remove a teaching period at the start of the array",
                "fullTitle": "REDUCER: CourseStructure ACTION: REMOVE_TEACHING_PERIOD Should remove a teaching period at the start of the array",
                "timedOut": false,
                "duration": 0,
                "state": "passed",
                "speed": "fast",
                "pass": true,
                "fail": false,
                "pending": false,
                "code": "var stateBefore = {\n    teachingPeriods: [{ year: 2017, code: \"S2-01\", units: [null, null, null, null] }, { year: 2018, code: \"S2-01\", units: [null, null, null, null] }, { year: 2019, code: \"S2-01\", units: [null, null, null, null] }],\n    numberOfUnits: 4\n};\nvar action = {\n    type: \"REMOVE_TEACHING_PERIOD\",\n    index: 0\n};\nvar stateAfter = {\n    teachingPeriods: [{ year: 2018, code: \"S2-01\", units: [null, null, null, null] }, { year: 2019, code: \"S2-01\", units: [null, null, null, null] }],\n    numberOfUnits: 4\n};\n(0, _deepFreeze2.default)(stateBefore);\n(0, _deepFreeze2.default)(action);\n(0, _expect2.default)((0, _CourseStructure2.default)(stateBefore, action)).toEqual(stateAfter);",
                "err": {},
                "isRoot": false,
                "uuid": "fa8146e3-4af8-4c23-b869-e68589c83268",
                "parentUUID": "f709debe-cc84-4309-a14d-8384dcde690a",
                "skipped": false
              }
            ],
            "pending": [],
            "root": false,
            "_timeout": 2000,
            "file": "/test/reducers/CourseStructure.spec.js",
            "uuid": "f709debe-cc84-4309-a14d-8384dcde690a",
            "fullFile": "/home/staff01/Documents/monPlanR/test/reducers/CourseStructure.spec.js",
            "passes": [
              {
                "title": "Should remove a teaching period at the given index",
                "fullTitle": "REDUCER: CourseStructure ACTION: REMOVE_TEACHING_PERIOD Should remove a teaching period at the given index",
                "timedOut": false,
                "duration": 1,
                "state": "passed",
                "speed": "fast",
                "pass": true,
                "fail": false,
                "pending": false,
                "code": "var stateBefore = {\n    teachingPeriods: [{ year: 2017, code: \"S2-01\", units: [null, null, null, null] }, { year: 2018, code: \"S2-01\", units: [null, null, null, null] }, { year: 2019, code: \"S2-01\", units: [null, null, null, null] }],\n    numberOfUnits: 4\n};\nvar action = {\n    type: \"REMOVE_TEACHING_PERIOD\",\n    index: 1\n};\nvar stateAfter = {\n    teachingPeriods: [{ year: 2017, code: \"S2-01\", units: [null, null, null, null] }, { year: 2019, code: \"S2-01\", units: [null, null, null, null] }],\n    numberOfUnits: 4\n};\n(0, _deepFreeze2.default)(stateBefore);\n(0, _deepFreeze2.default)(action);\n(0, _expect2.default)((0, _CourseStructure2.default)(stateBefore, action)).toEqual(stateAfter);",
                "err": {},
                "isRoot": false,
                "uuid": "bc2cbeb6-a0b3-4b00-bfe5-7c2620c8d929",
                "parentUUID": "f709debe-cc84-4309-a14d-8384dcde690a",
                "skipped": false
              },
              {
                "title": "Should remove a teaching period at the start of the array",
                "fullTitle": "REDUCER: CourseStructure ACTION: REMOVE_TEACHING_PERIOD Should remove a teaching period at the start of the array",
                "timedOut": false,
                "duration": 0,
                "state": "passed",
                "speed": "fast",
                "pass": true,
                "fail": false,
                "pending": false,
                "code": "var stateBefore = {\n    teachingPeriods: [{ year: 2017, code: \"S2-01\", units: [null, null, null, null] }, { year: 2018, code: \"S2-01\", units: [null, null, null, null] }, { year: 2019, code: \"S2-01\", units: [null, null, null, null] }],\n    numberOfUnits: 4\n};\nvar action = {\n    type: \"REMOVE_TEACHING_PERIOD\",\n    index: 0\n};\nvar stateAfter = {\n    teachingPeriods: [{ year: 2018, code: \"S2-01\", units: [null, null, null, null] }, { year: 2019, code: \"S2-01\", units: [null, null, null, null] }],\n    numberOfUnits: 4\n};\n(0, _deepFreeze2.default)(stateBefore);\n(0, _deepFreeze2.default)(action);\n(0, _expect2.default)((0, _CourseStructure2.default)(stateBefore, action)).toEqual(stateAfter);",
                "err": {},
                "isRoot": false,
                "uuid": "fa8146e3-4af8-4c23-b869-e68589c83268",
                "parentUUID": "f709debe-cc84-4309-a14d-8384dcde690a",
                "skipped": false
              }
            ],
            "failures": [],
            "skipped": [],
            "hasTests": true,
            "hasSuites": false,
            "totalTests": 2,
            "totalPasses": 2,
            "totalFailures": 0,
            "totalPending": 0,
            "totalSkipped": 0,
            "hasPasses": true,
            "hasFailures": false,
            "hasPending": false,
            "hasSkipped": false,
            "duration": 1
          },
          {
            "title": "ACTION: APPEND_TEACHING_PERIOD",
            "suites": [],
            "tests": [
              {
                "title": "Should add the given teaching period to the end of the array",
                "fullTitle": "REDUCER: CourseStructure ACTION: APPEND_TEACHING_PERIOD Should add the given teaching period to the end of the array",
                "timedOut": false,
                "duration": 4,
                "state": "passed",
                "speed": "fast",
                "pass": true,
                "fail": false,
                "pending": false,
                "code": "var stateBefore = {\n    teachingPeriods: [{ year: 2018, code: \"S2-01\", units: [null, null, null, null] }, { year: 2019, code: \"S2-01\", units: [null, null, null, null] }],\n    numberOfUnits: 4\n};\nvar action = {\n    type: \"APPEND_TEACHING_PERIOD\",\n    year: 2020,\n    code: \"S2-01\"\n};\nvar stateAfter = {\n    teachingPeriods: [{ year: 2018, code: \"S2-01\", units: [null, null, null, null] }, { year: 2019, code: \"S2-01\", units: [null, null, null, null] }, { year: 2020, code: \"S2-01\", units: [null, null, null, null] }],\n    numberOfUnits: 4\n};\n(0, _deepFreeze2.default)(stateBefore);\n(0, _deepFreeze2.default)(action);\n(0, _expect2.default)((0, _CourseStructure2.default)(stateBefore, action)).toEqual(stateAfter);",
                "err": {},
                "isRoot": false,
                "uuid": "83279210-457a-48d8-8172-f00dba9a431a",
                "parentUUID": "327e06ba-b9cd-40eb-b3c2-10ec50518c9b",
                "skipped": false
              }
            ],
            "pending": [],
            "root": false,
            "_timeout": 2000,
            "file": "/test/reducers/CourseStructure.spec.js",
            "uuid": "327e06ba-b9cd-40eb-b3c2-10ec50518c9b",
            "fullFile": "/home/staff01/Documents/monPlanR/test/reducers/CourseStructure.spec.js",
            "passes": [
              {
                "title": "Should add the given teaching period to the end of the array",
                "fullTitle": "REDUCER: CourseStructure ACTION: APPEND_TEACHING_PERIOD Should add the given teaching period to the end of the array",
                "timedOut": false,
                "duration": 4,
                "state": "passed",
                "speed": "fast",
                "pass": true,
                "fail": false,
                "pending": false,
                "code": "var stateBefore = {\n    teachingPeriods: [{ year: 2018, code: \"S2-01\", units: [null, null, null, null] }, { year: 2019, code: \"S2-01\", units: [null, null, null, null] }],\n    numberOfUnits: 4\n};\nvar action = {\n    type: \"APPEND_TEACHING_PERIOD\",\n    year: 2020,\n    code: \"S2-01\"\n};\nvar stateAfter = {\n    teachingPeriods: [{ year: 2018, code: \"S2-01\", units: [null, null, null, null] }, { year: 2019, code: \"S2-01\", units: [null, null, null, null] }, { year: 2020, code: \"S2-01\", units: [null, null, null, null] }],\n    numberOfUnits: 4\n};\n(0, _deepFreeze2.default)(stateBefore);\n(0, _deepFreeze2.default)(action);\n(0, _expect2.default)((0, _CourseStructure2.default)(stateBefore, action)).toEqual(stateAfter);",
                "err": {},
                "isRoot": false,
                "uuid": "83279210-457a-48d8-8172-f00dba9a431a",
                "parentUUID": "327e06ba-b9cd-40eb-b3c2-10ec50518c9b",
                "skipped": false
              }
            ],
            "failures": [],
            "skipped": [],
            "hasTests": true,
            "hasSuites": false,
            "totalTests": 1,
            "totalPasses": 1,
            "totalFailures": 0,
            "totalPending": 0,
            "totalSkipped": 0,
            "hasPasses": true,
            "hasFailures": false,
            "hasPending": false,
            "hasSkipped": false,
            "duration": 4
          },
          {
            "title": "ACTION: INCREASE_STUDY_LOAD",
            "suites": [],
            "tests": [
              {
                "title": "Should increase the study load if the study load is less than 4",
                "fullTitle": "REDUCER: CourseStructure ACTION: INCREASE_STUDY_LOAD Should increase the study load if the study load is less than 4",
                "timedOut": false,
                "duration": 0,
                "state": "passed",
                "speed": "fast",
                "pass": true,
                "fail": false,
                "pending": false,
                "code": "var stateBefore = {\n    teachingPeriods: [{ year: 2018, code: \"S2-01\", units: [null, null, null, null] }],\n    numberOfUnits: 4\n};\nvar action = {\n    type: \"INCREASE_STUDY_LOAD\"\n};\nvar stateAfter = {\n    teachingPeriods: [{ year: 2018, code: \"S2-01\", units: [null, null, null, null, null] }],\n    numberOfUnits: 5\n};\n(0, _deepFreeze2.default)(stateBefore);\n(0, _deepFreeze2.default)(action);\n(0, _expect2.default)((0, _CourseStructure2.default)(stateBefore, action)).toEqual(stateAfter);",
                "err": {},
                "isRoot": false,
                "uuid": "00c5fa99-5e9b-454a-bc14-87e2764d01f9",
                "parentUUID": "13089b70-02e2-42b0-baf9-db3573ff91ad",
                "skipped": false
              },
              {
                "title": "Should not increase the study load if the study load is 6 or greater",
                "fullTitle": "REDUCER: CourseStructure ACTION: INCREASE_STUDY_LOAD Should not increase the study load if the study load is 6 or greater",
                "timedOut": false,
                "duration": 4,
                "state": "passed",
                "speed": "fast",
                "pass": true,
                "fail": false,
                "pending": false,
                "code": "var stateBefore = {\n    teachingPeriods: [{ year: 2018, code: \"S2-01\", units: [null, null, null, null, null, null] }],\n    numberOfUnits: 6\n};\nvar action = {\n    type: \"INCREASE_STUDY_LOAD\"\n};\nvar stateAfter = {\n    teachingPeriods: [{ year: 2018, code: \"S2-01\", units: [null, null, null, null, null, null] }],\n    numberOfUnits: 6\n};\n(0, _deepFreeze2.default)(stateBefore);\n(0, _deepFreeze2.default)(action);\n(0, _expect2.default)((0, _CourseStructure2.default)(stateBefore, action)).toEqual(stateAfter);",
                "err": {},
                "isRoot": false,
                "uuid": "f979cc9a-189b-40f7-9a1f-84856d2db7ab",
                "parentUUID": "13089b70-02e2-42b0-baf9-db3573ff91ad",
                "skipped": false
              }
            ],
            "pending": [],
            "root": false,
            "_timeout": 2000,
            "file": "/test/reducers/CourseStructure.spec.js",
            "uuid": "13089b70-02e2-42b0-baf9-db3573ff91ad",
            "fullFile": "/home/staff01/Documents/monPlanR/test/reducers/CourseStructure.spec.js",
            "passes": [
              {
                "title": "Should increase the study load if the study load is less than 4",
                "fullTitle": "REDUCER: CourseStructure ACTION: INCREASE_STUDY_LOAD Should increase the study load if the study load is less than 4",
                "timedOut": false,
                "duration": 0,
                "state": "passed",
                "speed": "fast",
                "pass": true,
                "fail": false,
                "pending": false,
                "code": "var stateBefore = {\n    teachingPeriods: [{ year: 2018, code: \"S2-01\", units: [null, null, null, null] }],\n    numberOfUnits: 4\n};\nvar action = {\n    type: \"INCREASE_STUDY_LOAD\"\n};\nvar stateAfter = {\n    teachingPeriods: [{ year: 2018, code: \"S2-01\", units: [null, null, null, null, null] }],\n    numberOfUnits: 5\n};\n(0, _deepFreeze2.default)(stateBefore);\n(0, _deepFreeze2.default)(action);\n(0, _expect2.default)((0, _CourseStructure2.default)(stateBefore, action)).toEqual(stateAfter);",
                "err": {},
                "isRoot": false,
                "uuid": "00c5fa99-5e9b-454a-bc14-87e2764d01f9",
                "parentUUID": "13089b70-02e2-42b0-baf9-db3573ff91ad",
                "skipped": false
              },
              {
                "title": "Should not increase the study load if the study load is 6 or greater",
                "fullTitle": "REDUCER: CourseStructure ACTION: INCREASE_STUDY_LOAD Should not increase the study load if the study load is 6 or greater",
                "timedOut": false,
                "duration": 4,
                "state": "passed",
                "speed": "fast",
                "pass": true,
                "fail": false,
                "pending": false,
                "code": "var stateBefore = {\n    teachingPeriods: [{ year: 2018, code: \"S2-01\", units: [null, null, null, null, null, null] }],\n    numberOfUnits: 6\n};\nvar action = {\n    type: \"INCREASE_STUDY_LOAD\"\n};\nvar stateAfter = {\n    teachingPeriods: [{ year: 2018, code: \"S2-01\", units: [null, null, null, null, null, null] }],\n    numberOfUnits: 6\n};\n(0, _deepFreeze2.default)(stateBefore);\n(0, _deepFreeze2.default)(action);\n(0, _expect2.default)((0, _CourseStructure2.default)(stateBefore, action)).toEqual(stateAfter);",
                "err": {},
                "isRoot": false,
                "uuid": "f979cc9a-189b-40f7-9a1f-84856d2db7ab",
                "parentUUID": "13089b70-02e2-42b0-baf9-db3573ff91ad",
                "skipped": false
              }
            ],
            "failures": [],
            "skipped": [],
            "hasTests": true,
            "hasSuites": false,
            "totalTests": 2,
            "totalPasses": 2,
            "totalFailures": 0,
            "totalPending": 0,
            "totalSkipped": 0,
            "hasPasses": true,
            "hasFailures": false,
            "hasPending": false,
            "hasSkipped": false,
            "duration": 4
          },
          {
            "title": "ACTION: DECREASE_STUDY_LOAD",
            "suites": [],
            "tests": [
              {
                "title": "Should decrease the study load if the study load is greater than 4",
                "fullTitle": "REDUCER: CourseStructure ACTION: DECREASE_STUDY_LOAD Should decrease the study load if the study load is greater than 4",
                "timedOut": false,
                "duration": 1,
                "state": "passed",
                "speed": "fast",
                "pass": true,
                "fail": false,
                "pending": false,
                "code": "var stateBefore = {\n    teachingPeriods: [{ year: 2018, code: \"S2-01\", units: [null, null, null, null, null] }],\n    numberOfUnits: 5\n};\nvar action = {\n    type: \"DECREASE_STUDY_LOAD\"\n};\nvar stateAfter = {\n    teachingPeriods: [{ year: 2018, code: \"S2-01\", units: [null, null, null, null] }],\n    numberOfUnits: 4\n};\n(0, _deepFreeze2.default)(stateBefore);\n(0, _deepFreeze2.default)(action);\n(0, _expect2.default)((0, _CourseStructure2.default)(stateBefore, action)).toEqual(stateAfter);",
                "err": {},
                "isRoot": false,
                "uuid": "6b441998-2e0e-48f0-9511-1640621fba49",
                "parentUUID": "c1aa75a8-a97e-495d-b334-f0d462fb5a20",
                "skipped": false
              },
              {
                "title": "Should not decrease the study load if the study load is 4 or less",
                "fullTitle": "REDUCER: CourseStructure ACTION: DECREASE_STUDY_LOAD Should not decrease the study load if the study load is 4 or less",
                "timedOut": false,
                "duration": 1,
                "state": "passed",
                "speed": "fast",
                "pass": true,
                "fail": false,
                "pending": false,
                "code": "var stateBefore = {\n    teachingPeriods: [{ year: 2018, code: \"S2-01\", units: [null, null, null, null] }],\n    numberOfUnits: 4\n};\nvar action = {\n    type: \"DECREASE_STUDY_LOAD\"\n};\nvar stateAfter = {\n    teachingPeriods: [{ year: 2018, code: \"S2-01\", units: [null, null, null, null] }],\n    numberOfUnits: 4\n};\n(0, _deepFreeze2.default)(stateBefore);\n(0, _deepFreeze2.default)(action);\n(0, _expect2.default)((0, _CourseStructure2.default)(stateBefore, action)).toEqual(stateAfter);",
                "err": {},
                "isRoot": false,
                "uuid": "01ac77ce-649d-482d-9c42-4c26d028bd54",
                "parentUUID": "c1aa75a8-a97e-495d-b334-f0d462fb5a20",
                "skipped": false
              }
            ],
            "pending": [],
            "root": false,
            "_timeout": 2000,
            "file": "/test/reducers/CourseStructure.spec.js",
            "uuid": "c1aa75a8-a97e-495d-b334-f0d462fb5a20",
            "fullFile": "/home/staff01/Documents/monPlanR/test/reducers/CourseStructure.spec.js",
            "passes": [
              {
                "title": "Should decrease the study load if the study load is greater than 4",
                "fullTitle": "REDUCER: CourseStructure ACTION: DECREASE_STUDY_LOAD Should decrease the study load if the study load is greater than 4",
                "timedOut": false,
                "duration": 1,
                "state": "passed",
                "speed": "fast",
                "pass": true,
                "fail": false,
                "pending": false,
                "code": "var stateBefore = {\n    teachingPeriods: [{ year: 2018, code: \"S2-01\", units: [null, null, null, null, null] }],\n    numberOfUnits: 5\n};\nvar action = {\n    type: \"DECREASE_STUDY_LOAD\"\n};\nvar stateAfter = {\n    teachingPeriods: [{ year: 2018, code: \"S2-01\", units: [null, null, null, null] }],\n    numberOfUnits: 4\n};\n(0, _deepFreeze2.default)(stateBefore);\n(0, _deepFreeze2.default)(action);\n(0, _expect2.default)((0, _CourseStructure2.default)(stateBefore, action)).toEqual(stateAfter);",
                "err": {},
                "isRoot": false,
                "uuid": "6b441998-2e0e-48f0-9511-1640621fba49",
                "parentUUID": "c1aa75a8-a97e-495d-b334-f0d462fb5a20",
                "skipped": false
              },
              {
                "title": "Should not decrease the study load if the study load is 4 or less",
                "fullTitle": "REDUCER: CourseStructure ACTION: DECREASE_STUDY_LOAD Should not decrease the study load if the study load is 4 or less",
                "timedOut": false,
                "duration": 1,
                "state": "passed",
                "speed": "fast",
                "pass": true,
                "fail": false,
                "pending": false,
                "code": "var stateBefore = {\n    teachingPeriods: [{ year: 2018, code: \"S2-01\", units: [null, null, null, null] }],\n    numberOfUnits: 4\n};\nvar action = {\n    type: \"DECREASE_STUDY_LOAD\"\n};\nvar stateAfter = {\n    teachingPeriods: [{ year: 2018, code: \"S2-01\", units: [null, null, null, null] }],\n    numberOfUnits: 4\n};\n(0, _deepFreeze2.default)(stateBefore);\n(0, _deepFreeze2.default)(action);\n(0, _expect2.default)((0, _CourseStructure2.default)(stateBefore, action)).toEqual(stateAfter);",
                "err": {},
                "isRoot": false,
                "uuid": "01ac77ce-649d-482d-9c42-4c26d028bd54",
                "parentUUID": "c1aa75a8-a97e-495d-b334-f0d462fb5a20",
                "skipped": false
              }
            ],
            "failures": [],
            "skipped": [],
            "hasTests": true,
            "hasSuites": false,
            "totalTests": 2,
            "totalPasses": 2,
            "totalFailures": 0,
            "totalPending": 0,
            "totalSkipped": 0,
            "hasPasses": true,
            "hasFailures": false,
            "hasPending": false,
            "hasSkipped": false,
            "duration": 2
          },
          {
            "title": "ACTION: CLEAR_COURSE",
            "suites": [],
            "tests": [
              {
                "title": "Should remove all teaching periods and set the amount of units to 4",
                "fullTitle": "REDUCER: CourseStructure ACTION: CLEAR_COURSE Should remove all teaching periods and set the amount of units to 4",
                "timedOut": false,
                "duration": 0,
                "state": "passed",
                "speed": "fast",
                "pass": true,
                "fail": false,
                "pending": false,
                "code": "var stateBefore = {\n    teachingPeriods: [{ year: 2018, code: \"S2-01\", units: [null, null, null, null, null] }],\n    numberOfUnits: 5\n};\nvar action = {\n    type: \"CLEAR_COURSE\"\n};\nvar stateAfter = {\n    teachingPeriods: [],\n    numberOfUnits: 4\n};\n(0, _deepFreeze2.default)(stateBefore);\n(0, _deepFreeze2.default)(action);\n(0, _expect2.default)((0, _CourseStructure2.default)(stateBefore, action)).toEqual(stateAfter);",
                "err": {},
                "isRoot": false,
                "uuid": "5fddf4e9-d85e-45ea-842e-6677396f23be",
                "parentUUID": "0fa48ea0-cdb5-472c-83ee-db045c02124d",
                "skipped": false
              }
            ],
            "pending": [],
            "root": false,
            "_timeout": 2000,
            "file": "/test/reducers/CourseStructure.spec.js",
            "uuid": "0fa48ea0-cdb5-472c-83ee-db045c02124d",
            "fullFile": "/home/staff01/Documents/monPlanR/test/reducers/CourseStructure.spec.js",
            "passes": [
              {
                "title": "Should remove all teaching periods and set the amount of units to 4",
                "fullTitle": "REDUCER: CourseStructure ACTION: CLEAR_COURSE Should remove all teaching periods and set the amount of units to 4",
                "timedOut": false,
                "duration": 0,
                "state": "passed",
                "speed": "fast",
                "pass": true,
                "fail": false,
                "pending": false,
                "code": "var stateBefore = {\n    teachingPeriods: [{ year: 2018, code: \"S2-01\", units: [null, null, null, null, null] }],\n    numberOfUnits: 5\n};\nvar action = {\n    type: \"CLEAR_COURSE\"\n};\nvar stateAfter = {\n    teachingPeriods: [],\n    numberOfUnits: 4\n};\n(0, _deepFreeze2.default)(stateBefore);\n(0, _deepFreeze2.default)(action);\n(0, _expect2.default)((0, _CourseStructure2.default)(stateBefore, action)).toEqual(stateAfter);",
                "err": {},
                "isRoot": false,
                "uuid": "5fddf4e9-d85e-45ea-842e-6677396f23be",
                "parentUUID": "0fa48ea0-cdb5-472c-83ee-db045c02124d",
                "skipped": false
              }
            ],
            "failures": [],
            "skipped": [],
            "hasTests": true,
            "hasSuites": false,
            "totalTests": 1,
            "totalPasses": 1,
            "totalFailures": 0,
            "totalPending": 0,
            "totalSkipped": 0,
            "hasPasses": true,
            "hasFailures": false,
            "hasPending": false,
            "hasSkipped": false,
            "duration": 0
          },
          {
            "title": "ACTION: ADD_UNIT",
            "suites": [],
            "tests": [
              {
                "title": "Should add a unit correctly to the start of an array",
                "fullTitle": "REDUCER: CourseStructure ACTION: ADD_UNIT Should add a unit correctly to the start of an array",
                "timedOut": false,
                "duration": 3,
                "state": "passed",
                "speed": "fast",
                "pass": true,
                "fail": false,
                "pending": false,
                "code": "var stateBefore = {\n    teachingPeriods: [{ year: 2017, code: \"S2-01\", units: [null, null, null, null] }, { year: 2018, code: \"S2-01\", units: [null, null, null, null] }, { year: 2019, code: \"S2-01\", units: [null, null, null, null] }],\n    numberOfUnits: 4\n};\nvar action = {\n    type: \"ADD_UNIT\",\n    tpIndex: 0,\n    unitIndex: 0,\n    unit: { unitCode: \"XXX0001\", unitName: \"Test Unit\" }\n};\nvar stateAfter = {\n    teachingPeriods: [{ year: 2017, code: \"S2-01\", units: [{ unitCode: \"XXX0001\", unitName: \"Test Unit\" }, null, null, null] }, { year: 2018, code: \"S2-01\", units: [null, null, null, null] }, { year: 2019, code: \"S2-01\", units: [null, null, null, null] }],\n    numberOfUnits: 4\n};\n(0, _deepFreeze2.default)(stateBefore);\n(0, _deepFreeze2.default)(action);\n(0, _expect2.default)((0, _CourseStructure2.default)(stateBefore, action)).toEqual(stateAfter);",
                "err": {},
                "isRoot": false,
                "uuid": "daeb9fe6-6cb0-498f-84c6-7b9257522409",
                "parentUUID": "3d0f74f5-6944-4f1c-8c7f-1399e2ca2774",
                "skipped": false
              },
              {
                "title": "Should add a unit correctly to the middle of an array",
                "fullTitle": "REDUCER: CourseStructure ACTION: ADD_UNIT Should add a unit correctly to the middle of an array",
                "timedOut": false,
                "duration": 0,
                "state": "passed",
                "speed": "fast",
                "pass": true,
                "fail": false,
                "pending": false,
                "code": "var stateBefore = {\n    teachingPeriods: [{ year: 2017, code: \"S2-01\", units: [null, null, null, null] }, { year: 2018, code: \"S2-01\", units: [null, null, null, null] }, { year: 2019, code: \"S2-01\", units: [null, null, null, null] }],\n    numberOfUnits: 4\n};\nvar action = {\n    type: \"ADD_UNIT\",\n    tpIndex: 1,\n    unitIndex: 1,\n    unit: { unitCode: \"XXX0001\", unitName: \"Test Unit\" }\n};\nvar stateAfter = {\n    teachingPeriods: [{ year: 2017, code: \"S2-01\", units: [null, null, null, null] }, { year: 2018, code: \"S2-01\", units: [null, { unitCode: \"XXX0001\", unitName: \"Test Unit\" }, null, null] }, { year: 2019, code: \"S2-01\", units: [null, null, null, null] }],\n    numberOfUnits: 4\n};\n(0, _deepFreeze2.default)(stateBefore);\n(0, _deepFreeze2.default)(action);\n(0, _expect2.default)((0, _CourseStructure2.default)(stateBefore, action)).toEqual(stateAfter);",
                "err": {},
                "isRoot": false,
                "uuid": "f29ce178-cd07-4dcd-b11e-5b0ae128719f",
                "parentUUID": "3d0f74f5-6944-4f1c-8c7f-1399e2ca2774",
                "skipped": false
              },
              {
                "title": "Should add a unit correctly to the end of an array",
                "fullTitle": "REDUCER: CourseStructure ACTION: ADD_UNIT Should add a unit correctly to the end of an array",
                "timedOut": false,
                "duration": 1,
                "state": "passed",
                "speed": "fast",
                "pass": true,
                "fail": false,
                "pending": false,
                "code": "var stateBefore = {\n    teachingPeriods: [{ year: 2017, code: \"S2-01\", units: [null, null, null, null] }, { year: 2018, code: \"S2-01\", units: [null, null, null, null] }, { year: 2019, code: \"S2-01\", units: [null, null, null, null] }],\n    numberOfUnits: 4\n};\nvar action = {\n    type: \"ADD_UNIT\",\n    tpIndex: 2,\n    unitIndex: 3,\n    unit: { unitCode: \"XXX0001\", unitName: \"Test Unit\" }\n};\nvar stateAfter = {\n    teachingPeriods: [{ year: 2017, code: \"S2-01\", units: [null, null, null, null] }, { year: 2018, code: \"S2-01\", units: [null, null, null, null] }, { year: 2019, code: \"S2-01\", units: [null, null, null, { unitCode: \"XXX0001\", unitName: \"Test Unit\" }] }],\n    numberOfUnits: 4\n};\n(0, _deepFreeze2.default)(stateBefore);\n(0, _deepFreeze2.default)(action);\n(0, _expect2.default)((0, _CourseStructure2.default)(stateBefore, action)).toEqual(stateAfter);",
                "err": {},
                "isRoot": false,
                "uuid": "1e18de9b-4352-415d-aa6a-c28f6e20c573",
                "parentUUID": "3d0f74f5-6944-4f1c-8c7f-1399e2ca2774",
                "skipped": false
              }
            ],
            "pending": [],
            "root": false,
            "_timeout": 2000,
            "file": "/test/reducers/CourseStructure.spec.js",
            "uuid": "3d0f74f5-6944-4f1c-8c7f-1399e2ca2774",
            "fullFile": "/home/staff01/Documents/monPlanR/test/reducers/CourseStructure.spec.js",
            "passes": [
              {
                "title": "Should add a unit correctly to the start of an array",
                "fullTitle": "REDUCER: CourseStructure ACTION: ADD_UNIT Should add a unit correctly to the start of an array",
                "timedOut": false,
                "duration": 3,
                "state": "passed",
                "speed": "fast",
                "pass": true,
                "fail": false,
                "pending": false,
                "code": "var stateBefore = {\n    teachingPeriods: [{ year: 2017, code: \"S2-01\", units: [null, null, null, null] }, { year: 2018, code: \"S2-01\", units: [null, null, null, null] }, { year: 2019, code: \"S2-01\", units: [null, null, null, null] }],\n    numberOfUnits: 4\n};\nvar action = {\n    type: \"ADD_UNIT\",\n    tpIndex: 0,\n    unitIndex: 0,\n    unit: { unitCode: \"XXX0001\", unitName: \"Test Unit\" }\n};\nvar stateAfter = {\n    teachingPeriods: [{ year: 2017, code: \"S2-01\", units: [{ unitCode: \"XXX0001\", unitName: \"Test Unit\" }, null, null, null] }, { year: 2018, code: \"S2-01\", units: [null, null, null, null] }, { year: 2019, code: \"S2-01\", units: [null, null, null, null] }],\n    numberOfUnits: 4\n};\n(0, _deepFreeze2.default)(stateBefore);\n(0, _deepFreeze2.default)(action);\n(0, _expect2.default)((0, _CourseStructure2.default)(stateBefore, action)).toEqual(stateAfter);",
                "err": {},
                "isRoot": false,
                "uuid": "daeb9fe6-6cb0-498f-84c6-7b9257522409",
                "parentUUID": "3d0f74f5-6944-4f1c-8c7f-1399e2ca2774",
                "skipped": false
              },
              {
                "title": "Should add a unit correctly to the middle of an array",
                "fullTitle": "REDUCER: CourseStructure ACTION: ADD_UNIT Should add a unit correctly to the middle of an array",
                "timedOut": false,
                "duration": 0,
                "state": "passed",
                "speed": "fast",
                "pass": true,
                "fail": false,
                "pending": false,
                "code": "var stateBefore = {\n    teachingPeriods: [{ year: 2017, code: \"S2-01\", units: [null, null, null, null] }, { year: 2018, code: \"S2-01\", units: [null, null, null, null] }, { year: 2019, code: \"S2-01\", units: [null, null, null, null] }],\n    numberOfUnits: 4\n};\nvar action = {\n    type: \"ADD_UNIT\",\n    tpIndex: 1,\n    unitIndex: 1,\n    unit: { unitCode: \"XXX0001\", unitName: \"Test Unit\" }\n};\nvar stateAfter = {\n    teachingPeriods: [{ year: 2017, code: \"S2-01\", units: [null, null, null, null] }, { year: 2018, code: \"S2-01\", units: [null, { unitCode: \"XXX0001\", unitName: \"Test Unit\" }, null, null] }, { year: 2019, code: \"S2-01\", units: [null, null, null, null] }],\n    numberOfUnits: 4\n};\n(0, _deepFreeze2.default)(stateBefore);\n(0, _deepFreeze2.default)(action);\n(0, _expect2.default)((0, _CourseStructure2.default)(stateBefore, action)).toEqual(stateAfter);",
                "err": {},
                "isRoot": false,
                "uuid": "f29ce178-cd07-4dcd-b11e-5b0ae128719f",
                "parentUUID": "3d0f74f5-6944-4f1c-8c7f-1399e2ca2774",
                "skipped": false
              },
              {
                "title": "Should add a unit correctly to the end of an array",
                "fullTitle": "REDUCER: CourseStructure ACTION: ADD_UNIT Should add a unit correctly to the end of an array",
                "timedOut": false,
                "duration": 1,
                "state": "passed",
                "speed": "fast",
                "pass": true,
                "fail": false,
                "pending": false,
                "code": "var stateBefore = {\n    teachingPeriods: [{ year: 2017, code: \"S2-01\", units: [null, null, null, null] }, { year: 2018, code: \"S2-01\", units: [null, null, null, null] }, { year: 2019, code: \"S2-01\", units: [null, null, null, null] }],\n    numberOfUnits: 4\n};\nvar action = {\n    type: \"ADD_UNIT\",\n    tpIndex: 2,\n    unitIndex: 3,\n    unit: { unitCode: \"XXX0001\", unitName: \"Test Unit\" }\n};\nvar stateAfter = {\n    teachingPeriods: [{ year: 2017, code: \"S2-01\", units: [null, null, null, null] }, { year: 2018, code: \"S2-01\", units: [null, null, null, null] }, { year: 2019, code: \"S2-01\", units: [null, null, null, { unitCode: \"XXX0001\", unitName: \"Test Unit\" }] }],\n    numberOfUnits: 4\n};\n(0, _deepFreeze2.default)(stateBefore);\n(0, _deepFreeze2.default)(action);\n(0, _expect2.default)((0, _CourseStructure2.default)(stateBefore, action)).toEqual(stateAfter);",
                "err": {},
                "isRoot": false,
                "uuid": "1e18de9b-4352-415d-aa6a-c28f6e20c573",
                "parentUUID": "3d0f74f5-6944-4f1c-8c7f-1399e2ca2774",
                "skipped": false
              }
            ],
            "failures": [],
            "skipped": [],
            "hasTests": true,
            "hasSuites": false,
            "totalTests": 3,
            "totalPasses": 3,
            "totalFailures": 0,
[...]
      "code": "var stateBefore = {\n    teachingPeriods: [{ year: 2017, code: \"S2-01\", units: [null, null, null, null] }, { year: 2018, code: \"S2-01\", units: [null, null, null, null] }, { year: 2019, code: \"S2-01\", units: [null, null, null, { unitCode: \"XXX0001\", unitName: \"Test Unit\" }] }],\n    numberOfUnits: 4\n};\nvar action = {\n    type: \"REMOVE_UNIT\",\n    tpIndex: 2,\n    unitIndex: 3\n};\nvar stateAfter = {\n    teachingPeriods: [{ year: 2017, code: \"S2-01\", units: [null, null, null, null] }, { year: 2018, code: \"S2-01\", units: [null, null, null, null] }, { year: 2019, code: \"S2-01\", units: [null, null, null, null] }],\n    numberOfUnits: 4\n};\n(0, _deepFreeze2.default)(stateBefore);\n(0, _deepFreeze2.default)(action);\n(0, _expect2.default)((0, _CourseStructure2.default)(stateBefore, action)).toEqual(stateAfter);",
      "err": {},
      "isRoot": false,
      "uuid": "c76c9c96-5754-4f1d-8da1-8abbdcefd95b",
      "parentUUID": "62b04e46-43af-475b-9229-3a85f7dbce4f",
      "skipped": false
    },
    {
      "title": "Should generate a course structure with valid start and end years",
      "fullTitle": "ACTION: GENERATE_COURSE Should generate a course structure with valid start and end years",
      "timedOut": false,
      "duration": 7,
      "state": "passed",
      "speed": "fast",
      "pass": true,
      "fail": false,
      "pending": false,
      "code": "var stateBefore = {\n    teachingPeriods: [],\n    numberOfUnits: 4\n};\nvar action = {\n    type: \"GENERATE_COURSE\",\n    startYear: 2014,\n    endYear: 2016\n};\nvar stateAfter = {\n    teachingPeriods: [{ year: 2014, code: \"S1-01\", units: [null, null, null, null] }, { year: 2014, code: \"S2-01\", units: [null, null, null, null] }, { year: 2015, code: \"S1-01\", units: [null, null, null, null] }, { year: 2015, code: \"S2-01\", units: [null, null, null, null] }, { year: 2016, code: \"S1-01\", units: [null, null, null, null] }, { year: 2016, code: \"S2-01\", units: [null, null, null, null] }],\n    numberOfUnits: 4\n};\n(0, _deepFreeze2.default)(stateBefore);\n(0, _deepFreeze2.default)(action);\n(0, _expect2.default)((0, _CourseStructure2.default)(stateBefore, action)).toEqual(stateAfter);",
      "err": {},
      "isRoot": false,
      "uuid": "a5d03bce-216d-4cba-9655-448570528af6",
      "parentUUID": "7b641a52-7c02-4ea1-97ae-99c19cc5cb2a",
      "skipped": false
    },
    {
      "title": "Should return an empty course structure with invalid start and end years.",
      "fullTitle": "ACTION: GENERATE_COURSE Should return an empty course structure with invalid start and end years.",
      "timedOut": false,
      "duration": 0,
      "state": "passed",
      "speed": "fast",
      "pass": true,
      "fail": false,
      "pending": false,
      "code": "var stateBefore = {\n    teachingPeriods: [{ year: 2014, code: \"S1-01\", units: [null, null, null, null] }, { year: 2014, code: \"S2-01\", units: [null, null, null, null] }, { year: 2015, code: \"S1-01\", units: [null, null, null, null] }, { year: 2015, code: \"S2-01\", units: [null, null, null, null] }, { year: 2016, code: \"S1-01\", units: [null, null, null, null] }, { year: 2016, code: \"S2-01\", units: [null, null, null, null] }],\n    numberOfUnits: 4\n};\nvar action = {\n    type: \"GENERATE_COURSE\",\n    startYear: 2017,\n    endYear: 2013\n};\nvar stateAfter = {\n    teachingPeriods: [],\n    numberOfUnits: 4\n};\n(0, _deepFreeze2.default)(stateBefore);\n(0, _deepFreeze2.default)(action);\n(0, _expect2.default)((0, _CourseStructure2.default)(stateBefore, action)).toEqual(stateAfter);",
      "err": {},
      "isRoot": false,
      "uuid": "92edbcbe-ff9c-47b8-b2aa-e964e9abc284",
      "parentUUID": "7b641a52-7c02-4ea1-97ae-99c19cc5cb2a",
      "skipped": false
    },
    {
      "title": "Should correctly show that the course info is loading",
      "fullTitle": "ACTION: FETCH_COURSE_INFO_PENDING Should correctly show that the course info is loading",
      "timedOut": false,
      "duration": 1,
      "state": "passed",
      "speed": "fast",
      "pass": true,
      "fail": false,
      "pending": false,
      "code": "var stateBefore = {\n    teachingPeriods: [],\n    numberOfUnits: 4,\n    courseTemplateLoadError: false,\n    courseInfoLoadError: false,\n    unitLoadError: false,\n    unitLoading: false,\n    courseInfoLoading: false,\n    courseInfo: null\n};\nvar action = {\n    type: \"FETCH_COURSE_INFO_PENDING\"\n};\nvar stateAfter = {\n    teachingPeriods: [],\n    numberOfUnits: 4,\n    courseTemplateLoadError: false,\n    courseInfoLoadError: false,\n    unitLoadError: false,\n    unitLoading: false,\n    courseInfoLoading: true,\n    courseInfo: null\n};\n(0, _deepFreeze2.default)(stateBefore);\n(0, _deepFreeze2.default)(action);\n(0, _expect2.default)((0, _CourseStructure2.default)(stateBefore, action)).toEqual(stateAfter);",
      "err": {},
      "isRoot": false,
      "uuid": "fec90223-9135-4deb-857a-ba5c12ae8fd6",
      "parentUUID": "1bcda2eb-35f5-48be-9b38-3acb9ecfbb4c",
      "skipped": false
    },
    {
      "title": "Should correctly return the payload and show that it is no longer loading",
      "fullTitle": "ACTION: FETCH_COURSE_INFO_FULFILLED Should correctly return the payload and show that it is no longer loading",
      "timedOut": false,
      "duration": 1,
      "state": "passed",
      "speed": "fast",
      "pass": true,
      "fail": false,
      "pending": false,
      "code": "var stateBefore = {\n    teachingPeriods: [],\n    numberOfUnits: 4,\n    courseTemplateLoadError: false,\n    courseInfoLoadError: false,\n    unitLoadError: false,\n    unitLoading: false,\n    courseInfoLoading: true,\n    focusedCourse: null,\n    courseInfo: null\n};\nvar action = {\n    type: \"FETCH_COURSE_INFO_FULFILLED\",\n    payload: { data: {\n            courseName: \"Test Course\",\n            mangFac: \"Test Faculty\",\n            creditPoints: 100,\n            courseDescrip: \"Test Description\",\n            courseDuration: \"Test Duration\",\n            modeLoc: \"Test mode and location\",\n            courseAward: \"Test awards\",\n            abrevTitle: \"Test abreviated title\"\n        } },\n    courseCode: \"COURSE101\"\n};\nvar stateAfter = {\n    teachingPeriods: [],\n    numberOfUnits: 4,\n    courseTemplateLoadError: false,\n    courseInfoLoadError: false,\n    unitLoadError: false,\n    unitLoading: false,\n    courseInfoLoading: false,\n    courseInfo: {\n        courseName: \"Test Course\",\n        faculty: \"Test Faculty\",\n        creditPoints: 100,\n        courseDescription: \"Test Description\",\n        durationStr: \"Test Duration\",\n        modeAndLocation: \"Test mode and location\",\n        awards: \"Test awards\",\n        abrTitle: \"Test abreviated title\"\n    },\n    focusedCourse: \"COURSE101\"\n};\n(0, _deepFreeze2.default)(stateBefore);\n(0, _deepFreeze2.default)(action);\n(0, _expect2.default)((0, _CourseStructure2.default)(stateBefore, action)).toEqual(stateAfter);",
      "err": {},
      "isRoot": false,
      "uuid": "f0671754-f6b2-4492-a13a-17a41045b81d",
      "parentUUID": "649d1ea7-ee81-42b3-8987-0feccd898ba7",
      "skipped": false
    },
    {
      "title": "Should correctly show that the course info fetch failed and show that it is no longer loading",
      "fullTitle": "ACTION: FETCH_COURSE_INFO_REJECTED Should correctly show that the course info fetch failed and show that it is no longer loading",
      "timedOut": false,
      "duration": 0,
      "state": "passed",
      "speed": "fast",
      "pass": true,
      "fail": false,
      "pending": false,
      "code": "var stateBefore = {\n    teachingPeriods: [],\n    numberOfUnits: 4,\n    courseTemplateLoadError: false,\n    courseInfoLoadError: false,\n    unitLoadError: false,\n    unitLoading: false,\n    courseInfoLoading: true,\n    courseInfo: null\n};\nvar action = {\n    type: \"FETCH_COURSE_INFO_REJECTED\"\n};\nvar stateAfter = {\n    teachingPeriods: [],\n    numberOfUnits: 4,\n    courseTemplateLoadError: false,\n    courseInfoLoadError: true,\n    unitLoadError: false,\n    unitLoading: false,\n    courseInfoLoading: false,\n    courseInfo: null\n};\n(0, _deepFreeze2.default)(stateBefore);\n(0, _deepFreeze2.default)(action);\n(0, _expect2.default)((0, _CourseStructure2.default)(stateBefore, action)).toEqual(stateAfter);",
      "err": {},
      "isRoot": false,
      "uuid": "65aa1f9a-1dc1-4ea9-a49c-489967f8368e",
      "parentUUID": "80503d92-0097-48f2-9073-ff4709710a60",
      "skipped": false
    },
    {
      "title": "Should correctly show that the course template is loading",
      "fullTitle": "ACTION: FETCH_COURSE_TEMPLATE_PENDING Should correctly show that the course template is loading",
      "timedOut": false,
      "duration": 0,
      "state": "passed",
      "speed": "fast",
      "pass": true,
      "fail": false,
      "pending": false,
      "code": "var stateBefore = {\n    teachingPeriods: [],\n    numberOfUnits: 4,\n    courseTemplateLoadError: false,\n    courseInfoLoadError: false,\n    unitLoadError: false,\n    unitLoading: false,\n    courseLoading: false,\n    courseTemplateData: null\n};\nvar action = {\n    type: \"FETCH_COURSE_TEMPLATE_PENDING\"\n};\nvar stateAfter = {\n    teachingPeriods: [],\n    numberOfUnits: 4,\n    courseTemplateLoadError: false,\n    courseInfoLoadError: false,\n    unitLoadError: false,\n    unitLoading: false,\n    courseLoading: true,\n    courseTemplateData: null\n};\n(0, _deepFreeze2.default)(stateBefore);\n(0, _deepFreeze2.default)(action);\n(0, _expect2.default)((0, _CourseStructure2.default)(stateBefore, action)).toEqual(stateAfter);",
      "err": {},
      "isRoot": false,
      "uuid": "b9ac7373-e493-4f1a-bb82-e620ac0eb762",
      "parentUUID": "6b74b1c9-1502-4fb2-b76b-e169e191d137",
      "skipped": false
    },
    {
      "title": "Should correctly return the payload and show that it is no longer loading",
      "fullTitle": "ACTION: FETCH_COURSE_TEMPLATE_FULFILLED Should correctly return the payload and show that it is no longer loading",
      "timedOut": false,
      "duration": 1,
      "state": "passed",
      "speed": "fast",
      "pass": true,
      "fail": false,
      "pending": false,
      "code": "var stateBefore = {\n    teachingPeriods: [],\n    numberOfUnits: 4,\n    courseTemplateLoadError: false,\n    courseInfoLoadError: false,\n    unitLoadError: false,\n    unitLoading: false,\n    courseLoading: true,\n    courseTemplateData: null\n};\nvar action = {\n    type: \"FETCH_COURSE_TEMPLATE_FULFILLED\",\n    payload: { data: \"Fake Course Template\" }\n};\nvar stateAfter = {\n    teachingPeriods: [],\n    numberOfUnits: 4,\n    courseTemplateLoadError: false,\n    courseInfoLoadError: false,\n    unitLoadError: false,\n    unitLoading: false,\n    courseLoading: false,\n    courseTemplateData: \"Fake Course Template\"\n};\n(0, _deepFreeze2.default)(stateBefore);\n(0, _deepFreeze2.default)(action);\n(0, _expect2.default)((0, _CourseStructure2.default)(stateBefore, action)).toEqual(stateAfter);",
      "err": {},
      "isRoot": false,
      "uuid": "ba0805f7-a494-4154-98a4-25ae816afac6",
      "parentUUID": "438e18af-eb73-4b99-a94d-433cf53ca998",
      "skipped": false
    },
    {
      "title": "Should correctly show that the course template fetch failed and show that it is no longer loading",
      "fullTitle": "ACTION: FETCH_COURSE_TEMPLATE_REJECTED Should correctly show that the course template fetch failed and show that it is no longer loading",
      "timedOut": false,
      "duration": 0,
      "state": "passed",
      "speed": "fast",
      "pass": true,
      "fail": false,
      "pending": false,
      "code": "var stateBefore = {\n    teachingPeriods: [],\n    numberOfUnits: 4,\n    courseTemplateLoadError: false,\n    courseInfoLoadError: false,\n    unitLoadError: false,\n    unitLoading: false,\n    courseLoading: true,\n    courseTemplateData: null\n};\nvar action = {\n    type: \"FETCH_COURSE_TEMPLATE_REJECTED\"\n};\nvar stateAfter = {\n    teachingPeriods: [],\n    numberOfUnits: 4,\n    courseTemplateLoadError: true,\n    courseInfoLoadError: false,\n    unitLoadError: false,\n    unitLoading: false,\n    courseLoading: false,\n    courseTemplateData: null\n};\n(0, _deepFreeze2.default)(stateBefore);\n(0, _deepFreeze2.default)(action);\n(0, _expect2.default)((0, _CourseStructure2.default)(stateBefore, action)).toEqual(stateAfter);",
      "err": {},
      "isRoot": false,
      "uuid": "529e6d23-f301-4db0-b607-d41a54d3214c",
      "parentUUID": "a3f223b0-34db-4b43-9df6-fd00130c2226",
      "skipped": false
    },
    {
      "title": "Should correctly show that the unit info is loading",
      "fullTitle": "ACTION: FETCH_UNIT_INFO_PENDING Should correctly show that the unit info is loading",
      "timedOut": false,
      "duration": 0,
      "state": "passed",
      "speed": "fast",
      "pass": true,
      "fail": false,
      "pending": false,
      "code": "var stateBefore = {\n    teachingPeriods: [],\n    numberOfUnits: 4,\n    courseTemplateLoadError: false,\n    courseInfoLoadError: false,\n    unitLoadError: false,\n    unitLoading: false,\n    courseLoading: false,\n    unitInfo: null,\n    focusedUnitCode: null\n};\nvar action = {\n    type: \"FETCH_UNIT_INFO_PENDING\"\n};\nvar stateAfter = {\n    teachingPeriods: [],\n    numberOfUnits: 4,\n    courseTemplateLoadError: false,\n    courseInfoLoadError: false,\n    unitLoadError: false,\n    unitLoading: true,\n    courseLoading: false,\n    unitInfo: null,\n    focusedUnitCode: null\n};\n(0, _deepFreeze2.default)(stateBefore);\n(0, _deepFreeze2.default)(action);\n(0, _expect2.default)((0, _CourseStructure2.default)(stateBefore, action)).toEqual(stateAfter);",
      "err": {},
      "isRoot": false,
      "uuid": "e8bbdbe3-ec8c-434c-9492-d7238ce8484b",
      "parentUUID": "a2d0b336-a878-44f6-b649-6a52e45baa29",
      "skipped": false
    },
    {
      "title": "Should correctly return the payload and show that it is no longer loading",
      "fullTitle": "ACTION: FETCH_UNIT_INFO_FULFILLED Should correctly return the payload and show that it is no longer loading",
      "timedOut": false,
      "duration": 1,
      "state": "passed",
      "speed": "fast",
      "pass": true,
      "fail": false,
      "pending": false,
      "code": "var stateBefore = {\n    teachingPeriods: [],\n    numberOfUnits: 4,\n    courseTemplateLoadError: false,\n    courseInfoLoadError: false,\n    unitLoadError: false,\n    unitLoading: true,\n    courseLoading: false,\n    unitInfo: null,\n    focusedUnitCode: null\n};\nvar action = {\n    type: \"FETCH_UNIT_INFO_FULFILLED\",\n    payload: { data: \"Fake Unit Info\" },\n    unitCode: \"FAKE1001\"\n};\nvar stateAfter = {\n    teachingPeriods: [],\n    numberOfUnits: 4,\n    courseTemplateLoadError: false,\n    courseInfoLoadError: false,\n    unitLoadError: false,\n    unitLoading: false,\n    courseLoading: false,\n    unitInfo: \"Fake Unit Info\",\n    focusedUnitCode: \"FAKE1001\"\n};\n(0, _deepFreeze2.default)(stateBefore);\n(0, _deepFreeze2.default)(action);\n(0, _expect2.default)((0, _CourseStructure2.default)(stateBefore, action)).toEqual(stateAfter);",
      "err": {},
      "isRoot": false,
      "uuid": "eec5fd4b-a657-4021-8576-091ef200bc3d",
      "parentUUID": "5482ea15-9d48-4d22-a7d0-6a622d9cd1e0",
      "skipped": false
    },
    {
      "title": "Should correctly show that the unit info fetch failed and show that it is no longer loading",
      "fullTitle": "ACTION: FETCH_UNIT_INFO_REJECTED Should correctly show that the unit info fetch failed and show that it is no longer loading",
      "timedOut": false,
      "duration": 0,
      "state": "passed",
      "speed": "fast",
      "pass": true,
      "fail": false,
      "pending": false,
      "code": "var stateBefore = {\n    teachingPeriods: [],\n    numberOfUnits: 4,\n    courseTemplateLoadError: false,\n    courseInfoLoadError: false,\n    unitLoadError: false,\n    unitLoading: true,\n    courseLoading: false,\n    unitInfo: null,\n    focusedUnitCode: \"FAKE1001\"\n};\nvar action = {\n    type: \"FETCH_UNIT_INFO_REJECTED\",\n    payload: \"Error Msg\"\n};\nvar stateAfter = {\n    teachingPeriods: [],\n    numberOfUnits: 4,\n    courseTemplateLoadError: false,\n    courseInfoLoadError: false,\n    unitLoadError: true,\n    unitLoading: false,\n    courseLoading: false,\n    unitInfo: null,\n    focusedUnitCode: \"FAKE1001\"\n};\n(0, _deepFreeze2.default)(stateBefore);\n(0, _deepFreeze2.default)(action);\n(0, _expect2.default)((0, _CourseStructure2.default)(stateBefore, action)).toEqual(stateAfter);",
      "err": {},
      "isRoot": false,
      "uuid": "15463a25-219f-4d41-904c-79a1e8a847e7",
      "parentUUID": "0b12e1c9-d5ea-48a1-8deb-b90bba7d3ae6",
      "skipped": false
    },
    {
      "title": "Should accurately set the start year and the focused course on submission",
      "fullTitle": "ACTION: SUBMIT_COURSE_FORM Should accurately set the start year and the focused course on submission",
      "timedOut": false,
      "duration": 1,
      "state": "passed",
      "speed": "fast",
      "pass": true,
      "fail": false,
      "pending": false,
      "code": "var stateBefore = {\n    teachingPeriods: [],\n    numberOfUnits: 4,\n    courseTemplateLoadError: false,\n    courseInfoLoadError: false,\n    unitLoadError: false,\n    unitLoading: true,\n    courseLoading: false,\n    unitInfo: null,\n    focusedUnitCode: \"FAKE1001\",\n    focusedCourse: null,\n    startYear: 2016,\n    endYear: 2020\n};\nvar action = {\n    type: \"SUBMIT_COURSE_FORM\",\n    startYear: 2020,\n    courseCode: \"TEST1001\"\n};\nvar stateAfter = {\n    teachingPeriods: [],\n    numberOfUnits: 4,\n    courseTemplateLoadError: false,\n    courseInfoLoadError: false,\n    unitLoadError: false,\n    unitLoading: true,\n    courseLoading: false,\n    unitInfo: null,\n    focusedUnitCode: \"FAKE1001\",\n    focusedCourse: \"TEST1001\",\n    startYear: 2020,\n    endYear: 2020\n};\n(0, _deepFreeze2.default)(stateBefore);\n(0, _deepFreeze2.default)(action);\n(0, _expect2.default)((0, _CourseStructure2.default)(stateBefore, action)).toEqual(stateAfter);",
      "err": {},
      "isRoot": false,
      "uuid": "57937eae-685d-4a97-b50d-ada06384e79e",
      "parentUUID": "fcc1b09d-26a0-45e1-8b2e-fa198213d19c",
      "skipped": false
    },
    {
      "title": "Should accurately set the start year and end year on submission",
      "fullTitle": "ACTION: SUBMIT_YEAR_FORM Should accurately set the start year and end year on submission",
      "timedOut": false,
      "duration": 1,
      "state": "passed",
      "speed": "fast",
      "pass": true,
      "fail": false,
      "pending": false,
      "code": "var stateBefore = {\n    teachingPeriods: [],\n    numberOfUnits: 4,\n    courseTemplateLoadError: false,\n    courseInfoLoadError: false,\n    unitLoadError: false,\n    unitLoading: true,\n    courseLoading: false,\n    unitInfo: null,\n    focusedUnitCode: \"FAKE1001\",\n    focusedCourse: null,\n    startYear: 2016,\n    endYear: 2020\n};\nvar action = {\n    type: \"SUBMIT_YEAR_FORM\",\n    startYear: 2020,\n    endYear: 2025\n};\nvar stateAfter = {\n    teachingPeriods: [],\n    numberOfUnits: 4,\n    courseTemplateLoadError: false,\n    courseInfoLoadError: false,\n    unitLoadError: false,\n    unitLoading: true,\n    courseLoading: false,\n    unitInfo: null,\n    focusedUnitCode: \"FAKE1001\",\n    focusedCourse: null,\n    startYear: 2020,\n    endYear: 2025\n};\n(0, _deepFreeze2.default)(stateBefore);\n(0, _deepFreeze2.default)(action);\n(0, _expect2.default)((0, _CourseStructure2.default)(stateBefore, action)).toEqual(stateAfter);",
      "err": {},
      "isRoot": false,
      "uuid": "1a09b5c8-8e8c-4528-b0d4-34406f976749",
      "parentUUID": "313eb48c-2fee-41ed-adf3-2b1e6cdbe7ed",
      "skipped": false
    }
  ],
  "allFailures": [],
  "copyrightYear": 2017
}