{
  "stats": {
    "suites": 27,
    "tests": 36,
    "passes": 36,
    "pending": 0,
    "failures": 0,
    "start": "2017-02-02T00:26:33.015Z",
    "end": "2017-02-02T00:26:33.197Z",
    "duration": 182,
    "testsRegistered": 36,
    "passPercent": 100,
    "pendingPercent": 0,
    "other": 0,
    "hasOther": false,
    "skipped": 0,
    "hasSkipped": false,
    "passPercentClass": "success",
    "pendingPercentClass": "danger"
  },
  "suites": {
    "title": "",
    "suites": [
      {
        "title": "REDUCER: Counter",
        "suites": [
          {
            "title": "ACTION: INCREMENT_CREDIT_POINTS",
            "suites": [],
            "tests": [
              {
                "title": "Should increment the credit point state by a given value",
                "fullTitle": "REDUCER: Counter ACTION: INCREMENT_CREDIT_POINTS Should increment the credit point state by a given value",
                "timedOut": false,
                "duration": 7,
                "state": "passed",
                "speed": "fast",
                "pass": true,
                "fail": false,
                "pending": false,
                "code": "var stateBefore = { cost: 2, creditPoints: 0 };\nvar action = {\n    type: \"INCREMENT_CREDIT_POINTS\",\n    value: 1\n};\nvar stateAfter = {\n    cost: 2,\n    creditPoints: 1\n};\n(0, _deepFreeze2.default)(stateBefore);\n(0, _deepFreeze2.default)(action);\n(0, _expect2.default)((0, _Counter2.default)(stateBefore, action)).toEqual(stateAfter);",
                "err": {},
                "isRoot": false,
                "uuid": "20430a00-2a24-4eba-a141-a170f11a4447",
                "parentUUID": "9dd3448f-5692-400a-93ca-f225ada3077a",
                "skipped": false
              }
            ],
            "pending": [],
            "root": false,
            "_timeout": 2000,
            "file": "/test/reducers/Counter.spec.js",
            "uuid": "9dd3448f-5692-400a-93ca-f225ada3077a",
            "fullFile": "/home/staff01/Documents/monPlanR/test/reducers/Counter.spec.js",
            "passes": [
              {
                "title": "Should increment the credit point state by a given value",
                "fullTitle": "REDUCER: Counter ACTION: INCREMENT_CREDIT_POINTS Should increment the credit point state by a given value",
                "timedOut": false,
                "duration": 7,
                "state": "passed",
                "speed": "fast",
                "pass": true,
                "fail": false,
                "pending": false,
                "code": "var stateBefore = { cost: 2, creditPoints: 0 };\nvar action = {\n    type: \"INCREMENT_CREDIT_POINTS\",\n    value: 1\n};\nvar stateAfter = {\n    cost: 2,\n    creditPoints: 1\n};\n(0, _deepFreeze2.default)(stateBefore);\n(0, _deepFreeze2.default)(action);\n(0, _expect2.default)((0, _Counter2.default)(stateBefore, action)).toEqual(stateAfter);",
                "err": {},
                "isRoot": false,
                "uuid": "20430a00-2a24-4eba-a141-a170f11a4447",
                "parentUUID": "9dd3448f-5692-400a-93ca-f225ada3077a",
                "skipped": false
              }
            ],
            "failures": [],
            "skipped": [],
            "hasTests": true,
            "hasSuites": false,
            "totalTests": 1,
            "totalPasses": 1,
            "totalFailures": 0,
            "totalPending": 0,
            "totalSkipped": 0,
            "hasPasses": true,
            "hasFailures": false,
            "hasPending": false,
            "hasSkipped": false,
            "duration": 7
          },
          {
            "title": "ACTION: DECREMENT_CREDIT_POINTS",
            "suites": [],
            "tests": [
              {
                "title": "Should decrement the credit point state by a given value",
                "fullTitle": "REDUCER: Counter ACTION: DECREMENT_CREDIT_POINTS Should decrement the credit point state by a given value",
                "timedOut": false,
                "duration": 1,
                "state": "passed",
                "speed": "fast",
                "pass": true,
                "fail": false,
                "pending": false,
                "code": "var stateBefore = { cost: 40, creditPoints: 50 };\nvar action = {\n    type: \"DECREMENT_CREDIT_POINTS\",\n    value: 10\n};\nvar stateAfter = {\n    cost: 40,\n    creditPoints: 40\n};\n(0, _deepFreeze2.default)(stateBefore);\n(0, _deepFreeze2.default)(action);\n(0, _expect2.default)((0, _Counter2.default)(stateBefore, action)).toEqual(stateAfter);",
                "err": {},
                "isRoot": false,
                "uuid": "89aee8ce-fb2d-4621-b784-1c8e34eeb271",
                "parentUUID": "df333f53-76a3-42ee-9a61-8b8631010638",
                "skipped": false
              },
              {
                "title": "Should decrement the credit point state to 0 if a value given is larger than the current credit point value",
                "fullTitle": "REDUCER: Counter ACTION: DECREMENT_CREDIT_POINTS Should decrement the credit point state to 0 if a value given is larger than the current credit point value",
                "timedOut": false,
                "duration": 0,
                "state": "passed",
                "speed": "fast",
                "pass": true,
                "fail": false,
                "pending": false,
                "code": "var stateBefore = { cost: 40, creditPoints: 50 };\nvar action = {\n    type: \"DECREMENT_CREDIT_POINTS\",\n    value: 51\n};\nvar stateAfter = {\n    cost: 40,\n    creditPoints: 0\n};\n(0, _deepFreeze2.default)(stateBefore);\n(0, _deepFreeze2.default)(action);\n(0, _expect2.default)((0, _Counter2.default)(stateBefore, action)).toEqual(stateAfter);",
                "err": {},
                "isRoot": false,
                "uuid": "559740f9-5a46-4617-820a-a8ebbb15a4b0",
                "parentUUID": "df333f53-76a3-42ee-9a61-8b8631010638",
                "skipped": false
              }
            ],
            "pending": [],
            "root": false,
            "_timeout": 2000,
            "file": "/test/reducers/Counter.spec.js",
            "uuid": "df333f53-76a3-42ee-9a61-8b8631010638",
            "fullFile": "/home/staff01/Documents/monPlanR/test/reducers/Counter.spec.js",
            "passes": [
              {
                "title": "Should decrement the credit point state by a given value",
                "fullTitle": "REDUCER: Counter ACTION: DECREMENT_CREDIT_POINTS Should decrement the credit point state by a given value",
                "timedOut": false,
                "duration": 1,
                "state": "passed",
                "speed": "fast",
                "pass": true,
                "fail": false,
                "pending": false,
                "code": "var stateBefore = { cost: 40, creditPoints: 50 };\nvar action = {\n    type: \"DECREMENT_CREDIT_POINTS\",\n    value: 10\n};\nvar stateAfter = {\n    cost: 40,\n    creditPoints: 40\n};\n(0, _deepFreeze2.default)(stateBefore);\n(0, _deepFreeze2.default)(action);\n(0, _expect2.default)((0, _Counter2.default)(stateBefore, action)).toEqual(stateAfter);",
                "err": {},
                "isRoot": false,
                "uuid": "89aee8ce-fb2d-4621-b784-1c8e34eeb271",
                "parentUUID": "df333f53-76a3-42ee-9a61-8b8631010638",
                "skipped": false
              },
              {
                "title": "Should decrement the credit point state to 0 if a value given is larger than the current credit point value",
                "fullTitle": "REDUCER: Counter ACTION: DECREMENT_CREDIT_POINTS Should decrement the credit point state to 0 if a value given is larger than the current credit point value",
                "timedOut": false,
                "duration": 0,
                "state": "passed",
                "speed": "fast",
                "pass": true,
                "fail": false,
                "pending": false,
                "code": "var stateBefore = { cost: 40, creditPoints: 50 };\nvar action = {\n    type: \"DECREMENT_CREDIT_POINTS\",\n    value: 51\n};\nvar stateAfter = {\n    cost: 40,\n    creditPoints: 0\n};\n(0, _deepFreeze2.default)(stateBefore);\n(0, _deepFreeze2.default)(action);\n(0, _expect2.default)((0, _Counter2.default)(stateBefore, action)).toEqual(stateAfter);",
                "err": {},
                "isRoot": false,
                "uuid": "559740f9-5a46-4617-820a-a8ebbb15a4b0",
                "parentUUID": "df333f53-76a3-42ee-9a61-8b8631010638",
                "skipped": false
              }
            ],
            "failures": [],
            "skipped": [],
            "hasTests": true,
            "hasSuites": false,
            "totalTests": 2,
            "totalPasses": 2,
            "totalFailures": 0,
            "totalPending": 0,
            "totalSkipped": 0,
            "hasPasses": true,
            "hasFailures": false,
            "hasPending": false,
            "hasSkipped": false,
            "duration": 1
          },
          {
            "title": "ACTION: INCREMENT_COST",
            "suites": [],
            "tests": [
              {
                "title": "Should increment the cost state by a given value",
                "fullTitle": "REDUCER: Counter ACTION: INCREMENT_COST Should increment the cost state by a given value",
                "timedOut": false,
                "duration": 1,
                "state": "passed",
                "speed": "fast",
                "pass": true,
                "fail": false,
                "pending": false,
                "code": "var stateBefore = { cost: 20, creditPoints: 13 };\nvar action = {\n    type: \"INCREMENT_COST\",\n    value: 1\n};\nvar stateAfter = {\n    cost: 21,\n    creditPoints: 13\n};\n(0, _deepFreeze2.default)(stateBefore);\n(0, _deepFreeze2.default)(action);\n(0, _expect2.default)((0, _Counter2.default)(stateBefore, action)).toEqual(stateAfter);",
                "err": {},
                "isRoot": false,
                "uuid": "99ff84f4-7d93-4b85-b8b7-12053fe3d400",
                "parentUUID": "b5cab287-df8e-4db4-9e74-2d0202c63760",
                "skipped": false
              }
            ],
            "pending": [],
            "root": false,
            "_timeout": 2000,
            "file": "/test/reducers/Counter.spec.js",
            "uuid": "b5cab287-df8e-4db4-9e74-2d0202c63760",
            "fullFile": "/home/staff01/Documents/monPlanR/test/reducers/Counter.spec.js",
            "passes": [
              {
                "title": "Should increment the cost state by a given value",
                "fullTitle": "REDUCER: Counter ACTION: INCREMENT_COST Should increment the cost state by a given value",
                "timedOut": false,
                "duration": 1,
                "state": "passed",
                "speed": "fast",
                "pass": true,
                "fail": false,
                "pending": false,
                "code": "var stateBefore = { cost: 20, creditPoints: 13 };\nvar action = {\n    type: \"INCREMENT_COST\",\n    value: 1\n};\nvar stateAfter = {\n    cost: 21,\n    creditPoints: 13\n};\n(0, _deepFreeze2.default)(stateBefore);\n(0, _deepFreeze2.default)(action);\n(0, _expect2.default)((0, _Counter2.default)(stateBefore, action)).toEqual(stateAfter);",
                "err": {},
                "isRoot": false,
                "uuid": "99ff84f4-7d93-4b85-b8b7-12053fe3d400",
                "parentUUID": "b5cab287-df8e-4db4-9e74-2d0202c63760",
                "skipped": false
              }
            ],
            "failures": [],
            "skipped": [],
            "hasTests": true,
            "hasSuites": false,
            "totalTests": 1,
            "totalPasses": 1,
            "totalFailures": 0,
            "totalPending": 0,
            "totalSkipped": 0,
            "hasPasses": true,
            "hasFailures": false,
            "hasPending": false,
            "hasSkipped": false,
            "duration": 1
          },
          {
            "title": "ACTION: DECREMENT_COST",
            "suites": [],
            "tests": [
              {
                "title": "Should decrement the cost state by a given value",
                "fullTitle": "REDUCER: Counter ACTION: DECREMENT_COST Should decrement the cost state by a given value",
                "timedOut": false,
                "duration": 0,
                "state": "passed",
                "speed": "fast",
                "pass": true,
                "fail": false,
                "pending": false,
                "code": "var stateBefore = { cost: 50, creditPoints: 40 };\nvar action = {\n    type: \"DECREMENT_COST\",\n    value: 10\n};\nvar stateAfter = {\n    cost: 40,\n    creditPoints: 40\n};\n(0, _deepFreeze2.default)(stateBefore);\n(0, _deepFreeze2.default)(action);\n(0, _expect2.default)((0, _Counter2.default)(stateBefore, action)).toEqual(stateAfter);",
                "err": {},
                "isRoot": false,
                "uuid": "85791705-63ed-4646-90de-cb4b0e871dd1",
                "parentUUID": "1821ce7e-639a-48d3-a02e-7fe0466dd861",
                "skipped": false
              },
              {
                "title": "Should decrement the cost state to 0 if a value given is larger than the current credit point value",
                "fullTitle": "REDUCER: Counter ACTION: DECREMENT_COST Should decrement the cost state to 0 if a value given is larger than the current credit point value",
                "timedOut": false,
                "duration": 0,
                "state": "passed",
                "speed": "fast",
                "pass": true,
                "fail": false,
                "pending": false,
                "code": "var stateBefore = { cost: 50, creditPoints: 40 };\nvar action = {\n    type: \"DECREMENT_COST\",\n    value: 51\n};\nvar stateAfter = {\n    cost: 0,\n    creditPoints: 40\n};\n(0, _deepFreeze2.default)(stateBefore);\n(0, _deepFreeze2.default)(action);\n(0, _expect2.default)((0, _Counter2.default)(stateBefore, action)).toEqual(stateAfter);",
                "err": {},
                "isRoot": false,
                "uuid": "145947b7-acff-48f8-be9d-dd70340554e1",
                "parentUUID": "1821ce7e-639a-48d3-a02e-7fe0466dd861",
                "skipped": false
              }
            ],
            "pending": [],
            "root": false,
            "_timeout": 2000,
            "file": "/test/reducers/Counter.spec.js",
            "uuid": "1821ce7e-639a-48d3-a02e-7fe0466dd861",
            "fullFile": "/home/staff01/Documents/monPlanR/test/reducers/Counter.spec.js",
            "passes": [
              {
                "title": "Should decrement the cost state by a given value",
                "fullTitle": "REDUCER: Counter ACTION: DECREMENT_COST Should decrement the cost state by a given value",
                "timedOut": false,
                "duration": 0,
                "state": "passed",
                "speed": "fast",
                "pass": true,
                "fail": false,
                "pending": false,
                "code": "var stateBefore = { cost: 50, creditPoints: 40 };\nvar action = {\n    type: \"DECREMENT_COST\",\n    value: 10\n};\nvar stateAfter = {\n    cost: 40,\n    creditPoints: 40\n};\n(0, _deepFreeze2.default)(stateBefore);\n(0, _deepFreeze2.default)(action);\n(0, _expect2.default)((0, _Counter2.default)(stateBefore, action)).toEqual(stateAfter);",
                "err": {},
                "isRoot": false,
                "uuid": "85791705-63ed-4646-90de-cb4b0e871dd1",
                "parentUUID": "1821ce7e-639a-48d3-a02e-7fe0466dd861",
                "skipped": false
              },
              {
                "title": "Should decrement the cost state to 0 if a value given is larger than the current credit point value",
                "fullTitle": "REDUCER: Counter ACTION: DECREMENT_COST Should decrement the cost state to 0 if a value given is larger than the current credit point value",
                "timedOut": false,
                "duration": 0,
                "state": "passed",
                "speed": "fast",
                "pass": true,
                "fail": false,
                "pending": false,
                "code": "var stateBefore = { cost: 50, creditPoints: 40 };\nvar action = {\n    type: \"DECREMENT_COST\",\n    value: 51\n};\nvar stateAfter = {\n    cost: 0,\n    creditPoints: 40\n};\n(0, _deepFreeze2.default)(stateBefore);\n(0, _deepFreeze2.default)(action);\n(0, _expect2.default)((0, _Counter2.default)(stateBefore, action)).toEqual(stateAfter);",
                "err": {},
                "isRoot": false,
                "uuid": "145947b7-acff-48f8-be9d-dd70340554e1",
                "parentUUID": "1821ce7e-639a-48d3-a02e-7fe0466dd861",
                "skipped": false
              }
            ],
            "failures": [],
            "skipped": [],
            "hasTests": true,
            "hasSuites": false,
            "totalTests": 2,
            "totalPasses": 2,
            "totalFailures": 0,
            "totalPending": 0,
            "totalSkipped": 0,
            "hasPasses": true,
            "hasFailures": false,
            "hasPending": false,
            "hasSkipped": false,
            "duration": 0
          },
          {
            "title": "ACTION: CLEAR_COURSE",
            "suites": [],
            "tests": [
              {
                "title": "Should reset the cost and credit point counters to 0",
                "fullTitle": "REDUCER: Counter ACTION: CLEAR_COURSE Should reset the cost and credit point counters to 0",
                "timedOut": false,
                "duration": 0,
                "state": "passed",
                "speed": "fast",
                "pass": true,
                "fail": false,
                "pending": false,
                "code": "var stateBefore = { cost: 50, creditPoints: 40 };\nvar action = {\n    type: \"CLEAR_COURSE\"\n};\nvar stateAfter = { cost: 0, creditPoints: 0 };\n(0, _deepFreeze2.default)(stateBefore);\n(0, _deepFreeze2.default)(action);\n(0, _expect2.default)((0, _Counter2.default)(stateBefore, action)).toEqual(stateAfter);",
                "err": {},
                "isRoot": false,
                "uuid": "f701a255-8954-4f12-981d-6ab7bcb577c2",
                "parentUUID": "0e251103-7d49-485e-bd54-ac87c6d57ba1",
                "skipped": false
              }
            ],
            "pending": [],
            "root": false,
            "_timeout": 2000,
            "file": "/test/reducers/Counter.spec.js",
            "uuid": "0e251103-7d49-485e-bd54-ac87c6d57ba1",
            "fullFile": "/home/staff01/Documents/monPlanR/test/reducers/Counter.spec.js",
            "passes": [
              {
                "title": "Should reset the cost and credit point counters to 0",
                "fullTitle": "REDUCER: Counter ACTION: CLEAR_COURSE Should reset the cost and credit point counters to 0",
                "timedOut": false,
                "duration": 0,
                "state": "passed",
                "speed": "fast",
                "pass": true,
                "fail": false,
                "pending": false,
                "code": "var stateBefore = { cost: 50, creditPoints: 40 };\nvar action = {\n    type: \"CLEAR_COURSE\"\n};\nvar stateAfter = { cost: 0, creditPoints: 0 };\n(0, _deepFreeze2.default)(stateBefore);\n(0, _deepFreeze2.default)(action);\n(0, _expect2.default)((0, _Counter2.default)(stateBefore, action)).toEqual(stateAfter);",
                "err": {},
                "isRoot": false,
                "uuid": "f701a255-8954-4f12-981d-6ab7bcb577c2",
                "parentUUID": "0e251103-7d49-485e-bd54-ac87c6d57ba1",
                "skipped": false
              }
            ],
            "failures": [],
            "skipped": [],
            "hasTests": true,
            "hasSuites": false,
            "totalTests": 1,
            "totalPasses": 1,
            "totalFailures": 0,
            "totalPending": 0,
            "totalSkipped": 0,
            "hasPasses": true,
            "hasFailures": false,
            "hasPending": false,
            "hasSkipped": false,
            "duration": 0
          }
        ],
        "tests": [],
        "pending": [],
        "root": false,
        "_timeout": 2000,
        "file": "/test/reducers/Counter.spec.js",
        "uuid": "54f57a5f-78c1-4d29-af7a-4bf4d6a08e25",
        "fullFile": "/home/staff01/Documents/monPlanR/test/reducers/Counter.spec.js",
        "passes": [],
        "failures": [],
        "skipped": [],
        "hasTests": false,
        "hasSuites": true,
        "totalTests": 0,
        "totalPasses": 0,
        "totalFailures": 0,
        "totalPending": 0,
        "totalSkipped": 0,
        "hasPasses": false,
        "hasFailures": false,
        "hasPending": false,
        "hasSkipped": false,
        "duration": 0
      },
      {
        "title": "REDUCER: CourseStructure",
        "suites": [
          {
            "title": "ACTION: INSERT_TEACHING_PERIOD",
            "suites": [],
            "tests": [
              {
                "title": "Should insert a teaching period with the given info correctly into middle of array",
                "fullTitle": "REDUCER: CourseStructure ACTION: INSERT_TEACHING_PERIOD Should insert a teaching period with the given info correctly into middle of array",
                "timedOut": false,
                "duration": 2,
                "state": "passed",
                "speed": "fast",
                "pass": true,
                "fail": false,
                "pending": false,
                "code": "var stateBefore = {\n    teachingPeriods: [{ year: 2017, code: \"S2-01\", units: [null, null, null, null] }, { year: 2019, code: \"S2-01\", units: [null, null, null, null] }],\n    numberOfUnits: 4\n};\nvar action = {\n    type: \"INSERT_TEACHING_PERIOD\",\n    year: 2018,\n    code: \"S2-01\",\n    index: 1\n};\nvar stateAfter = {\n    teachingPeriods: [{ year: 2017, code: \"S2-01\", units: [null, null, null, null] }, { year: 2018, code: \"S2-01\", units: [null, null, null, null] }, { year: 2019, code: \"S2-01\", units: [null, null, null, null] }],\n    numberOfUnits: 4\n};\n(0, _deepFreeze2.default)(stateBefore);\n(0, _deepFreeze2.default)(action);\n(0, _expect2.default)((0, _CourseStructure2.default)(stateBefore, action)).toEqual(stateAfter);",
                "err": {},
                "isRoot": false,
                "uuid": "aa804fe2-a9b3-468f-b735-e8d4c8868574",
                "parentUUID": "395ce9b5-bdcb-4074-a066-3851d0d0636c",
                "skipped": false
              },
              {
                "title": "Should insert a teaching period with the given info correctly into start of array",
                "fullTitle": "REDUCER: CourseStructure ACTION: INSERT_TEACHING_PERIOD Should insert a teaching period with the given info correctly into start of array",
                "timedOut": false,
                "duration": 0,
                "state": "passed",
                "speed": "fast",
                "pass": true,
                "fail": false,
                "pending": false,
                "code": "var stateBefore = {\n    teachingPeriods: [{ year: 2017, code: \"S2-01\", units: [null, null, null, null] }, { year: 2019, code: \"S2-01\", units: [null, null, null, null] }],\n    numberOfUnits: 4\n};\nvar action = {\n    type: \"INSERT_TEACHING_PERIOD\",\n    year: 2016,\n    code: \"S2-01\",\n    index: 0\n};\nvar stateAfter = {\n    teachingPeriods: [{ year: 2016, code: \"S2-01\", units: [null, null, null, null] }, { year: 2017, code: \"S2-01\", units: [null, null, null, null] }, { year: 2019, code: \"S2-01\", units: [null, null, null, null] }],\n    numberOfUnits: 4\n};\n(0, _deepFreeze2.default)(stateBefore);\n(0, _deepFreeze2.default)(action);\n(0, _expect2.default)((0, _CourseStructure2.default)(stateBefore, action)).toEqual(stateAfter);",
                "err": {},
                "isRoot": false,
                "uuid": "00ade92d-394b-4af8-9a7d-61a5417ea696",
                "parentUUID": "395ce9b5-bdcb-4074-a066-3851d0d0636c",
                "skipped": false
              }
            ],
            "pending": [],
            "root": false,
            "_timeout": 2000,
            "file": "/test/reducers/CourseStructure.spec.js",
            "uuid": "395ce9b5-bdcb-4074-a066-3851d0d0636c",
            "fullFile": "/home/staff01/Documents/monPlanR/test/reducers/CourseStructure.spec.js",
            "passes": [
              {
                "title": "Should insert a teaching period with the given info correctly into middle of array",
                "fullTitle": "REDUCER: CourseStructure ACTION: INSERT_TEACHING_PERIOD Should insert a teaching period with the given info correctly into middle of array",
                "timedOut": false,
                "duration": 2,
                "state": "passed",
                "speed": "fast",
                "pass": true,
                "fail": false,
                "pending": false,
                "code": "var stateBefore = {\n    teachingPeriods: [{ year: 2017, code: \"S2-01\", units: [null, null, null, null] }, { year: 2019, code: \"S2-01\", units: [null, null, null, null] }],\n    numberOfUnits: 4\n};\nvar action = {\n    type: \"INSERT_TEACHING_PERIOD\",\n    year: 2018,\n    code: \"S2-01\",\n    index: 1\n};\nvar stateAfter = {\n    teachingPeriods: [{ year: 2017, code: \"S2-01\", units: [null, null, null, null] }, { year: 2018, code: \"S2-01\", units: [null, null, null, null] }, { year: 2019, code: \"S2-01\", units: [null, null, null, null] }],\n    numberOfUnits: 4\n};\n(0, _deepFreeze2.default)(stateBefore);\n(0, _deepFreeze2.default)(action);\n(0, _expect2.default)((0, _CourseStructure2.default)(stateBefore, action)).toEqual(stateAfter);",
                "err": {},
                "isRoot": false,
                "uuid": "aa804fe2-a9b3-468f-b735-e8d4c8868574",
                "parentUUID": "395ce9b5-bdcb-4074-a066-3851d0d0636c",
                "skipped": false
              },
              {
                "title": "Should insert a teaching period with the given info correctly into start of array",
                "fullTitle": "REDUCER: CourseStructure ACTION: INSERT_TEACHING_PERIOD Should insert a teaching period with the given info correctly into start of array",
                "timedOut": false,
                "duration": 0,
                "state": "passed",
                "speed": "fast",
                "pass": true,
                "fail": false,
                "pending": false,
                "code": "var stateBefore = {\n    teachingPeriods: [{ year: 2017, code: \"S2-01\", units: [null, null, null, null] }, { year: 2019, code: \"S2-01\", units: [null, null, null, null] }],\n    numberOfUnits: 4\n};\nvar action = {\n    type: \"INSERT_TEACHING_PERIOD\",\n    year: 2016,\n    code: \"S2-01\",\n    index: 0\n};\nvar stateAfter = {\n    teachingPeriods: [{ year: 2016, code: \"S2-01\", units: [null, null, null, null] }, { year: 2017, code: \"S2-01\", units: [null, null, null, null] }, { year: 2019, code: \"S2-01\", units: [null, null, null, null] }],\n    numberOfUnits: 4\n};\n(0, _deepFreeze2.default)(stateBefore);\n(0, _deepFreeze2.default)(action);\n(0, _expect2.default)((0, _CourseStructure2.default)(stateBefore, action)).toEqual(stateAfter);",
                "err": {},
                "isRoot": false,
                "uuid": "00ade92d-394b-4af8-9a7d-61a5417ea696",
                "parentUUID": "395ce9b5-bdcb-4074-a066-3851d0d0636c",
                "skipped": false
              }
            ],
            "failures": [],
            "skipped": [],
            "hasTests": true,
            "hasSuites": false,
            "totalTests": 2,
            "totalPasses": 2,
            "totalFailures": 0,
            "totalPending": 0,
            "totalSkipped": 0,
            "hasPasses": true,
            "hasFailures": false,
            "hasPending": false,
            "hasSkipped": false,
            "duration": 2
          },
          {
            "title": "ACTION: REMOVE_TEACHING_PERIOD",
            "suites": [],
            "tests": [
              {
                "title": "Should remove a teaching period at the given index",
                "fullTitle": "REDUCER: CourseStructure ACTION: REMOVE_TEACHING_PERIOD Should remove a teaching period at the given index",
                "timedOut": false,
                "duration": 0,
                "state": "passed",
                "speed": "fast",
                "pass": true,
                "fail": false,
                "pending": false,
                "code": "var stateBefore = {\n    teachingPeriods: [{ year: 2017, code: \"S2-01\", units: [null, null, null, null] }, { year: 2018, code: \"S2-01\", units: [null, null, null, null] }, { year: 2019, code: \"S2-01\", units: [null, null, null, null] }],\n    numberOfUnits: 4\n};\nvar action = {\n    type: \"REMOVE_TEACHING_PERIOD\",\n    index: 1\n};\nvar stateAfter = {\n    teachingPeriods: [{ year: 2017, code: \"S2-01\", units: [null, null, null, null] }, { year: 2019, code: \"S2-01\", units: [null, null, null, null] }],\n    numberOfUnits: 4\n};\n(0, _deepFreeze2.default)(stateBefore);\n(0, _deepFreeze2.default)(action);\n(0, _expect2.default)((0, _CourseStructure2.default)(stateBefore, action)).toEqual(stateAfter);",
                "err": {},
                "isRoot": false,
                "uuid": "66226687-ee67-4ee5-a8fc-4777a17878e1",
                "parentUUID": "57d6e0bb-2fe4-40f7-bcca-a6af7aec09a8",
                "skipped": false
              },
              {
                "title": "Should remove a teaching period at the start of the array",
                "fullTitle": "REDUCER: CourseStructure ACTION: REMOVE_TEACHING_PERIOD Should remove a teaching period at the start of the array",
                "timedOut": false,
                "duration": 0,
                "state": "passed",
                "speed": "fast",
                "pass": true,
                "fail": false,
                "pending": false,
                "code": "var stateBefore = {\n    teachingPeriods: [{ year: 2017, code: \"S2-01\", units: [null, null, null, null] }, { year: 2018, code: \"S2-01\", units: [null, null, null, null] }, { year: 2019, code: \"S2-01\", units: [null, null, null, null] }],\n    numberOfUnits: 4\n};\nvar action = {\n    type: \"REMOVE_TEACHING_PERIOD\",\n    index: 0\n};\nvar stateAfter = {\n    teachingPeriods: [{ year: 2018, code: \"S2-01\", units: [null, null, null, null] }, { year: 2019, code: \"S2-01\", units: [null, null, null, null] }],\n    numberOfUnits: 4\n};\n(0, _deepFreeze2.default)(stateBefore);\n(0, _deepFreeze2.default)(action);\n(0, _expect2.default)((0, _CourseStructure2.default)(stateBefore, action)).toEqual(stateAfter);",
                "err": {},
                "isRoot": false,
                "uuid": "767d7841-2459-431f-bd45-6ee836b4e127",
                "parentUUID": "57d6e0bb-2fe4-40f7-bcca-a6af7aec09a8",
                "skipped": false
              }
            ],
            "pending": [],
            "root": false,
            "_timeout": 2000,
            "file": "/test/reducers/CourseStructure.spec.js",
            "uuid": "57d6e0bb-2fe4-40f7-bcca-a6af7aec09a8",
            "fullFile": "/home/staff01/Documents/monPlanR/test/reducers/CourseStructure.spec.js",
            "passes": [
              {
                "title": "Should remove a teaching period at the given index",
                "fullTitle": "REDUCER: CourseStructure ACTION: REMOVE_TEACHING_PERIOD Should remove a teaching period at the given index",
                "timedOut": false,
                "duration": 0,
                "state": "passed",
                "speed": "fast",
                "pass": true,
                "fail": false,
                "pending": false,
                "code": "var stateBefore = {\n    teachingPeriods: [{ year: 2017, code: \"S2-01\", units: [null, null, null, null] }, { year: 2018, code: \"S2-01\", units: [null, null, null, null] }, { year: 2019, code: \"S2-01\", units: [null, null, null, null] }],\n    numberOfUnits: 4\n};\nvar action = {\n    type: \"REMOVE_TEACHING_PERIOD\",\n    index: 1\n};\nvar stateAfter = {\n    teachingPeriods: [{ year: 2017, code: \"S2-01\", units: [null, null, null, null] }, { year: 2019, code: \"S2-01\", units: [null, null, null, null] }],\n    numberOfUnits: 4\n};\n(0, _deepFreeze2.default)(stateBefore);\n(0, _deepFreeze2.default)(action);\n(0, _expect2.default)((0, _CourseStructure2.default)(stateBefore, action)).toEqual(stateAfter);",
                "err": {},
                "isRoot": false,
                "uuid": "66226687-ee67-4ee5-a8fc-4777a17878e1",
                "parentUUID": "57d6e0bb-2fe4-40f7-bcca-a6af7aec09a8",
                "skipped": false
              },
              {
                "title": "Should remove a teaching period at the start of the array",
                "fullTitle": "REDUCER: CourseStructure ACTION: REMOVE_TEACHING_PERIOD Should remove a teaching period at the start of the array",
                "timedOut": false,
                "duration": 0,
                "state": "passed",
                "speed": "fast",
                "pass": true,
                "fail": false,
                "pending": false,
                "code": "var stateBefore = {\n    teachingPeriods: [{ year: 2017, code: \"S2-01\", units: [null, null, null, null] }, { year: 2018, code: \"S2-01\", units: [null, null, null, null] }, { year: 2019, code: \"S2-01\", units: [null, null, null, null] }],\n    numberOfUnits: 4\n};\nvar action = {\n    type: \"REMOVE_TEACHING_PERIOD\",\n    index: 0\n};\nvar stateAfter = {\n    teachingPeriods: [{ year: 2018, code: \"S2-01\", units: [null, null, null, null] }, { year: 2019, code: \"S2-01\", units: [null, null, null, null] }],\n    numberOfUnits: 4\n};\n(0, _deepFreeze2.default)(stateBefore);\n(0, _deepFreeze2.default)(action);\n(0, _expect2.default)((0, _CourseStructure2.default)(stateBefore, action)).toEqual(stateAfter);",
                "err": {},
                "isRoot": false,
                "uuid": "767d7841-2459-431f-bd45-6ee836b4e127",
                "parentUUID": "57d6e0bb-2fe4-40f7-bcca-a6af7aec09a8",
                "skipped": false
              }
            ],
            "failures": [],
            "skipped": [],
            "hasTests": true,
            "hasSuites": false,
            "totalTests": 2,
            "totalPasses": 2,
            "totalFailures": 0,
            "totalPending": 0,
            "totalSkipped": 0,
            "hasPasses": true,
            "hasFailures": false,
            "hasPending": false,
            "hasSkipped": false,
            "duration": 0
          },
          {
            "title": "ACTION: APPEND_TEACHING_PERIOD",
            "suites": [],
            "tests": [
              {
                "title": "Should add the given teaching period to the end of the array",
                "fullTitle": "REDUCER: CourseStructure ACTION: APPEND_TEACHING_PERIOD Should add the given teaching period to the end of the array",
                "timedOut": false,
                "duration": 1,
                "state": "passed",
                "speed": "fast",
                "pass": true,
                "fail": false,
                "pending": false,
                "code": "var stateBefore = {\n    teachingPeriods: [{ year: 2018, code: \"S2-01\", units: [null, null, null, null] }, { year: 2019, code: \"S2-01\", units: [null, null, null, null] }],\n    numberOfUnits: 4\n};\nvar action = {\n    type: \"APPEND_TEACHING_PERIOD\",\n    year: 2020,\n    code: \"S2-01\"\n};\nvar stateAfter = {\n    teachingPeriods: [{ year: 2018, code: \"S2-01\", units: [null, null, null, null] }, { year: 2019, code: \"S2-01\", units: [null, null, null, null] }, { year: 2020, code: \"S2-01\", units: [null, null, null, null] }],\n    numberOfUnits: 4\n};\n(0, _deepFreeze2.default)(stateBefore);\n(0, _deepFreeze2.default)(action);\n(0, _expect2.default)((0, _CourseStructure2.default)(stateBefore, action)).toEqual(stateAfter);",
                "err": {},
                "isRoot": false,
                "uuid": "73ee6015-982c-4cae-9d1b-52100b7a1d98",
                "parentUUID": "93fbdbbc-6cbd-4b29-9a5b-8ec408f9e8fa",
                "skipped": false
              }
            ],
            "pending": [],
            "root": false,
            "_timeout": 2000,
            "file": "/test/reducers/CourseStructure.spec.js",
            "uuid": "93fbdbbc-6cbd-4b29-9a5b-8ec408f9e8fa",
            "fullFile": "/home/staff01/Documents/monPlanR/test/reducers/CourseStructure.spec.js",
            "passes": [
              {
                "title": "Should add the given teaching period to the end of the array",
                "fullTitle": "REDUCER: CourseStructure ACTION: APPEND_TEACHING_PERIOD Should add the given teaching period to the end of the array",
                "timedOut": false,
                "duration": 1,
                "state": "passed",
                "speed": "fast",
                "pass": true,
                "fail": false,
                "pending": false,
                "code": "var stateBefore = {\n    teachingPeriods: [{ year: 2018, code: \"S2-01\", units: [null, null, null, null] }, { year: 2019, code: \"S2-01\", units: [null, null, null, null] }],\n    numberOfUnits: 4\n};\nvar action = {\n    type: \"APPEND_TEACHING_PERIOD\",\n    year: 2020,\n    code: \"S2-01\"\n};\nvar stateAfter = {\n    teachingPeriods: [{ year: 2018, code: \"S2-01\", units: [null, null, null, null] }, { year: 2019, code: \"S2-01\", units: [null, null, null, null] }, { year: 2020, code: \"S2-01\", units: [null, null, null, null] }],\n    numberOfUnits: 4\n};\n(0, _deepFreeze2.default)(stateBefore);\n(0, _deepFreeze2.default)(action);\n(0, _expect2.default)((0, _CourseStructure2.default)(stateBefore, action)).toEqual(stateAfter);",
                "err": {},
                "isRoot": false,
                "uuid": "73ee6015-982c-4cae-9d1b-52100b7a1d98",
                "parentUUID": "93fbdbbc-6cbd-4b29-9a5b-8ec408f9e8fa",
                "skipped": false
              }
            ],
            "failures": [],
            "skipped": [],
            "hasTests": true,
            "hasSuites": false,
            "totalTests": 1,
            "totalPasses": 1,
            "totalFailures": 0,
            "totalPending": 0,
            "totalSkipped": 0,
            "hasPasses": true,
            "hasFailures": false,
            "hasPending": false,
            "hasSkipped": false,
            "duration": 1
          },
          {
            "title": "ACTION: INCREASE_STUDY_LOAD",
            "suites": [],
            "tests": [
              {
                "title": "Should increase the study load if the study load is less than 4",
                "fullTitle": "REDUCER: CourseStructure ACTION: INCREASE_STUDY_LOAD Should increase the study load if the study load is less than 4",
                "timedOut": false,
                "duration": 0,
                "state": "passed",
                "speed": "fast",
                "pass": true,
                "fail": false,
                "pending": false,
                "code": "var stateBefore = {\n    teachingPeriods: [{ year: 2018, code: \"S2-01\", units: [null, null, null, null] }],\n    numberOfUnits: 4\n};\nvar action = {\n    type: \"INCREASE_STUDY_LOAD\"\n};\nvar stateAfter = {\n    teachingPeriods: [{ year: 2018, code: \"S2-01\", units: [null, null, null, null, null] }],\n    numberOfUnits: 5\n};\n(0, _deepFreeze2.default)(stateBefore);\n(0, _deepFreeze2.default)(action);\n(0, _expect2.default)((0, _CourseStructure2.default)(stateBefore, action)).toEqual(stateAfter);",
                "err": {},
                "isRoot": false,
                "uuid": "34ad8120-b2a3-4abf-8ea3-85a429b52b1d",
                "parentUUID": "c597ed97-90e7-4e37-a318-34dd8d5008ee",
                "skipped": false
              },
              {
                "title": "Should not increase the study load if the study load is 6 or greater",
                "fullTitle": "REDUCER: CourseStructure ACTION: INCREASE_STUDY_LOAD Should not increase the study load if the study load is 6 or greater",
                "timedOut": false,
                "duration": 0,
                "state": "passed",
                "speed": "fast",
                "pass": true,
                "fail": false,
                "pending": false,
                "code": "var stateBefore = {\n    teachingPeriods: [{ year: 2018, code: \"S2-01\", units: [null, null, null, null, null, null] }],\n    numberOfUnits: 6\n};\nvar action = {\n    type: \"INCREASE_STUDY_LOAD\"\n};\nvar stateAfter = {\n    teachingPeriods: [{ year: 2018, code: \"S2-01\", units: [null, null, null, null, null, null] }],\n    numberOfUnits: 6\n};\n(0, _deepFreeze2.default)(stateBefore);\n(0, _deepFreeze2.default)(action);\n(0, _expect2.default)((0, _CourseStructure2.default)(stateBefore, action)).toEqual(stateAfter);",
                "err": {},
                "isRoot": false,
                "uuid": "3644d5f7-cbc9-4064-acb7-625e3af72ff4",
                "parentUUID": "c597ed97-90e7-4e37-a318-34dd8d5008ee",
                "skipped": false
              }
            ],
            "pending": [],
            "root": false,
            "_timeout": 2000,
            "file": "/test/reducers/CourseStructure.spec.js",
            "uuid": "c597ed97-90e7-4e37-a318-34dd8d5008ee",
            "fullFile": "/home/staff01/Documents/monPlanR/test/reducers/CourseStructure.spec.js",
            "passes": [
              {
                "title": "Should increase the study load if the study load is less than 4",
                "fullTitle": "REDUCER: CourseStructure ACTION: INCREASE_STUDY_LOAD Should increase the study load if the study load is less than 4",
                "timedOut": false,
                "duration": 0,
                "state": "passed",
                "speed": "fast",
                "pass": true,
                "fail": false,
                "pending": false,
                "code": "var stateBefore = {\n    teachingPeriods: [{ year: 2018, code: \"S2-01\", units: [null, null, null, null] }],\n    numberOfUnits: 4\n};\nvar action = {\n    type: \"INCREASE_STUDY_LOAD\"\n};\nvar stateAfter = {\n    teachingPeriods: [{ year: 2018, code: \"S2-01\", units: [null, null, null, null, null] }],\n    numberOfUnits: 5\n};\n(0, _deepFreeze2.default)(stateBefore);\n(0, _deepFreeze2.default)(action);\n(0, _expect2.default)((0, _CourseStructure2.default)(stateBefore, action)).toEqual(stateAfter);",
                "err": {},
                "isRoot": false,
                "uuid": "34ad8120-b2a3-4abf-8ea3-85a429b52b1d",
                "parentUUID": "c597ed97-90e7-4e37-a318-34dd8d5008ee",
                "skipped": false
              },
              {
                "title": "Should not increase the study load if the study load is 6 or greater",
                "fullTitle": "REDUCER: CourseStructure ACTION: INCREASE_STUDY_LOAD Should not increase the study load if the study load is 6 or greater",
                "timedOut": false,
                "duration": 0,
                "state": "passed",
                "speed": "fast",
                "pass": true,
                "fail": false,
                "pending": false,
                "code": "var stateBefore = {\n    teachingPeriods: [{ year: 2018, code: \"S2-01\", units: [null, null, null, null, null, null] }],\n    numberOfUnits: 6\n};\nvar action = {\n    type: \"INCREASE_STUDY_LOAD\"\n};\nvar stateAfter = {\n    teachingPeriods: [{ year: 2018, code: \"S2-01\", units: [null, null, null, null, null, null] }],\n    numberOfUnits: 6\n};\n(0, _deepFreeze2.default)(stateBefore);\n(0, _deepFreeze2.default)(action);\n(0, _expect2.default)((0, _CourseStructure2.default)(stateBefore, action)).toEqual(stateAfter);",
                "err": {},
                "isRoot": false,
                "uuid": "3644d5f7-cbc9-4064-acb7-625e3af72ff4",
                "parentUUID": "c597ed97-90e7-4e37-a318-34dd8d5008ee",
                "skipped": false
              }
            ],
            "failures": [],
            "skipped": [],
            "hasTests": true,
            "hasSuites": false,
            "totalTests": 2,
            "totalPasses": 2,
            "totalFailures": 0,
            "totalPending": 0,
            "totalSkipped": 0,
            "hasPasses": true,
            "hasFailures": false,
            "hasPending": false,
            "hasSkipped": false,
            "duration": 0
          },
          {
            "title": "ACTION: DECREASE_STUDY_LOAD",
            "suites": [],
            "tests": [
              {
                "title": "Should decrease the study load if the study load is greater than 4",
                "fullTitle": "REDUCER: CourseStructure ACTION: DECREASE_STUDY_LOAD Should decrease the study load if the study load is greater than 4",
                "timedOut": false,
                "duration": 1,
                "state": "passed",
                "speed": "fast",
                "pass": true,
                "fail": false,
                "pending": false,
                "code": "var stateBefore = {\n    teachingPeriods: [{ year: 2018, code: \"S2-01\", units: [null, null, null, null, null] }],\n    numberOfUnits: 5\n};\nvar action = {\n    type: \"DECREASE_STUDY_LOAD\"\n};\nvar stateAfter = {\n    teachingPeriods: [{ year: 2018, code: \"S2-01\", units: [null, null, null, null] }],\n    numberOfUnits: 4\n};\n(0, _deepFreeze2.default)(stateBefore);\n(0, _deepFreeze2.default)(action);\n(0, _expect2.default)((0, _CourseStructure2.default)(stateBefore, action)).toEqual(stateAfter);",
                "err": {},
                "isRoot": false,
                "uuid": "19af9070-e963-4670-8563-90f476640670",
                "parentUUID": "b30a4a1a-d217-4f5c-bdae-e386594f7736",
                "skipped": false
              },
              {
                "title": "Should not decrease the study load if the study load is 4 or less",
                "fullTitle": "REDUCER: CourseStructure ACTION: DECREASE_STUDY_LOAD Should not decrease the study load if the study load is 4 or less",
                "timedOut": false,
                "duration": 6,
                "state": "passed",
                "speed": "fast",
                "pass": true,
                "fail": false,
                "pending": false,
                "code": "var stateBefore = {\n    teachingPeriods: [{ year: 2018, code: \"S2-01\", units: [null, null, null, null] }],\n    numberOfUnits: 4\n};\nvar action = {\n    type: \"DECREASE_STUDY_LOAD\"\n};\nvar stateAfter = {\n    teachingPeriods: [{ year: 2018, code: \"S2-01\", units: [null, null, null, null] }],\n    numberOfUnits: 4\n};\n(0, _deepFreeze2.default)(stateBefore);\n(0, _deepFreeze2.default)(action);\n(0, _expect2.default)((0, _CourseStructure2.default)(stateBefore, action)).toEqual(stateAfter);",
                "err": {},
                "isRoot": false,
                "uuid": "ef73bef6-78d9-4f02-becc-f0480ed14223",
                "parentUUID": "b30a4a1a-d217-4f5c-bdae-e386594f7736",
                "skipped": false
              }
            ],
            "pending": [],
            "root": false,
            "_timeout": 2000,
            "file": "/test/reducers/CourseStructure.spec.js",
            "uuid": "b30a4a1a-d217-4f5c-bdae-e386594f7736",
            "fullFile": "/home/staff01/Documents/monPlanR/test/reducers/CourseStructure.spec.js",
            "passes": [
              {
                "title": "Should decrease the study load if the study load is greater than 4",
                "fullTitle": "REDUCER: CourseStructure ACTION: DECREASE_STUDY_LOAD Should decrease the study load if the study load is greater than 4",
                "timedOut": false,
                "duration": 1,
                "state": "passed",
                "speed": "fast",
                "pass": true,
                "fail": false,
                "pending": false,
                "code": "var stateBefore = {\n    teachingPeriods: [{ year: 2018, code: \"S2-01\", units: [null, null, null, null, null] }],\n    numberOfUnits: 5\n};\nvar action = {\n    type: \"DECREASE_STUDY_LOAD\"\n};\nvar stateAfter = {\n    teachingPeriods: [{ year: 2018, code: \"S2-01\", units: [null, null, null, null] }],\n    numberOfUnits: 4\n};\n(0, _deepFreeze2.default)(stateBefore);\n(0, _deepFreeze2.default)(action);\n(0, _expect2.default)((0, _CourseStructure2.default)(stateBefore, action)).toEqual(stateAfter);",
                "err": {},
                "isRoot": false,
                "uuid": "19af9070-e963-4670-8563-90f476640670",
                "parentUUID": "b30a4a1a-d217-4f5c-bdae-e386594f7736",
                "skipped": false
              },
              {
                "title": "Should not decrease the study load if the study load is 4 or less",
                "fullTitle": "REDUCER: CourseStructure ACTION: DECREASE_STUDY_LOAD Should not decrease the study load if the study load is 4 or less",
                "timedOut": false,
                "duration": 6,
                "state": "passed",
                "speed": "fast",
                "pass": true,
                "fail": false,
                "pending": false,
                "code": "var stateBefore = {\n    teachingPeriods: [{ year: 2018, code: \"S2-01\", units: [null, null, null, null] }],\n    numberOfUnits: 4\n};\nvar action = {\n    type: \"DECREASE_STUDY_LOAD\"\n};\nvar stateAfter = {\n    teachingPeriods: [{ year: 2018, code: \"S2-01\", units: [null, null, null, null] }],\n    numberOfUnits: 4\n};\n(0, _deepFreeze2.default)(stateBefore);\n(0, _deepFreeze2.default)(action);\n(0, _expect2.default)((0, _CourseStructure2.default)(stateBefore, action)).toEqual(stateAfter);",
                "err": {},
                "isRoot": false,
                "uuid": "ef73bef6-78d9-4f02-becc-f0480ed14223",
                "parentUUID": "b30a4a1a-d217-4f5c-bdae-e386594f7736",
                "skipped": false
              }
            ],
            "failures": [],
            "skipped": [],
            "hasTests": true,
            "hasSuites": false,
            "totalTests": 2,
            "totalPasses": 2,
            "totalFailures": 0,
            "totalPending": 0,
            "totalSkipped": 0,
            "hasPasses": true,
            "hasFailures": false,
            "hasPending": false,
            "hasSkipped": false,
            "duration": 7
          },
          {
            "title": "ACTION: CLEAR_COURSE",
            "suites": [],
            "tests": [
              {
                "title": "Should remove all teaching periods and set the amount of units to 4",
                "fullTitle": "REDUCER: CourseStructure ACTION: CLEAR_COURSE Should remove all teaching periods and set the amount of units to 4",
                "timedOut": false,
                "duration": 1,
                "state": "passed",
                "speed": "fast",
                "pass": true,
                "fail": false,
                "pending": false,
                "code": "var stateBefore = {\n    teachingPeriods: [{ year: 2018, code: \"S2-01\", units: [null, null, null, null, null] }],\n    numberOfUnits: 5\n};\nvar action = {\n    type: \"CLEAR_COURSE\"\n};\nvar stateAfter = {\n    teachingPeriods: [],\n    numberOfUnits: 4\n};\n(0, _deepFreeze2.default)(stateBefore);\n(0, _deepFreeze2.default)(action);\n(0, _expect2.default)((0, _CourseStructure2.default)(stateBefore, action)).toEqual(stateAfter);",
                "err": {},
                "isRoot": false,
                "uuid": "1a21820a-7b44-4114-8d28-bc1f19f7d2d4",
                "parentUUID": "7b5e2270-952e-43fd-93a3-282fe113268b",
                "skipped": false
              }
            ],
            "pending": [],
            "root": false,
            "_timeout": 2000,
            "file": "/test/reducers/CourseStructure.spec.js",
            "uuid": "7b5e2270-952e-43fd-93a3-282fe113268b",
            "fullFile": "/home/staff01/Documents/monPlanR/test/reducers/CourseStructure.spec.js",
            "passes": [
              {
                "title": "Should remove all teaching periods and set the amount of units to 4",
                "fullTitle": "REDUCER: CourseStructure ACTION: CLEAR_COURSE Should remove all teaching periods and set the amount of units to 4",
                "timedOut": false,
                "duration": 1,
                "state": "passed",
                "speed": "fast",
                "pass": true,
                "fail": false,
                "pending": false,
                "code": "var stateBefore = {\n    teachingPeriods: [{ year: 2018, code: \"S2-01\", units: [null, null, null, null, null] }],\n    numberOfUnits: 5\n};\nvar action = {\n    type: \"CLEAR_COURSE\"\n};\nvar stateAfter = {\n    teachingPeriods: [],\n    numberOfUnits: 4\n};\n(0, _deepFreeze2.default)(stateBefore);\n(0, _deepFreeze2.default)(action);\n(0, _expect2.default)((0, _CourseStructure2.default)(stateBefore, action)).toEqual(stateAfter);",
                "err": {},
                "isRoot": false,
                "uuid": "1a21820a-7b44-4114-8d28-bc1f19f7d2d4",
                "parentUUID": "7b5e2270-952e-43fd-93a3-282fe113268b",
                "skipped": false
              }
            ],
            "failures": [],
            "skipped": [],
            "hasTests": true,
            "hasSuites": false,
            "totalTests": 1,
            "totalPasses": 1,
            "totalFailures": 0,
            "totalPending": 0,
            "totalSkipped": 0,
            "hasPasses": true,
            "hasFailures": false,
            "hasPending": false,
            "hasSkipped": false,
            "duration": 1
          },
          {
            "title": "ACTION: ADD_UNIT",
            "suites": [],
            "tests": [
              {
                "title": "Should add a unit correctly to the start of an array",
                "fullTitle": "REDUCER: CourseStructure ACTION: ADD_UNIT Should add a unit correctly to the start of an array",
                "timedOut": false,
                "duration": 7,
                "state": "passed",
                "speed": "fast",
                "pass": true,
                "fail": false,
                "pending": false,
                "code": "var stateBefore = {\n    teachingPeriods: [{ year: 2017, code: \"S2-01\", units: [null, null, null, null] }, { year: 2018, code: \"S2-01\", units: [null, null, null, null] }, { year: 2019, code: \"S2-01\", units: [null, null, null, null] }],\n    numberOfUnits: 4\n};\nvar action = {\n    type: \"ADD_UNIT\",\n    tpIndex: 0,\n    unitIndex: 0,\n    unit: { unitCode: \"XXX0001\", unitName: \"Test Unit\" }\n};\nvar stateAfter = {\n    teachingPeriods: [{ year: 2017, code: \"S2-01\", units: [{ unitCode: \"XXX0001\", unitName: \"Test Unit\" }, null, null, null] }, { year: 2018, code: \"S2-01\", units: [null, null, null, null] }, { year: 2019, code: \"S2-01\", units: [null, null, null, null] }],\n    numberOfUnits: 4\n};\n(0, _deepFreeze2.default)(stateBefore);\n(0, _deepFreeze2.default)(action);\n(0, _expect2.default)((0, _CourseStructure2.default)(stateBefore, action)).toEqual(stateAfter);",
                "err": {},
                "isRoot": false,
                "uuid": "515e4bf2-d016-4732-98c3-10373c732d5c",
                "parentUUID": "5e0f4239-4773-4aa6-b411-7e64d476436f",
                "skipped": false
              },
              {
                "title": "Should add a unit correctly to the middle of an array",
                "fullTitle": "REDUCER: CourseStructure ACTION: ADD_UNIT Should add a unit correctly to the middle of an array",
                "timedOut": false,
                "duration": 1,
                "state": "passed",
                "speed": "fast",
                "pass": true,
                "fail": false,
                "pending": false,
                "code": "var stateBefore = {\n    teachingPeriods: [{ year: 2017, code: \"S2-01\", units: [null, null, null, null] }, { year: 2018, code: \"S2-01\", units: [null, null, null, null] }, { year: 2019, code: \"S2-01\", units: [null, null, null, null] }],\n    numberOfUnits: 4\n};\nvar action = {\n    type: \"ADD_UNIT\",\n    tpIndex: 1,\n    unitIndex: 1,\n    unit: { unitCode: \"XXX0001\", unitName: \"Test Unit\" }\n};\nvar stateAfter = {\n    teachingPeriods: [{ year: 2017, code: \"S2-01\", units: [null, null, null, null] }, { year: 2018, code: \"S2-01\", units: [null, { unitCode: \"XXX0001\", unitName: \"Test Unit\" }, null, null] }, { year: 2019, code: \"S2-01\", units: [null, null, null, null] }],\n    numberOfUnits: 4\n};\n(0, _deepFreeze2.default)(stateBefore);\n(0, _deepFreeze2.default)(action);\n(0, _expect2.default)((0, _CourseStructure2.default)(stateBefore, action)).toEqual(stateAfter);",
                "err": {},
                "isRoot": false,
                "uuid": "d0ca6753-a533-4fe2-91cb-5707e1d781ff",
                "parentUUID": "5e0f4239-4773-4aa6-b411-7e64d476436f",
                "skipped": false
              },
              {
                "title": "Should add a unit correctly to the end of an array",
                "fullTitle": "REDUCER: CourseStructure ACTION: ADD_UNIT Should add a unit correctly to the end of an array",
                "timedOut": false,
                "duration": 0,
                "state": "passed",
                "speed": "fast",
                "pass": true,
                "fail": false,
                "pending": false,
                "code": "var stateBefore = {\n    teachingPeriods: [{ year: 2017, code: \"S2-01\", units: [null, null, null, null] }, { year: 2018, code: \"S2-01\", units: [null, null, null, null] }, { year: 2019, code: \"S2-01\", units: [null, null, null, null] }],\n    numberOfUnits: 4\n};\nvar action = {\n    type: \"ADD_UNIT\",\n    tpIndex: 2,\n    unitIndex: 3,\n    unit: { unitCode: \"XXX0001\", unitName: \"Test Unit\" }\n};\nvar stateAfter = {\n    teachingPeriods: [{ year: 2017, code: \"S2-01\", units: [null, null, null, null] }, { year: 2018, code: \"S2-01\", units: [null, null, null, null] }, { year: 2019, code: \"S2-01\", units: [null, null, null, { unitCode: \"XXX0001\", unitName: \"Test Unit\" }] }],\n    numberOfUnits: 4\n};\n(0, _deepFreeze2.default)(stateBefore);\n(0, _deepFreeze2.default)(action);\n(0, _expect2.default)((0, _CourseStructure2.default)(stateBefore, action)).toEqual(stateAfter);",
                "err": {},
                "isRoot": false,
                "uuid": "00e80236-68c6-4581-b823-89597fdcdf0d",
                "parentUUID": "5e0f4239-4773-4aa6-b411-7e64d476436f",
                "skipped": false
              }
            ],
            "pending": [],
            "root": false,
            "_timeout": 2000,
            "file": "/test/reducers/CourseStructure.spec.js",
            "uuid": "5e0f4239-4773-4aa6-b411-7e64d476436f",
            "fullFile": "/home/staff01/Documents/monPlanR/test/reducers/CourseStructure.spec.js",
            "passes": [
              {
                "title": "Should add a unit correctly to the start of an array",
                "fullTitle": "REDUCER: CourseStructure ACTION: ADD_UNIT Should add a unit correctly to the start of an array",
                "timedOut": false,
                "duration": 7,
                "state": "passed",
                "speed": "fast",
                "pass": true,
                "fail": false,
                "pending": false,
                "code": "var stateBefore = {\n    teachingPeriods: [{ year: 2017, code: \"S2-01\", units: [null, null, null, null] }, { year: 2018, code: \"S2-01\", units: [null, null, null, null] }, { year: 2019, code: \"S2-01\", units: [null, null, null, null] }],\n    numberOfUnits: 4\n};\nvar action = {\n    type: \"ADD_UNIT\",\n    tpIndex: 0,\n    unitIndex: 0,\n    unit: { unitCode: \"XXX0001\", unitName: \"Test Unit\" }\n};\nvar stateAfter = {\n    teachingPeriods: [{ year: 2017, code: \"S2-01\", units: [{ unitCode: \"XXX0001\", unitName: \"Test Unit\" }, null, null, null] }, { year: 2018, code: \"S2-01\", units: [null, null, null, null] }, { year: 2019, code: \"S2-01\", units: [null, null, null, null] }],\n    numberOfUnits: 4\n};\n(0, _deepFreeze2.default)(stateBefore);\n(0, _deepFreeze2.default)(action);\n(0, _expect2.default)((0, _CourseStructure2.default)(stateBefore, action)).toEqual(stateAfter);",
                "err": {},
                "isRoot": false,
                "uuid": "515e4bf2-d016-4732-98c3-10373c732d5c",
                "parentUUID": "5e0f4239-4773-4aa6-b411-7e64d476436f",
                "skipped": false
              },
              {
                "title": "Should add a unit correctly to the middle of an array",
                "fullTitle": "REDUCER: CourseStructure ACTION: ADD_UNIT Should add a unit correctly to the middle of an array",
                "timedOut": false,
                "duration": 1,
                "state": "passed",
                "speed": "fast",
                "pass": true,
                "fail": false,
                "pending": false,
                "code": "var stateBefore = {\n    teachingPeriods: [{ year: 2017, code: \"S2-01\", units: [null, null, null, null] }, { year: 2018, code: \"S2-01\", units: [null, null, null, null] }, { year: 2019, code: \"S2-01\", units: [null, null, null, null] }],\n    numberOfUnits: 4\n};\nvar action = {\n    type: \"ADD_UNIT\",\n    tpIndex: 1,\n    unitIndex: 1,\n    unit: { unitCode: \"XXX0001\", unitName: \"Test Unit\" }\n};\nvar stateAfter = {\n    teachingPeriods: [{ year: 2017, code: \"S2-01\", units: [null, null, null, null] }, { year: 2018, code: \"S2-01\", units: [null, { unitCode: \"XXX0001\", unitName: \"Test Unit\" }, null, null] }, { year: 2019, code: \"S2-01\", units: [null, null, null, null] }],\n    numberOfUnits: 4\n};\n(0, _deepFreeze2.default)(stateBefore);\n(0, _deepFreeze2.default)(action);\n(0, _expect2.default)((0, _CourseStructure2.default)(stateBefore, action)).toEqual(stateAfter);",
                "err": {},
                "isRoot": false,
                "uuid": "d0ca6753-a533-4fe2-91cb-5707e1d781ff",
                "parentUUID": "5e0f4239-4773-4aa6-b411-7e64d476436f",
                "skipped": false
              },
              {
                "title": "Should add a unit correctly to the end of an array",
                "fullTitle": "REDUCER: CourseStructure ACTION: ADD_UNIT Should add a unit correctly to the end of an array",
                "timedOut": false,
                "duration": 0,
                "state": "passed",
                "speed": "fast",
                "pass": true,
                "fail": false,
                "pending": false,
                "code": "var stateBefore = {\n    teachingPeriods: [{ year: 2017, code: \"S2-01\", units: [null, null, null, null] }, { year: 2018, code: \"S2-01\", units: [null, null, null, null] }, { year: 2019, code: \"S2-01\", units: [null, null, null, null] }],\n    numberOfUnits: 4\n};\nvar action = {\n    type: \"ADD_UNIT\",\n    tpIndex: 2,\n    unitIndex: 3,\n    unit: { unitCode: \"XXX0001\", unitName: \"Test Unit\" }\n};\nvar stateAfter = {\n    teachingPeriods: [{ year: 2017, code: \"S2-01\", units: [null, null, null, null] }, { year: 2018, code: \"S2-01\", units: [null, null, null, null] }, { year: 2019, code: \"S2-01\", units: [null, null, null, { unitCode: \"XXX0001\", unitName: \"Test Unit\" }] }],\n    numberOfUnits: 4\n};\n(0, _deepFreeze2.default)(stateBefore);\n(0, _deepFreeze2.default)(action);\n(0, _expect2.default)((0, _CourseStructure2.default)(stateBefore, action)).toEqual(stateAfter);",
                "err": {},
                "isRoot": false,
                "uuid": "00e80236-68c6-4581-b823-89597fdcdf0d",
                "parentUUID": "5e0f4239-4773-4aa6-b411-7e64d476436f",
                "skipped": false
              }
            ],
            "failures": [],
            "skipped": [],
            "hasTests": true,
            "hasSuites": false,
            "totalTests": 3,
            "totalPasses": 3,
            "totalFailures": 0,
            "totalPending": 0,
            "totalSkipped": 0,
            "hasPasses": true,
            "hasFailures": false,
            "hasPending": false,
            "hasSkipped": false,
            "duration": 8
          },
          {
            "title": "ACTION: REMOVE_UNIT",
            "suites": [],
            "tests": [
              {
                "title": "Should remove a unit correctly frpm the start of an array",
                "fullTitle": "REDUCER: CourseStructure ACTION: REMOVE_UNIT Should remove a unit correctly frpm the start of an array",
                "timedOut": false,
                "duration": 1,
                "state": "passed",
                "speed": "fast",
                "pass": true,
                "fail": false,
                "pending": false,
                "code": "var stateBefore = {\n    teachingPeriods: [{ year: 2017, code: \"S2-01\", units: [{ unitCode: \"XXX0001\", unitName: \"Test Unit\" }, null, null, null] }, { year: 2018, code: \"S2-01\", units: [null, null, null, null] }, { year: 2019, code: \"S2-01\", units: [null, null, null, null] }],\n    numberOfUnits: 4\n};\nvar action = {\n    type: \"REMOVE_UNIT\",\n    tpIndex: 0,\n    unitIndex: 0\n};\nvar stateAfter = {\n    teachingPeriods: [{ year: 2017, code: \"S2-01\", units: [null, null, null, null] }, { year: 2018, code: \"S2-01\", units: [null, null, null, null] }, { year: 2019, code: \"S2-01\", units: [null, null, null, null] }],\n    numberOfUnits: 4\n};\n(0, _deepFreeze2.default)(stateBefore);\n(0, _deepFreeze2.default)(action);\n(0, _expect2.default)((0, _CourseStructure2.default)(stateBefore, action)).toEqual(stateAfter);",
                "err": {},
                "isRoot": false,
                "uuid": "964a29b7-4ced-4f33-bc0c-8fb6b05774ea",
                "parentUUID": "25e10de4-0f6c-4f48-bf35-1351143940ad",
                "skipped": false
              },
              {
                "title": "Should remove a unit correctly from the middle of an array",
                "fullTitle": "REDUCER: CourseStructure ACTION: REMOVE_UNIT Should remove a unit correctly from the middle of an array",
                "timedOut": false,
                "duration": 0,
                "state": "passed",
                "speed": "fast",
                "pass": true,
                "fail": false,
                "pending": false,
                "code": "var stateBefore = {\n    teachingPeriods: [{ year: 2017, code: \"S2-01\", units: [null, null, null, null] }, { year: 2018, code: \"S2-01\", units: [null, { unitCode: \"XXX0001\", unitName: \"Test Unit\" }, null, null] }, { year: 2019, code: \"S2-01\", units: [null, null, null, null] }],\n    numberOfUnits: 4\n};\nvar action = {\n    type: \"REMOVE_UNIT\",\n    tpIndex: 1,\n    unitIndex: 1\n};\nvar stateAfter = {\n    teachingPeriods: [{ year: 2017, code: \"S2-01\", units: [null, null, null, null] }, { year: 2018, code: \"S2-01\", units: [null, null, null, null] }, { year: 2019, code: \"S2-01\", units: [null, null, null, null] }],\n    numberOfUnits: 4\n};\n(0, _deepFreeze2.default)(stateBefore);\n(0, _deepFreeze2.default)(action);\n(0, _expect2.default)((0, _CourseStructure2.default)(stateBefore, action)).toEqual(stateAfter);",
                "err": {},
                "isRoot": false,
                "uuid": "fde8e55b-f757-4016-a863-bb6620de341c",
                "parentUUID": "25e10de4-0f6c-4f48-bf35-1351143940ad",
                "skipped": false
              },
              {
                "title": "Should remove a unit correctly from the end of an array",
                "fullTitle": "REDUCER: CourseStructure ACTION: REMOVE_UNIT Should remove a unit correctly from the end of an array",
                "timedOut": false,
                "duration": 1,
                "state": "passed",
                "speed": "fast",
                "pass": true,
                "fail": false,
                "pending": false,
                "code": "var stateBefore = {\n    teachingPeriods: [{ year: 2017, code: \"S2-01\", units: [null, null, null, null] }, { year: 2018, code: \"S2-01\", units: [null, null, null, null] }, { year: 2019, code: \"S2-01\", units: [null, null, null, { unitCode: \"XXX0001\", unitName: \"Test Unit\" }] }],\n    numberOfUnits: 4\n};\nvar action = {\n    type: \"REMOVE_UNIT\",\n    tpIndex: 2,\n    unitIndex: 3\n};\nvar stateAfter = {\n    teachingPeriods: [{ year: 2017, code: \"S2-01\", units: [null, null, null, null] }, { year: 2018, code: \"S2-01\", units: [null, null, null, null] }, { year: 2019, code: \"S2-01\", units: [null, null, null, null] }],\n    numberOfUnits: 4\n};\n(0, _deepFreeze2.default)(stateBefore);\n(0, _deepFreeze2.default)(action);\n(0, _expect2.default)((0, _CourseStructure2.default)(stateBefore, action)).toEqual(stateAfter);",
                "err": {},
                "isRoot": false,
                "uuid": "3ef6cd51-38fe-4849-9f44-7899b104852b",
                "parentUUID": "25e10de4-0f6c-4f48-bf35-1351143940ad",
                "skipped": false
              }
            ],
            "pending": [],
            "root": false,
            "_timeout": 2000,
            "file": "/test/reducers/CourseStructure.spec.js",
            "uuid": "25e10de4-0f6c-4f48-bf35-1351143940ad",
            "fullFile": "/home/staff01/Documents/monPlanR/test/reducers/CourseStructure.spec.js",
            "passes": [
              {
                "title": "Should remove a unit correctly frpm the start of an array",
                "fullTitle": "REDUCER: CourseStructure ACTION: REMOVE_UNIT Should remove a unit correctly frpm the start of an array",
                "timedOut": false,
                "duration": 1,
                "state": "passed",
                "speed": "fast",
                "pass": true,
                "fail": false,
                "pending": false,
                "code": "var stateBefore = {\n    teachingPeriods: [{ year: 2017, code: \"S2-01\", units: [{ unitCode: \"XXX0001\", unitName: \"Test Unit\" }, null, null, null] }, { year: 2018, code: \"S2-01\", units: [null, null, null, null] }, { year: 2019, code: \"S2-01\", units: [null, null, null, null] }],\n    numberOfUnits: 4\n};\nvar action = {\n    type: \"REMOVE_UNIT\",\n    tpIndex: 0,\n    unitIndex: 0\n};\nvar stateAfter = {\n    teachingPeriods: [{ year: 2017, code: \"S2-01\", units: [null, null, null, null] }, { year: 2018, code: \"S2-01\", units: [null, null, null, null] }, { year: 2019, code: \"S2-01\", units: [null, null, null, null] }],\n    numberOfUnits: 4\n};\n(0, _deepFreeze2.default)(stateBefore);\n(0, _deepFreeze2.default)(action);\n(0, _expect2.default)((0, _CourseStructure2.default)(stateBefore, action)).toEqual(stateAfter);",
                "err": {},
                "isRoot": false,
                "uuid": "964a29b7-4ced-4f33-bc0c-8fb6b05774ea",
                "parentUUID": "25e10de4-0f6c-4f48-bf35-1351143940ad",
                "skipped": false
              },
              {
                "title": "Should remove a unit correctly from the middle of an array",
                "fullTitle": "REDUCER: CourseStructure ACTION: REMOVE_UNIT Should remove a unit correctly from the middle of an array",
                "timedOut": false,
                "duration": 0,
                "state": "passed",
                "speed": "fast",
                "pass": true,
                "fail": false,
                "pending": false,
                "code": "var stateBefore = {\n    teachingPeriods: [{ year: 2017, code: \"S2-01\", units: [null, null, null, null] }, { year: 2018, code: \"S2-01\", units: [null, { unitCode: \"XXX0001\", unitName: \"Test Unit\" }, null, null] }, { year: 2019, code: \"S2-01\", units: [null, null, null, null] }],\n    numberOfUnits: 4\n};\nvar action = {\n    type: \"REMOVE_UNIT\",\n    tpIndex: 1,\n    unitIndex: 1\n};\nvar stateAfter = {\n    teachingPeriods: [{ year: 2017, code: \"S2-01\", units: [null, null, null, null] }, { year: 2018, code: \"S2-01\", units: [null, null, null, null] }, { year: 2019, code: \"S2-01\", units: [null, null, null, null] }],\n    numberOfUnits: 4\n};\n(0, _deepFreeze2.default)(stateBefore);\n(0, _deepFreeze2.default)(action);\n(0, _expect2.default)((0, _CourseStructure2.default)(stateBefore, action)).toEqual(stateAfter);",
                "err": {},
                "isRoot": false,
                "uuid": "fde8e55b-f757-4016-a863-bb6620de341c",
                "parentUUID": "25e10de4-0f6c-4f48-bf35-1351143940ad",
                "skipped": false
              },
              {
                "title": "Should remove a unit correctly from the end of an array",
                "fullTitle": "REDUCER: CourseStructure ACTION: REMOVE_UNIT Should remove a unit correctly from the end of an array",
                "timedOut": false,
                "duration": 1,
                "state": "passed",
                "speed": "fast",
                "pass": true,
                "fail": false,
                "pending": false,
                "code": "var stateBefore = {\n    teachingPeriods: [{ year: 2017, code: \"S2-01\", units: [null, null, null, null] }, { year: 2018, code: \"S2-01\", units: [null, null, null, null] }, { year: 2019, code: \"S2-01\", units: [null, null, null, { unitCode: \"XXX0001\", unitName: \"Test Unit\" }] }],\n    numberOfUnits: 4\n};\nvar action = {\n    type: \"REMOVE_UNIT\",\n    tpIndex: 2,\n    unitIndex: 3\n};\nvar stateAfter = {\n    teachingPeriods: [{ year: 2017, code: \"S2-01\", units: [null, null, null, null] }, { year: 2018, code: \"S2-01\", units: [null, null, null, null] }, { year: 2019, code: \"S2-01\", units: [null, null, null, null] }],\n    numberOfUnits: 4\n};\n(0, _deepFreeze2.default)(stateBefore);\n(0, _deepFreeze2.default)(action);\n(0, _expect2.default)((0, _CourseStructure2.default)(stateBefore, action)).toEqual(stateAfter);",
                "err": {},
                "isRoot": false,
                "uuid": "3ef6cd51-38fe-4849-9f44-7899b104852b",
                "parentUUID": "25e10de4-0f6c-4f48-bf35-1351143940ad",
                "skipped": false
              }
            ],
            "failures": [],
            "skipped": [],
            "hasTests": true,
            "hasSuites": false,
            "totalTests": 3,
            "totalPasses": 3,
            "totalFailures": 0,
            "totalPending": 0,
            "totalSkipped": 0,
            "hasPasses": true,
            "hasFailures": false,
            "hasPending": false,
            "hasSkipped": false,
            "duration": 2
          },
          {
            "title": "ACTION: GENERATE_COURSE",
            "suites": [],
            "tests": [
              {
                "title": "Should generate a course structure with valid start and end years",
                "fullTitle": "REDUCER: CourseStructure ACTION: GENERATE_COURSE Should generate a course structure with valid start and end years",
                "timedOut": false,
                "duration": 1,
                "state": "passed",
                "speed": "fast",
                "pass": true,
                "fail": false,
                "pending": false,
                "code": "var stateBefore = {\n    teachingPeriods: [],\n    numberOfUnits: 4\n};\nvar action = {\n    type: \"GENERATE_COURSE\",\n    startYear: 2014,\n    endYear: 2016\n};\nvar stateAfter = {\n    teachingPeriods: [{ year: 2014, code: \"S1-01\", units: [null, null, null, null] }, { year: 2014, code: \"S2-01\", units: [null, null, null, null] }, { year: 2015, code: \"S1-01\", units: [null, null, null, null] }, { year: 2015, code: \"S2-01\", units: [null, null, null, null] }, { year: 2016, code: \"S1-01\", units: [null, null, null, null] }, { year: 2016, code: \"S2-01\", units: [null, null, null, null] }],\n    numberOfUnits: 4\n};\n(0, _deepFreeze2.default)(stateBefore);\n(0, _deepFreeze2.default)(action);\n(0, _expect2.default)((0, _CourseStructure2.default)(stateBefore, action)).toEqual(stateAfter);",
                "err": {},
                "isRoot": false,
                "uuid": "1d4113a6-583d-404f-97f3-b403e6af2f93",
                "parentUUID": "9aa2cc40-6784-4135-bfe4-4011c2b6278a",
                "skipped": false
              },
              {
                "title": "Should return an empty course structure with invalid start and end years.",
                "fullTitle": "REDUCER: CourseStructure ACTION: GENERATE_COURSE Should return an empty course structure with invalid start and end years.",
                "timedOut": false,
                "duration": 0,
                "state": "passed",
                "speed": "fast",
                "pass": true,
                "fail": false,
                "pending": false,
                "code": "var stateBefore = {\n    teachingPeriods: [{ year: 2014, code: \"S1-01\", units: [null, null, null, null] }, { year: 2014, code: \"S2-01\", units: [null, null, null, null] }, { year: 2015, code: \"S1-01\", units: [null, null, null, null] }, { year: 2015, code: \"S2-01\", units: [null, null, null, null] }, { year: 2016, code: \"S1-01\", units: [null, null, null, null] }, { year: 2016, code: \"S2-01\", units: [null, null, null, null] }],\n    numberOfUnits: 4\n};\nvar action = {\n    type: \"GENERATE_COURSE\",\n    startYear: 2017,\n    endYear: 2013\n};\nvar stateAfter = {\n    teachingPeriods: [],\n    numberOfUnits: 4\n};\n(0, _deepFreeze2.default)(stateBefore);\n(0, _deepFreeze2.default)(action);\n(0, _expect2.default)((0, _CourseStructure2.default)(stateBefore, action)).toEqual(stateAfter);",
                "err": {},
                "isRoot": false,
                "uuid": "66f6168b-748c-4dd2-9cf8-443003dc11ea",
                "parentUUID": "9aa2cc40-6784-4135-bfe4-4011c2b6278a",
                "skipped": false
              }
            ],
            "pending": [],
            "root": false,
            "_timeout": 2000,
            "file": "/test/reducers/CourseStructure.spec.js",
            "uuid": "9aa2cc40-6784-4135-bfe4-4011c2b6278a",
            "fullFile": "/home/staff01/Documents/monPlanR/test/reducers/CourseStructure.spec.js",
            "passes": [
              {
                "title": "Should generate a course structure with valid start and end years",
                "fullTitle": "REDUCER: CourseStructure ACTION: GENERATE_COURSE Should generate a course structure with valid start and end years",
                "timedOut": false,
                "duration": 1,
                "state": "passed",
                "speed": "fast",
                "pass": true,
                "fail": false,
                "pending": false,
[...]
      "code": "var stateBefore = {\n    teachingPeriods: [{ year: 2017, code: \"S2-01\", units: [null, null, null, null] }, { year: 2018, code: \"S2-01\", units: [null, null, null, null] }, { year: 2019, code: \"S2-01\", units: [null, null, null, { unitCode: \"XXX0001\", unitName: \"Test Unit\" }] }],\n    numberOfUnits: 4\n};\nvar action = {\n    type: \"REMOVE_UNIT\",\n    tpIndex: 2,\n    unitIndex: 3\n};\nvar stateAfter = {\n    teachingPeriods: [{ year: 2017, code: \"S2-01\", units: [null, null, null, null] }, { year: 2018, code: \"S2-01\", units: [null, null, null, null] }, { year: 2019, code: \"S2-01\", units: [null, null, null, null] }],\n    numberOfUnits: 4\n};\n(0, _deepFreeze2.default)(stateBefore);\n(0, _deepFreeze2.default)(action);\n(0, _expect2.default)((0, _CourseStructure2.default)(stateBefore, action)).toEqual(stateAfter);",
      "err": {},
      "isRoot": false,
      "uuid": "3ef6cd51-38fe-4849-9f44-7899b104852b",
      "parentUUID": "25e10de4-0f6c-4f48-bf35-1351143940ad",
      "skipped": false
    },
    {
      "title": "Should generate a course structure with valid start and end years",
      "fullTitle": "ACTION: GENERATE_COURSE Should generate a course structure with valid start and end years",
      "timedOut": false,
      "duration": 1,
      "state": "passed",
      "speed": "fast",
      "pass": true,
      "fail": false,
      "pending": false,
      "code": "var stateBefore = {\n    teachingPeriods: [],\n    numberOfUnits: 4\n};\nvar action = {\n    type: \"GENERATE_COURSE\",\n    startYear: 2014,\n    endYear: 2016\n};\nvar stateAfter = {\n    teachingPeriods: [{ year: 2014, code: \"S1-01\", units: [null, null, null, null] }, { year: 2014, code: \"S2-01\", units: [null, null, null, null] }, { year: 2015, code: \"S1-01\", units: [null, null, null, null] }, { year: 2015, code: \"S2-01\", units: [null, null, null, null] }, { year: 2016, code: \"S1-01\", units: [null, null, null, null] }, { year: 2016, code: \"S2-01\", units: [null, null, null, null] }],\n    numberOfUnits: 4\n};\n(0, _deepFreeze2.default)(stateBefore);\n(0, _deepFreeze2.default)(action);\n(0, _expect2.default)((0, _CourseStructure2.default)(stateBefore, action)).toEqual(stateAfter);",
      "err": {},
      "isRoot": false,
      "uuid": "1d4113a6-583d-404f-97f3-b403e6af2f93",
      "parentUUID": "9aa2cc40-6784-4135-bfe4-4011c2b6278a",
      "skipped": false
    },
    {
      "title": "Should return an empty course structure with invalid start and end years.",
      "fullTitle": "ACTION: GENERATE_COURSE Should return an empty course structure with invalid start and end years.",
      "timedOut": false,
      "duration": 0,
      "state": "passed",
      "speed": "fast",
      "pass": true,
      "fail": false,
      "pending": false,
      "code": "var stateBefore = {\n    teachingPeriods: [{ year: 2014, code: \"S1-01\", units: [null, null, null, null] }, { year: 2014, code: \"S2-01\", units: [null, null, null, null] }, { year: 2015, code: \"S1-01\", units: [null, null, null, null] }, { year: 2015, code: \"S2-01\", units: [null, null, null, null] }, { year: 2016, code: \"S1-01\", units: [null, null, null, null] }, { year: 2016, code: \"S2-01\", units: [null, null, null, null] }],\n    numberOfUnits: 4\n};\nvar action = {\n    type: \"GENERATE_COURSE\",\n    startYear: 2017,\n    endYear: 2013\n};\nvar stateAfter = {\n    teachingPeriods: [],\n    numberOfUnits: 4\n};\n(0, _deepFreeze2.default)(stateBefore);\n(0, _deepFreeze2.default)(action);\n(0, _expect2.default)((0, _CourseStructure2.default)(stateBefore, action)).toEqual(stateAfter);",
      "err": {},
      "isRoot": false,
      "uuid": "66f6168b-748c-4dd2-9cf8-443003dc11ea",
      "parentUUID": "9aa2cc40-6784-4135-bfe4-4011c2b6278a",
      "skipped": false
    },
    {
      "title": "Should correctly show that the course info is loading",
      "fullTitle": "ACTION: FETCH_COURSE_INFO_PENDING Should correctly show that the course info is loading",
      "timedOut": false,
      "duration": 1,
      "state": "passed",
      "speed": "fast",
      "pass": true,
      "fail": false,
      "pending": false,
      "code": "var stateBefore = {\n    teachingPeriods: [],\n    numberOfUnits: 4,\n    courseTemplateLoadError: false,\n    courseInfoLoadError: false,\n    unitLoadError: false,\n    unitLoading: false,\n    courseInfoLoading: false,\n    courseInfo: null\n};\nvar action = {\n    type: \"FETCH_COURSE_INFO_PENDING\"\n};\nvar stateAfter = {\n    teachingPeriods: [],\n    numberOfUnits: 4,\n    courseTemplateLoadError: false,\n    courseInfoLoadError: false,\n    unitLoadError: false,\n    unitLoading: false,\n    courseInfoLoading: true,\n    courseInfo: null\n};\n(0, _deepFreeze2.default)(stateBefore);\n(0, _deepFreeze2.default)(action);\n(0, _expect2.default)((0, _CourseStructure2.default)(stateBefore, action)).toEqual(stateAfter);",
      "err": {},
      "isRoot": false,
      "uuid": "153b5f8a-7aac-4a72-9e5f-90c813614acd",
      "parentUUID": "56edced6-744b-4d8e-8106-48bd627f54bf",
      "skipped": false
    },
    {
      "title": "Should correctly return the payload and show that it is no longer loading",
      "fullTitle": "ACTION: FETCH_COURSE_INFO_FULFILLED Should correctly return the payload and show that it is no longer loading",
      "timedOut": false,
      "duration": 1,
      "state": "passed",
      "speed": "fast",
      "pass": true,
      "fail": false,
      "pending": false,
      "code": "var stateBefore = {\n    teachingPeriods: [],\n    numberOfUnits: 4,\n    courseTemplateLoadError: false,\n    courseInfoLoadError: false,\n    unitLoadError: false,\n    unitLoading: false,\n    courseInfoLoading: true,\n    focusedCourse: null,\n    courseInfo: null\n};\nvar action = {\n    type: \"FETCH_COURSE_INFO_FULFILLED\",\n    payload: { data: {\n            courseName: \"Test Course\",\n            mangFac: \"Test Faculty\",\n            creditPoints: 100,\n            courseDescrip: \"Test Description\",\n            courseDuration: \"Test Duration\",\n            modeLoc: \"Test mode and location\",\n            courseAward: \"Test awards\",\n            abrevTitle: \"Test abreviated title\"\n        } },\n    courseCode: \"COURSE101\"\n};\nvar stateAfter = {\n    teachingPeriods: [],\n    numberOfUnits: 4,\n    courseTemplateLoadError: false,\n    courseInfoLoadError: false,\n    unitLoadError: false,\n    unitLoading: false,\n    courseInfoLoading: false,\n    courseInfo: {\n        courseName: \"Test Course\",\n        faculty: \"Test Faculty\",\n        creditPoints: 100,\n        courseDescription: \"Test Description\",\n        durationStr: \"Test Duration\",\n        modeAndLocation: \"Test mode and location\",\n        awards: \"Test awards\",\n        abrTitle: \"Test abreviated title\"\n    },\n    focusedCourse: \"COURSE101\"\n};\n(0, _deepFreeze2.default)(stateBefore);\n(0, _deepFreeze2.default)(action);\n(0, _expect2.default)((0, _CourseStructure2.default)(stateBefore, action)).toEqual(stateAfter);",
      "err": {},
      "isRoot": false,
      "uuid": "7be65bca-5f8b-41cd-aea0-33960f68da28",
      "parentUUID": "4052339d-1ee3-411b-83c3-3bc010e80f1a",
      "skipped": false
    },
    {
      "title": "Should correctly show that the course info fetch failed and show that it is no longer loading",
      "fullTitle": "ACTION: FETCH_COURSE_INFO_REJECTED Should correctly show that the course info fetch failed and show that it is no longer loading",
      "timedOut": false,
      "duration": 1,
      "state": "passed",
      "speed": "fast",
      "pass": true,
      "fail": false,
      "pending": false,
      "code": "var stateBefore = {\n    teachingPeriods: [],\n    numberOfUnits: 4,\n    courseTemplateLoadError: false,\n    courseInfoLoadError: false,\n    unitLoadError: false,\n    unitLoading: false,\n    courseInfoLoading: true,\n    courseInfo: null\n};\nvar action = {\n    type: \"FETCH_COURSE_INFO_REJECTED\"\n};\nvar stateAfter = {\n    teachingPeriods: [],\n    numberOfUnits: 4,\n    courseTemplateLoadError: false,\n    courseInfoLoadError: true,\n    unitLoadError: false,\n    unitLoading: false,\n    courseInfoLoading: false,\n    courseInfo: null\n};\n(0, _deepFreeze2.default)(stateBefore);\n(0, _deepFreeze2.default)(action);\n(0, _expect2.default)((0, _CourseStructure2.default)(stateBefore, action)).toEqual(stateAfter);",
      "err": {},
      "isRoot": false,
      "uuid": "9d5cd02a-e9a1-42a2-b044-dd84c53b67e7",
      "parentUUID": "9b7f53cb-016c-4fb2-83f2-3674cc6a888b",
      "skipped": false
    },
    {
      "title": "Should correctly show that the course template is loading",
      "fullTitle": "ACTION: FETCH_COURSE_TEMPLATE_PENDING Should correctly show that the course template is loading",
      "timedOut": false,
      "duration": 0,
      "state": "passed",
      "speed": "fast",
      "pass": true,
      "fail": false,
      "pending": false,
      "code": "var stateBefore = {\n    teachingPeriods: [],\n    numberOfUnits: 4,\n    courseTemplateLoadError: false,\n    courseInfoLoadError: false,\n    unitLoadError: false,\n    unitLoading: false,\n    courseLoading: false,\n    courseTemplateData: null\n};\nvar action = {\n    type: \"FETCH_COURSE_TEMPLATE_PENDING\"\n};\nvar stateAfter = {\n    teachingPeriods: [],\n    numberOfUnits: 4,\n    courseTemplateLoadError: false,\n    courseInfoLoadError: false,\n    unitLoadError: false,\n    unitLoading: false,\n    courseLoading: true,\n    courseTemplateData: null\n};\n(0, _deepFreeze2.default)(stateBefore);\n(0, _deepFreeze2.default)(action);\n(0, _expect2.default)((0, _CourseStructure2.default)(stateBefore, action)).toEqual(stateAfter);",
      "err": {},
      "isRoot": false,
      "uuid": "5297ce29-520a-4154-8a5d-816b842996b3",
      "parentUUID": "1e1c07f1-5f38-42eb-bc98-8312555a595a",
      "skipped": false
    },
    {
      "title": "Should correctly return the payload and show that it is no longer loading",
      "fullTitle": "ACTION: FETCH_COURSE_TEMPLATE_FULFILLED Should correctly return the payload and show that it is no longer loading",
      "timedOut": false,
      "duration": 0,
      "state": "passed",
      "speed": "fast",
      "pass": true,
      "fail": false,
      "pending": false,
      "code": "var stateBefore = {\n    teachingPeriods: [],\n    numberOfUnits: 4,\n    courseTemplateLoadError: false,\n    courseInfoLoadError: false,\n    unitLoadError: false,\n    unitLoading: false,\n    courseLoading: true,\n    courseTemplateData: null\n};\nvar action = {\n    type: \"FETCH_COURSE_TEMPLATE_FULFILLED\",\n    payload: { data: \"Fake Course Template\" }\n};\nvar stateAfter = {\n    teachingPeriods: [],\n    numberOfUnits: 4,\n    courseTemplateLoadError: false,\n    courseInfoLoadError: false,\n    unitLoadError: false,\n    unitLoading: false,\n    courseLoading: false,\n    courseTemplateData: \"Fake Course Template\"\n};\n(0, _deepFreeze2.default)(stateBefore);\n(0, _deepFreeze2.default)(action);\n(0, _expect2.default)((0, _CourseStructure2.default)(stateBefore, action)).toEqual(stateAfter);",
      "err": {},
      "isRoot": false,
      "uuid": "f4715743-adea-454a-be74-d4ef5e33eac2",
      "parentUUID": "18415be7-e635-4b5b-b7f5-88012411894d",
      "skipped": false
    },
    {
      "title": "Should correctly show that the course template fetch failed and show that it is no longer loading",
      "fullTitle": "ACTION: FETCH_COURSE_TEMPLATE_REJECTED Should correctly show that the course template fetch failed and show that it is no longer loading",
      "timedOut": false,
      "duration": 0,
      "state": "passed",
      "speed": "fast",
      "pass": true,
      "fail": false,
      "pending": false,
      "code": "var stateBefore = {\n    teachingPeriods: [],\n    numberOfUnits: 4,\n    courseTemplateLoadError: false,\n    courseInfoLoadError: false,\n    unitLoadError: false,\n    unitLoading: false,\n    courseLoading: true,\n    courseTemplateData: null\n};\nvar action = {\n    type: \"FETCH_COURSE_TEMPLATE_REJECTED\"\n};\nvar stateAfter = {\n    teachingPeriods: [],\n    numberOfUnits: 4,\n    courseTemplateLoadError: true,\n    courseInfoLoadError: false,\n    unitLoadError: false,\n    unitLoading: false,\n    courseLoading: false,\n    courseTemplateData: null\n};\n(0, _deepFreeze2.default)(stateBefore);\n(0, _deepFreeze2.default)(action);\n(0, _expect2.default)((0, _CourseStructure2.default)(stateBefore, action)).toEqual(stateAfter);",
      "err": {},
      "isRoot": false,
      "uuid": "30afcbed-2936-4313-a112-a8b30d4daeb9",
      "parentUUID": "f1188ba6-eb13-4b6e-b3c7-f9948306df34",
      "skipped": false
    },
    {
      "title": "Should correctly show that the unit info is loading",
      "fullTitle": "ACTION: FETCH_UNIT_INFO_PENDING Should correctly show that the unit info is loading",
      "timedOut": false,
      "duration": 0,
      "state": "passed",
      "speed": "fast",
      "pass": true,
      "fail": false,
      "pending": false,
      "code": "var stateBefore = {\n    teachingPeriods: [],\n    numberOfUnits: 4,\n    courseTemplateLoadError: false,\n    courseInfoLoadError: false,\n    unitLoadError: false,\n    unitLoading: false,\n    courseLoading: false,\n    unitInfo: null,\n    focusedUnitCode: null\n};\nvar action = {\n    type: \"FETCH_UNIT_INFO_PENDING\"\n};\nvar stateAfter = {\n    teachingPeriods: [],\n    numberOfUnits: 4,\n    courseTemplateLoadError: false,\n    courseInfoLoadError: false,\n    unitLoadError: false,\n    unitLoading: true,\n    courseLoading: false,\n    unitInfo: null,\n    focusedUnitCode: null\n};\n(0, _deepFreeze2.default)(stateBefore);\n(0, _deepFreeze2.default)(action);\n(0, _expect2.default)((0, _CourseStructure2.default)(stateBefore, action)).toEqual(stateAfter);",
      "err": {},
      "isRoot": false,
      "uuid": "9ef04b58-1083-4fec-a2f0-a10d82bdcb02",
      "parentUUID": "07f64664-8548-4db5-98b8-69c13961eab4",
      "skipped": false
    },
    {
      "title": "Should correctly return the payload and show that it is no longer loading",
      "fullTitle": "ACTION: FETCH_UNIT_INFO_FULFILLED Should correctly return the payload and show that it is no longer loading",
      "timedOut": false,
      "duration": 1,
      "state": "passed",
      "speed": "fast",
      "pass": true,
      "fail": false,
      "pending": false,
      "code": "var stateBefore = {\n    teachingPeriods: [],\n    numberOfUnits: 4,\n    courseTemplateLoadError: false,\n    courseInfoLoadError: false,\n    unitLoadError: false,\n    unitLoading: true,\n    courseLoading: false,\n    unitInfo: null,\n    focusedUnitCode: null\n};\nvar action = {\n    type: \"FETCH_UNIT_INFO_FULFILLED\",\n    payload: { data: \"Fake Unit Info\" },\n    unitCode: \"FAKE1001\"\n};\nvar stateAfter = {\n    teachingPeriods: [],\n    numberOfUnits: 4,\n    courseTemplateLoadError: false,\n    courseInfoLoadError: false,\n    unitLoadError: false,\n    unitLoading: false,\n    courseLoading: false,\n    unitInfo: \"Fake Unit Info\",\n    focusedUnitCode: \"FAKE1001\"\n};\n(0, _deepFreeze2.default)(stateBefore);\n(0, _deepFreeze2.default)(action);\n(0, _expect2.default)((0, _CourseStructure2.default)(stateBefore, action)).toEqual(stateAfter);",
      "err": {},
      "isRoot": false,
      "uuid": "5166d7d1-6952-4733-9c8d-32760a22b622",
      "parentUUID": "2a2fd0bf-49d9-4bf8-8f38-45dab8f07b20",
      "skipped": false
    },
    {
      "title": "Should correctly show that the unit info fetch failed and show that it is no longer loading",
      "fullTitle": "ACTION: FETCH_UNIT_INFO_REJECTED Should correctly show that the unit info fetch failed and show that it is no longer loading",
      "timedOut": false,
      "duration": 0,
      "state": "passed",
      "speed": "fast",
      "pass": true,
      "fail": false,
      "pending": false,
      "code": "var stateBefore = {\n    teachingPeriods: [],\n    numberOfUnits: 4,\n    courseTemplateLoadError: false,\n    courseInfoLoadError: false,\n    unitLoadError: false,\n    unitLoading: true,\n    courseLoading: false,\n    unitInfo: null,\n    focusedUnitCode: \"FAKE1001\"\n};\nvar action = {\n    type: \"FETCH_UNIT_INFO_REJECTED\",\n    payload: \"Error Msg\"\n};\nvar stateAfter = {\n    teachingPeriods: [],\n    numberOfUnits: 4,\n    courseTemplateLoadError: false,\n    courseInfoLoadError: false,\n    unitLoadError: true,\n    unitLoading: false,\n    courseLoading: false,\n    unitInfo: null,\n    focusedUnitCode: \"FAKE1001\"\n};\n(0, _deepFreeze2.default)(stateBefore);\n(0, _deepFreeze2.default)(action);\n(0, _expect2.default)((0, _CourseStructure2.default)(stateBefore, action)).toEqual(stateAfter);",
      "err": {},
      "isRoot": false,
      "uuid": "002e63e3-f39a-4ff4-a104-3b2eb54f9f69",
      "parentUUID": "7a22aa9d-4065-4c9e-b545-3e3820901d75",
      "skipped": false
    },
    {
      "title": "Should accurately set the start year and the focused course on submission",
      "fullTitle": "ACTION: SUBMIT_COURSE_FORM Should accurately set the start year and the focused course on submission",
      "timedOut": false,
      "duration": 0,
      "state": "passed",
      "speed": "fast",
      "pass": true,
      "fail": false,
      "pending": false,
      "code": "var stateBefore = {\n    teachingPeriods: [],\n    numberOfUnits: 4,\n    courseTemplateLoadError: false,\n    courseInfoLoadError: false,\n    unitLoadError: false,\n    unitLoading: true,\n    courseLoading: false,\n    unitInfo: null,\n    focusedUnitCode: \"FAKE1001\",\n    focusedCourse: null,\n    startYear: 2016,\n    endYear: 2020\n};\nvar action = {\n    type: \"SUBMIT_COURSE_FORM\",\n    startYear: 2020,\n    courseCode: \"TEST1001\"\n};\nvar stateAfter = {\n    teachingPeriods: [],\n    numberOfUnits: 4,\n    courseTemplateLoadError: false,\n    courseInfoLoadError: false,\n    unitLoadError: false,\n    unitLoading: true,\n    courseLoading: false,\n    unitInfo: null,\n    focusedUnitCode: \"FAKE1001\",\n    focusedCourse: \"TEST1001\",\n    startYear: 2020,\n    endYear: 2020\n};\n(0, _deepFreeze2.default)(stateBefore);\n(0, _deepFreeze2.default)(action);\n(0, _expect2.default)((0, _CourseStructure2.default)(stateBefore, action)).toEqual(stateAfter);",
      "err": {},
      "isRoot": false,
      "uuid": "04d7f044-d9e4-4978-a412-06e39f38ded3",
      "parentUUID": "567aa17e-c190-4d44-b57f-b29bdb6b2017",
      "skipped": false
    },
    {
      "title": "Should accurately set the start year and end year on submission",
      "fullTitle": "ACTION: SUBMIT_YEAR_FORM Should accurately set the start year and end year on submission",
      "timedOut": false,
      "duration": 1,
      "state": "passed",
      "speed": "fast",
      "pass": true,
      "fail": false,
      "pending": false,
      "code": "var stateBefore = {\n    teachingPeriods: [],\n    numberOfUnits: 4,\n    courseTemplateLoadError: false,\n    courseInfoLoadError: false,\n    unitLoadError: false,\n    unitLoading: true,\n    courseLoading: false,\n    unitInfo: null,\n    focusedUnitCode: \"FAKE1001\",\n    focusedCourse: null,\n    startYear: 2016,\n    endYear: 2020\n};\nvar action = {\n    type: \"SUBMIT_YEAR_FORM\",\n    startYear: 2020,\n    endYear: 2025\n};\nvar stateAfter = {\n    teachingPeriods: [],\n    numberOfUnits: 4,\n    courseTemplateLoadError: false,\n    courseInfoLoadError: false,\n    unitLoadError: false,\n    unitLoading: true,\n    courseLoading: false,\n    unitInfo: null,\n    focusedUnitCode: \"FAKE1001\",\n    focusedCourse: null,\n    startYear: 2020,\n    endYear: 2025\n};\n(0, _deepFreeze2.default)(stateBefore);\n(0, _deepFreeze2.default)(action);\n(0, _expect2.default)((0, _CourseStructure2.default)(stateBefore, action)).toEqual(stateAfter);",
      "err": {},
      "isRoot": false,
      "uuid": "edbca1c6-e4a6-4b8b-b215-b57b6532617d",
      "parentUUID": "639a4834-144b-4fed-8948-d7233027c15e",
      "skipped": false
    }
  ],
  "allFailures": [],
  "copyrightYear": 2017
}