{
  "stats": {
    "suites": 58,
    "tests": 81,
    "passes": 81,
    "pending": 0,
    "failures": 0,
    "start": "2017-02-03T03:49:43.600Z",
    "end": "2017-02-03T03:49:44.907Z",
    "duration": 1307,
    "testsRegistered": 81,
    "passPercent": 100,
    "pendingPercent": 0,
    "other": 0,
    "hasOther": false,
    "skipped": 0,
    "hasSkipped": false,
    "passPercentClass": "success",
    "pendingPercentClass": "danger"
  },
  "suites": {
    "title": "",
    "suites": [
      {
        "title": "COMPONENT: Notification",
        "suites": [],
        "tests": [
          {
            "title": "Should render a notification title and a message",
            "fullTitle": "COMPONENT: Notification Should render a notification title and a message",
            "timedOut": false,
            "duration": 101,
            "state": "passed",
            "speed": "slow",
            "pass": true,
            "fail": false,
            "pending": false,
            "code": "var wrapper = (0, _enzyme.mount)(_react2.default.createElement(_Notification2.default, {\n    title: \"This is a test\",\n    message: \"Some message goes over here\"\n}));\nexpect(wrapper.find(\".header\").text().trim()).to.equal(\"This is a test\");\nexpect(wrapper.text().replace(\"This is a test\", \"\").trim()).to.equal(\"Some message goes over here\");",
            "err": {},
            "isRoot": false,
            "uuid": "82770929-4aff-4277-bd93-4a23c4c59274",
            "parentUUID": "d74c2f10-cdc2-4dbd-b245-91ae9521df99",
            "skipped": false
          },
          {
            "title": "Should have a default level to be info if it is not specified",
            "fullTitle": "COMPONENT: Notification Should have a default level to be info if it is not specified",
            "timedOut": false,
            "duration": 35,
            "state": "passed",
            "speed": "fast",
            "pass": true,
            "fail": false,
            "pending": false,
            "code": "expect((0, _enzyme.mount)(_react2.default.createElement(_Notification2.default, null)).find(\".info.message\")).to.have.length(1);",
            "err": {},
            "isRoot": false,
            "uuid": "d9829ae6-5571-4011-94bf-c2846d909995",
            "parentUUID": "d74c2f10-cdc2-4dbd-b245-91ae9521df99",
            "skipped": false
          },
          {
            "title": "Should follow a specified level",
            "fullTitle": "COMPONENT: Notification Should follow a specified level",
            "timedOut": false,
            "duration": 85,
            "state": "passed",
            "speed": "slow",
            "pass": true,
            "fail": false,
            "pending": false,
            "code": "expect((0, _enzyme.mount)(_react2.default.createElement(_Notification2.default, { level: \"info\" })).find(\".info.message\")).to.have.length(1);\nexpect((0, _enzyme.mount)(_react2.default.createElement(_Notification2.default, { level: \"warning\" })).find(\".warning.message\")).to.have.length(1);\nexpect((0, _enzyme.mount)(_react2.default.createElement(_Notification2.default, { level: \"error\" })).find(\".negative.message\")).to.have.length(1);\nexpect((0, _enzyme.mount)(_react2.default.createElement(_Notification2.default, { level: \"success\" })).find(\".positive.message\")).to.have.length(1);",
            "err": {},
            "isRoot": false,
            "uuid": "a0845ad9-c8d9-4f08-89ed-9334bc3af9a1",
            "parentUUID": "d74c2f10-cdc2-4dbd-b245-91ae9521df99",
            "skipped": false
          }
        ],
        "pending": [],
        "root": false,
        "_timeout": 2000,
        "file": "/test/components/Notifications/Notification.spec.jsx",
        "uuid": "d74c2f10-cdc2-4dbd-b245-91ae9521df99",
        "fullFile": "/home/staff01/Documents/monPlanR/test/components/Notifications/Notification.spec.jsx",
        "passes": [
          {
            "title": "Should render a notification title and a message",
            "fullTitle": "COMPONENT: Notification Should render a notification title and a message",
            "timedOut": false,
            "duration": 101,
            "state": "passed",
            "speed": "slow",
            "pass": true,
            "fail": false,
            "pending": false,
            "code": "var wrapper = (0, _enzyme.mount)(_react2.default.createElement(_Notification2.default, {\n    title: \"This is a test\",\n    message: \"Some message goes over here\"\n}));\nexpect(wrapper.find(\".header\").text().trim()).to.equal(\"This is a test\");\nexpect(wrapper.text().replace(\"This is a test\", \"\").trim()).to.equal(\"Some message goes over here\");",
            "err": {},
            "isRoot": false,
            "uuid": "82770929-4aff-4277-bd93-4a23c4c59274",
            "parentUUID": "d74c2f10-cdc2-4dbd-b245-91ae9521df99",
            "skipped": false
          },
          {
            "title": "Should have a default level to be info if it is not specified",
            "fullTitle": "COMPONENT: Notification Should have a default level to be info if it is not specified",
            "timedOut": false,
            "duration": 35,
            "state": "passed",
            "speed": "fast",
            "pass": true,
            "fail": false,
            "pending": false,
            "code": "expect((0, _enzyme.mount)(_react2.default.createElement(_Notification2.default, null)).find(\".info.message\")).to.have.length(1);",
            "err": {},
            "isRoot": false,
            "uuid": "d9829ae6-5571-4011-94bf-c2846d909995",
            "parentUUID": "d74c2f10-cdc2-4dbd-b245-91ae9521df99",
            "skipped": false
          },
          {
            "title": "Should follow a specified level",
            "fullTitle": "COMPONENT: Notification Should follow a specified level",
            "timedOut": false,
            "duration": 85,
            "state": "passed",
            "speed": "slow",
            "pass": true,
            "fail": false,
            "pending": false,
            "code": "expect((0, _enzyme.mount)(_react2.default.createElement(_Notification2.default, { level: \"info\" })).find(\".info.message\")).to.have.length(1);\nexpect((0, _enzyme.mount)(_react2.default.createElement(_Notification2.default, { level: \"warning\" })).find(\".warning.message\")).to.have.length(1);\nexpect((0, _enzyme.mount)(_react2.default.createElement(_Notification2.default, { level: \"error\" })).find(\".negative.message\")).to.have.length(1);\nexpect((0, _enzyme.mount)(_react2.default.createElement(_Notification2.default, { level: \"success\" })).find(\".positive.message\")).to.have.length(1);",
            "err": {},
            "isRoot": false,
            "uuid": "a0845ad9-c8d9-4f08-89ed-9334bc3af9a1",
            "parentUUID": "d74c2f10-cdc2-4dbd-b245-91ae9521df99",
            "skipped": false
          }
        ],
        "failures": [],
        "skipped": [],
        "hasTests": true,
        "hasSuites": false,
        "totalTests": 3,
        "totalPasses": 3,
        "totalFailures": 0,
        "totalPending": 0,
        "totalSkipped": 0,
        "hasPasses": true,
        "hasFailures": false,
        "hasPending": false,
        "hasSkipped": false,
        "duration": 221
      },
      {
        "title": "COMPONENT: SetuRating",
        "suites": [],
        "tests": [
          {
            "title": "should render two ratings",
            "fullTitle": "COMPONENT: SetuRating should render two ratings",
            "timedOut": false,
            "duration": 107,
            "state": "passed",
            "speed": "slow",
            "pass": true,
            "fail": false,
            "pending": false,
            "code": "expect((0, _enzyme.mount)(_react2.default.createElement(_SetuRating2.default, null)).find(\".rating\")).to.have.length(2);",
            "err": {},
            "isRoot": false,
            "uuid": "6ae76e8d-5c6f-4395-bd90-253784c0badf",
            "parentUUID": "c25d9531-d590-418f-9390-6df83212ce15",
            "skipped": false
          },
          {
            "title": "should render a book if learning ratings is >=2.5",
            "fullTitle": "COMPONENT: SetuRating should render a book if learning ratings is >=2.5",
            "timedOut": false,
            "duration": 127,
            "state": "passed",
            "speed": "slow",
            "pass": true,
            "fail": false,
            "pending": false,
            "code": "expect((0, _enzyme.mount)(_react2.default.createElement(_SetuRating2.default, { starRating: 4.13 })).find(\".book\")).to.have.length(1);\nexpect((0, _enzyme.mount)(_react2.default.createElement(_SetuRating2.default, { starRating: 2.50 })).find(\".book\")).to.have.length(1);",
            "err": {},
            "isRoot": false,
            "uuid": "03b046fd-a153-4ea9-81e5-939d2c8d7834",
            "parentUUID": "c25d9531-d590-418f-9390-6df83212ce15",
            "skipped": false
          },
          {
            "title": "should render a remove circle if learning ratings is <2.5",
            "fullTitle": "COMPONENT: SetuRating should render a remove circle if learning ratings is <2.5",
            "timedOut": false,
            "duration": 109,
            "state": "passed",
            "speed": "slow",
            "pass": true,
            "fail": false,
            "pending": false,
            "code": "expect((0, _enzyme.mount)(_react2.default.createElement(_SetuRating2.default, { starRating: 1.51 })).find(\".remove.circle\")).to.have.length(1);\nexpect((0, _enzyme.mount)(_react2.default.createElement(_SetuRating2.default, { starRating: 2.49 })).find(\".remove.circle\")).to.have.length(1);",
            "err": {},
            "isRoot": false,
            "uuid": "b2e657cb-c0e0-482f-bdec-d97c45bea705",
            "parentUUID": "c25d9531-d590-418f-9390-6df83212ce15",
            "skipped": false
          },
          {
            "title": "should render a thumbs up if enjoyment ratings is >=2.5",
            "fullTitle": "COMPONENT: SetuRating should render a thumbs up if enjoyment ratings is >=2.5",
            "timedOut": false,
            "duration": 130,
            "state": "passed",
            "speed": "slow",
            "pass": true,
            "fail": false,
            "pending": false,
            "code": "expect((0, _enzyme.mount)(_react2.default.createElement(_SetuRating2.default, { heartRating: 4.13 })).find(\".thumbs.up\")).to.have.length(1);\nexpect((0, _enzyme.mount)(_react2.default.createElement(_SetuRating2.default, { heartRating: 2.50 })).find(\".thumbs.up\")).to.have.length(1);",
            "err": {},
            "isRoot": false,
            "uuid": "da556867-9453-4487-a575-8913fb68cde2",
            "parentUUID": "c25d9531-d590-418f-9390-6df83212ce15",
            "skipped": false
          },
          {
            "title": "should render a thumbs down if enjoyment ratings is <2.5",
            "fullTitle": "COMPONENT: SetuRating should render a thumbs down if enjoyment ratings is <2.5",
            "timedOut": false,
            "duration": 85,
            "state": "passed",
            "speed": "slow",
            "pass": true,
            "fail": false,
            "pending": false,
            "code": "expect((0, _enzyme.mount)(_react2.default.createElement(_SetuRating2.default, { heartRating: 1.51 })).find(\".thumbs.down\")).to.have.length(1);\nexpect((0, _enzyme.mount)(_react2.default.createElement(_SetuRating2.default, { heartRating: 2.49 })).find(\".thumbs.down\")).to.have.length(1);",
            "err": {},
            "isRoot": false,
            "uuid": "33909710-a581-4eee-ac86-4ccef39d9170",
            "parentUUID": "c25d9531-d590-418f-9390-6df83212ce15",
            "skipped": false
          }
        ],
        "pending": [],
        "root": false,
        "_timeout": 2000,
        "file": "/test/components/Unit/SetuRating.spec.jsx",
        "uuid": "c25d9531-d590-418f-9390-6df83212ce15",
        "fullFile": "/home/staff01/Documents/monPlanR/test/components/Unit/SetuRating.spec.jsx",
        "passes": [
          {
            "title": "should render two ratings",
            "fullTitle": "COMPONENT: SetuRating should render two ratings",
            "timedOut": false,
            "duration": 107,
            "state": "passed",
            "speed": "slow",
            "pass": true,
            "fail": false,
            "pending": false,
            "code": "expect((0, _enzyme.mount)(_react2.default.createElement(_SetuRating2.default, null)).find(\".rating\")).to.have.length(2);",
            "err": {},
            "isRoot": false,
            "uuid": "6ae76e8d-5c6f-4395-bd90-253784c0badf",
            "parentUUID": "c25d9531-d590-418f-9390-6df83212ce15",
            "skipped": false
          },
          {
            "title": "should render a book if learning ratings is >=2.5",
            "fullTitle": "COMPONENT: SetuRating should render a book if learning ratings is >=2.5",
            "timedOut": false,
            "duration": 127,
            "state": "passed",
            "speed": "slow",
            "pass": true,
            "fail": false,
            "pending": false,
            "code": "expect((0, _enzyme.mount)(_react2.default.createElement(_SetuRating2.default, { starRating: 4.13 })).find(\".book\")).to.have.length(1);\nexpect((0, _enzyme.mount)(_react2.default.createElement(_SetuRating2.default, { starRating: 2.50 })).find(\".book\")).to.have.length(1);",
            "err": {},
            "isRoot": false,
            "uuid": "03b046fd-a153-4ea9-81e5-939d2c8d7834",
            "parentUUID": "c25d9531-d590-418f-9390-6df83212ce15",
            "skipped": false
          },
          {
            "title": "should render a remove circle if learning ratings is <2.5",
            "fullTitle": "COMPONENT: SetuRating should render a remove circle if learning ratings is <2.5",
            "timedOut": false,
            "duration": 109,
            "state": "passed",
            "speed": "slow",
            "pass": true,
            "fail": false,
            "pending": false,
            "code": "expect((0, _enzyme.mount)(_react2.default.createElement(_SetuRating2.default, { starRating: 1.51 })).find(\".remove.circle\")).to.have.length(1);\nexpect((0, _enzyme.mount)(_react2.default.createElement(_SetuRating2.default, { starRating: 2.49 })).find(\".remove.circle\")).to.have.length(1);",
            "err": {},
            "isRoot": false,
            "uuid": "b2e657cb-c0e0-482f-bdec-d97c45bea705",
            "parentUUID": "c25d9531-d590-418f-9390-6df83212ce15",
            "skipped": false
          },
          {
            "title": "should render a thumbs up if enjoyment ratings is >=2.5",
            "fullTitle": "COMPONENT: SetuRating should render a thumbs up if enjoyment ratings is >=2.5",
            "timedOut": false,
            "duration": 130,
            "state": "passed",
            "speed": "slow",
            "pass": true,
            "fail": false,
            "pending": false,
            "code": "expect((0, _enzyme.mount)(_react2.default.createElement(_SetuRating2.default, { heartRating: 4.13 })).find(\".thumbs.up\")).to.have.length(1);\nexpect((0, _enzyme.mount)(_react2.default.createElement(_SetuRating2.default, { heartRating: 2.50 })).find(\".thumbs.up\")).to.have.length(1);",
            "err": {},
            "isRoot": false,
            "uuid": "da556867-9453-4487-a575-8913fb68cde2",
            "parentUUID": "c25d9531-d590-418f-9390-6df83212ce15",
            "skipped": false
          },
          {
            "title": "should render a thumbs down if enjoyment ratings is <2.5",
            "fullTitle": "COMPONENT: SetuRating should render a thumbs down if enjoyment ratings is <2.5",
            "timedOut": false,
            "duration": 85,
            "state": "passed",
            "speed": "slow",
            "pass": true,
            "fail": false,
            "pending": false,
            "code": "expect((0, _enzyme.mount)(_react2.default.createElement(_SetuRating2.default, { heartRating: 1.51 })).find(\".thumbs.down\")).to.have.length(1);\nexpect((0, _enzyme.mount)(_react2.default.createElement(_SetuRating2.default, { heartRating: 2.49 })).find(\".thumbs.down\")).to.have.length(1);",
            "err": {},
            "isRoot": false,
            "uuid": "33909710-a581-4eee-ac86-4ccef39d9170",
            "parentUUID": "c25d9531-d590-418f-9390-6df83212ce15",
            "skipped": false
          }
        ],
        "failures": [],
        "skipped": [],
        "hasTests": true,
        "hasSuites": false,
        "totalTests": 5,
        "totalPasses": 5,
        "totalFailures": 0,
        "totalPending": 0,
        "totalSkipped": 0,
        "hasPasses": true,
        "hasFailures": false,
        "hasPending": false,
        "hasSkipped": false,
        "duration": 558
      },
      {
        "title": "COMPONENT: Unit",
        "suites": [],
        "tests": [
          {
            "title": "should only render a unit code and a unit name",
            "fullTitle": "COMPONENT: Unit should only render a unit code and a unit name",
            "timedOut": false,
            "duration": 97,
            "state": "passed",
            "speed": "slow",
            "pass": true,
            "fail": false,
            "pending": false,
            "code": "var unitCode = \"ABC1234\";\nvar unitName = \"Example unit\";\nvar wrapper = (0, _enzyme.mount)(_react2.default.createElement(_Unit.Unit, {\n    code: unitCode,\n    name: unitName,\n    connectDragSource: identity,\n    connectDropTarget: identity }));\nexpect(wrapper.find(\".header\").text().trim()).to.equal(unitCode);\nexpect(wrapper.find(\".message\").text().replace(unitCode, \"\").trim()).to.equal(unitName);",
            "err": {},
            "isRoot": false,
            "uuid": "abdc1017-5905-431c-ab47-68eeed876694",
            "parentUUID": "6e879652-a982-41df-b6a9-ff3fe4e000fb",
            "skipped": false
          },
          {
            "title": "should render a close button only when mouse is over the unit",
            "fullTitle": "COMPONENT: Unit should render a close button only when mouse is over the unit",
            "timedOut": false,
            "duration": 104,
            "state": "passed",
            "speed": "slow",
            "pass": true,
            "fail": false,
            "pending": false,
            "code": "var wrapper = (0, _enzyme.mount)(_react2.default.createElement(_Unit.Unit, {\n    code: \"ABC1234\",\n    name: \"Example unit\",\n    connectDragSource: identity,\n    connectDropTarget: identity }));\nwrapper.simulate(\"mouseout\");\nwrapper.simulate(\"mouseleave\");\nexpect(wrapper.find(\".buttons\")).to.have.length(1);\nexpect(wrapper.find(\".buttons\")).to.have.style(\"visibility\", \"hidden\");\nwrapper.simulate(\"mouseover\");\nwrapper.simulate(\"mouseenter\");\nexpect(wrapper.find(\".buttons\")).to.have.length(1);\nexpect(wrapper.find(\".buttons\")).to.have.style(\"visibility\", \"visible\");\nwrapper.simulate(\"mouseout\");\nwrapper.simulate(\"mouseleave\");\nexpect(wrapper.find(\".buttons\")).to.have.length(1);\nexpect(wrapper.find(\".buttons\")).to.have.style(\"visibility\", \"hidden\");",
            "err": {},
            "isRoot": false,
            "uuid": "9175840c-f96f-4436-b89c-b58e710a2e92",
            "parentUUID": "6e879652-a982-41df-b6a9-ff3fe4e000fb",
            "skipped": false
          }
        ],
        "pending": [],
        "root": false,
        "_timeout": 2000,
        "file": "/test/components/Unit/Unit.spec.jsx",
        "uuid": "6e879652-a982-41df-b6a9-ff3fe4e000fb",
        "fullFile": "/home/staff01/Documents/monPlanR/test/components/Unit/Unit.spec.jsx",
        "passes": [
          {
            "title": "should only render a unit code and a unit name",
            "fullTitle": "COMPONENT: Unit should only render a unit code and a unit name",
            "timedOut": false,
            "duration": 97,
            "state": "passed",
            "speed": "slow",
            "pass": true,
            "fail": false,
            "pending": false,
            "code": "var unitCode = \"ABC1234\";\nvar unitName = \"Example unit\";\nvar wrapper = (0, _enzyme.mount)(_react2.default.createElement(_Unit.Unit, {\n    code: unitCode,\n    name: unitName,\n    connectDragSource: identity,\n    connectDropTarget: identity }));\nexpect(wrapper.find(\".header\").text().trim()).to.equal(unitCode);\nexpect(wrapper.find(\".message\").text().replace(unitCode, \"\").trim()).to.equal(unitName);",
            "err": {},
            "isRoot": false,
            "uuid": "abdc1017-5905-431c-ab47-68eeed876694",
            "parentUUID": "6e879652-a982-41df-b6a9-ff3fe4e000fb",
            "skipped": false
          },
          {
            "title": "should render a close button only when mouse is over the unit",
            "fullTitle": "COMPONENT: Unit should render a close button only when mouse is over the unit",
            "timedOut": false,
            "duration": 104,
            "state": "passed",
            "speed": "slow",
            "pass": true,
            "fail": false,
            "pending": false,
            "code": "var wrapper = (0, _enzyme.mount)(_react2.default.createElement(_Unit.Unit, {\n    code: \"ABC1234\",\n    name: \"Example unit\",\n    connectDragSource: identity,\n    connectDropTarget: identity }));\nwrapper.simulate(\"mouseout\");\nwrapper.simulate(\"mouseleave\");\nexpect(wrapper.find(\".buttons\")).to.have.length(1);\nexpect(wrapper.find(\".buttons\")).to.have.style(\"visibility\", \"hidden\");\nwrapper.simulate(\"mouseover\");\nwrapper.simulate(\"mouseenter\");\nexpect(wrapper.find(\".buttons\")).to.have.length(1);\nexpect(wrapper.find(\".buttons\")).to.have.style(\"visibility\", \"visible\");\nwrapper.simulate(\"mouseout\");\nwrapper.simulate(\"mouseleave\");\nexpect(wrapper.find(\".buttons\")).to.have.length(1);\nexpect(wrapper.find(\".buttons\")).to.have.style(\"visibility\", \"hidden\");",
            "err": {},
            "isRoot": false,
            "uuid": "9175840c-f96f-4436-b89c-b58e710a2e92",
            "parentUUID": "6e879652-a982-41df-b6a9-ff3fe4e000fb",
            "skipped": false
          }
        ],
        "failures": [],
        "skipped": [],
        "hasTests": true,
        "hasSuites": false,
        "totalTests": 2,
        "totalPasses": 2,
        "totalFailures": 0,
        "totalPending": 0,
        "totalSkipped": 0,
        "hasPasses": true,
        "hasFailures": false,
        "hasPending": false,
        "hasSkipped": false,
        "duration": 201
      },
      {
        "title": "REDUCER: Counter",
        "suites": [
          {
            "title": "ACTION: INCREMENT_CREDIT_POINTS",
            "suites": [],
            "tests": [
              {
                "title": "Should increment the credit point state by a given value",
                "fullTitle": "REDUCER: Counter ACTION: INCREMENT_CREDIT_POINTS Should increment the credit point state by a given value",
                "timedOut": false,
                "duration": 2,
                "state": "passed",
                "speed": "fast",
                "pass": true,
                "fail": false,
                "pending": false,
                "code": "var stateBefore = { cost: 2, creditPoints: 0 };\nvar action = {\n    type: \"INCREMENT_CREDIT_POINTS\",\n    value: 1\n};\nvar stateAfter = {\n    cost: 2,\n    creditPoints: 1\n};\n(0, _deepFreeze2.default)(stateBefore);\n(0, _deepFreeze2.default)(action);\n(0, _expect2.default)((0, _Counter2.default)(stateBefore, action)).toEqual(stateAfter);",
                "err": {},
                "isRoot": false,
                "uuid": "83e07959-b5a2-4b31-846f-e303df46ff43",
                "parentUUID": "71dbd658-a0ee-4f11-a9cf-adcf8fe0e631",
                "skipped": false
              }
            ],
            "pending": [],
            "root": false,
            "_timeout": 2000,
            "file": "/test/reducers/Counter.spec.js",
            "uuid": "71dbd658-a0ee-4f11-a9cf-adcf8fe0e631",
            "fullFile": "/home/staff01/Documents/monPlanR/test/reducers/Counter.spec.js",
            "passes": [
              {
                "title": "Should increment the credit point state by a given value",
                "fullTitle": "REDUCER: Counter ACTION: INCREMENT_CREDIT_POINTS Should increment the credit point state by a given value",
                "timedOut": false,
                "duration": 2,
                "state": "passed",
                "speed": "fast",
                "pass": true,
                "fail": false,
                "pending": false,
                "code": "var stateBefore = { cost: 2, creditPoints: 0 };\nvar action = {\n    type: \"INCREMENT_CREDIT_POINTS\",\n    value: 1\n};\nvar stateAfter = {\n    cost: 2,\n    creditPoints: 1\n};\n(0, _deepFreeze2.default)(stateBefore);\n(0, _deepFreeze2.default)(action);\n(0, _expect2.default)((0, _Counter2.default)(stateBefore, action)).toEqual(stateAfter);",
                "err": {},
                "isRoot": false,
                "uuid": "83e07959-b5a2-4b31-846f-e303df46ff43",
                "parentUUID": "71dbd658-a0ee-4f11-a9cf-adcf8fe0e631",
                "skipped": false
              }
            ],
            "failures": [],
            "skipped": [],
            "hasTests": true,
            "hasSuites": false,
            "totalTests": 1,
            "totalPasses": 1,
            "totalFailures": 0,
            "totalPending": 0,
            "totalSkipped": 0,
            "hasPasses": true,
            "hasFailures": false,
            "hasPending": false,
            "hasSkipped": false,
            "duration": 2
          },
          {
            "title": "ACTION: DECREMENT_CREDIT_POINTS",
            "suites": [],
            "tests": [
              {
                "title": "Should decrement the credit point state by a given value",
                "fullTitle": "REDUCER: Counter ACTION: DECREMENT_CREDIT_POINTS Should decrement the credit point state by a given value",
                "timedOut": false,
                "duration": 0,
                "state": "passed",
                "speed": "fast",
                "pass": true,
                "fail": false,
                "pending": false,
                "code": "var stateBefore = { cost: 40, creditPoints: 50 };\nvar action = {\n    type: \"DECREMENT_CREDIT_POINTS\",\n    value: 10\n};\nvar stateAfter = {\n    cost: 40,\n    creditPoints: 40\n};\n(0, _deepFreeze2.default)(stateBefore);\n(0, _deepFreeze2.default)(action);\n(0, _expect2.default)((0, _Counter2.default)(stateBefore, action)).toEqual(stateAfter);",
                "err": {},
                "isRoot": false,
                "uuid": "6300fe1b-f6b1-4845-861c-a84115ef615f",
                "parentUUID": "47a06098-9d0d-49fa-b6b5-1e31340281f5",
                "skipped": false
              },
              {
                "title": "Should decrement the credit point state to 0 if a value given is larger than the current credit point value",
                "fullTitle": "REDUCER: Counter ACTION: DECREMENT_CREDIT_POINTS Should decrement the credit point state to 0 if a value given is larger than the current credit point value",
                "timedOut": false,
                "duration": 0,
                "state": "passed",
                "speed": "fast",
                "pass": true,
                "fail": false,
                "pending": false,
                "code": "var stateBefore = { cost: 40, creditPoints: 50 };\nvar action = {\n    type: \"DECREMENT_CREDIT_POINTS\",\n    value: 51\n};\nvar stateAfter = {\n    cost: 40,\n    creditPoints: 0\n};\n(0, _deepFreeze2.default)(stateBefore);\n(0, _deepFreeze2.default)(action);\n(0, _expect2.default)((0, _Counter2.default)(stateBefore, action)).toEqual(stateAfter);",
                "err": {},
                "isRoot": false,
                "uuid": "0955c388-8b35-4da7-9284-f35c59c9602a",
                "parentUUID": "47a06098-9d0d-49fa-b6b5-1e31340281f5",
                "skipped": false
              }
            ],
            "pending": [],
            "root": false,
            "_timeout": 2000,
            "file": "/test/reducers/Counter.spec.js",
            "uuid": "47a06098-9d0d-49fa-b6b5-1e31340281f5",
            "fullFile": "/home/staff01/Documents/monPlanR/test/reducers/Counter.spec.js",
            "passes": [
              {
                "title": "Should decrement the credit point state by a given value",
                "fullTitle": "REDUCER: Counter ACTION: DECREMENT_CREDIT_POINTS Should decrement the credit point state by a given value",
                "timedOut": false,
                "duration": 0,
                "state": "passed",
                "speed": "fast",
                "pass": true,
                "fail": false,
                "pending": false,
                "code": "var stateBefore = { cost: 40, creditPoints: 50 };\nvar action = {\n    type: \"DECREMENT_CREDIT_POINTS\",\n    value: 10\n};\nvar stateAfter = {\n    cost: 40,\n    creditPoints: 40\n};\n(0, _deepFreeze2.default)(stateBefore);\n(0, _deepFreeze2.default)(action);\n(0, _expect2.default)((0, _Counter2.default)(stateBefore, action)).toEqual(stateAfter);",
                "err": {},
                "isRoot": false,
                "uuid": "6300fe1b-f6b1-4845-861c-a84115ef615f",
                "parentUUID": "47a06098-9d0d-49fa-b6b5-1e31340281f5",
                "skipped": false
              },
              {
                "title": "Should decrement the credit point state to 0 if a value given is larger than the current credit point value",
                "fullTitle": "REDUCER: Counter ACTION: DECREMENT_CREDIT_POINTS Should decrement the credit point state to 0 if a value given is larger than the current credit point value",
                "timedOut": false,
                "duration": 0,
                "state": "passed",
                "speed": "fast",
                "pass": true,
                "fail": false,
                "pending": false,
                "code": "var stateBefore = { cost: 40, creditPoints: 50 };\nvar action = {\n    type: \"DECREMENT_CREDIT_POINTS\",\n    value: 51\n};\nvar stateAfter = {\n    cost: 40,\n    creditPoints: 0\n};\n(0, _deepFreeze2.default)(stateBefore);\n(0, _deepFreeze2.default)(action);\n(0, _expect2.default)((0, _Counter2.default)(stateBefore, action)).toEqual(stateAfter);",
                "err": {},
                "isRoot": false,
                "uuid": "0955c388-8b35-4da7-9284-f35c59c9602a",
                "parentUUID": "47a06098-9d0d-49fa-b6b5-1e31340281f5",
                "skipped": false
              }
            ],
            "failures": [],
            "skipped": [],
            "hasTests": true,
            "hasSuites": false,
            "totalTests": 2,
            "totalPasses": 2,
            "totalFailures": 0,
            "totalPending": 0,
            "totalSkipped": 0,
            "hasPasses": true,
            "hasFailures": false,
            "hasPending": false,
            "hasSkipped": false,
            "duration": 0
          },
          {
            "title": "ACTION: INCREMENT_COST",
            "suites": [],
            "tests": [
              {
                "title": "Should increment the cost state by a given value",
                "fullTitle": "REDUCER: Counter ACTION: INCREMENT_COST Should increment the cost state by a given value",
                "timedOut": false,
                "duration": 0,
                "state": "passed",
                "speed": "fast",
                "pass": true,
                "fail": false,
                "pending": false,
                "code": "var stateBefore = { cost: 20, creditPoints: 13 };\nvar action = {\n    type: \"INCREMENT_COST\",\n    value: 1\n};\nvar stateAfter = {\n    cost: 21,\n    creditPoints: 13\n};\n(0, _deepFreeze2.default)(stateBefore);\n(0, _deepFreeze2.default)(action);\n(0, _expect2.default)((0, _Counter2.default)(stateBefore, action)).toEqual(stateAfter);",
                "err": {},
                "isRoot": false,
                "uuid": "9559dee9-9d72-441e-816d-d1aa92f3e455",
                "parentUUID": "8020906c-b25f-4179-bb05-8f0c02dcc534",
                "skipped": false
              }
            ],
            "pending": [],
            "root": false,
            "_timeout": 2000,
            "file": "/test/reducers/Counter.spec.js",
            "uuid": "8020906c-b25f-4179-bb05-8f0c02dcc534",
            "fullFile": "/home/staff01/Documents/monPlanR/test/reducers/Counter.spec.js",
            "passes": [
              {
                "title": "Should increment the cost state by a given value",
                "fullTitle": "REDUCER: Counter ACTION: INCREMENT_COST Should increment the cost state by a given value",
                "timedOut": false,
                "duration": 0,
                "state": "passed",
                "speed": "fast",
                "pass": true,
                "fail": false,
                "pending": false,
                "code": "var stateBefore = { cost: 20, creditPoints: 13 };\nvar action = {\n    type: \"INCREMENT_COST\",\n    value: 1\n};\nvar stateAfter = {\n    cost: 21,\n    creditPoints: 13\n};\n(0, _deepFreeze2.default)(stateBefore);\n(0, _deepFreeze2.default)(action);\n(0, _expect2.default)((0, _Counter2.default)(stateBefore, action)).toEqual(stateAfter);",
                "err": {},
                "isRoot": false,
                "uuid": "9559dee9-9d72-441e-816d-d1aa92f3e455",
                "parentUUID": "8020906c-b25f-4179-bb05-8f0c02dcc534",
                "skipped": false
              }
            ],
            "failures": [],
            "skipped": [],
            "hasTests": true,
            "hasSuites": false,
            "totalTests": 1,
            "totalPasses": 1,
            "totalFailures": 0,
            "totalPending": 0,
            "totalSkipped": 0,
            "hasPasses": true,
            "hasFailures": false,
            "hasPending": false,
            "hasSkipped": false,
            "duration": 0
          },
          {
            "title": "ACTION: DECREMENT_COST",
            "suites": [],
            "tests": [
              {
                "title": "Should decrement the cost state by a given value",
                "fullTitle": "REDUCER: Counter ACTION: DECREMENT_COST Should decrement the cost state by a given value",
                "timedOut": false,
                "duration": 1,
                "state": "passed",
                "speed": "fast",
                "pass": true,
                "fail": false,
                "pending": false,
                "code": "var stateBefore = { cost: 50, creditPoints: 40 };\nvar action = {\n    type: \"DECREMENT_COST\",\n    value: 10\n};\nvar stateAfter = {\n    cost: 40,\n    creditPoints: 40\n};\n(0, _deepFreeze2.default)(stateBefore);\n(0, _deepFreeze2.default)(action);\n(0, _expect2.default)((0, _Counter2.default)(stateBefore, action)).toEqual(stateAfter);",
                "err": {},
                "isRoot": false,
                "uuid": "a8a6c078-5919-4b81-81f6-bf0ebfcc8ab8",
                "parentUUID": "b04b0649-65c0-487d-a51e-fbf201884f9a",
                "skipped": false
              },
              {
                "title": "Should decrement the cost state to 0 if a value given is larger than the current credit point value",
                "fullTitle": "REDUCER: Counter ACTION: DECREMENT_COST Should decrement the cost state to 0 if a value given is larger than the current credit point value",
                "timedOut": false,
                "duration": 0,
                "state": "passed",
                "speed": "fast",
                "pass": true,
                "fail": false,
                "pending": false,
                "code": "var stateBefore = { cost: 50, creditPoints: 40 };\nvar action = {\n    type: \"DECREMENT_COST\",\n    value: 51\n};\nvar stateAfter = {\n    cost: 0,\n    creditPoints: 40\n};\n(0, _deepFreeze2.default)(stateBefore);\n(0, _deepFreeze2.default)(action);\n(0, _expect2.default)((0, _Counter2.default)(stateBefore, action)).toEqual(stateAfter);",
                "err": {},
                "isRoot": false,
                "uuid": "506723a4-c87f-4a01-8aca-b190ea996c50",
                "parentUUID": "b04b0649-65c0-487d-a51e-fbf201884f9a",
                "skipped": false
              }
            ],
            "pending": [],
            "root": false,
            "_timeout": 2000,
            "file": "/test/reducers/Counter.spec.js",
            "uuid": "b04b0649-65c0-487d-a51e-fbf201884f9a",
            "fullFile": "/home/staff01/Documents/monPlanR/test/reducers/Counter.spec.js",
            "passes": [
              {
                "title": "Should decrement the cost state by a given value",
                "fullTitle": "REDUCER: Counter ACTION: DECREMENT_COST Should decrement the cost state by a given value",
                "timedOut": false,
                "duration": 1,
                "state": "passed",
                "speed": "fast",
                "pass": true,
                "fail": false,
                "pending": false,
                "code": "var stateBefore = { cost: 50, creditPoints: 40 };\nvar action = {\n    type: \"DECREMENT_COST\",\n    value: 10\n};\nvar stateAfter = {\n    cost: 40,\n    creditPoints: 40\n};\n(0, _deepFreeze2.default)(stateBefore);\n(0, _deepFreeze2.default)(action);\n(0, _expect2.default)((0, _Counter2.default)(stateBefore, action)).toEqual(stateAfter);",
                "err": {},
                "isRoot": false,
                "uuid": "a8a6c078-5919-4b81-81f6-bf0ebfcc8ab8",
                "parentUUID": "b04b0649-65c0-487d-a51e-fbf201884f9a",
                "skipped": false
              },
              {
                "title": "Should decrement the cost state to 0 if a value given is larger than the current credit point value",
                "fullTitle": "REDUCER: Counter ACTION: DECREMENT_COST Should decrement the cost state to 0 if a value given is larger than the current credit point value",
                "timedOut": false,
                "duration": 0,
                "state": "passed",
                "speed": "fast",
                "pass": true,
                "fail": false,
                "pending": false,
                "code": "var stateBefore = { cost: 50, creditPoints: 40 };\nvar action = {\n    type: \"DECREMENT_COST\",\n    value: 51\n};\nvar stateAfter = {\n    cost: 0,\n    creditPoints: 40\n};\n(0, _deepFreeze2.default)(stateBefore);\n(0, _deepFreeze2.default)(action);\n(0, _expect2.default)((0, _Counter2.default)(stateBefore, action)).toEqual(stateAfter);",
                "err": {},
                "isRoot": false,
                "uuid": "506723a4-c87f-4a01-8aca-b190ea996c50",
                "parentUUID": "b04b0649-65c0-487d-a51e-fbf201884f9a",
                "skipped": false
              }
            ],
            "failures": [],
            "skipped": [],
            "hasTests": true,
            "hasSuites": false,
            "totalTests": 2,
            "totalPasses": 2,
            "totalFailures": 0,
            "totalPending": 0,
            "totalSkipped": 0,
            "hasPasses": true,
            "hasFailures": false,
            "hasPending": false,
            "hasSkipped": false,
            "duration": 1
          },
          {
            "title": "ACTION: CLEAR_COURSE",
            "suites": [],
            "tests": [
              {
                "title": "Should reset the cost and credit point counters to 0",
                "fullTitle": "REDUCER: Counter ACTION: CLEAR_COURSE Should reset the cost and credit point counters to 0",
                "timedOut": false,
                "duration": 0,
                "state": "passed",
                "speed": "fast",
                "pass": true,
                "fail": false,
                "pending": false,
                "code": "var stateBefore = { cost: 50, creditPoints: 40 };\nvar action = {\n    type: \"CLEAR_COURSE\"\n};\nvar stateAfter = { cost: 0, creditPoints: 0 };\n(0, _deepFreeze2.default)(stateBefore);\n(0, _deepFreeze2.default)(action);\n(0, _expect2.default)((0, _Counter2.default)(stateBefore, action)).toEqual(stateAfter);",
                "err": {},
                "isRoot": false,
                "uuid": "92b36945-0382-4d62-883b-108336c6d762",
                "parentUUID": "6d48be10-46e8-4661-9ce2-eb913e1079ab",
                "skipped": false
              }
            ],
            "pending": [],
            "root": false,
            "_timeout": 2000,
            "file": "/test/reducers/Counter.spec.js",
            "uuid": "6d48be10-46e8-4661-9ce2-eb913e1079ab",
            "fullFile": "/home/staff01/Documents/monPlanR/test/reducers/Counter.spec.js",
            "passes": [
              {
                "title": "Should reset the cost and credit point counters to 0",
                "fullTitle": "REDUCER: Counter ACTION: CLEAR_COURSE Should reset the cost and credit point counters to 0",
                "timedOut": false,
                "duration": 0,
                "state": "passed",
                "speed": "fast",
                "pass": true,
                "fail": false,
                "pending": false,
                "code": "var stateBefore = { cost: 50, creditPoints: 40 };\nvar action = {\n    type: \"CLEAR_COURSE\"\n};\nvar stateAfter = { cost: 0, creditPoints: 0 };\n(0, _deepFreeze2.default)(stateBefore);\n(0, _deepFreeze2.default)(action);\n(0, _expect2.default)((0, _Counter2.default)(stateBefore, action)).toEqual(stateAfter);",
                "err": {},
                "isRoot": false,
                "uuid": "92b36945-0382-4d62-883b-108336c6d762",
                "parentUUID": "6d48be10-46e8-4661-9ce2-eb913e1079ab",
                "skipped": false
              }
            ],
            "failures": [],
            "skipped": [],
            "hasTests": true,
            "hasSuites": false,
            "totalTests": 1,
            "totalPasses": 1,
            "totalFailures": 0,
            "totalPending": 0,
            "totalSkipped": 0,
            "hasPasses": true,
            "hasFailures": false,
            "hasPending": false,
            "hasSkipped": false,
            "duration": 0
          },
          {
            "title": "ACTION: REMOVE_TEACHING_PERIOD",
            "suites": [],
            "tests": [
              {
                "title": "Should correctly go through and decrement the counters for each value ",
                "fullTitle": "REDUCER: Counter ACTION: REMOVE_TEACHING_PERIOD Should correctly go through and decrement the counters for each value ",
                "timedOut": false,
                "duration": 0,
                "state": "passed",
                "speed": "fast",
                "pass": true,
                "fail": false,
                "pending": false,
                "code": "var stateBefore = { cost: 50, creditPoints: 40 };\nvar action = {\n    type: \"REMOVE_TEACHING_PERIOD\",\n    tp: [null, { cost: 2, creditPoints: 20 }, { cost: 5, creditPoints: 10 }, null]\n};\nvar stateAfter = { cost: 43, creditPoints: 10 };\n(0, _deepFreeze2.default)(stateBefore);\n(0, _deepFreeze2.default)(action);\n(0, _expect2.default)((0, _Counter2.default)(stateBefore, action)).toEqual(stateAfter);",
                "err": {},
                "isRoot": false,
                "uuid": "95fac5b7-9b35-4d48-9304-aa1069a7b231",
                "parentUUID": "4c4dea46-3016-44d4-a86c-ec2efcf8715e",
                "skipped": false
              },
              {
                "title": "Should not decrement the counters below 0 ",
                "fullTitle": "REDUCER: Counter ACTION: REMOVE_TEACHING_PERIOD Should not decrement the counters below 0 ",
                "timedOut": false,
                "duration": 0,
                "state": "passed",
                "speed": "fast",
                "pass": true,
                "fail": false,
                "pending": false,
                "code": "var stateBefore = { cost: 50, creditPoints: 40 };\nvar action = {\n    type: \"REMOVE_TEACHING_PERIOD\",\n    tp: [null, { cost: 25, creditPoints: 20 }, { cost: 30, creditPoints: 30 }, { cost: 0, creditPoints: 10 }]\n};\nvar stateAfter = { cost: 0, creditPoints: 0 };\n(0, _deepFreeze2.default)(stateBefore);\n(0, _deepFreeze2.default)(action);\n(0, _expect2.default)((0, _Counter2.default)(stateBefore, action)).toEqual(stateAfter);",
                "err": {},
                "isRoot": false,
                "uuid": "05fc2ab9-26d6-4e40-8a44-d36410d18f9e",
                "parentUUID": "4c4dea46-3016-44d4-a86c-ec2efcf8715e",
                "skipped": false
              }
            ],
            "pending": [],
            "root": false,
            "_timeout": 2000,
            "file": "/test/reducers/Counter.spec.js",
            "uuid": "4c4dea46-3016-44d4-a86c-ec2efcf8715e",
            "fullFile": "/home/staff01/Documents/monPlanR/test/reducers/Counter.spec.js",
            "passes": [
              {
                "title": "Should correctly go through and decrement the counters for each value ",
                "fullTitle": "REDUCER: Counter ACTION: REMOVE_TEACHING_PERIOD Should correctly go through and decrement the counters for each value ",
                "timedOut": false,
                "duration": 0,
                "state": "passed",
                "speed": "fast",
                "pass": true,
                "fail": false,
                "pending": false,
                "code": "var stateBefore = { cost: 50, creditPoints: 40 };\nvar action = {\n    type: \"REMOVE_TEACHING_PERIOD\",\n    tp: [null, { cost: 2, creditPoints: 20 }, { cost: 5, creditPoints: 10 }, null]\n};\nvar stateAfter = { cost: 43, creditPoints: 10 };\n(0, _deepFreeze2.default)(stateBefore);\n(0, _deepFreeze2.default)(action);\n(0, _expect2.default)((0, _Counter2.default)(stateBefore, action)).toEqual(stateAfter);",
                "err": {},
                "isRoot": false,
                "uuid": "95fac5b7-9b35-4d48-9304-aa1069a7b231",
                "parentUUID": "4c4dea46-3016-44d4-a86c-ec2efcf8715e",
                "skipped": false
              },
              {
                "title": "Should not decrement the counters below 0 ",
                "fullTitle": "REDUCER: Counter ACTION: REMOVE_TEACHING_PERIOD Should not decrement the counters below 0 ",
                "timedOut": false,
                "duration": 0,
                "state": "passed",
                "speed": "fast",
                "pass": true,
                "fail": false,
                "pending": false,
                "code": "var stateBefore = { cost: 50, creditPoints: 40 };\nvar action = {\n    type: \"REMOVE_TEACHING_PERIOD\",\n    tp: [null, { cost: 25, creditPoints: 20 }, { cost: 30, creditPoints: 30 }, { cost: 0, creditPoints: 10 }]\n};\nvar stateAfter = { cost: 0, creditPoints: 0 };\n(0, _deepFreeze2.default)(stateBefore);\n(0, _deepFreeze2.default)(action);\n(0, _expect2.default)((0, _Counter2.default)(stateBefore, action)).toEqual(stateAfter);",
                "err": {},
                "isRoot": false,
                "uuid": "05fc2ab9-26d6-4e40-8a44-d36410d18f9e",
                "parentUUID": "4c4dea46-3016-44d4-a86c-ec2efcf8715e",
                "skipped": false
              }
            ],
            "failures": [],
            "skipped": [],
            "hasTests": true,
            "hasSuites": false,
            "totalTests": 2,
            "totalPasses": 2,
            "totalFailures": 0,
            "totalPending": 0,
            "totalSkipped": 0,
            "hasPasses": true,
            "hasFailures": false,
            "hasPending": false,
            "hasSkipped": false,
            "duration": 0
          }
        ],
        "tests": [],
        "pending": [],
        "root": false,
        "_timeout": 2000,
        "file": "/test/reducers/Counter.spec.js",
        "uuid": "9e25c1c7-cef9-450e-82c2-d0cb8e4f0032",
        "fullFile": "/home/staff01/Documents/monPlanR/test/reducers/Counter.spec.js",
        "passes": [],
        "failures": [],
        "skipped": [],
        "hasTests": false,
        "hasSuites": true,
        "totalTests": 0,
        "totalPasses": 0,
        "totalFailures": 0,
        "totalPending": 0,
        "totalSkipped": 0,
        "hasPasses": false,
        "hasFailures": false,
        "hasPending": false,
        "hasSkipped": false,
        "duration": 0
      },
      {
        "title": "REDUCER: CourseStructure",
        "suites": [
          {
            "title": "ACTION: INSERT_TEACHING_PERIOD",
            "suites": [],
            "tests": [
              {
                "title": "Should insert a teaching period with the given info correctly into middle of array",
                "fullTitle": "REDUCER: CourseStructure ACTION: INSERT_TEACHING_PERIOD Should insert a teaching period with the given info correctly into middle of array",
                "timedOut": false,
                "duration": 5,
                "state": "passed",
                "speed": "fast",
                "pass": true,
                "fail": false,
                "pending": false,
                "code": "var stateBefore = {\n    teachingPeriods: [{ year: 2017, code: \"S2-01\", units: [null, null, null, null] }, { year: 2019, code: \"S2-01\", units: [null, null, null, null] }],\n    numberOfUnits: 4\n};\nvar action = {\n    type: \"INSERT_TEACHING_PERIOD\",\n    year: 2018,\n    code: \"S2-01\",\n    index: 1\n};\nvar stateAfter = {\n    teachingPeriods: [{ year: 2017, code: \"S2-01\", units: [null, null, null, null] }, { year: 2018, code: \"S2-01\", units: [null, null, null, null] }, { year: 2019, code: \"S2-01\", units: [null, null, null, null] }],\n    numberOfUnits: 4\n};\ntest(stateBefore, action, stateAfter);",
                "err": {},
                "isRoot": false,
                "uuid": "ac844cc1-38d8-415b-b017-809777329241",
                "parentUUID": "87258ca4-840e-42e7-8795-5ae66d5f7e10",
                "skipped": false
              },
              {
                "title": "Should insert a teaching period with the given info correctly into start of array",
                "fullTitle": "REDUCER: CourseStructure ACTION: INSERT_TEACHING_PERIOD Should insert a teaching period with the given info correctly into start of array",
                "timedOut": false,
                "duration": 6,
                "state": "passed",
                "speed": "fast",
                "pass": true,
                "fail": false,
                "pending": false,
                "code": "var stateBefore = {\n    teachingPeriods: [{ year: 2017, code: \"S2-01\", units: [null, null, null, null] }, { year: 2019, code: \"S2-01\", units: [null, null, null, null] }],\n    numberOfUnits: 4\n};\nvar action = {\n    type: \"INSERT_TEACHING_PERIOD\",\n    year: 2016,\n    code: \"S2-01\",\n    index: 0\n};\nvar stateAfter = {\n    teachingPeriods: [{ year: 2016, code: \"S2-01\", units: [null, null, null, null] }, { year: 2017, code: \"S2-01\", units: [null, null, null, null] }, { year: 2019, code: \"S2-01\", units: [null, null, null, null] }],\n    numberOfUnits: 4\n};\ntest(stateBefore, action, stateAfter);",
                "err": {},
                "isRoot": false,
                "uuid": "5b2fbd3f-5486-47ce-b3a8-14f301b5ab94",
                "parentUUID": "87258ca4-840e-42e7-8795-5ae66d5f7e10",
                "skipped": false
              }
            ],
            "pending": [],
            "root": false,
            "_timeout": 2000,
            "file": "/test/reducers/CourseStructure.spec.js",
            "uuid": "87258ca4-840e-42e7-8795-5ae66d5f7e10",
            "fullFile": "/home/staff01/Documents/monPlanR/test/reducers/CourseStructure.spec.js",
            "passes": [
              {
                "title": "Should insert a teaching period with the given info correctly into middle of array",
                "fullTitle": "REDUCER: CourseStructure ACTION: INSERT_TEACHING_PERIOD Should insert a teaching period with the given info correctly into middle of array",
                "timedOut": false,
                "duration": 5,
                "state": "passed",
                "speed": "fast",
                "pass": true,
                "fail": false,
                "pending": false,
                "code": "var stateBefore = {\n    teachingPeriods: [{ year: 2017, code: \"S2-01\", units: [null, null, null, null] }, { year: 2019, code: \"S2-01\", units: [null, null, null, null] }],\n    numberOfUnits: 4\n};\nvar action = {\n    type: \"INSERT_TEACHING_PERIOD\",\n    year: 2018,\n    code: \"S2-01\",\n    index: 1\n};\nvar stateAfter = {\n    teachingPeriods: [{ year: 2017, code: \"S2-01\", units: [null, null, null, null] }, { year: 2018, code: \"S2-01\", units: [null, null, null, null] }, { year: 2019, code: \"S2-01\", units: [null, null, null, null] }],\n    numberOfUnits: 4\n};\ntest(stateBefore, action, stateAfter);",
                "err": {},
                "isRoot": false,
                "uuid": "ac844cc1-38d8-415b-b017-809777329241",
                "parentUUID": "87258ca4-840e-42e7-8795-5ae66d5f7e10",
                "skipped": false
              },
              {
                "title": "Should insert a teaching period with the given info correctly into start of array",
                "fullTitle": "REDUCER: CourseStructure ACTION: INSERT_TEACHING_PERIOD Should insert a teaching period with the given info correctly into start of array",
                "timedOut": false,
                "duration": 6,
                "state": "passed",
                "speed": "fast",
                "pass": true,
                "fail": false,
                "pending": false,
                "code": "var stateBefore = {\n    teachingPeriods: [{ year: 2017, code: \"S2-01\", units: [null, null, null, null] }, { year: 2019, code: \"S2-01\", units: [null, null, null, null] }],\n    numberOfUnits: 4\n};\nvar action = {\n    type: \"INSERT_TEACHING_PERIOD\",\n    year: 2016,\n    code: \"S2-01\",\n    index: 0\n};\nvar stateAfter = {\n    teachingPeriods: [{ year: 2016, code: \"S2-01\", units: [null, null, null, null] }, { year: 2017, code: \"S2-01\", units: [null, null, null, null] }, { year: 2019, code: \"S2-01\", units: [null, null, null, null] }],\n    numberOfUnits: 4\n};\ntest(stateBefore, action, stateAfter);",
                "err": {},
                "isRoot": false,
                "uuid": "5b2fbd3f-5486-47ce-b3a8-14f301b5ab94",
                "parentUUID": "87258ca4-840e-42e7-8795-5ae66d5f7e10",
                "skipped": false
              }
            ],
            "failures": [],
            "skipped": [],
            "hasTests": true,
            "hasSuites": false,
            "totalTests": 2,
            "totalPasses": 2,
            "totalFailures": 0,
            "totalPending": 0,
            "totalSkipped": 0,
            "hasPasses": true,
            "hasFailures": false,
            "hasPending": false,
            "hasSkipped": false,
            "duration": 11
          },
          {
            "title": "ACTION: REMOVE_TEACHING_PERIOD",
            "suites": [],
            "tests": [
              {
                "title": "Should remove a teaching period at the given index",
                "fullTitle": "REDUCER: CourseStructure ACTION: REMOVE_TEACHING_PERIOD Should remove a teaching period at the given index",
                "timedOut": false,
                "duration": 1,
                "state": "passed",
                "speed": "fast",
                "pass": true,
                "fail": false,
                "pending": false,
                "code": "var stateBefore = {\n    teachingPeriods: [{ year: 2017, code: \"S2-01\", units: [null, null, null, null] }, { year: 2018, code: \"S2-01\", units: [null, null, null, null] }, { year: 2019, code: \"S2-01\", units: [null, null, null, null] }],\n    numberOfUnits: 4\n};\nvar action = {\n    type: \"REMOVE_TEACHING_PERIOD\",\n    index: 1\n};\nvar stateAfter = {\n    teachingPeriods: [{ year: 2017, code: \"S2-01\", units: [null, null, null, null] }, { year: 2019, code: \"S2-01\", units: [null, null, null, null] }],\n    numberOfUnits: 4\n};\ntest(stateBefore, action, stateAfter);",
                "err": {},
                "isRoot": false,
                "uuid": "4c1917ee-f20b-4627-8af9-cd77f5520c6a",
                "parentUUID": "aa7d2a52-db12-4efe-8b77-d2a735c6e338",
                "skipped": false
              },
              {
                "title": "Should remove a teaching period at the start of the array",
                "fullTitle": "REDUCER: CourseStructure ACTION: REMOVE_TEACHING_PERIOD Should remove a teaching period at the start of the array",
                "timedOut": false,
                "duration": 1,
                "state": "passed",
                "speed": "fast",
                "pass": true,
                "fail": false,
                "pending": false,
                "code": "var stateBefore = {\n    teachingPeriods: [{ year: 2017, code: \"S2-01\", units: [null, null, null, null] }, { year: 2018, code: \"S2-01\", units: [null, null, null, null] }, { year: 2019, code: \"S2-01\", units: [null, null, null, null] }],\n    numberOfUnits: 4\n};\nvar action = {\n    type: \"REMOVE_TEACHING_PERIOD\",\n    index: 0\n};\nvar stateAfter = {\n    teachingPeriods: [{ year: 2018, code: \"S2-01\", units: [null, null, null, null] }, { year: 2019, code: \"S2-01\", units: [null, null, null, null] }],\n    numberOfUnits: 4\n};\ntest(stateBefore, action, stateAfter);",
                "err": {},
                "isRoot": false,
                "uuid": "bf9504cd-e96a-4fda-a8da-edc0d441cc88",
                "parentUUID": "aa7d2a52-db12-4efe-8b77-d2a735c6e338",
                "skipped": false
              }
            ],
            "pending": [],
            "root": false,
            "_timeout": 2000,
            "file": "/test/reducers/CourseStructure.spec.js",
            "uuid": "aa7d2a52-db12-4efe-8b77-d2a735c6e338",
            "fullFile": "/home/staff01/Documents/monPlanR/test/reducers/CourseStructure.spec.js",
            "passes": [
              {
                "title": "Should remove a teaching period at the given index",
                "fullTitle": "REDUCER: CourseStructure ACTION: REMOVE_TEACHING_PERIOD Should remove a teaching period at the given index",
                "timedOut": false,
                "duration": 1,
                "state": "passed",
                "speed": "fast",
                "pass": true,
                "fail": false,
                "pending": false,
                "code": "var stateBefore = {\n    teachingPeriods: [{ year: 2017, code: \"S2-01\", units: [null, null, null, null] }, { year: 2018, code: \"S2-01\", units: [null, null, null, null] }, { year: 2019, code: \"S2-01\", units: [null, null, null, null] }],\n    numberOfUnits: 4\n};\nvar action = {\n    type: \"REMOVE_TEACHING_PERIOD\",\n    index: 1\n};\nvar stateAfter = {\n    teachingPeriods: [{ year: 2017, code: \"S2-01\", units: [null, null, null, null] }, { year: 2019, code: \"S2-01\", units: [null, null, null, null] }],\n    numberOfUnits: 4\n};\ntest(stateBefore, action, stateAfter);",
                "err": {},
                "isRoot": false,
                "uuid": "4c1917ee-f20b-4627-8af9-cd77f5520c6a",
                "parentUUID": "aa7d2a52-db12-4efe-8b77-d2a735c6e338",
                "skipped": false
              },
              {
                "title": "Should remove a teaching period at the start of the array",
                "fullTitle": "REDUCER: CourseStructure ACTION: REMOVE_TEACHING_PERIOD Should remove a teaching period at the start of the array",
                "timedOut": false,
                "duration": 1,
                "state": "passed",
                "speed": "fast",
                "pass": true,
                "fail": false,
                "pending": false,
                "code": "var stateBefore = {\n    teachingPeriods: [{ year: 2017, code: \"S2-01\", units: [null, null, null, null] }, { year: 2018, code: \"S2-01\", units: [null, null, null, null] }, { year: 2019, code: \"S2-01\", units: [null, null, null, null] }],\n    numberOfUnits: 4\n};\nvar action = {\n    type: \"REMOVE_TEACHING_PERIOD\",\n    index: 0\n};\nvar stateAfter = {\n    teachingPeriods: [{ year: 2018, code: \"S2-01\", units: [null, null, null, null] }, { year: 2019, code: \"S2-01\", units: [null, null, null, null] }],\n    numberOfUnits: 4\n};\ntest(stateBefore, action, stateAfter);",
                "err": {},
                "isRoot": false,
                "uuid": "bf9504cd-e96a-4fda-a8da-edc0d441cc88",
                "parentUUID": "aa7d2a52-db12-4efe-8b77-d2a735c6e338",
                "skipped": false
              }
            ],
            "failures": [],
            "skipped": [],
            "hasTests": true,
            "hasSuites": false,
            "totalTests": 2,
            "totalPasses": 2,
            "totalFailures": 0,
            "totalPending": 0,
            "totalSkipped": 0,
            "hasPasses": true,
            "hasFailures": false,
            "hasPending": false,
            "hasSkipped": false,
            "duration": 2
          },
          {
            "title": "ACTION: APPEND_TEACHING_PERIOD",
            "suites": [],
            "tests": [
              {
                "title": "Should add the given teaching period to the end of the array",
                "fullTitle": "REDUCER: CourseStructure ACTION: APPEND_TEACHING_PERIOD Should add the given teaching period to the end of the array",
                "timedOut": false,
                "duration": 0,
                "state": "passed",
                "speed": "fast",
                "pass": true,
                "fail": false,
                "pending": false,
                "code": "var stateBefore = {\n    teachingPeriods: [{ year: 2018, code: \"S2-01\", units: [null, null, null, null] }, { year: 2019, code: \"S2-01\", units: [null, null, null, null] }],\n    numberOfUnits: 4\n};\nvar action = {\n    type: \"APPEND_TEACHING_PERIOD\",\n    year: 2020,\n    code: \"S2-01\"\n};\nvar stateAfter = {\n    teachingPeriods: [{ year: 2018, code: \"S2-01\", units: [null, null, null, null] }, { year: 2019, code: \"S2-01\", units: [null, null, null, null] }, { year: 2020, code: \"S2-01\", units: [null, null, null, null] }],\n    numberOfUnits: 4\n};\ntest(stateBefore, action, stateAfter);",
                "err": {},
                "isRoot": false,
                "uuid": "1a27c273-f22b-409f-a0d3-e6a993566926",
                "parentUUID": "e5e176d1-2336-4b11-8272-73f351dc70d2",
                "skipped": false
              }
            ],
            "pending": [],
            "root": false,
            "_timeout": 2000,
            "file": "/test/reducers/CourseStructure.spec.js",
            "uuid": "e5e176d1-2336-4b11-8272-73f351dc70d2",
            "fullFile": "/home/staff01/Documents/monPlanR/test/reducers/CourseStructure.spec.js",
            "passes": [
              {
                "title": "Should add the given teaching period to the end of the array",
                "fullTitle": "REDUCER: CourseStructure ACTION: APPEND_TEACHING_PERIOD Should add the given teaching period to the end of the array",
                "timedOut": false,
                "duration": 0,
                "state": "passed",
                "speed": "fast",
                "pass": true,
                "fail": false,
                "pending": false,
                "code": "var stateBefore = {\n    teachingPeriods: [{ year: 2018, code: \"S2-01\", units: [null, null, null, null] }, { year: 2019, code: \"S2-01\", units: [null, null, null, null] }],\n    numberOfUnits: 4\n};\nvar action = {\n    type: \"APPEND_TEACHING_PERIOD\",\n    year: 2020,\n    code: \"S2-01\"\n};\nvar stateAfter = {\n    teachingPeriods: [{ year: 2018, code: \"S2-01\", units: [null, null, null, null] }, { year: 2019, code: \"S2-01\", units: [null, null, null, null] }, { year: 2020, code: \"S2-01\", units: [null, null, null, null] }],\n    numberOfUnits: 4\n};\ntest(stateBefore, action, stateAfter);",
                "err": {},
                "isRoot": false,
                "uuid": "1a27c273-f22b-409f-a0d3-e6a993566926",
                "parentUUID": "e5e176d1-2336-4b11-8272-73f351dc70d2",
                "skipped": false
              }
            ],
            "failures": [],
            "skipped": [],
            "hasTests": true,
            "hasSuites": false,
            "totalTests": 1,
            "totalPasses": 1,
            "totalFailures": 0,
            "totalPending": 0,
            "totalSkipped": 0,
            "hasPasses": true,
            "hasFailures": false,
            "hasPending": false,
            "hasSkipped": false,
            "duration": 0
          },
          {
            "title": "ACTION: INCREASE_STUDY_LOAD",
            "suites": [],
            "tests": [
              {
                "title": "Should increase the study load if the study load is less than 4",
                "fullTitle": "REDUCER: CourseStructure ACTION: INCREASE_STUDY_LOAD Should increase the study load if the study load is less than 4",
                "timedOut": false,
                "duration": 2,
                "state": "passed",
                "speed": "fast",
                "pass": true,
                "fail": false,
                "pending": false,
                "code": "var stateBefore = {\n    teachingPeriods: [{ year: 2018, code: \"S2-01\", units: [null, null, null, null] }],\n    numberOfUnits: 4\n};\nvar action = {\n    type: \"INCREASE_STUDY_LOAD\"\n};\nvar stateAfter = {\n    teachingPeriods: [{ year: 2018, code: \"S2-01\", units: [null, null, null, null, null] }],\n    numberOfUnits: 5\n};\ntest(stateBefore, action, stateAfter);",
                "err": {},
                "isRoot": false,
                "uuid": "55b8bbf6-1a13-48f5-bcf6-f893f5cdad16",
                "parentUUID": "b13a486d-0893-45e6-8a50-8a4265b056a1",
                "skipped": false
              },
              {
                "title": "Should not increase the study load if the study load is 6 or greater",
                "fullTitle": "REDUCER: CourseStructure ACTION: INCREASE_STUDY_LOAD Should not increase the study load if the study load is 6 or greater",
                "timedOut": false,
                "duration": 1,
                "state": "passed",
                "speed": "fast",
                "pass": true,
                "fail": false,
                "pending": false,
                "code": "var stateBefore = {\n    teachingPeriods: [{ year: 2018, code: \"S2-01\", units: [null, null, null, null, null, null] }],\n    numberOfUnits: 6\n};\nvar action = {\n    type: \"INCREASE_STUDY_LOAD\"\n};\nvar stateAfter = {\n    teachingPeriods: [{ year: 2018, code: \"S2-01\", units: [null, null, null, null, null, null] }],\n    numberOfUnits: 6\n};\ntest(stateBefore, action, stateAfter);",
                "err": {},
                "isRoot": false,
                "uuid": "be5fc88b-5a1f-46c8-8aa6-939ac7852c4e",
                "parentUUID": "b13a486d-0893-45e6-8a50-8a4265b056a1",
                "skipped": false
              }
            ],
            "pending": [],
            "root": false,
            "_timeout": 2000,
            "file": "/test/reducers/CourseStructure.spec.js",
            "uuid": "b13a486d-0893-45e6-8a50-8a4265b056a1",
            "fullFile": "/home/staff01/Documents/monPlanR/test/reducers/CourseStructure.spec.js",
            "passes": [
              {
                "title": "Should increase the study load if the study load is less than 4",
                "fullTitle": "REDUCER: CourseStructure ACTION: INCREASE_STUDY_LOAD Should increase the study load if the study load is less than 4",
                "timedOut": false,
                "duration": 2,
                "state": "passed",
                "speed": "fast",
                "pass": true,
                "fail": false,
                "pending": false,
                "code": "var stateBefore = {\n    teachingPeriods: [{ year: 2018, code: \"S2-01\", units: [null, null, null, null] }],\n    numberOfUnits: 4\n};\nvar action = {\n    type: \"INCREASE_STUDY_LOAD\"\n};\nvar stateAfter = {\n    teachingPeriods: [{ year: 2018, code: \"S2-01\", units: [null, null, null, null, null] }],\n    numberOfUnits: 5\n};\ntest(stateBefore, action, stateAfter);",
                "err": {},
                "isRoot": false,
                "uuid": "55b8bbf6-1a13-48f5-bcf6-f893f5cdad16",
                "parentUUID": "b13a486d-0893-45e6-8a50-8a4265b056a1",
                "skipped": false
              },
              {
                "title": "Should not increase the study load if the study load is 6 or greater",
                "fullTitle": "REDUCER: CourseStructure ACTION: INCREASE_STUDY_LOAD Should not increase the study load if the study load is 6 or greater",
                "timedOut": false,
                "duration": 1,
                "state": "passed",
                "speed": "fast",
                "pass": true,
                "fail": false,
                "pending": false,
                "code": "var stateBefore = {\n    teachingPeriods: [{ year: 2018, code: \"S2-01\", units: [null, null, null, null, null, null] }],\n    numberOfUnits: 6\n};\nvar action = {\n    type: \"INCREASE_STUDY_LOAD\"\n};\nvar stateAfter = {\n    teachingPeriods: [{ year: 2018, code: \"S2-01\", units: [null, null, null, null, null, null] }],\n    numberOfUnits: 6\n};\ntest(stateBefore, action, stateAfter);",
                "err": {},
                "isRoot": false,
                "uuid": "be5fc88b-5a1f-46c8-8aa6-939ac7852c4e",
                "parentUUID": "b13a486d-0893-45e6-8a50-8a4265b056a1",
                "skipped": false
              }
            ],
            "failures": [],
            "skipped": [],
            "hasTests": true,
            "hasSuites": false,
            "totalTests": 2,
            "totalPasses": 2,
            "totalFailures": 0,
            "totalPending": 0,
            "totalSkipped": 0,
            "hasPasses": true,
            "hasFailures": false,
            "hasPending": false,
            "hasSkipped": false,
            "duration": 3
          },
          {
            "title": "ACTION: DECREASE_STUDY_LOAD",
            "suites": [],
            "tests": [
              {
                "title": "Should decrease the study load if the study load is greater than 4",
                "fullTitle": "REDUCER: CourseStructure ACTION: DECREASE_STUDY_LOAD Should decrease the study load if the study load is greater than 4",
                "timedOut": false,
                "duration": 0,
                "state": "passed",
                "speed": "fast",
                "pass": true,
                "fail": false,
                "pending": false,
                "code": "var stateBefore = {\n    teachingPeriods: [{ year: 2018, code: \"S2-01\", units: [null, null, null, null, null] }],\n    numberOfUnits: 5\n};\nvar action = {\n    type: \"DECREASE_STUDY_LOAD\"\n};\nvar stateAfter = {\n    teachingPeriods: [{ year: 2018, code: \"S2-01\", units: [null, null, null, null] }],\n    numberOfUnits: 4\n};\ntest(stateBefore, action, stateAfter);",
                "err": {},
                "isRoot": false,
                "uuid": "e1287508-b35a-44e2-8bae-00c5e73ed1d4",
                "parentUUID": "5f49c852-c751-4150-ab28-858d7909be04",
                "skipped": false
              },
              {
                "title": "Should not decrease the study load if the study load is 4 or less",
                "fullTitle": "REDUCER: CourseStructure ACTION: DECREASE_STUDY_LOAD Should not decrease the study load if the study load is 4 or less",
                "timedOut": false,
                "duration": 1,
                "state": "passed",
                "speed": "fast",
                "pass": true,
                "fail": false,
                "pending": false,
                "code": "var stateBefore = {\n    teachingPeriods: [{ year: 2018, code: \"S2-01\", units: [null, null, null, null] }],\n    numberOfUnits: 4\n};\nvar action = {\n    type: \"DECREASE_STUDY_LOAD\"\n};\nvar stateAfter = {\n    teachingPeriods: [{ year: 2018, code: \"S2-01\", units: [null, null, null, null] }],\n    numberOfUnits: 4\n};\ntest(stateBefore, action, stateAfter);",
                "err": {},
                "isRoot": false,
                "uuid": "7f2909d3-30ec-4dad-947f-27b94b1e73fd",
                "parentUUID": "5f49c852-c751-4150-ab28-858d7909be04",
                "skipped": false
              }
            ],
            "pending": [],
            "root": false,
            "_timeout": 2000,
            "file": "/test/reducers/CourseStructure.spec.js",
            "uuid": "5f49c852-c751-4150-ab28-858d7909be04",
            "fullFile": "/home/staff01/Documents/monPlanR/test/reducers/CourseStructure.spec.js",
            "passes": [
              {
                "title": "Should decrease the study load if the study load is greater than 4",
                "fullTitle": "REDUCER: CourseStructure ACTION: DECREASE_STUDY_LOAD Should decrease the study load if the study load is greater than 4",
                "timedOut": false,
                "duration": 0,
                "state": "passed",
                "speed": "fast",
                "pass": true,
                "fail": false,
                "pending": false,
                "code": "var stateBefore = {\n    teachingPeriods: [{ year: 2018, code: \"S2-01\", units: [null, null, null, null, null] }],\n    numberOfUnits: 5\n};\nvar action = {\n    type: \"DECREASE_STUDY_LOAD\"\n};\nvar stateAfter = {\n    teachingPeriods: [{ year: 2018, code: \"S2-01\", units: [null, null, null, null] }],\n    numberOfUnits: 4\n};\ntest(stateBefore, action, stateAfter);",
                "err": {},
                "isRoot": false,
                "uuid": "e1287508-b35a-44e2-8bae-00c5e73ed1d4",
                "parentUUID": "5f49c852-c751-4150-ab28-858d7909be04",
                "skipped": false
              },
              {
                "title": "Should not decrease the study load if the study load is 4 or less",
                "fullTitle": "REDUCER: CourseStructure ACTION: DECREASE_STUDY_LOAD Should not decrease the study load if the study load is 4 or less",
                "timedOut": false,
                "duration": 1,
                "state": "passed",
                "speed": "fast",
                "pass": true,
                "fail": false,
                "pending": false,
                "code": "var stateBefore = {\n    teachingPeriods: [{ year: 2018, code: \"S2-01\", units: [null, null, null, null] }],\n    numberOfUnits: 4\n};\nvar action = {\n    type: \"DECREASE_STUDY_LOAD\"\n};\nvar stateAfter = {\n    teachingPeriods: [{ year: 2018, code: \"S2-01\", units: [null, null, null, null] }],\n    numberOfUnits: 4\n};\ntest(stateBefore, action, stateAfter);",
                "err": {},
                "isRoot": false,
                "uuid": "7f2909d3-30ec-4dad-947f-27b94b1e73fd",
                "parentUUID": "5f49c852-c751-4150-ab28-858d7909be04",
                "skipped": false
              }
            ],
            "failures": [],
            "skipped": [],
            "hasTests": true,
            "hasSuites": false,
            "totalTests": 2,
            "totalPasses": 2,
            "totalFailures": 0,
            "totalPending": 0,
            "totalSkipped": 0,
            "hasPasses": true,
            "hasFailures": false,
            "hasPending": false,
            "hasSkipped": false,
            "duration": 1
          },
          {
            "title": "ACTION: CLEAR_COURSE",
            "suites": [],
            "tests": [
              {
                "title": "Should remove all teaching periods and set the amount of units to 4",
                "fullTitle": "REDUCER: CourseStructure ACTION: CLEAR_COURSE Should remove all teaching periods and set the amount of units to 4",
                "timedOut": false,
                "duration": 0,
                "state": "passed",
                "speed": "fast",
                "pass": true,
                "fail": false,
                "pending": false,
                "code": "var stateBefore = {\n    teachingPeriods: [{ year: 2018, code: \"S2-01\", units: [null, null, null, null, null] }],\n    numberOfUnits: 5\n};\nvar action = {\n    type: \"CLEAR_COURSE\"\n};\nvar stateAfter = {\n    teachingPeriods: [],\n    numberOfUnits: 4\n};\ntest(stateBefore, action, stateAfter);",
                "err": {},
                "isRoot": false,
                "uuid": "59b72f47-c8b4-4993-9e8e-421c732c127e",
                "parentUUID": "97ac8c01-8c11-446a-8017-eb1109d4afc4",
                "skipped": false
              }
            ],
            "pending": [],
            "root": false,
            "_timeout": 2000,
            "file": "/test/reducers/CourseStructure.spec.js",
            "uuid": "97ac8c01-8c11-446a-8017-eb1109d4afc4",
            "fullFile": "/home/staff01/Documents/monPlanR/test/reducers/CourseStructure.spec.js",
            "passes": [
              {
                "title": "Should remove all teaching periods and set the amount of units to 4",
                "fullTitle": "REDUCER: CourseStructure ACTION: CLEAR_COURSE Should remove all teaching periods and set the amount of units to 4",
                "timedOut": false,
                "duration": 0,
                "state": "passed",
                "speed": "fast",
                "pass": true,
                "fail": false,
                "pending": false,
                "code": "var stateBefore = {\n    teachingPeriods: [{ year: 2018, code: \"S2-01\", units: [null, null, null, null, null] }],\n    numberOfUnits: 5\n};\nvar action = {\n    type: \"CLEAR_COURSE\"\n};\nvar stateAfter = {\n    teachingPeriods: [],\n    numberOfUnits: 4\n};\ntest(stateBefore, action, stateAfter);",
                "err": {},
                "isRoot": false,
                "uuid": "59b72f47-c8b4-4993-9e8e-421c732c127e",
                "parentUUID": "97ac8c01-8c11-446a-8017-eb1109d4afc4",
                "skipped": false
              }
            ],
            "failures": [],
            "skipped": [],
            "hasTests": true,
            "hasSuites": false,
            "totalTests": 1,
            "totalPasses": 1,
            "totalFailures": 0,
            "totalPending": 0,
            "totalSkipped": 0,
            "hasPasses": true,
            "hasFailures": false,
            "hasPending": false,
            "hasSkipped": false,
            "duration": 0
          },
          {
            "title": "ACTION: ADD_UNIT",
            "suites": [],
            "tests": [
              {
                "title": "Should add a unit correctly to the start of an array",
                "fullTitle": "REDUCER: CourseStructure ACTION: ADD_UNIT Should add a unit correctly to the start of an array",
                "timedOut": false,
                "duration": 2,
                "state": "passed",
                "speed": "fast",
                "pass": true,
                "fail": false,
                "pending": false,
[...]
      "timedOut": false,
      "duration": 1,
      "state": "passed",
      "speed": "fast",
      "pass": true,
      "fail": false,
      "pending": false,
      "code": "var stateBefore = {\n    notificationsList: [{\n        id: \"TEST_NOTIFICATION\",\n        title: \"This is a test\",\n        message: \"Some message goes over here\",\n        level: \"info\",\n        dismissable: undefined,\n        autoDismiss: undefined\n    }, {\n        id: \"GENERIC_ERROR\",\n        title: \"Error\",\n        message: \"Something went wrong. Please try again later.\",\n        level: \"error\",\n        dismissable: true,\n        autoDismiss: undefined\n    }, {\n        id: \"CONNECTION_LOST\",\n        title: \"Lost connection\",\n        message: \"Please check your connection. This notification will go away once you go online.\",\n        level: \"warning\",\n        dismissable: false,\n        autoDismiss: undefined\n    }]\n};\nvar action = {\n    type: \"REMOVE_NOTIFICATION\",\n    id: \"CONNECTION_LOST\"\n};\nvar stateAfter = {\n    notificationsList: [{\n        id: \"TEST_NOTIFICATION\",\n        title: \"This is a test\",\n        message: \"Some message goes over here\",\n        level: \"info\",\n        dismissable: undefined,\n        autoDismiss: undefined\n    }, {\n        id: \"GENERIC_ERROR\",\n        title: \"Error\",\n        message: \"Something went wrong. Please try again later.\",\n        level: \"error\",\n        dismissable: true,\n        autoDismiss: undefined\n    }]\n};\n(0, _deepFreeze2.default)(stateBefore);\n(0, _deepFreeze2.default)(action);\n(0, _expect2.default)((0, _Notifications2.default)(stateBefore, action)).toEqual(stateAfter);",
      "err": {},
      "isRoot": false,
      "uuid": "10178395-1ff9-436a-9ec7-ee3bf5e1ca47",
      "parentUUID": "953f1ad2-47cc-4dac-8ca0-a3f289355d02",
      "skipped": false
    },
    {
      "title": "Should correctly toggle the insert teaching period UI boolean",
      "fullTitle": "ACTION: SHOW_INSERT_TEACHING_PERIOD_UI Should correctly toggle the insert teaching period UI boolean",
      "timedOut": false,
      "duration": 0,
      "state": "passed",
      "speed": "fast",
      "pass": true,
      "fail": false,
      "pending": false,
      "code": "var stateBefore = {\n    showingInsertTeachingPeriodUI: false,\n    showMovingUnitUI: false,\n    showAddingUnitUI: false\n};\nvar action = {\n    type: \"SHOW_INSERT_TEACHING_PERIOD_UI\"\n};\nvar stateAfter = {\n    showingInsertTeachingPeriodUI: true,\n    showMovingUnitUI: false,\n    showAddingUnitUI: false\n};\n(0, _deepFreeze2.default)(stateBefore);\n(0, _deepFreeze2.default)(action);\n(0, _expect2.default)((0, _UI2.default)(stateBefore, action)).toEqual(stateAfter);",
      "err": {},
      "isRoot": false,
      "uuid": "87c24296-9abd-47b3-b613-5d4deeab98b2",
      "parentUUID": "aebeec8b-d72f-47c7-a172-30df370d804b",
      "skipped": false
    },
    {
      "title": "Should correctly toggle the insert teaching period UI boolean",
      "fullTitle": "ACTION: HIDE_INSERT_TEACHING_PERIOD_UI Should correctly toggle the insert teaching period UI boolean",
      "timedOut": false,
      "duration": 1,
      "state": "passed",
      "speed": "fast",
      "pass": true,
      "fail": false,
      "pending": false,
      "code": "var stateBefore = {\n    showingInsertTeachingPeriodUI: true,\n    showMovingUnitUI: false,\n    showAddingUnitUI: false\n};\nvar action = {\n    type: \"HIDE_INSERT_TEACHING_PERIOD_UI\"\n};\nvar stateAfter = {\n    showingInsertTeachingPeriodUI: false,\n    showMovingUnitUI: false,\n    showAddingUnitUI: false\n};\n(0, _deepFreeze2.default)(stateBefore);\n(0, _deepFreeze2.default)(action);\n(0, _expect2.default)((0, _UI2.default)(stateBefore, action)).toEqual(stateAfter);",
      "err": {},
      "isRoot": false,
      "uuid": "4e40cabf-6f7d-4231-aa1f-d8b0f32fb2e3",
      "parentUUID": "fcd70546-187a-409d-90e7-2ed8564ff016",
      "skipped": false
    },
    {
      "title": "Should correctly toggle the add unit UI boolean",
      "fullTitle": "ACTION: SHOW_ADD_UNIT_UI Should correctly toggle the add unit UI boolean",
      "timedOut": false,
      "duration": 0,
      "state": "passed",
      "speed": "fast",
      "pass": true,
      "fail": false,
      "pending": false,
      "code": "var stateBefore = {\n    showingInsertTeachingPeriodUI: false,\n    showMovingUnitUI: false,\n    showAddingUnitUI: false\n};\nvar action = {\n    type: \"SHOW_ADD_UNIT_UI\"\n};\nvar stateAfter = {\n    showingInsertTeachingPeriodUI: false,\n    showMovingUnitUI: false,\n    showAddingUnitUI: true\n};\n(0, _deepFreeze2.default)(stateBefore);\n(0, _deepFreeze2.default)(action);\n(0, _expect2.default)((0, _UI2.default)(stateBefore, action)).toEqual(stateAfter);",
      "err": {},
      "isRoot": false,
      "uuid": "4ca34e3c-68a4-4212-8cd4-8aa613228357",
      "parentUUID": "977b30d7-06d2-4c43-a8c4-09e1ba616256",
      "skipped": false
    },
    {
      "title": "Should correctly toggle the add unit UI boolean",
      "fullTitle": "ACTION: HIDE_ADD_UNIT_UI Should correctly toggle the add unit UI boolean",
      "timedOut": false,
      "duration": 1,
      "state": "passed",
      "speed": "fast",
      "pass": true,
      "fail": false,
      "pending": false,
      "code": "var stateBefore = {\n    showingInsertTeachingPeriodUI: false,\n    showMovingUnitUI: false,\n    showAddingUnitUI: true\n};\nvar action = {\n    type: \"HIDE_ADD_UNIT_UI\"\n};\nvar stateAfter = {\n    showingInsertTeachingPeriodUI: false,\n    showMovingUnitUI: false,\n    showAddingUnitUI: false\n};\n(0, _deepFreeze2.default)(stateBefore);\n(0, _deepFreeze2.default)(action);\n(0, _expect2.default)((0, _UI2.default)(stateBefore, action)).toEqual(stateAfter);",
      "err": {},
      "isRoot": false,
      "uuid": "716d0aa0-4043-438e-91a2-f5a0fdd5fe12",
      "parentUUID": "9bfc7d5d-8bee-4210-bb29-68891a8f4b62",
      "skipped": false
    },
    {
      "title": "Should correctly toggle the move unit UI boolean",
      "fullTitle": "ACTION: SHOW_MOVE_UNIT_UI Should correctly toggle the move unit UI boolean",
      "timedOut": false,
      "duration": 0,
      "state": "passed",
      "speed": "fast",
      "pass": true,
      "fail": false,
      "pending": false,
      "code": "var stateBefore = {\n    showingInsertTeachingPeriodUI: false,\n    showMovingUnitUI: false,\n    showAddingUnitUI: false\n};\nvar action = {\n    type: \"SHOW_MOVE_UNIT_UI\"\n};\nvar stateAfter = {\n    showingInsertTeachingPeriodUI: false,\n    showMovingUnitUI: true,\n    showAddingUnitUI: false\n};\n(0, _deepFreeze2.default)(stateBefore);\n(0, _deepFreeze2.default)(action);\n(0, _expect2.default)((0, _UI2.default)(stateBefore, action)).toEqual(stateAfter);",
      "err": {},
      "isRoot": false,
      "uuid": "1d5cdb49-3662-4491-9fd5-166cabd93a29",
      "parentUUID": "7cc01cdc-00f7-488c-b467-befc38941d55",
      "skipped": false
    },
    {
      "title": "Should correctly toggle the move unit UI boolean",
      "fullTitle": "ACTION: HIDE_MOVE_UNIT_UI Should correctly toggle the move unit UI boolean",
      "timedOut": false,
      "duration": 0,
      "state": "passed",
      "speed": "fast",
      "pass": true,
      "fail": false,
      "pending": false,
      "code": "var stateBefore = {\n    showingInsertTeachingPeriodUI: false,\n    showMovingUnitUI: true,\n    showAddingUnitUI: false\n};\nvar action = {\n    type: \"HIDE_MOVE_UNIT_UI\"\n};\nvar stateAfter = {\n    showingInsertTeachingPeriodUI: false,\n    showMovingUnitUI: false,\n    showAddingUnitUI: false\n};\n(0, _deepFreeze2.default)(stateBefore);\n(0, _deepFreeze2.default)(action);\n(0, _expect2.default)((0, _UI2.default)(stateBefore, action)).toEqual(stateAfter);",
      "err": {},
      "isRoot": false,
      "uuid": "beaf7417-4726-4f50-9261-ad944f43e751",
      "parentUUID": "6012fba8-0713-4c8e-ade8-1020ec5d7140",
      "skipped": false
    },
    {
      "title": "Should set the course to read only correctly",
      "fullTitle": "ACTION: SET_COURSE_READ_ONLY Should set the course to read only correctly",
      "timedOut": false,
      "duration": 1,
      "state": "passed",
      "speed": "fast",
      "pass": true,
      "fail": false,
      "pending": false,
      "code": "var stateBefore = {\n    showingInsertTeachingPeriodUI: false,\n    showMovingUnitUI: false,\n    showAddingUnitUI: false,\n    readOnly: false\n};\nvar action = {\n    type: \"SET_COURSE_READ_ONLY\"\n};\nvar stateAfter = {\n    showingInsertTeachingPeriodUI: false,\n    showMovingUnitUI: false,\n    showAddingUnitUI: false,\n    readOnly: true\n};\n(0, _deepFreeze2.default)(stateBefore);\n(0, _deepFreeze2.default)(action);\n(0, _expect2.default)((0, _UI2.default)(stateBefore, action)).toEqual(stateAfter);",
      "err": {},
      "isRoot": false,
      "uuid": "004d9c12-d879-42ac-b778-3102239dc9d5",
      "parentUUID": "539842fa-9a47-4531-acff-19ddfaa98ec6",
      "skipped": false
    },
    {
      "title": "Should set the course to allow edits correctly",
      "fullTitle": "ACTION: SET_COURSE_READ_AND_WRITE Should set the course to allow edits correctly",
      "timedOut": false,
      "duration": 0,
      "state": "passed",
      "speed": "fast",
      "pass": true,
      "fail": false,
      "pending": false,
      "code": "var stateBefore = {\n    showingInsertTeachingPeriodUI: false,\n    showMovingUnitUI: false,\n    showAddingUnitUI: false,\n    readOnly: true\n};\nvar action = {\n    type: \"SET_COURSE_READ_AND_WRITE\"\n};\nvar stateAfter = {\n    showingInsertTeachingPeriodUI: false,\n    showMovingUnitUI: false,\n    showAddingUnitUI: false,\n    readOnly: false\n};\n(0, _deepFreeze2.default)(stateBefore);\n(0, _deepFreeze2.default)(action);\n(0, _expect2.default)((0, _UI2.default)(stateBefore, action)).toEqual(stateAfter);",
      "err": {},
      "isRoot": false,
      "uuid": "5fbdd863-4a64-413d-b6b8-5cd8b633bc2a",
      "parentUUID": "d355d8ef-9d6d-46f5-9dca-9f44caba1cbc",
      "skipped": false
    },
    {
      "title": "Should return a non-negative number",
      "fullTitle": "UTILS: CostCalc Should return a non-negative number",
      "timedOut": false,
      "duration": 1,
      "state": "passed",
      "speed": "fast",
      "pass": true,
      "fail": false,
      "pending": false,
      "code": "expect(_CostCalc2.default.calculateCost(0, 0)).to.be.gte(0);\nexpect(_CostCalc2.default.calculateCost(2, 6)).to.be.gte(0);",
      "err": {},
      "isRoot": false,
      "uuid": "e66577d6-a8bc-493d-9f94-73814527bb6d",
      "parentUUID": "123755ef-c9c4-442c-95d6-a15ec51dc17d",
      "skipped": false
    },
    {
      "title": "Should multiply SCA band cost with credit points",
      "fullTitle": "UTILS: CostCalc Should multiply SCA band cost with credit points",
      "timedOut": false,
      "duration": 0,
      "state": "passed",
      "speed": "fast",
      "pass": true,
      "fail": false,
      "pending": false,
      "code": "var scaBand = 3;\nvar creditPoints = 6;\nvar scaBandCost = _CostCalc2.default.calculateCost(scaBand, 1);\nexpect(_CostCalc2.default.calculateCost(scaBand, creditPoints)).to.equal(scaBandCost * creditPoints);",
      "err": {},
      "isRoot": false,
      "uuid": "7a98e405-2a85-4416-b4c1-66d40e3844b8",
      "parentUUID": "123755ef-c9c4-442c-95d6-a15ec51dc17d",
      "skipped": false
    },
    {
      "title": "Should default to semester one of start year if teachingPeriods and teachingPeriodData are both empty.",
      "fullTitle": "nextSemester Should default to semester one of start year if teachingPeriods and teachingPeriodData are both empty.",
      "timedOut": false,
      "duration": 1,
      "state": "passed",
      "speed": "fast",
      "pass": true,
      "fail": false,
      "pending": false,
      "code": "expect((0, _NextSemesterString.nextSemester)([], 2011, [])).to.deep.equal({\n    index: 0,\n    year: 2011,\n    code: \"S1-01\",\n    teachingPeriodData: []\n});",
      "err": {},
      "isRoot": false,
      "uuid": "fe646b86-e1bb-4502-a4d9-211607c6bab5",
      "parentUUID": "d128fdce-7cb0-4465-9462-03c527e3d424",
      "skipped": false
    },
    {
      "title": "Should default to semester one of start year if teachingPeriods is empty and teachingPeriodData is populated.",
      "fullTitle": "nextSemester Should default to semester one of start year if teachingPeriods is empty and teachingPeriodData is populated.",
      "timedOut": false,
      "duration": 0,
      "state": "passed",
      "speed": "fast",
      "pass": true,
      "fail": false,
      "pending": false,
      "code": "expect((0, _NextSemesterString.nextSemester)([], 2029, sortedTeachingPeriodData)).to.deep.equal({\n    index: 0,\n    year: 2029,\n    code: \"S1-01\",\n    teachingPeriodData: sortedTeachingPeriodData\n});",
      "err": {},
      "isRoot": false,
      "uuid": "652d1f42-1a73-4e66-bf22-e7b7728e753f",
      "parentUUID": "d128fdce-7cb0-4465-9462-03c527e3d424",
      "skipped": false
    },
    {
      "title": "Should return semester two if the last teaching period is in semester one, with the same year",
      "fullTitle": "nextSemester Should return semester two if the last teaching period is in semester one, with the same year",
      "timedOut": false,
      "duration": 1,
      "state": "passed",
      "speed": "fast",
      "pass": true,
      "fail": false,
      "pending": false,
      "code": "expect((0, _NextSemesterString.nextSemester)([{\n    year: 2025,\n    code: \"S1-01\"\n}, {\n    year: 2025,\n    code: \"S2-01\"\n}, {\n    year: 2026,\n    code: \"S1-01\"\n}, {\n    year: 2026,\n    code: \"S2-01\"\n}, {\n    year: 2027,\n    code: \"S1-01\"\n}], 2023, sortedTeachingPeriodData)).to.deep.equal({\n    index: 5,\n    year: 2027,\n    code: \"S2-01\",\n    teachingPeriodData: sortedTeachingPeriodData\n});",
      "err": {},
      "isRoot": false,
      "uuid": "cb5b6b31-9a7c-45fe-ae80-07b0118ced30",
      "parentUUID": "d128fdce-7cb0-4465-9462-03c527e3d424",
      "skipped": false
    },
    {
      "title": "Should return semester one next year if the last teaching period is in semester two",
      "fullTitle": "nextSemester Should return semester one next year if the last teaching period is in semester two",
      "timedOut": false,
      "duration": 0,
      "state": "passed",
      "speed": "fast",
      "pass": true,
      "fail": false,
      "pending": false,
      "code": "expect((0, _NextSemesterString.nextSemester)([{\n    year: 2015,\n    code: \"FY-01\"\n}, {\n    year: 2017,\n    code: \"S2-01\"\n}], 2015, sortedTeachingPeriodData)).to.deep.equal({\n    index: 2,\n    year: 2018,\n    code: \"S1-01\",\n    teachingPeriodData: sortedTeachingPeriodData\n});",
      "err": {},
      "isRoot": false,
      "uuid": "560353cb-36b9-4489-823e-477a50484e66",
      "parentUUID": "d128fdce-7cb0-4465-9462-03c527e3d424",
      "skipped": false
    },
    {
      "title": "Should render a semester string",
      "fullTitle": "getSemesterString Should render a semester string",
      "timedOut": false,
      "duration": 0,
      "state": "passed",
      "speed": "fast",
      "pass": true,
      "fail": false,
      "pending": false,
      "code": "expect((0, _NextSemesterString.getSemesterString)({\n    year: 2019,\n    code: \"S2-01\",\n    teachingPeriodData: sortedTeachingPeriodData\n})).to.equal(\"Semester 2, 2019\");",
      "err": {},
      "isRoot": false,
      "uuid": "a5139d5d-67b6-428d-8034-79b44a183e29",
      "parentUUID": "dbfded64-1d53-4f48-b8fa-973b1244a6ee",
      "skipped": false
    },
    {
      "title": "Should revert back to semester codes if teachingPeriodData is not available",
      "fullTitle": "getSemesterString Should revert back to semester codes if teachingPeriodData is not available",
      "timedOut": false,
      "duration": 0,
      "state": "passed",
      "speed": "fast",
      "pass": true,
      "fail": false,
      "pending": false,
      "code": "expect((0, _NextSemesterString.getSemesterString)({\n    year: 2015,\n    code: \"S1-01\"\n})).to.equal(\"S1-01, 2015\");",
      "err": {},
      "isRoot": false,
      "uuid": "67568395-e00b-4c1c-905e-9bf4494cf673",
      "parentUUID": "dbfded64-1d53-4f48-b8fa-973b1244a6ee",
      "skipped": false
    },
    {
      "title": "Should contain the same year as it was specified",
      "fullTitle": "UTILS: YearCalc Should contain the same year as it was specified",
      "timedOut": false,
      "duration": 0,
      "state": "passed",
      "speed": "fast",
      "pass": true,
      "fail": false,
      "pending": false,
      "code": "expect(_YearCalc2.default.getStartYearVals(2016).find(function (year) {\n    return year.value === 2016;\n})).to.be.ok;\nexpect(_YearCalc2.default.getEndYearVals(2017).find(function (year) {\n    return year.value === 2017;\n})).to.be.ok;",
      "err": {},
      "isRoot": false,
      "uuid": "02087b27-54c5-4949-a036-4957f585d0ce",
      "parentUUID": "86cf2223-7c58-4d71-b3a0-ab957e9b03b1",
      "skipped": false
    },
    {
      "title": "Should contain a year that is ten years from now",
      "fullTitle": "UTILS: YearCalc Should contain a year that is ten years from now",
      "timedOut": false,
      "duration": 0,
      "state": "passed",
      "speed": "fast",
      "pass": true,
      "fail": false,
      "pending": false,
      "code": "expect(_YearCalc2.default.getStartYearVals(2019).find(function (year) {\n    return year.value === 2029;\n})).to.be.ok;\nexpect(_YearCalc2.default.getStartYearVals(2012).find(function (year) {\n    return year.value === 2002;\n})).to.be.ok;\nexpect(_YearCalc2.default.getEndYearVals(2018).find(function (year) {\n    return year.value === 2028;\n})).to.be.ok;",
      "err": {},
      "isRoot": false,
      "uuid": "9ce087d5-2fa8-46d3-8439-98a8e93c7814",
      "parentUUID": "86cf2223-7c58-4d71-b3a0-ab957e9b03b1",
      "skipped": false
    },
    {
      "title": "Should not contain any past year when computing end years",
      "fullTitle": "UTILS: YearCalc Should not contain any past year when computing end years",
      "timedOut": false,
      "duration": 0,
      "state": "passed",
      "speed": "fast",
      "pass": true,
      "fail": false,
      "pending": false,
      "code": "expect(_YearCalc2.default.getEndYearVals(2018).find(function (year) {\n    return year.value === 2017;\n})).to.be.not.ok;\nexpect(_YearCalc2.default.getEndYearVals(2018).find(function (year) {\n    return year.value === 2008;\n})).to.be.not.ok;",
      "err": {},
      "isRoot": false,
      "uuid": "6233ad00-fd37-4258-8c16-6c46b62d292e",
      "parentUUID": "86cf2223-7c58-4d71-b3a0-ab957e9b03b1",
      "skipped": false
    },
    {
      "title": "Should have starting years go in decreasing order from one year ahead to the minimum",
      "fullTitle": "UTILS: YearCalc Should have starting years go in decreasing order from one year ahead to the minimum",
      "timedOut": false,
      "duration": 0,
      "state": "passed",
      "speed": "fast",
      "pass": true,
      "fail": false,
      "pending": false,
      "code": "expect(_YearCalc2.default.getStartYearVals(2019).slice(0, 12)).to.deep.equal([{\n    text: \"2020\",\n    value: 2020\n}, {\n    text: \"2019\",\n    value: 2019\n}, {\n    text: \"2018\",\n    value: 2018\n}, {\n    text: \"2017\",\n    value: 2017\n}, {\n    text: \"2016\",\n    value: 2016\n}, {\n    text: \"2015\",\n    value: 2015\n}, {\n    text: \"2014\",\n    value: 2014\n}, {\n    text: \"2013\",\n    value: 2013\n}, {\n    text: \"2012\",\n    value: 2012\n}, {\n    text: \"2011\",\n    value: 2011\n}, {\n    text: \"2010\",\n    value: 2010\n}, {\n    text: \"2009\",\n    value: 2009\n}]);",
      "err": {},
      "isRoot": false,
      "uuid": "e35fa6d9-0423-4881-9f1a-c7580662a8a2",
      "parentUUID": "86cf2223-7c58-4d71-b3a0-ab957e9b03b1",
      "skipped": false
    }
  ],
  "allFailures": [],
  "copyrightYear": 2017
}