{
  "stats": {
    "suites": 58,
    "tests": 81,
    "passes": 81,
    "pending": 0,
    "failures": 0,
    "start": "2017-02-03T03:18:04.973Z",
    "end": "2017-02-03T03:18:06.270Z",
    "duration": 1297,
    "testsRegistered": 81,
    "passPercent": 100,
    "pendingPercent": 0,
    "other": 0,
    "hasOther": false,
    "skipped": 0,
    "hasSkipped": false,
    "passPercentClass": "success",
    "pendingPercentClass": "danger"
  },
  "suites": {
    "title": "",
    "suites": [
      {
        "title": "COMPONENT: Notification",
        "suites": [],
        "tests": [
          {
            "title": "Should render a notification title and a message",
            "fullTitle": "COMPONENT: Notification Should render a notification title and a message",
            "timedOut": false,
            "duration": 98,
            "state": "passed",
            "speed": "slow",
            "pass": true,
            "fail": false,
            "pending": false,
            "code": "var wrapper = (0, _enzyme.mount)(_react2.default.createElement(_Notification2.default, {\n    title: \"This is a test\",\n    message: \"Some message goes over here\"\n}));\nexpect(wrapper.find(\".header\").text().trim()).to.equal(\"This is a test\");\nexpect(wrapper.text().replace(\"This is a test\", \"\").trim()).to.equal(\"Some message goes over here\");",
            "err": {},
            "isRoot": false,
            "uuid": "0d09b0c6-57ff-45e4-ac3b-00566a000705",
            "parentUUID": "b29ca34e-0db9-49fd-8282-7987abb6db71",
            "skipped": false
          },
          {
            "title": "Should have a default level to be info if it is not specified",
            "fullTitle": "COMPONENT: Notification Should have a default level to be info if it is not specified",
            "timedOut": false,
            "duration": 20,
            "state": "passed",
            "speed": "fast",
            "pass": true,
            "fail": false,
            "pending": false,
            "code": "expect((0, _enzyme.mount)(_react2.default.createElement(_Notification2.default, null)).find(\".info.message\")).to.have.length(1);",
            "err": {},
            "isRoot": false,
            "uuid": "b07ece3b-c43d-45bb-b726-c22e40cff561",
            "parentUUID": "b29ca34e-0db9-49fd-8282-7987abb6db71",
            "skipped": false
          },
          {
            "title": "Should follow a specified level",
            "fullTitle": "COMPONENT: Notification Should follow a specified level",
            "timedOut": false,
            "duration": 94,
            "state": "passed",
            "speed": "slow",
            "pass": true,
            "fail": false,
            "pending": false,
            "code": "expect((0, _enzyme.mount)(_react2.default.createElement(_Notification2.default, { level: \"info\" })).find(\".info.message\")).to.have.length(1);\nexpect((0, _enzyme.mount)(_react2.default.createElement(_Notification2.default, { level: \"warning\" })).find(\".warning.message\")).to.have.length(1);\nexpect((0, _enzyme.mount)(_react2.default.createElement(_Notification2.default, { level: \"error\" })).find(\".negative.message\")).to.have.length(1);\nexpect((0, _enzyme.mount)(_react2.default.createElement(_Notification2.default, { level: \"success\" })).find(\".positive.message\")).to.have.length(1);",
            "err": {},
            "isRoot": false,
            "uuid": "814388e5-cb33-4a16-93a5-0482c08ded86",
            "parentUUID": "b29ca34e-0db9-49fd-8282-7987abb6db71",
            "skipped": false
          }
        ],
        "pending": [],
        "root": false,
        "_timeout": 2000,
        "file": "/test/components/Notifications/Notification.spec.jsx",
        "uuid": "b29ca34e-0db9-49fd-8282-7987abb6db71",
        "fullFile": "/home/staff01/Documents/monPlanR/test/components/Notifications/Notification.spec.jsx",
        "passes": [
          {
            "title": "Should render a notification title and a message",
            "fullTitle": "COMPONENT: Notification Should render a notification title and a message",
            "timedOut": false,
            "duration": 98,
            "state": "passed",
            "speed": "slow",
            "pass": true,
            "fail": false,
            "pending": false,
            "code": "var wrapper = (0, _enzyme.mount)(_react2.default.createElement(_Notification2.default, {\n    title: \"This is a test\",\n    message: \"Some message goes over here\"\n}));\nexpect(wrapper.find(\".header\").text().trim()).to.equal(\"This is a test\");\nexpect(wrapper.text().replace(\"This is a test\", \"\").trim()).to.equal(\"Some message goes over here\");",
            "err": {},
            "isRoot": false,
            "uuid": "0d09b0c6-57ff-45e4-ac3b-00566a000705",
            "parentUUID": "b29ca34e-0db9-49fd-8282-7987abb6db71",
            "skipped": false
          },
          {
            "title": "Should have a default level to be info if it is not specified",
            "fullTitle": "COMPONENT: Notification Should have a default level to be info if it is not specified",
            "timedOut": false,
            "duration": 20,
            "state": "passed",
            "speed": "fast",
            "pass": true,
            "fail": false,
            "pending": false,
            "code": "expect((0, _enzyme.mount)(_react2.default.createElement(_Notification2.default, null)).find(\".info.message\")).to.have.length(1);",
            "err": {},
            "isRoot": false,
            "uuid": "b07ece3b-c43d-45bb-b726-c22e40cff561",
            "parentUUID": "b29ca34e-0db9-49fd-8282-7987abb6db71",
            "skipped": false
          },
          {
            "title": "Should follow a specified level",
            "fullTitle": "COMPONENT: Notification Should follow a specified level",
            "timedOut": false,
            "duration": 94,
            "state": "passed",
            "speed": "slow",
            "pass": true,
            "fail": false,
            "pending": false,
            "code": "expect((0, _enzyme.mount)(_react2.default.createElement(_Notification2.default, { level: \"info\" })).find(\".info.message\")).to.have.length(1);\nexpect((0, _enzyme.mount)(_react2.default.createElement(_Notification2.default, { level: \"warning\" })).find(\".warning.message\")).to.have.length(1);\nexpect((0, _enzyme.mount)(_react2.default.createElement(_Notification2.default, { level: \"error\" })).find(\".negative.message\")).to.have.length(1);\nexpect((0, _enzyme.mount)(_react2.default.createElement(_Notification2.default, { level: \"success\" })).find(\".positive.message\")).to.have.length(1);",
            "err": {},
            "isRoot": false,
            "uuid": "814388e5-cb33-4a16-93a5-0482c08ded86",
            "parentUUID": "b29ca34e-0db9-49fd-8282-7987abb6db71",
            "skipped": false
          }
        ],
        "failures": [],
        "skipped": [],
        "hasTests": true,
        "hasSuites": false,
        "totalTests": 3,
        "totalPasses": 3,
        "totalFailures": 0,
        "totalPending": 0,
        "totalSkipped": 0,
        "hasPasses": true,
        "hasFailures": false,
        "hasPending": false,
        "hasSkipped": false,
        "duration": 212
      },
      {
        "title": "COMPONENT: SetuRating",
        "suites": [],
        "tests": [
          {
            "title": "should render two ratings",
            "fullTitle": "COMPONENT: SetuRating should render two ratings",
            "timedOut": false,
            "duration": 102,
            "state": "passed",
            "speed": "slow",
            "pass": true,
            "fail": false,
            "pending": false,
            "code": "expect((0, _enzyme.mount)(_react2.default.createElement(_SetuRating2.default, null)).find(\".rating\")).to.have.length(2);",
            "err": {},
            "isRoot": false,
            "uuid": "152f2fa7-5c95-487e-9e6b-b0d10ad7f58b",
            "parentUUID": "5bd8213a-1173-4491-93d5-5f256fba889d",
            "skipped": false
          },
          {
            "title": "should render a book if learning ratings is >=2.5",
            "fullTitle": "COMPONENT: SetuRating should render a book if learning ratings is >=2.5",
            "timedOut": false,
            "duration": 154,
            "state": "passed",
            "speed": "slow",
            "pass": true,
            "fail": false,
            "pending": false,
            "code": "expect((0, _enzyme.mount)(_react2.default.createElement(_SetuRating2.default, { starRating: 4.13 })).find(\".book\")).to.have.length(1);\nexpect((0, _enzyme.mount)(_react2.default.createElement(_SetuRating2.default, { starRating: 2.50 })).find(\".book\")).to.have.length(1);",
            "err": {},
            "isRoot": false,
            "uuid": "bcde85ba-1586-47a0-9e1c-1c61d2007f90",
            "parentUUID": "5bd8213a-1173-4491-93d5-5f256fba889d",
            "skipped": false
          },
          {
            "title": "should render a remove circle if learning ratings is <2.5",
            "fullTitle": "COMPONENT: SetuRating should render a remove circle if learning ratings is <2.5",
            "timedOut": false,
            "duration": 108,
            "state": "passed",
            "speed": "slow",
            "pass": true,
            "fail": false,
            "pending": false,
            "code": "expect((0, _enzyme.mount)(_react2.default.createElement(_SetuRating2.default, { starRating: 1.51 })).find(\".remove.circle\")).to.have.length(1);\nexpect((0, _enzyme.mount)(_react2.default.createElement(_SetuRating2.default, { starRating: 2.49 })).find(\".remove.circle\")).to.have.length(1);",
            "err": {},
            "isRoot": false,
            "uuid": "675a5475-079b-40eb-a794-46fc84254a46",
            "parentUUID": "5bd8213a-1173-4491-93d5-5f256fba889d",
            "skipped": false
          },
          {
            "title": "should render a thumbs up if enjoyment ratings is >=2.5",
            "fullTitle": "COMPONENT: SetuRating should render a thumbs up if enjoyment ratings is >=2.5",
            "timedOut": false,
            "duration": 131,
            "state": "passed",
            "speed": "slow",
            "pass": true,
            "fail": false,
            "pending": false,
            "code": "expect((0, _enzyme.mount)(_react2.default.createElement(_SetuRating2.default, { heartRating: 4.13 })).find(\".thumbs.up\")).to.have.length(1);\nexpect((0, _enzyme.mount)(_react2.default.createElement(_SetuRating2.default, { heartRating: 2.50 })).find(\".thumbs.up\")).to.have.length(1);",
            "err": {},
            "isRoot": false,
            "uuid": "5b5fe8a5-6a2b-49cd-8046-5587ec9fe280",
            "parentUUID": "5bd8213a-1173-4491-93d5-5f256fba889d",
            "skipped": false
          },
          {
            "title": "should render a thumbs down if enjoyment ratings is <2.5",
            "fullTitle": "COMPONENT: SetuRating should render a thumbs down if enjoyment ratings is <2.5",
            "timedOut": false,
            "duration": 86,
            "state": "passed",
            "speed": "slow",
            "pass": true,
            "fail": false,
            "pending": false,
            "code": "expect((0, _enzyme.mount)(_react2.default.createElement(_SetuRating2.default, { heartRating: 1.51 })).find(\".thumbs.down\")).to.have.length(1);\nexpect((0, _enzyme.mount)(_react2.default.createElement(_SetuRating2.default, { heartRating: 2.49 })).find(\".thumbs.down\")).to.have.length(1);",
            "err": {},
            "isRoot": false,
            "uuid": "f83008f1-6830-4551-87f3-29142c1f9482",
            "parentUUID": "5bd8213a-1173-4491-93d5-5f256fba889d",
            "skipped": false
          }
        ],
        "pending": [],
        "root": false,
        "_timeout": 2000,
        "file": "/test/components/Unit/SetuRating.spec.jsx",
        "uuid": "5bd8213a-1173-4491-93d5-5f256fba889d",
        "fullFile": "/home/staff01/Documents/monPlanR/test/components/Unit/SetuRating.spec.jsx",
        "passes": [
          {
            "title": "should render two ratings",
            "fullTitle": "COMPONENT: SetuRating should render two ratings",
            "timedOut": false,
            "duration": 102,
            "state": "passed",
            "speed": "slow",
            "pass": true,
            "fail": false,
            "pending": false,
            "code": "expect((0, _enzyme.mount)(_react2.default.createElement(_SetuRating2.default, null)).find(\".rating\")).to.have.length(2);",
            "err": {},
            "isRoot": false,
            "uuid": "152f2fa7-5c95-487e-9e6b-b0d10ad7f58b",
            "parentUUID": "5bd8213a-1173-4491-93d5-5f256fba889d",
            "skipped": false
          },
          {
            "title": "should render a book if learning ratings is >=2.5",
            "fullTitle": "COMPONENT: SetuRating should render a book if learning ratings is >=2.5",
            "timedOut": false,
            "duration": 154,
            "state": "passed",
            "speed": "slow",
            "pass": true,
            "fail": false,
            "pending": false,
            "code": "expect((0, _enzyme.mount)(_react2.default.createElement(_SetuRating2.default, { starRating: 4.13 })).find(\".book\")).to.have.length(1);\nexpect((0, _enzyme.mount)(_react2.default.createElement(_SetuRating2.default, { starRating: 2.50 })).find(\".book\")).to.have.length(1);",
            "err": {},
            "isRoot": false,
            "uuid": "bcde85ba-1586-47a0-9e1c-1c61d2007f90",
            "parentUUID": "5bd8213a-1173-4491-93d5-5f256fba889d",
            "skipped": false
          },
          {
            "title": "should render a remove circle if learning ratings is <2.5",
            "fullTitle": "COMPONENT: SetuRating should render a remove circle if learning ratings is <2.5",
            "timedOut": false,
            "duration": 108,
            "state": "passed",
            "speed": "slow",
            "pass": true,
            "fail": false,
            "pending": false,
            "code": "expect((0, _enzyme.mount)(_react2.default.createElement(_SetuRating2.default, { starRating: 1.51 })).find(\".remove.circle\")).to.have.length(1);\nexpect((0, _enzyme.mount)(_react2.default.createElement(_SetuRating2.default, { starRating: 2.49 })).find(\".remove.circle\")).to.have.length(1);",
            "err": {},
            "isRoot": false,
            "uuid": "675a5475-079b-40eb-a794-46fc84254a46",
            "parentUUID": "5bd8213a-1173-4491-93d5-5f256fba889d",
            "skipped": false
          },
          {
            "title": "should render a thumbs up if enjoyment ratings is >=2.5",
            "fullTitle": "COMPONENT: SetuRating should render a thumbs up if enjoyment ratings is >=2.5",
            "timedOut": false,
            "duration": 131,
            "state": "passed",
            "speed": "slow",
            "pass": true,
            "fail": false,
            "pending": false,
            "code": "expect((0, _enzyme.mount)(_react2.default.createElement(_SetuRating2.default, { heartRating: 4.13 })).find(\".thumbs.up\")).to.have.length(1);\nexpect((0, _enzyme.mount)(_react2.default.createElement(_SetuRating2.default, { heartRating: 2.50 })).find(\".thumbs.up\")).to.have.length(1);",
            "err": {},
            "isRoot": false,
            "uuid": "5b5fe8a5-6a2b-49cd-8046-5587ec9fe280",
            "parentUUID": "5bd8213a-1173-4491-93d5-5f256fba889d",
            "skipped": false
          },
          {
            "title": "should render a thumbs down if enjoyment ratings is <2.5",
            "fullTitle": "COMPONENT: SetuRating should render a thumbs down if enjoyment ratings is <2.5",
            "timedOut": false,
            "duration": 86,
            "state": "passed",
            "speed": "slow",
            "pass": true,
            "fail": false,
            "pending": false,
            "code": "expect((0, _enzyme.mount)(_react2.default.createElement(_SetuRating2.default, { heartRating: 1.51 })).find(\".thumbs.down\")).to.have.length(1);\nexpect((0, _enzyme.mount)(_react2.default.createElement(_SetuRating2.default, { heartRating: 2.49 })).find(\".thumbs.down\")).to.have.length(1);",
            "err": {},
            "isRoot": false,
            "uuid": "f83008f1-6830-4551-87f3-29142c1f9482",
            "parentUUID": "5bd8213a-1173-4491-93d5-5f256fba889d",
            "skipped": false
          }
        ],
        "failures": [],
        "skipped": [],
        "hasTests": true,
        "hasSuites": false,
        "totalTests": 5,
        "totalPasses": 5,
        "totalFailures": 0,
        "totalPending": 0,
        "totalSkipped": 0,
        "hasPasses": true,
        "hasFailures": false,
        "hasPending": false,
        "hasSkipped": false,
        "duration": 581
      },
      {
        "title": "COMPONENT: Unit",
        "suites": [],
        "tests": [
          {
            "title": "should only render a unit code and a unit name",
            "fullTitle": "COMPONENT: Unit should only render a unit code and a unit name",
            "timedOut": false,
            "duration": 103,
            "state": "passed",
            "speed": "slow",
            "pass": true,
            "fail": false,
            "pending": false,
            "code": "var unitCode = \"ABC1234\";\nvar unitName = \"Example unit\";\nvar wrapper = (0, _enzyme.mount)(_react2.default.createElement(_Unit.Unit, {\n    code: unitCode,\n    name: unitName,\n    connectDragSource: identity,\n    connectDropTarget: identity }));\nexpect(wrapper.find(\".header\").text().trim()).to.equal(unitCode);\nexpect(wrapper.find(\".message\").text().replace(unitCode, \"\").trim()).to.equal(unitName);",
            "err": {},
            "isRoot": false,
            "uuid": "b7b47fdc-decb-40d3-920f-7f81a662c5fe",
            "parentUUID": "b6c0c636-9189-4d01-94b1-5ea59b408447",
            "skipped": false
          },
          {
            "title": "should render a close button only when mouse is over the unit",
            "fullTitle": "COMPONENT: Unit should render a close button only when mouse is over the unit",
            "timedOut": false,
            "duration": 129,
            "state": "passed",
            "speed": "slow",
            "pass": true,
            "fail": false,
            "pending": false,
            "code": "var wrapper = (0, _enzyme.mount)(_react2.default.createElement(_Unit.Unit, {\n    code: \"ABC1234\",\n    name: \"Example unit\",\n    connectDragSource: identity,\n    connectDropTarget: identity }));\nwrapper.simulate(\"mouseout\");\nwrapper.simulate(\"mouseleave\");\nexpect(wrapper.find(\".buttons\")).to.have.length(1);\nexpect(wrapper.find(\".buttons\")).to.have.style(\"visibility\", \"hidden\");\nwrapper.simulate(\"mouseover\");\nwrapper.simulate(\"mouseenter\");\nexpect(wrapper.find(\".buttons\")).to.have.length(1);\nexpect(wrapper.find(\".buttons\")).to.have.style(\"visibility\", \"visible\");\nwrapper.simulate(\"mouseout\");\nwrapper.simulate(\"mouseleave\");\nexpect(wrapper.find(\".buttons\")).to.have.length(1);\nexpect(wrapper.find(\".buttons\")).to.have.style(\"visibility\", \"hidden\");",
            "err": {},
            "isRoot": false,
            "uuid": "442b92ba-ca23-42b8-bf73-4cc76b0fd4ce",
            "parentUUID": "b6c0c636-9189-4d01-94b1-5ea59b408447",
            "skipped": false
          }
        ],
        "pending": [],
        "root": false,
        "_timeout": 2000,
        "file": "/test/components/Unit/Unit.spec.jsx",
        "uuid": "b6c0c636-9189-4d01-94b1-5ea59b408447",
        "fullFile": "/home/staff01/Documents/monPlanR/test/components/Unit/Unit.spec.jsx",
        "passes": [
          {
            "title": "should only render a unit code and a unit name",
            "fullTitle": "COMPONENT: Unit should only render a unit code and a unit name",
            "timedOut": false,
            "duration": 103,
            "state": "passed",
            "speed": "slow",
            "pass": true,
            "fail": false,
            "pending": false,
            "code": "var unitCode = \"ABC1234\";\nvar unitName = \"Example unit\";\nvar wrapper = (0, _enzyme.mount)(_react2.default.createElement(_Unit.Unit, {\n    code: unitCode,\n    name: unitName,\n    connectDragSource: identity,\n    connectDropTarget: identity }));\nexpect(wrapper.find(\".header\").text().trim()).to.equal(unitCode);\nexpect(wrapper.find(\".message\").text().replace(unitCode, \"\").trim()).to.equal(unitName);",
            "err": {},
            "isRoot": false,
            "uuid": "b7b47fdc-decb-40d3-920f-7f81a662c5fe",
            "parentUUID": "b6c0c636-9189-4d01-94b1-5ea59b408447",
            "skipped": false
          },
          {
            "title": "should render a close button only when mouse is over the unit",
            "fullTitle": "COMPONENT: Unit should render a close button only when mouse is over the unit",
            "timedOut": false,
            "duration": 129,
            "state": "passed",
            "speed": "slow",
            "pass": true,
            "fail": false,
            "pending": false,
            "code": "var wrapper = (0, _enzyme.mount)(_react2.default.createElement(_Unit.Unit, {\n    code: \"ABC1234\",\n    name: \"Example unit\",\n    connectDragSource: identity,\n    connectDropTarget: identity }));\nwrapper.simulate(\"mouseout\");\nwrapper.simulate(\"mouseleave\");\nexpect(wrapper.find(\".buttons\")).to.have.length(1);\nexpect(wrapper.find(\".buttons\")).to.have.style(\"visibility\", \"hidden\");\nwrapper.simulate(\"mouseover\");\nwrapper.simulate(\"mouseenter\");\nexpect(wrapper.find(\".buttons\")).to.have.length(1);\nexpect(wrapper.find(\".buttons\")).to.have.style(\"visibility\", \"visible\");\nwrapper.simulate(\"mouseout\");\nwrapper.simulate(\"mouseleave\");\nexpect(wrapper.find(\".buttons\")).to.have.length(1);\nexpect(wrapper.find(\".buttons\")).to.have.style(\"visibility\", \"hidden\");",
            "err": {},
            "isRoot": false,
            "uuid": "442b92ba-ca23-42b8-bf73-4cc76b0fd4ce",
            "parentUUID": "b6c0c636-9189-4d01-94b1-5ea59b408447",
            "skipped": false
          }
        ],
        "failures": [],
        "skipped": [],
        "hasTests": true,
        "hasSuites": false,
        "totalTests": 2,
        "totalPasses": 2,
        "totalFailures": 0,
        "totalPending": 0,
        "totalSkipped": 0,
        "hasPasses": true,
        "hasFailures": false,
        "hasPending": false,
        "hasSkipped": false,
        "duration": 232
      },
      {
        "title": "REDUCER: Counter",
        "suites": [
          {
            "title": "ACTION: INCREMENT_CREDIT_POINTS",
            "suites": [],
            "tests": [
              {
                "title": "Should increment the credit point state by a given value",
                "fullTitle": "REDUCER: Counter ACTION: INCREMENT_CREDIT_POINTS Should increment the credit point state by a given value",
                "timedOut": false,
                "duration": 2,
                "state": "passed",
                "speed": "fast",
                "pass": true,
                "fail": false,
                "pending": false,
                "code": "var stateBefore = { cost: 2, creditPoints: 0 };\nvar action = {\n    type: \"INCREMENT_CREDIT_POINTS\",\n    value: 1\n};\nvar stateAfter = {\n    cost: 2,\n    creditPoints: 1\n};\n(0, _deepFreeze2.default)(stateBefore);\n(0, _deepFreeze2.default)(action);\n(0, _expect2.default)((0, _Counter2.default)(stateBefore, action)).toEqual(stateAfter);",
                "err": {},
                "isRoot": false,
                "uuid": "09f1559f-4004-4e34-83bd-cb39e6f13608",
                "parentUUID": "d4003c14-0a18-4b2a-a0a7-04e969b47905",
                "skipped": false
              }
            ],
            "pending": [],
            "root": false,
            "_timeout": 2000,
            "file": "/test/reducers/Counter.spec.js",
            "uuid": "d4003c14-0a18-4b2a-a0a7-04e969b47905",
            "fullFile": "/home/staff01/Documents/monPlanR/test/reducers/Counter.spec.js",
            "passes": [
              {
                "title": "Should increment the credit point state by a given value",
                "fullTitle": "REDUCER: Counter ACTION: INCREMENT_CREDIT_POINTS Should increment the credit point state by a given value",
                "timedOut": false,
                "duration": 2,
                "state": "passed",
                "speed": "fast",
                "pass": true,
                "fail": false,
                "pending": false,
                "code": "var stateBefore = { cost: 2, creditPoints: 0 };\nvar action = {\n    type: \"INCREMENT_CREDIT_POINTS\",\n    value: 1\n};\nvar stateAfter = {\n    cost: 2,\n    creditPoints: 1\n};\n(0, _deepFreeze2.default)(stateBefore);\n(0, _deepFreeze2.default)(action);\n(0, _expect2.default)((0, _Counter2.default)(stateBefore, action)).toEqual(stateAfter);",
                "err": {},
                "isRoot": false,
                "uuid": "09f1559f-4004-4e34-83bd-cb39e6f13608",
                "parentUUID": "d4003c14-0a18-4b2a-a0a7-04e969b47905",
                "skipped": false
              }
            ],
            "failures": [],
            "skipped": [],
            "hasTests": true,
            "hasSuites": false,
            "totalTests": 1,
            "totalPasses": 1,
            "totalFailures": 0,
            "totalPending": 0,
            "totalSkipped": 0,
            "hasPasses": true,
            "hasFailures": false,
            "hasPending": false,
            "hasSkipped": false,
            "duration": 2
          },
          {
            "title": "ACTION: DECREMENT_CREDIT_POINTS",
            "suites": [],
            "tests": [
              {
                "title": "Should decrement the credit point state by a given value",
                "fullTitle": "REDUCER: Counter ACTION: DECREMENT_CREDIT_POINTS Should decrement the credit point state by a given value",
                "timedOut": false,
                "duration": 0,
                "state": "passed",
                "speed": "fast",
                "pass": true,
                "fail": false,
                "pending": false,
                "code": "var stateBefore = { cost: 40, creditPoints: 50 };\nvar action = {\n    type: \"DECREMENT_CREDIT_POINTS\",\n    value: 10\n};\nvar stateAfter = {\n    cost: 40,\n    creditPoints: 40\n};\n(0, _deepFreeze2.default)(stateBefore);\n(0, _deepFreeze2.default)(action);\n(0, _expect2.default)((0, _Counter2.default)(stateBefore, action)).toEqual(stateAfter);",
                "err": {},
                "isRoot": false,
                "uuid": "827a817b-9c11-4eee-80c2-4f99f5fe204c",
                "parentUUID": "922642dd-2160-40a9-b35c-37080607a7d1",
                "skipped": false
              },
              {
                "title": "Should decrement the credit point state to 0 if a value given is larger than the current credit point value",
                "fullTitle": "REDUCER: Counter ACTION: DECREMENT_CREDIT_POINTS Should decrement the credit point state to 0 if a value given is larger than the current credit point value",
                "timedOut": false,
                "duration": 0,
                "state": "passed",
                "speed": "fast",
                "pass": true,
                "fail": false,
                "pending": false,
                "code": "var stateBefore = { cost: 40, creditPoints: 50 };\nvar action = {\n    type: \"DECREMENT_CREDIT_POINTS\",\n    value: 51\n};\nvar stateAfter = {\n    cost: 40,\n    creditPoints: 0\n};\n(0, _deepFreeze2.default)(stateBefore);\n(0, _deepFreeze2.default)(action);\n(0, _expect2.default)((0, _Counter2.default)(stateBefore, action)).toEqual(stateAfter);",
                "err": {},
                "isRoot": false,
                "uuid": "5b5696c3-2c1c-49b9-8ec8-72a3d623a0ea",
                "parentUUID": "922642dd-2160-40a9-b35c-37080607a7d1",
                "skipped": false
              }
            ],
            "pending": [],
            "root": false,
            "_timeout": 2000,
            "file": "/test/reducers/Counter.spec.js",
            "uuid": "922642dd-2160-40a9-b35c-37080607a7d1",
            "fullFile": "/home/staff01/Documents/monPlanR/test/reducers/Counter.spec.js",
            "passes": [
              {
                "title": "Should decrement the credit point state by a given value",
                "fullTitle": "REDUCER: Counter ACTION: DECREMENT_CREDIT_POINTS Should decrement the credit point state by a given value",
                "timedOut": false,
                "duration": 0,
                "state": "passed",
                "speed": "fast",
                "pass": true,
                "fail": false,
                "pending": false,
                "code": "var stateBefore = { cost: 40, creditPoints: 50 };\nvar action = {\n    type: \"DECREMENT_CREDIT_POINTS\",\n    value: 10\n};\nvar stateAfter = {\n    cost: 40,\n    creditPoints: 40\n};\n(0, _deepFreeze2.default)(stateBefore);\n(0, _deepFreeze2.default)(action);\n(0, _expect2.default)((0, _Counter2.default)(stateBefore, action)).toEqual(stateAfter);",
                "err": {},
                "isRoot": false,
                "uuid": "827a817b-9c11-4eee-80c2-4f99f5fe204c",
                "parentUUID": "922642dd-2160-40a9-b35c-37080607a7d1",
                "skipped": false
              },
              {
                "title": "Should decrement the credit point state to 0 if a value given is larger than the current credit point value",
                "fullTitle": "REDUCER: Counter ACTION: DECREMENT_CREDIT_POINTS Should decrement the credit point state to 0 if a value given is larger than the current credit point value",
                "timedOut": false,
                "duration": 0,
                "state": "passed",
                "speed": "fast",
                "pass": true,
                "fail": false,
                "pending": false,
                "code": "var stateBefore = { cost: 40, creditPoints: 50 };\nvar action = {\n    type: \"DECREMENT_CREDIT_POINTS\",\n    value: 51\n};\nvar stateAfter = {\n    cost: 40,\n    creditPoints: 0\n};\n(0, _deepFreeze2.default)(stateBefore);\n(0, _deepFreeze2.default)(action);\n(0, _expect2.default)((0, _Counter2.default)(stateBefore, action)).toEqual(stateAfter);",
                "err": {},
                "isRoot": false,
                "uuid": "5b5696c3-2c1c-49b9-8ec8-72a3d623a0ea",
                "parentUUID": "922642dd-2160-40a9-b35c-37080607a7d1",
                "skipped": false
              }
            ],
            "failures": [],
            "skipped": [],
            "hasTests": true,
            "hasSuites": false,
            "totalTests": 2,
            "totalPasses": 2,
            "totalFailures": 0,
            "totalPending": 0,
            "totalSkipped": 0,
            "hasPasses": true,
            "hasFailures": false,
            "hasPending": false,
            "hasSkipped": false,
            "duration": 0
          },
          {
            "title": "ACTION: INCREMENT_COST",
            "suites": [],
            "tests": [
              {
                "title": "Should increment the cost state by a given value",
                "fullTitle": "REDUCER: Counter ACTION: INCREMENT_COST Should increment the cost state by a given value",
                "timedOut": false,
                "duration": 0,
                "state": "passed",
                "speed": "fast",
                "pass": true,
                "fail": false,
                "pending": false,
                "code": "var stateBefore = { cost: 20, creditPoints: 13 };\nvar action = {\n    type: \"INCREMENT_COST\",\n    value: 1\n};\nvar stateAfter = {\n    cost: 21,\n    creditPoints: 13\n};\n(0, _deepFreeze2.default)(stateBefore);\n(0, _deepFreeze2.default)(action);\n(0, _expect2.default)((0, _Counter2.default)(stateBefore, action)).toEqual(stateAfter);",
                "err": {},
                "isRoot": false,
                "uuid": "68883aa2-fd49-45e9-8a2d-d480a5e27b80",
                "parentUUID": "d332a557-720f-42d2-b215-c2533083a768",
                "skipped": false
              }
            ],
            "pending": [],
            "root": false,
            "_timeout": 2000,
            "file": "/test/reducers/Counter.spec.js",
            "uuid": "d332a557-720f-42d2-b215-c2533083a768",
            "fullFile": "/home/staff01/Documents/monPlanR/test/reducers/Counter.spec.js",
            "passes": [
              {
                "title": "Should increment the cost state by a given value",
                "fullTitle": "REDUCER: Counter ACTION: INCREMENT_COST Should increment the cost state by a given value",
                "timedOut": false,
                "duration": 0,
                "state": "passed",
                "speed": "fast",
                "pass": true,
                "fail": false,
                "pending": false,
                "code": "var stateBefore = { cost: 20, creditPoints: 13 };\nvar action = {\n    type: \"INCREMENT_COST\",\n    value: 1\n};\nvar stateAfter = {\n    cost: 21,\n    creditPoints: 13\n};\n(0, _deepFreeze2.default)(stateBefore);\n(0, _deepFreeze2.default)(action);\n(0, _expect2.default)((0, _Counter2.default)(stateBefore, action)).toEqual(stateAfter);",
                "err": {},
                "isRoot": false,
                "uuid": "68883aa2-fd49-45e9-8a2d-d480a5e27b80",
                "parentUUID": "d332a557-720f-42d2-b215-c2533083a768",
                "skipped": false
              }
            ],
            "failures": [],
            "skipped": [],
            "hasTests": true,
            "hasSuites": false,
            "totalTests": 1,
            "totalPasses": 1,
            "totalFailures": 0,
            "totalPending": 0,
            "totalSkipped": 0,
            "hasPasses": true,
            "hasFailures": false,
            "hasPending": false,
            "hasSkipped": false,
            "duration": 0
          },
          {
            "title": "ACTION: DECREMENT_COST",
            "suites": [],
            "tests": [
              {
                "title": "Should decrement the cost state by a given value",
                "fullTitle": "REDUCER: Counter ACTION: DECREMENT_COST Should decrement the cost state by a given value",
                "timedOut": false,
                "duration": 1,
                "state": "passed",
                "speed": "fast",
                "pass": true,
                "fail": false,
                "pending": false,
                "code": "var stateBefore = { cost: 50, creditPoints: 40 };\nvar action = {\n    type: \"DECREMENT_COST\",\n    value: 10\n};\nvar stateAfter = {\n    cost: 40,\n    creditPoints: 40\n};\n(0, _deepFreeze2.default)(stateBefore);\n(0, _deepFreeze2.default)(action);\n(0, _expect2.default)((0, _Counter2.default)(stateBefore, action)).toEqual(stateAfter);",
                "err": {},
                "isRoot": false,
                "uuid": "8b3df549-938a-4757-8880-83734d6fe0d1",
                "parentUUID": "17b0b7a0-f5cd-4638-9961-6c9300f206c2",
                "skipped": false
              },
              {
                "title": "Should decrement the cost state to 0 if a value given is larger than the current credit point value",
                "fullTitle": "REDUCER: Counter ACTION: DECREMENT_COST Should decrement the cost state to 0 if a value given is larger than the current credit point value",
                "timedOut": false,
                "duration": 0,
                "state": "passed",
                "speed": "fast",
                "pass": true,
                "fail": false,
                "pending": false,
                "code": "var stateBefore = { cost: 50, creditPoints: 40 };\nvar action = {\n    type: \"DECREMENT_COST\",\n    value: 51\n};\nvar stateAfter = {\n    cost: 0,\n    creditPoints: 40\n};\n(0, _deepFreeze2.default)(stateBefore);\n(0, _deepFreeze2.default)(action);\n(0, _expect2.default)((0, _Counter2.default)(stateBefore, action)).toEqual(stateAfter);",
                "err": {},
                "isRoot": false,
                "uuid": "520c4319-d146-4842-8d4d-21ce909e37ae",
                "parentUUID": "17b0b7a0-f5cd-4638-9961-6c9300f206c2",
                "skipped": false
              }
            ],
            "pending": [],
            "root": false,
            "_timeout": 2000,
            "file": "/test/reducers/Counter.spec.js",
            "uuid": "17b0b7a0-f5cd-4638-9961-6c9300f206c2",
            "fullFile": "/home/staff01/Documents/monPlanR/test/reducers/Counter.spec.js",
            "passes": [
              {
                "title": "Should decrement the cost state by a given value",
                "fullTitle": "REDUCER: Counter ACTION: DECREMENT_COST Should decrement the cost state by a given value",
                "timedOut": false,
                "duration": 1,
                "state": "passed",
                "speed": "fast",
                "pass": true,
                "fail": false,
                "pending": false,
                "code": "var stateBefore = { cost: 50, creditPoints: 40 };\nvar action = {\n    type: \"DECREMENT_COST\",\n    value: 10\n};\nvar stateAfter = {\n    cost: 40,\n    creditPoints: 40\n};\n(0, _deepFreeze2.default)(stateBefore);\n(0, _deepFreeze2.default)(action);\n(0, _expect2.default)((0, _Counter2.default)(stateBefore, action)).toEqual(stateAfter);",
                "err": {},
                "isRoot": false,
                "uuid": "8b3df549-938a-4757-8880-83734d6fe0d1",
                "parentUUID": "17b0b7a0-f5cd-4638-9961-6c9300f206c2",
                "skipped": false
              },
              {
                "title": "Should decrement the cost state to 0 if a value given is larger than the current credit point value",
                "fullTitle": "REDUCER: Counter ACTION: DECREMENT_COST Should decrement the cost state to 0 if a value given is larger than the current credit point value",
                "timedOut": false,
                "duration": 0,
                "state": "passed",
                "speed": "fast",
                "pass": true,
                "fail": false,
                "pending": false,
                "code": "var stateBefore = { cost: 50, creditPoints: 40 };\nvar action = {\n    type: \"DECREMENT_COST\",\n    value: 51\n};\nvar stateAfter = {\n    cost: 0,\n    creditPoints: 40\n};\n(0, _deepFreeze2.default)(stateBefore);\n(0, _deepFreeze2.default)(action);\n(0, _expect2.default)((0, _Counter2.default)(stateBefore, action)).toEqual(stateAfter);",
                "err": {},
                "isRoot": false,
                "uuid": "520c4319-d146-4842-8d4d-21ce909e37ae",
                "parentUUID": "17b0b7a0-f5cd-4638-9961-6c9300f206c2",
                "skipped": false
              }
            ],
            "failures": [],
            "skipped": [],
            "hasTests": true,
            "hasSuites": false,
            "totalTests": 2,
            "totalPasses": 2,
            "totalFailures": 0,
            "totalPending": 0,
            "totalSkipped": 0,
            "hasPasses": true,
            "hasFailures": false,
            "hasPending": false,
            "hasSkipped": false,
            "duration": 1
          },
          {
            "title": "ACTION: CLEAR_COURSE",
            "suites": [],
            "tests": [
              {
                "title": "Should reset the cost and credit point counters to 0",
                "fullTitle": "REDUCER: Counter ACTION: CLEAR_COURSE Should reset the cost and credit point counters to 0",
                "timedOut": false,
                "duration": 0,
                "state": "passed",
                "speed": "fast",
                "pass": true,
                "fail": false,
                "pending": false,
                "code": "var stateBefore = { cost: 50, creditPoints: 40 };\nvar action = {\n    type: \"CLEAR_COURSE\"\n};\nvar stateAfter = { cost: 0, creditPoints: 0 };\n(0, _deepFreeze2.default)(stateBefore);\n(0, _deepFreeze2.default)(action);\n(0, _expect2.default)((0, _Counter2.default)(stateBefore, action)).toEqual(stateAfter);",
                "err": {},
                "isRoot": false,
                "uuid": "edd33d1c-30a3-4b1f-afca-89756a34d90d",
                "parentUUID": "2e00e75c-e200-4f41-bf22-8c0353f21bb3",
                "skipped": false
              }
            ],
            "pending": [],
            "root": false,
            "_timeout": 2000,
            "file": "/test/reducers/Counter.spec.js",
            "uuid": "2e00e75c-e200-4f41-bf22-8c0353f21bb3",
            "fullFile": "/home/staff01/Documents/monPlanR/test/reducers/Counter.spec.js",
            "passes": [
              {
                "title": "Should reset the cost and credit point counters to 0",
                "fullTitle": "REDUCER: Counter ACTION: CLEAR_COURSE Should reset the cost and credit point counters to 0",
                "timedOut": false,
                "duration": 0,
                "state": "passed",
                "speed": "fast",
                "pass": true,
                "fail": false,
                "pending": false,
                "code": "var stateBefore = { cost: 50, creditPoints: 40 };\nvar action = {\n    type: \"CLEAR_COURSE\"\n};\nvar stateAfter = { cost: 0, creditPoints: 0 };\n(0, _deepFreeze2.default)(stateBefore);\n(0, _deepFreeze2.default)(action);\n(0, _expect2.default)((0, _Counter2.default)(stateBefore, action)).toEqual(stateAfter);",
                "err": {},
                "isRoot": false,
                "uuid": "edd33d1c-30a3-4b1f-afca-89756a34d90d",
                "parentUUID": "2e00e75c-e200-4f41-bf22-8c0353f21bb3",
                "skipped": false
              }
            ],
            "failures": [],
            "skipped": [],
            "hasTests": true,
            "hasSuites": false,
            "totalTests": 1,
            "totalPasses": 1,
            "totalFailures": 0,
            "totalPending": 0,
            "totalSkipped": 0,
            "hasPasses": true,
            "hasFailures": false,
            "hasPending": false,
            "hasSkipped": false,
            "duration": 0
          },
          {
            "title": "ACTION: REMOVE_TEACHING_PERIOD",
            "suites": [],
            "tests": [
              {
                "title": "Should correctly go through and decrement the counters for each value ",
                "fullTitle": "REDUCER: Counter ACTION: REMOVE_TEACHING_PERIOD Should correctly go through and decrement the counters for each value ",
                "timedOut": false,
                "duration": 2,
                "state": "passed",
                "speed": "fast",
                "pass": true,
                "fail": false,
                "pending": false,
                "code": "var stateBefore = { cost: 50, creditPoints: 40 };\nvar action = {\n    type: \"REMOVE_TEACHING_PERIOD\",\n    tp: [null, { cost: 2, creditPoints: 20 }, { cost: 5, creditPoints: 10 }, null]\n};\nvar stateAfter = { cost: 43, creditPoints: 10 };\n(0, _deepFreeze2.default)(stateBefore);\n(0, _deepFreeze2.default)(action);\n(0, _expect2.default)((0, _Counter2.default)(stateBefore, action)).toEqual(stateAfter);",
                "err": {},
                "isRoot": false,
                "uuid": "68d071de-6a99-4599-8f6e-511f9fd2d65e",
                "parentUUID": "ec8c26f2-ff23-4dfe-ae46-1346bf65630c",
                "skipped": false
              },
              {
                "title": "Should not decrement the counters below 0 ",
                "fullTitle": "REDUCER: Counter ACTION: REMOVE_TEACHING_PERIOD Should not decrement the counters below 0 ",
                "timedOut": false,
                "duration": 0,
                "state": "passed",
                "speed": "fast",
                "pass": true,
                "fail": false,
                "pending": false,
                "code": "var stateBefore = { cost: 50, creditPoints: 40 };\nvar action = {\n    type: \"REMOVE_TEACHING_PERIOD\",\n    tp: [null, { cost: 25, creditPoints: 20 }, { cost: 30, creditPoints: 30 }, { cost: 0, creditPoints: 10 }]\n};\nvar stateAfter = { cost: 0, creditPoints: 0 };\n(0, _deepFreeze2.default)(stateBefore);\n(0, _deepFreeze2.default)(action);\n(0, _expect2.default)((0, _Counter2.default)(stateBefore, action)).toEqual(stateAfter);",
                "err": {},
                "isRoot": false,
                "uuid": "9b686fb4-3305-4527-9343-0dd62e44563d",
                "parentUUID": "ec8c26f2-ff23-4dfe-ae46-1346bf65630c",
                "skipped": false
              }
            ],
            "pending": [],
            "root": false,
            "_timeout": 2000,
            "file": "/test/reducers/Counter.spec.js",
            "uuid": "ec8c26f2-ff23-4dfe-ae46-1346bf65630c",
            "fullFile": "/home/staff01/Documents/monPlanR/test/reducers/Counter.spec.js",
            "passes": [
              {
                "title": "Should correctly go through and decrement the counters for each value ",
                "fullTitle": "REDUCER: Counter ACTION: REMOVE_TEACHING_PERIOD Should correctly go through and decrement the counters for each value ",
                "timedOut": false,
                "duration": 2,
                "state": "passed",
                "speed": "fast",
                "pass": true,
                "fail": false,
                "pending": false,
                "code": "var stateBefore = { cost: 50, creditPoints: 40 };\nvar action = {\n    type: \"REMOVE_TEACHING_PERIOD\",\n    tp: [null, { cost: 2, creditPoints: 20 }, { cost: 5, creditPoints: 10 }, null]\n};\nvar stateAfter = { cost: 43, creditPoints: 10 };\n(0, _deepFreeze2.default)(stateBefore);\n(0, _deepFreeze2.default)(action);\n(0, _expect2.default)((0, _Counter2.default)(stateBefore, action)).toEqual(stateAfter);",
                "err": {},
                "isRoot": false,
                "uuid": "68d071de-6a99-4599-8f6e-511f9fd2d65e",
                "parentUUID": "ec8c26f2-ff23-4dfe-ae46-1346bf65630c",
                "skipped": false
              },
              {
                "title": "Should not decrement the counters below 0 ",
                "fullTitle": "REDUCER: Counter ACTION: REMOVE_TEACHING_PERIOD Should not decrement the counters below 0 ",
                "timedOut": false,
                "duration": 0,
                "state": "passed",
                "speed": "fast",
                "pass": true,
                "fail": false,
                "pending": false,
                "code": "var stateBefore = { cost: 50, creditPoints: 40 };\nvar action = {\n    type: \"REMOVE_TEACHING_PERIOD\",\n    tp: [null, { cost: 25, creditPoints: 20 }, { cost: 30, creditPoints: 30 }, { cost: 0, creditPoints: 10 }]\n};\nvar stateAfter = { cost: 0, creditPoints: 0 };\n(0, _deepFreeze2.default)(stateBefore);\n(0, _deepFreeze2.default)(action);\n(0, _expect2.default)((0, _Counter2.default)(stateBefore, action)).toEqual(stateAfter);",
                "err": {},
                "isRoot": false,
                "uuid": "9b686fb4-3305-4527-9343-0dd62e44563d",
                "parentUUID": "ec8c26f2-ff23-4dfe-ae46-1346bf65630c",
                "skipped": false
              }
            ],
            "failures": [],
            "skipped": [],
            "hasTests": true,
            "hasSuites": false,
            "totalTests": 2,
            "totalPasses": 2,
            "totalFailures": 0,
            "totalPending": 0,
            "totalSkipped": 0,
            "hasPasses": true,
            "hasFailures": false,
            "hasPending": false,
            "hasSkipped": false,
            "duration": 2
          }
        ],
        "tests": [],
        "pending": [],
        "root": false,
        "_timeout": 2000,
        "file": "/test/reducers/Counter.spec.js",
        "uuid": "a81d8212-ad6e-4779-80a7-f5b8ae7fc080",
        "fullFile": "/home/staff01/Documents/monPlanR/test/reducers/Counter.spec.js",
        "passes": [],
        "failures": [],
        "skipped": [],
        "hasTests": false,
        "hasSuites": true,
        "totalTests": 0,
        "totalPasses": 0,
        "totalFailures": 0,
        "totalPending": 0,
        "totalSkipped": 0,
        "hasPasses": false,
        "hasFailures": false,
        "hasPending": false,
        "hasSkipped": false,
        "duration": 0
      },
      {
        "title": "REDUCER: CourseStructure",
        "suites": [
          {
            "title": "ACTION: INSERT_TEACHING_PERIOD",
            "suites": [],
            "tests": [
              {
                "title": "Should insert a teaching period with the given info correctly into middle of array",
                "fullTitle": "REDUCER: CourseStructure ACTION: INSERT_TEACHING_PERIOD Should insert a teaching period with the given info correctly into middle of array",
                "timedOut": false,
                "duration": 2,
                "state": "passed",
                "speed": "fast",
                "pass": true,
                "fail": false,
                "pending": false,
                "code": "var stateBefore = {\n    teachingPeriods: [{ year: 2017, code: \"S2-01\", units: [null, null, null, null] }, { year: 2019, code: \"S2-01\", units: [null, null, null, null] }],\n    numberOfUnits: 4\n};\nvar action = {\n    type: \"INSERT_TEACHING_PERIOD\",\n    year: 2018,\n    code: \"S2-01\",\n    index: 1\n};\nvar stateAfter = {\n    teachingPeriods: [{ year: 2017, code: \"S2-01\", units: [null, null, null, null] }, { year: 2018, code: \"S2-01\", units: [null, null, null, null] }, { year: 2019, code: \"S2-01\", units: [null, null, null, null] }],\n    numberOfUnits: 4\n};\ntest(stateBefore, action, stateAfter);",
                "err": {},
                "isRoot": false,
                "uuid": "d59faba3-827e-4787-9f54-44235e6fa4ff",
                "parentUUID": "babb549a-d094-49f4-beaa-c37ecbd35af5",
                "skipped": false
              },
              {
                "title": "Should insert a teaching period with the given info correctly into start of array",
                "fullTitle": "REDUCER: CourseStructure ACTION: INSERT_TEACHING_PERIOD Should insert a teaching period with the given info correctly into start of array",
                "timedOut": false,
                "duration": 0,
                "state": "passed",
                "speed": "fast",
                "pass": true,
                "fail": false,
                "pending": false,
                "code": "var stateBefore = {\n    teachingPeriods: [{ year: 2017, code: \"S2-01\", units: [null, null, null, null] }, { year: 2019, code: \"S2-01\", units: [null, null, null, null] }],\n    numberOfUnits: 4\n};\nvar action = {\n    type: \"INSERT_TEACHING_PERIOD\",\n    year: 2016,\n    code: \"S2-01\",\n    index: 0\n};\nvar stateAfter = {\n    teachingPeriods: [{ year: 2016, code: \"S2-01\", units: [null, null, null, null] }, { year: 2017, code: \"S2-01\", units: [null, null, null, null] }, { year: 2019, code: \"S2-01\", units: [null, null, null, null] }],\n    numberOfUnits: 4\n};\ntest(stateBefore, action, stateAfter);",
                "err": {},
                "isRoot": false,
                "uuid": "b9727713-564d-4e50-b651-08228d5bd0c2",
                "parentUUID": "babb549a-d094-49f4-beaa-c37ecbd35af5",
                "skipped": false
              }
            ],
            "pending": [],
            "root": false,
            "_timeout": 2000,
            "file": "/test/reducers/CourseStructure.spec.js",
            "uuid": "babb549a-d094-49f4-beaa-c37ecbd35af5",
            "fullFile": "/home/staff01/Documents/monPlanR/test/reducers/CourseStructure.spec.js",
            "passes": [
              {
                "title": "Should insert a teaching period with the given info correctly into middle of array",
                "fullTitle": "REDUCER: CourseStructure ACTION: INSERT_TEACHING_PERIOD Should insert a teaching period with the given info correctly into middle of array",
                "timedOut": false,
                "duration": 2,
                "state": "passed",
                "speed": "fast",
                "pass": true,
                "fail": false,
                "pending": false,
                "code": "var stateBefore = {\n    teachingPeriods: [{ year: 2017, code: \"S2-01\", units: [null, null, null, null] }, { year: 2019, code: \"S2-01\", units: [null, null, null, null] }],\n    numberOfUnits: 4\n};\nvar action = {\n    type: \"INSERT_TEACHING_PERIOD\",\n    year: 2018,\n    code: \"S2-01\",\n    index: 1\n};\nvar stateAfter = {\n    teachingPeriods: [{ year: 2017, code: \"S2-01\", units: [null, null, null, null] }, { year: 2018, code: \"S2-01\", units: [null, null, null, null] }, { year: 2019, code: \"S2-01\", units: [null, null, null, null] }],\n    numberOfUnits: 4\n};\ntest(stateBefore, action, stateAfter);",
                "err": {},
                "isRoot": false,
                "uuid": "d59faba3-827e-4787-9f54-44235e6fa4ff",
                "parentUUID": "babb549a-d094-49f4-beaa-c37ecbd35af5",
                "skipped": false
              },
              {
                "title": "Should insert a teaching period with the given info correctly into start of array",
                "fullTitle": "REDUCER: CourseStructure ACTION: INSERT_TEACHING_PERIOD Should insert a teaching period with the given info correctly into start of array",
                "timedOut": false,
                "duration": 0,
                "state": "passed",
                "speed": "fast",
                "pass": true,
                "fail": false,
                "pending": false,
                "code": "var stateBefore = {\n    teachingPeriods: [{ year: 2017, code: \"S2-01\", units: [null, null, null, null] }, { year: 2019, code: \"S2-01\", units: [null, null, null, null] }],\n    numberOfUnits: 4\n};\nvar action = {\n    type: \"INSERT_TEACHING_PERIOD\",\n    year: 2016,\n    code: \"S2-01\",\n    index: 0\n};\nvar stateAfter = {\n    teachingPeriods: [{ year: 2016, code: \"S2-01\", units: [null, null, null, null] }, { year: 2017, code: \"S2-01\", units: [null, null, null, null] }, { year: 2019, code: \"S2-01\", units: [null, null, null, null] }],\n    numberOfUnits: 4\n};\ntest(stateBefore, action, stateAfter);",
                "err": {},
                "isRoot": false,
                "uuid": "b9727713-564d-4e50-b651-08228d5bd0c2",
                "parentUUID": "babb549a-d094-49f4-beaa-c37ecbd35af5",
                "skipped": false
              }
            ],
            "failures": [],
            "skipped": [],
            "hasTests": true,
            "hasSuites": false,
            "totalTests": 2,
            "totalPasses": 2,
            "totalFailures": 0,
            "totalPending": 0,
            "totalSkipped": 0,
            "hasPasses": true,
            "hasFailures": false,
            "hasPending": false,
            "hasSkipped": false,
            "duration": 2
          },
          {
            "title": "ACTION: REMOVE_TEACHING_PERIOD",
            "suites": [],
            "tests": [
              {
                "title": "Should remove a teaching period at the given index",
                "fullTitle": "REDUCER: CourseStructure ACTION: REMOVE_TEACHING_PERIOD Should remove a teaching period at the given index",
                "timedOut": false,
                "duration": 1,
                "state": "passed",
                "speed": "fast",
                "pass": true,
                "fail": false,
                "pending": false,
                "code": "var stateBefore = {\n    teachingPeriods: [{ year: 2017, code: \"S2-01\", units: [null, null, null, null] }, { year: 2018, code: \"S2-01\", units: [null, null, null, null] }, { year: 2019, code: \"S2-01\", units: [null, null, null, null] }],\n    numberOfUnits: 4\n};\nvar action = {\n    type: \"REMOVE_TEACHING_PERIOD\",\n    index: 1\n};\nvar stateAfter = {\n    teachingPeriods: [{ year: 2017, code: \"S2-01\", units: [null, null, null, null] }, { year: 2019, code: \"S2-01\", units: [null, null, null, null] }],\n    numberOfUnits: 4\n};\ntest(stateBefore, action, stateAfter);",
                "err": {},
                "isRoot": false,
                "uuid": "d02d39a0-d198-4e0c-bd83-420d4b96cc51",
                "parentUUID": "ff1c9f7f-f35a-472b-a77c-92250539870c",
                "skipped": false
              },
              {
                "title": "Should remove a teaching period at the start of the array",
                "fullTitle": "REDUCER: CourseStructure ACTION: REMOVE_TEACHING_PERIOD Should remove a teaching period at the start of the array",
                "timedOut": false,
                "duration": 1,
                "state": "passed",
                "speed": "fast",
                "pass": true,
                "fail": false,
                "pending": false,
                "code": "var stateBefore = {\n    teachingPeriods: [{ year: 2017, code: \"S2-01\", units: [null, null, null, null] }, { year: 2018, code: \"S2-01\", units: [null, null, null, null] }, { year: 2019, code: \"S2-01\", units: [null, null, null, null] }],\n    numberOfUnits: 4\n};\nvar action = {\n    type: \"REMOVE_TEACHING_PERIOD\",\n    index: 0\n};\nvar stateAfter = {\n    teachingPeriods: [{ year: 2018, code: \"S2-01\", units: [null, null, null, null] }, { year: 2019, code: \"S2-01\", units: [null, null, null, null] }],\n    numberOfUnits: 4\n};\ntest(stateBefore, action, stateAfter);",
                "err": {},
                "isRoot": false,
                "uuid": "2dbb7276-98e8-40a5-851c-270534d9b699",
                "parentUUID": "ff1c9f7f-f35a-472b-a77c-92250539870c",
                "skipped": false
              }
            ],
            "pending": [],
            "root": false,
            "_timeout": 2000,
            "file": "/test/reducers/CourseStructure.spec.js",
            "uuid": "ff1c9f7f-f35a-472b-a77c-92250539870c",
            "fullFile": "/home/staff01/Documents/monPlanR/test/reducers/CourseStructure.spec.js",
            "passes": [
              {
                "title": "Should remove a teaching period at the given index",
                "fullTitle": "REDUCER: CourseStructure ACTION: REMOVE_TEACHING_PERIOD Should remove a teaching period at the given index",
                "timedOut": false,
                "duration": 1,
                "state": "passed",
                "speed": "fast",
                "pass": true,
                "fail": false,
                "pending": false,
                "code": "var stateBefore = {\n    teachingPeriods: [{ year: 2017, code: \"S2-01\", units: [null, null, null, null] }, { year: 2018, code: \"S2-01\", units: [null, null, null, null] }, { year: 2019, code: \"S2-01\", units: [null, null, null, null] }],\n    numberOfUnits: 4\n};\nvar action = {\n    type: \"REMOVE_TEACHING_PERIOD\",\n    index: 1\n};\nvar stateAfter = {\n    teachingPeriods: [{ year: 2017, code: \"S2-01\", units: [null, null, null, null] }, { year: 2019, code: \"S2-01\", units: [null, null, null, null] }],\n    numberOfUnits: 4\n};\ntest(stateBefore, action, stateAfter);",
                "err": {},
                "isRoot": false,
                "uuid": "d02d39a0-d198-4e0c-bd83-420d4b96cc51",
                "parentUUID": "ff1c9f7f-f35a-472b-a77c-92250539870c",
                "skipped": false
              },
              {
                "title": "Should remove a teaching period at the start of the array",
                "fullTitle": "REDUCER: CourseStructure ACTION: REMOVE_TEACHING_PERIOD Should remove a teaching period at the start of the array",
                "timedOut": false,
                "duration": 1,
                "state": "passed",
                "speed": "fast",
                "pass": true,
                "fail": false,
                "pending": false,
                "code": "var stateBefore = {\n    teachingPeriods: [{ year: 2017, code: \"S2-01\", units: [null, null, null, null] }, { year: 2018, code: \"S2-01\", units: [null, null, null, null] }, { year: 2019, code: \"S2-01\", units: [null, null, null, null] }],\n    numberOfUnits: 4\n};\nvar action = {\n    type: \"REMOVE_TEACHING_PERIOD\",\n    index: 0\n};\nvar stateAfter = {\n    teachingPeriods: [{ year: 2018, code: \"S2-01\", units: [null, null, null, null] }, { year: 2019, code: \"S2-01\", units: [null, null, null, null] }],\n    numberOfUnits: 4\n};\ntest(stateBefore, action, stateAfter);",
                "err": {},
                "isRoot": false,
                "uuid": "2dbb7276-98e8-40a5-851c-270534d9b699",
                "parentUUID": "ff1c9f7f-f35a-472b-a77c-92250539870c",
                "skipped": false
              }
            ],
            "failures": [],
            "skipped": [],
            "hasTests": true,
            "hasSuites": false,
            "totalTests": 2,
            "totalPasses": 2,
            "totalFailures": 0,
            "totalPending": 0,
            "totalSkipped": 0,
            "hasPasses": true,
            "hasFailures": false,
            "hasPending": false,
            "hasSkipped": false,
            "duration": 2
          },
          {
            "title": "ACTION: APPEND_TEACHING_PERIOD",
            "suites": [],
            "tests": [
              {
                "title": "Should add the given teaching period to the end of the array",
                "fullTitle": "REDUCER: CourseStructure ACTION: APPEND_TEACHING_PERIOD Should add the given teaching period to the end of the array",
                "timedOut": false,
                "duration": 1,
                "state": "passed",
                "speed": "fast",
                "pass": true,
                "fail": false,
                "pending": false,
                "code": "var stateBefore = {\n    teachingPeriods: [{ year: 2018, code: \"S2-01\", units: [null, null, null, null] }, { year: 2019, code: \"S2-01\", units: [null, null, null, null] }],\n    numberOfUnits: 4\n};\nvar action = {\n    type: \"APPEND_TEACHING_PERIOD\",\n    year: 2020,\n    code: \"S2-01\"\n};\nvar stateAfter = {\n    teachingPeriods: [{ year: 2018, code: \"S2-01\", units: [null, null, null, null] }, { year: 2019, code: \"S2-01\", units: [null, null, null, null] }, { year: 2020, code: \"S2-01\", units: [null, null, null, null] }],\n    numberOfUnits: 4\n};\ntest(stateBefore, action, stateAfter);",
                "err": {},
                "isRoot": false,
                "uuid": "b2888cc0-2edd-46bb-8877-8199321023a2",
                "parentUUID": "3b2b3dbf-0c3b-4865-80b1-7bb377bc6907",
                "skipped": false
              }
            ],
            "pending": [],
            "root": false,
            "_timeout": 2000,
            "file": "/test/reducers/CourseStructure.spec.js",
            "uuid": "3b2b3dbf-0c3b-4865-80b1-7bb377bc6907",
            "fullFile": "/home/staff01/Documents/monPlanR/test/reducers/CourseStructure.spec.js",
            "passes": [
              {
                "title": "Should add the given teaching period to the end of the array",
                "fullTitle": "REDUCER: CourseStructure ACTION: APPEND_TEACHING_PERIOD Should add the given teaching period to the end of the array",
                "timedOut": false,
                "duration": 1,
                "state": "passed",
                "speed": "fast",
                "pass": true,
                "fail": false,
                "pending": false,
                "code": "var stateBefore = {\n    teachingPeriods: [{ year: 2018, code: \"S2-01\", units: [null, null, null, null] }, { year: 2019, code: \"S2-01\", units: [null, null, null, null] }],\n    numberOfUnits: 4\n};\nvar action = {\n    type: \"APPEND_TEACHING_PERIOD\",\n    year: 2020,\n    code: \"S2-01\"\n};\nvar stateAfter = {\n    teachingPeriods: [{ year: 2018, code: \"S2-01\", units: [null, null, null, null] }, { year: 2019, code: \"S2-01\", units: [null, null, null, null] }, { year: 2020, code: \"S2-01\", units: [null, null, null, null] }],\n    numberOfUnits: 4\n};\ntest(stateBefore, action, stateAfter);",
                "err": {},
                "isRoot": false,
                "uuid": "b2888cc0-2edd-46bb-8877-8199321023a2",
                "parentUUID": "3b2b3dbf-0c3b-4865-80b1-7bb377bc6907",
                "skipped": false
              }
            ],
            "failures": [],
            "skipped": [],
            "hasTests": true,
            "hasSuites": false,
            "totalTests": 1,
            "totalPasses": 1,
            "totalFailures": 0,
            "totalPending": 0,
            "totalSkipped": 0,
            "hasPasses": true,
            "hasFailures": false,
            "hasPending": false,
            "hasSkipped": false,
            "duration": 1
          },
          {
            "title": "ACTION: INCREASE_STUDY_LOAD",
            "suites": [],
            "tests": [
              {
                "title": "Should increase the study load if the study load is less than 4",
                "fullTitle": "REDUCER: CourseStructure ACTION: INCREASE_STUDY_LOAD Should increase the study load if the study load is less than 4",
                "timedOut": false,
                "duration": 8,
                "state": "passed",
                "speed": "fast",
                "pass": true,
                "fail": false,
                "pending": false,
                "code": "var stateBefore = {\n    teachingPeriods: [{ year: 2018, code: \"S2-01\", units: [null, null, null, null] }],\n    numberOfUnits: 4\n};\nvar action = {\n    type: \"INCREASE_STUDY_LOAD\"\n};\nvar stateAfter = {\n    teachingPeriods: [{ year: 2018, code: \"S2-01\", units: [null, null, null, null, null] }],\n    numberOfUnits: 5\n};\ntest(stateBefore, action, stateAfter);",
                "err": {},
                "isRoot": false,
                "uuid": "1a598502-dee3-410d-8017-8e7a9fd43467",
                "parentUUID": "6d9f2493-5533-4c53-9e52-94295e04ea2c",
                "skipped": false
              },
              {
                "title": "Should not increase the study load if the study load is 6 or greater",
                "fullTitle": "REDUCER: CourseStructure ACTION: INCREASE_STUDY_LOAD Should not increase the study load if the study load is 6 or greater",
                "timedOut": false,
                "duration": 0,
                "state": "passed",
                "speed": "fast",
                "pass": true,
                "fail": false,
                "pending": false,
                "code": "var stateBefore = {\n    teachingPeriods: [{ year: 2018, code: \"S2-01\", units: [null, null, null, null, null, null] }],\n    numberOfUnits: 6\n};\nvar action = {\n    type: \"INCREASE_STUDY_LOAD\"\n};\nvar stateAfter = {\n    teachingPeriods: [{ year: 2018, code: \"S2-01\", units: [null, null, null, null, null, null] }],\n    numberOfUnits: 6\n};\ntest(stateBefore, action, stateAfter);",
                "err": {},
                "isRoot": false,
                "uuid": "e8c76749-e44b-47f7-9e8b-a71c69ea070b",
                "parentUUID": "6d9f2493-5533-4c53-9e52-94295e04ea2c",
                "skipped": false
              }
            ],
            "pending": [],
            "root": false,
            "_timeout": 2000,
            "file": "/test/reducers/CourseStructure.spec.js",
            "uuid": "6d9f2493-5533-4c53-9e52-94295e04ea2c",
            "fullFile": "/home/staff01/Documents/monPlanR/test/reducers/CourseStructure.spec.js",
            "passes": [
              {
                "title": "Should increase the study load if the study load is less than 4",
                "fullTitle": "REDUCER: CourseStructure ACTION: INCREASE_STUDY_LOAD Should increase the study load if the study load is less than 4",
                "timedOut": false,
                "duration": 8,
                "state": "passed",
                "speed": "fast",
                "pass": true,
                "fail": false,
                "pending": false,
                "code": "var stateBefore = {\n    teachingPeriods: [{ year: 2018, code: \"S2-01\", units: [null, null, null, null] }],\n    numberOfUnits: 4\n};\nvar action = {\n    type: \"INCREASE_STUDY_LOAD\"\n};\nvar stateAfter = {\n    teachingPeriods: [{ year: 2018, code: \"S2-01\", units: [null, null, null, null, null] }],\n    numberOfUnits: 5\n};\ntest(stateBefore, action, stateAfter);",
                "err": {},
                "isRoot": false,
                "uuid": "1a598502-dee3-410d-8017-8e7a9fd43467",
                "parentUUID": "6d9f2493-5533-4c53-9e52-94295e04ea2c",
                "skipped": false
              },
              {
                "title": "Should not increase the study load if the study load is 6 or greater",
                "fullTitle": "REDUCER: CourseStructure ACTION: INCREASE_STUDY_LOAD Should not increase the study load if the study load is 6 or greater",
                "timedOut": false,
                "duration": 0,
                "state": "passed",
                "speed": "fast",
                "pass": true,
                "fail": false,
                "pending": false,
                "code": "var stateBefore = {\n    teachingPeriods: [{ year: 2018, code: \"S2-01\", units: [null, null, null, null, null, null] }],\n    numberOfUnits: 6\n};\nvar action = {\n    type: \"INCREASE_STUDY_LOAD\"\n};\nvar stateAfter = {\n    teachingPeriods: [{ year: 2018, code: \"S2-01\", units: [null, null, null, null, null, null] }],\n    numberOfUnits: 6\n};\ntest(stateBefore, action, stateAfter);",
                "err": {},
                "isRoot": false,
                "uuid": "e8c76749-e44b-47f7-9e8b-a71c69ea070b",
                "parentUUID": "6d9f2493-5533-4c53-9e52-94295e04ea2c",
                "skipped": false
              }
            ],
            "failures": [],
            "skipped": [],
            "hasTests": true,
            "hasSuites": false,
            "totalTests": 2,
            "totalPasses": 2,
            "totalFailures": 0,
            "totalPending": 0,
            "totalSkipped": 0,
            "hasPasses": true,
            "hasFailures": false,
            "hasPending": false,
            "hasSkipped": false,
            "duration": 8
          },
          {
            "title": "ACTION: DECREASE_STUDY_LOAD",
            "suites": [],
            "tests": [
              {
                "title": "Should decrease the study load if the study load is greater than 4",
                "fullTitle": "REDUCER: CourseStructure ACTION: DECREASE_STUDY_LOAD Should decrease the study load if the study load is greater than 4",
                "timedOut": false,
                "duration": 1,
                "state": "passed",
                "speed": "fast",
                "pass": true,
                "fail": false,
                "pending": false,
                "code": "var stateBefore = {\n    teachingPeriods: [{ year: 2018, code: \"S2-01\", units: [null, null, null, null, null] }],\n    numberOfUnits: 5\n};\nvar action = {\n    type: \"DECREASE_STUDY_LOAD\"\n};\nvar stateAfter = {\n    teachingPeriods: [{ year: 2018, code: \"S2-01\", units: [null, null, null, null] }],\n    numberOfUnits: 4\n};\ntest(stateBefore, action, stateAfter);",
                "err": {},
                "isRoot": false,
                "uuid": "5ef5d8f9-a37c-4f83-9118-c0e61e33ef80",
                "parentUUID": "9fcafb54-8e62-4f9a-a655-83fd5ed8be70",
                "skipped": false
              },
              {
                "title": "Should not decrease the study load if the study load is 4 or less",
                "fullTitle": "REDUCER: CourseStructure ACTION: DECREASE_STUDY_LOAD Should not decrease the study load if the study load is 4 or less",
                "timedOut": false,
                "duration": 0,
                "state": "passed",
                "speed": "fast",
                "pass": true,
                "fail": false,
                "pending": false,
                "code": "var stateBefore = {\n    teachingPeriods: [{ year: 2018, code: \"S2-01\", units: [null, null, null, null] }],\n    numberOfUnits: 4\n};\nvar action = {\n    type: \"DECREASE_STUDY_LOAD\"\n};\nvar stateAfter = {\n    teachingPeriods: [{ year: 2018, code: \"S2-01\", units: [null, null, null, null] }],\n    numberOfUnits: 4\n};\ntest(stateBefore, action, stateAfter);",
                "err": {},
                "isRoot": false,
                "uuid": "de051bc6-9971-4530-b932-e47808e56662",
                "parentUUID": "9fcafb54-8e62-4f9a-a655-83fd5ed8be70",
                "skipped": false
              }
            ],
            "pending": [],
            "root": false,
            "_timeout": 2000,
            "file": "/test/reducers/CourseStructure.spec.js",
            "uuid": "9fcafb54-8e62-4f9a-a655-83fd5ed8be70",
            "fullFile": "/home/staff01/Documents/monPlanR/test/reducers/CourseStructure.spec.js",
            "passes": [
              {
                "title": "Should decrease the study load if the study load is greater than 4",
                "fullTitle": "REDUCER: CourseStructure ACTION: DECREASE_STUDY_LOAD Should decrease the study load if the study load is greater than 4",
                "timedOut": false,
                "duration": 1,
                "state": "passed",
                "speed": "fast",
                "pass": true,
                "fail": false,
                "pending": false,
                "code": "var stateBefore = {\n    teachingPeriods: [{ year: 2018, code: \"S2-01\", units: [null, null, null, null, null] }],\n    numberOfUnits: 5\n};\nvar action = {\n    type: \"DECREASE_STUDY_LOAD\"\n};\nvar stateAfter = {\n    teachingPeriods: [{ year: 2018, code: \"S2-01\", units: [null, null, null, null] }],\n    numberOfUnits: 4\n};\ntest(stateBefore, action, stateAfter);",
                "err": {},
                "isRoot": false,
                "uuid": "5ef5d8f9-a37c-4f83-9118-c0e61e33ef80",
                "parentUUID": "9fcafb54-8e62-4f9a-a655-83fd5ed8be70",
                "skipped": false
              },
              {
                "title": "Should not decrease the study load if the study load is 4 or less",
                "fullTitle": "REDUCER: CourseStructure ACTION: DECREASE_STUDY_LOAD Should not decrease the study load if the study load is 4 or less",
                "timedOut": false,
                "duration": 0,
                "state": "passed",
                "speed": "fast",
                "pass": true,
                "fail": false,
                "pending": false,
                "code": "var stateBefore = {\n    teachingPeriods: [{ year: 2018, code: \"S2-01\", units: [null, null, null, null] }],\n    numberOfUnits: 4\n};\nvar action = {\n    type: \"DECREASE_STUDY_LOAD\"\n};\nvar stateAfter = {\n    teachingPeriods: [{ year: 2018, code: \"S2-01\", units: [null, null, null, null] }],\n    numberOfUnits: 4\n};\ntest(stateBefore, action, stateAfter);",
                "err": {},
                "isRoot": false,
                "uuid": "de051bc6-9971-4530-b932-e47808e56662",
                "parentUUID": "9fcafb54-8e62-4f9a-a655-83fd5ed8be70",
                "skipped": false
              }
            ],
            "failures": [],
            "skipped": [],
            "hasTests": true,
            "hasSuites": false,
            "totalTests": 2,
            "totalPasses": 2,
            "totalFailures": 0,
            "totalPending": 0,
            "totalSkipped": 0,
            "hasPasses": true,
            "hasFailures": false,
            "hasPending": false,
            "hasSkipped": false,
            "duration": 1
          },
          {
            "title": "ACTION: CLEAR_COURSE",
            "suites": [],
            "tests": [
              {
                "title": "Should remove all teaching periods and set the amount of units to 4",
                "fullTitle": "REDUCER: CourseStructure ACTION: CLEAR_COURSE Should remove all teaching periods and set the amount of units to 4",
                "timedOut": false,
                "duration": 1,
                "state": "passed",
                "speed": "fast",
                "pass": true,
                "fail": false,
                "pending": false,
                "code": "var stateBefore = {\n    teachingPeriods: [{ year: 2018, code: \"S2-01\", units: [null, null, null, null, null] }],\n    numberOfUnits: 5\n};\nvar action = {\n    type: \"CLEAR_COURSE\"\n};\nvar stateAfter = {\n    teachingPeriods: [],\n    numberOfUnits: 4\n};\ntest(stateBefore, action, stateAfter);",
                "err": {},
                "isRoot": false,
                "uuid": "5c43a934-e39b-45e6-a361-6da4a16dcf16",
                "parentUUID": "88a2f70c-9817-4412-801a-7dc01c19a809",
                "skipped": false
              }
            ],
            "pending": [],
            "root": false,
            "_timeout": 2000,
            "file": "/test/reducers/CourseStructure.spec.js",
            "uuid": "88a2f70c-9817-4412-801a-7dc01c19a809",
            "fullFile": "/home/staff01/Documents/monPlanR/test/reducers/CourseStructure.spec.js",
            "passes": [
              {
                "title": "Should remove all teaching periods and set the amount of units to 4",
                "fullTitle": "REDUCER: CourseStructure ACTION: CLEAR_COURSE Should remove all teaching periods and set the amount of units to 4",
                "timedOut": false,
                "duration": 1,
                "state": "passed",
                "speed": "fast",
                "pass": true,
                "fail": false,
                "pending": false,
                "code": "var stateBefore = {\n    teachingPeriods: [{ year: 2018, code: \"S2-01\", units: [null, null, null, null, null] }],\n    numberOfUnits: 5\n};\nvar action = {\n    type: \"CLEAR_COURSE\"\n};\nvar stateAfter = {\n    teachingPeriods: [],\n    numberOfUnits: 4\n};\ntest(stateBefore, action, stateAfter);",
                "err": {},
                "isRoot": false,
                "uuid": "5c43a934-e39b-45e6-a361-6da4a16dcf16",
                "parentUUID": "88a2f70c-9817-4412-801a-7dc01c19a809",
                "skipped": false
              }
            ],
            "failures": [],
            "skipped": [],
            "hasTests": true,
            "hasSuites": false,
            "totalTests": 1,
            "totalPasses": 1,
            "totalFailures": 0,
            "totalPending": 0,
            "totalSkipped": 0,
            "hasPasses": true,
            "hasFailures": false,
            "hasPending": false,
            "hasSkipped": false,
            "duration": 1
          },
          {
            "title": "ACTION: ADD_UNIT",
            "suites": [],
            "tests": [
              {
                "title": "Should add a unit correctly to the start of an array",
                "fullTitle": "REDUCER: CourseStructure ACTION: ADD_UNIT Should add a unit correctly to the start of an array",
                "timedOut": false,
                "duration": 3,
                "state": "passed",
                "speed": "fast",
                "pass": true,
                "fail": false,
                "pending": false,
[...]
      "timedOut": false,
      "duration": 0,
      "state": "passed",
      "speed": "fast",
      "pass": true,
      "fail": false,
      "pending": false,
      "code": "var stateBefore = {\n    notificationsList: [{\n        id: \"TEST_NOTIFICATION\",\n        title: \"This is a test\",\n        message: \"Some message goes over here\",\n        level: \"info\",\n        dismissable: undefined,\n        autoDismiss: undefined\n    }, {\n        id: \"GENERIC_ERROR\",\n        title: \"Error\",\n        message: \"Something went wrong. Please try again later.\",\n        level: \"error\",\n        dismissable: true,\n        autoDismiss: undefined\n    }, {\n        id: \"CONNECTION_LOST\",\n        title: \"Lost connection\",\n        message: \"Please check your connection. This notification will go away once you go online.\",\n        level: \"warning\",\n        dismissable: false,\n        autoDismiss: undefined\n    }]\n};\nvar action = {\n    type: \"REMOVE_NOTIFICATION\",\n    id: \"CONNECTION_LOST\"\n};\nvar stateAfter = {\n    notificationsList: [{\n        id: \"TEST_NOTIFICATION\",\n        title: \"This is a test\",\n        message: \"Some message goes over here\",\n        level: \"info\",\n        dismissable: undefined,\n        autoDismiss: undefined\n    }, {\n        id: \"GENERIC_ERROR\",\n        title: \"Error\",\n        message: \"Something went wrong. Please try again later.\",\n        level: \"error\",\n        dismissable: true,\n        autoDismiss: undefined\n    }]\n};\n(0, _deepFreeze2.default)(stateBefore);\n(0, _deepFreeze2.default)(action);\n(0, _expect2.default)((0, _Notifications2.default)(stateBefore, action)).toEqual(stateAfter);",
      "err": {},
      "isRoot": false,
      "uuid": "610a1625-9a7e-4a19-a1f6-fbfd21e40e4a",
      "parentUUID": "bfab4474-8860-4453-aab0-71e9f2eeb7e0",
      "skipped": false
    },
    {
      "title": "Should correctly toggle the insert teaching period UI boolean",
      "fullTitle": "ACTION: SHOW_INSERT_TEACHING_PERIOD_UI Should correctly toggle the insert teaching period UI boolean",
      "timedOut": false,
      "duration": 0,
      "state": "passed",
      "speed": "fast",
      "pass": true,
      "fail": false,
      "pending": false,
      "code": "var stateBefore = {\n    showingInsertTeachingPeriodUI: false,\n    showMovingUnitUI: false,\n    showAddingUnitUI: false\n};\nvar action = {\n    type: \"SHOW_INSERT_TEACHING_PERIOD_UI\"\n};\nvar stateAfter = {\n    showingInsertTeachingPeriodUI: true,\n    showMovingUnitUI: false,\n    showAddingUnitUI: false\n};\n(0, _deepFreeze2.default)(stateBefore);\n(0, _deepFreeze2.default)(action);\n(0, _expect2.default)((0, _UI2.default)(stateBefore, action)).toEqual(stateAfter);",
      "err": {},
      "isRoot": false,
      "uuid": "643c687c-e082-4387-acc5-40022b7c650d",
      "parentUUID": "2a9b8b0a-cfe4-4682-91c1-0818a1366283",
      "skipped": false
    },
    {
      "title": "Should correctly toggle the insert teaching period UI boolean",
      "fullTitle": "ACTION: HIDE_INSERT_TEACHING_PERIOD_UI Should correctly toggle the insert teaching period UI boolean",
      "timedOut": false,
      "duration": 0,
      "state": "passed",
      "speed": "fast",
      "pass": true,
      "fail": false,
      "pending": false,
      "code": "var stateBefore = {\n    showingInsertTeachingPeriodUI: true,\n    showMovingUnitUI: false,\n    showAddingUnitUI: false\n};\nvar action = {\n    type: \"HIDE_INSERT_TEACHING_PERIOD_UI\"\n};\nvar stateAfter = {\n    showingInsertTeachingPeriodUI: false,\n    showMovingUnitUI: false,\n    showAddingUnitUI: false\n};\n(0, _deepFreeze2.default)(stateBefore);\n(0, _deepFreeze2.default)(action);\n(0, _expect2.default)((0, _UI2.default)(stateBefore, action)).toEqual(stateAfter);",
      "err": {},
      "isRoot": false,
      "uuid": "5b3bef06-195d-4167-89a8-f90dd656d3e5",
      "parentUUID": "35456ca6-1cf8-4a7f-90f1-71d09b56dc11",
      "skipped": false
    },
    {
      "title": "Should correctly toggle the add unit UI boolean",
      "fullTitle": "ACTION: SHOW_ADD_UNIT_UI Should correctly toggle the add unit UI boolean",
      "timedOut": false,
      "duration": 0,
      "state": "passed",
      "speed": "fast",
      "pass": true,
      "fail": false,
      "pending": false,
      "code": "var stateBefore = {\n    showingInsertTeachingPeriodUI: false,\n    showMovingUnitUI: false,\n    showAddingUnitUI: false\n};\nvar action = {\n    type: \"SHOW_ADD_UNIT_UI\"\n};\nvar stateAfter = {\n    showingInsertTeachingPeriodUI: false,\n    showMovingUnitUI: false,\n    showAddingUnitUI: true\n};\n(0, _deepFreeze2.default)(stateBefore);\n(0, _deepFreeze2.default)(action);\n(0, _expect2.default)((0, _UI2.default)(stateBefore, action)).toEqual(stateAfter);",
      "err": {},
      "isRoot": false,
      "uuid": "eaced937-960d-4628-9ed0-b0aad3e240ac",
      "parentUUID": "6f1ccae3-060d-4606-ba2a-0333e9f64117",
      "skipped": false
    },
    {
      "title": "Should correctly toggle the add unit UI boolean",
      "fullTitle": "ACTION: HIDE_ADD_UNIT_UI Should correctly toggle the add unit UI boolean",
      "timedOut": false,
      "duration": 1,
      "state": "passed",
      "speed": "fast",
      "pass": true,
      "fail": false,
      "pending": false,
      "code": "var stateBefore = {\n    showingInsertTeachingPeriodUI: false,\n    showMovingUnitUI: false,\n    showAddingUnitUI: true\n};\nvar action = {\n    type: \"HIDE_ADD_UNIT_UI\"\n};\nvar stateAfter = {\n    showingInsertTeachingPeriodUI: false,\n    showMovingUnitUI: false,\n    showAddingUnitUI: false\n};\n(0, _deepFreeze2.default)(stateBefore);\n(0, _deepFreeze2.default)(action);\n(0, _expect2.default)((0, _UI2.default)(stateBefore, action)).toEqual(stateAfter);",
      "err": {},
      "isRoot": false,
      "uuid": "47f87732-3499-4f9d-a45f-ecf1ce9b4168",
      "parentUUID": "d72b358e-1b6d-42fe-9487-be3c244d5d2c",
      "skipped": false
    },
    {
      "title": "Should correctly toggle the move unit UI boolean",
      "fullTitle": "ACTION: SHOW_MOVE_UNIT_UI Should correctly toggle the move unit UI boolean",
      "timedOut": false,
      "duration": 1,
      "state": "passed",
      "speed": "fast",
      "pass": true,
      "fail": false,
      "pending": false,
      "code": "var stateBefore = {\n    showingInsertTeachingPeriodUI: false,\n    showMovingUnitUI: false,\n    showAddingUnitUI: false\n};\nvar action = {\n    type: \"SHOW_MOVE_UNIT_UI\"\n};\nvar stateAfter = {\n    showingInsertTeachingPeriodUI: false,\n    showMovingUnitUI: true,\n    showAddingUnitUI: false\n};\n(0, _deepFreeze2.default)(stateBefore);\n(0, _deepFreeze2.default)(action);\n(0, _expect2.default)((0, _UI2.default)(stateBefore, action)).toEqual(stateAfter);",
      "err": {},
      "isRoot": false,
      "uuid": "1ae48e89-0550-4652-bbca-fe7d2f3da1c5",
      "parentUUID": "470bf354-7258-4e5c-af93-9099c8f23a2d",
      "skipped": false
    },
    {
      "title": "Should correctly toggle the move unit UI boolean",
      "fullTitle": "ACTION: HIDE_MOVE_UNIT_UI Should correctly toggle the move unit UI boolean",
      "timedOut": false,
      "duration": 1,
      "state": "passed",
      "speed": "fast",
      "pass": true,
      "fail": false,
      "pending": false,
      "code": "var stateBefore = {\n    showingInsertTeachingPeriodUI: false,\n    showMovingUnitUI: true,\n    showAddingUnitUI: false\n};\nvar action = {\n    type: \"HIDE_MOVE_UNIT_UI\"\n};\nvar stateAfter = {\n    showingInsertTeachingPeriodUI: false,\n    showMovingUnitUI: false,\n    showAddingUnitUI: false\n};\n(0, _deepFreeze2.default)(stateBefore);\n(0, _deepFreeze2.default)(action);\n(0, _expect2.default)((0, _UI2.default)(stateBefore, action)).toEqual(stateAfter);",
      "err": {},
      "isRoot": false,
      "uuid": "0d1cc699-5c41-4c77-904a-8856561cc216",
      "parentUUID": "8726b564-e693-439c-8f48-96772d137a5e",
      "skipped": false
    },
    {
      "title": "Should set the course to read only correctly",
      "fullTitle": "ACTION: SET_COURSE_READ_ONLY Should set the course to read only correctly",
      "timedOut": false,
      "duration": 0,
      "state": "passed",
      "speed": "fast",
      "pass": true,
      "fail": false,
      "pending": false,
      "code": "var stateBefore = {\n    showingInsertTeachingPeriodUI: false,\n    showMovingUnitUI: false,\n    showAddingUnitUI: false,\n    readOnly: false\n};\nvar action = {\n    type: \"SET_COURSE_READ_ONLY\"\n};\nvar stateAfter = {\n    showingInsertTeachingPeriodUI: false,\n    showMovingUnitUI: false,\n    showAddingUnitUI: false,\n    readOnly: true\n};\n(0, _deepFreeze2.default)(stateBefore);\n(0, _deepFreeze2.default)(action);\n(0, _expect2.default)((0, _UI2.default)(stateBefore, action)).toEqual(stateAfter);",
      "err": {},
      "isRoot": false,
      "uuid": "0b84c78b-08c6-4ee2-94f2-dcbacc910602",
      "parentUUID": "47588582-0e94-47f1-8da9-36791d913446",
      "skipped": false
    },
    {
      "title": "Should set the course to allow edits correctly",
      "fullTitle": "ACTION: SET_COURSE_READ_AND_WRITE Should set the course to allow edits correctly",
      "timedOut": false,
      "duration": 0,
      "state": "passed",
      "speed": "fast",
      "pass": true,
      "fail": false,
      "pending": false,
      "code": "var stateBefore = {\n    showingInsertTeachingPeriodUI: false,\n    showMovingUnitUI: false,\n    showAddingUnitUI: false,\n    readOnly: true\n};\nvar action = {\n    type: \"SET_COURSE_READ_AND_WRITE\"\n};\nvar stateAfter = {\n    showingInsertTeachingPeriodUI: false,\n    showMovingUnitUI: false,\n    showAddingUnitUI: false,\n    readOnly: false\n};\n(0, _deepFreeze2.default)(stateBefore);\n(0, _deepFreeze2.default)(action);\n(0, _expect2.default)((0, _UI2.default)(stateBefore, action)).toEqual(stateAfter);",
      "err": {},
      "isRoot": false,
      "uuid": "66f2c35b-241b-47f7-b280-418cc85a91dd",
      "parentUUID": "fd573c52-6ecf-44e2-9ac6-8e722f767710",
      "skipped": false
    },
    {
      "title": "Should return a non-negative number",
      "fullTitle": "UTILS: CostCalc Should return a non-negative number",
      "timedOut": false,
      "duration": 1,
      "state": "passed",
      "speed": "fast",
      "pass": true,
      "fail": false,
      "pending": false,
      "code": "expect(_CostCalc2.default.calculateCost(0, 0)).to.be.gte(0);\nexpect(_CostCalc2.default.calculateCost(2, 6)).to.be.gte(0);",
      "err": {},
      "isRoot": false,
      "uuid": "f6f093be-a2b2-43c5-bdc7-5ca398143374",
      "parentUUID": "9eeed72d-2b9e-49d6-9ff5-f4a153dbdbb2",
      "skipped": false
    },
    {
      "title": "Should multiply SCA band cost with credit points",
      "fullTitle": "UTILS: CostCalc Should multiply SCA band cost with credit points",
      "timedOut": false,
      "duration": 0,
      "state": "passed",
      "speed": "fast",
      "pass": true,
      "fail": false,
      "pending": false,
      "code": "var scaBand = 3;\nvar creditPoints = 6;\nvar scaBandCost = _CostCalc2.default.calculateCost(scaBand, 1);\nexpect(_CostCalc2.default.calculateCost(scaBand, creditPoints)).to.equal(scaBandCost * creditPoints);",
      "err": {},
      "isRoot": false,
      "uuid": "eab6f02c-454a-45d9-8c09-e205dd8cc484",
      "parentUUID": "9eeed72d-2b9e-49d6-9ff5-f4a153dbdbb2",
      "skipped": false
    },
    {
      "title": "Should default to semester one of start year if teachingPeriods and teachingPeriodData are both empty.",
      "fullTitle": "nextSemester Should default to semester one of start year if teachingPeriods and teachingPeriodData are both empty.",
      "timedOut": false,
      "duration": 1,
      "state": "passed",
      "speed": "fast",
      "pass": true,
      "fail": false,
      "pending": false,
      "code": "expect((0, _NextSemesterString.nextSemester)([], 2011, [])).to.deep.equal({\n    index: 0,\n    year: 2011,\n    code: \"S1-01\",\n    teachingPeriodData: []\n});",
      "err": {},
      "isRoot": false,
      "uuid": "3d40ca0b-6017-440c-852a-d59412027d74",
      "parentUUID": "0126166e-2f4e-4be0-ab55-ac5546919167",
      "skipped": false
    },
    {
      "title": "Should default to semester one of start year if teachingPeriods is empty and teachingPeriodData is populated.",
      "fullTitle": "nextSemester Should default to semester one of start year if teachingPeriods is empty and teachingPeriodData is populated.",
      "timedOut": false,
      "duration": 0,
      "state": "passed",
      "speed": "fast",
      "pass": true,
      "fail": false,
      "pending": false,
      "code": "expect((0, _NextSemesterString.nextSemester)([], 2029, sortedTeachingPeriodData)).to.deep.equal({\n    index: 0,\n    year: 2029,\n    code: \"S1-01\",\n    teachingPeriodData: sortedTeachingPeriodData\n});",
      "err": {},
      "isRoot": false,
      "uuid": "b87de03e-f357-467f-8ee5-42f6b68596f1",
      "parentUUID": "0126166e-2f4e-4be0-ab55-ac5546919167",
      "skipped": false
    },
    {
      "title": "Should return semester two if the last teaching period is in semester one, with the same year",
      "fullTitle": "nextSemester Should return semester two if the last teaching period is in semester one, with the same year",
      "timedOut": false,
      "duration": 0,
      "state": "passed",
      "speed": "fast",
      "pass": true,
      "fail": false,
      "pending": false,
      "code": "expect((0, _NextSemesterString.nextSemester)([{\n    year: 2025,\n    code: \"S1-01\"\n}, {\n    year: 2025,\n    code: \"S2-01\"\n}, {\n    year: 2026,\n    code: \"S1-01\"\n}, {\n    year: 2026,\n    code: \"S2-01\"\n}, {\n    year: 2027,\n    code: \"S1-01\"\n}], 2023, sortedTeachingPeriodData)).to.deep.equal({\n    index: 5,\n    year: 2027,\n    code: \"S2-01\",\n    teachingPeriodData: sortedTeachingPeriodData\n});",
      "err": {},
      "isRoot": false,
      "uuid": "668fd503-f219-43d4-8ad9-97b3f4b364bd",
      "parentUUID": "0126166e-2f4e-4be0-ab55-ac5546919167",
      "skipped": false
    },
    {
      "title": "Should return semester one next year if the last teaching period is in semester two",
      "fullTitle": "nextSemester Should return semester one next year if the last teaching period is in semester two",
      "timedOut": false,
      "duration": 0,
      "state": "passed",
      "speed": "fast",
      "pass": true,
      "fail": false,
      "pending": false,
      "code": "expect((0, _NextSemesterString.nextSemester)([{\n    year: 2015,\n    code: \"FY-01\"\n}, {\n    year: 2017,\n    code: \"S2-01\"\n}], 2015, sortedTeachingPeriodData)).to.deep.equal({\n    index: 2,\n    year: 2018,\n    code: \"S1-01\",\n    teachingPeriodData: sortedTeachingPeriodData\n});",
      "err": {},
      "isRoot": false,
      "uuid": "de454092-2c5b-4917-9180-d1dae5a6abd3",
      "parentUUID": "0126166e-2f4e-4be0-ab55-ac5546919167",
      "skipped": false
    },
    {
      "title": "Should render a semester string",
      "fullTitle": "getSemesterString Should render a semester string",
      "timedOut": false,
      "duration": 0,
      "state": "passed",
      "speed": "fast",
      "pass": true,
      "fail": false,
      "pending": false,
      "code": "expect((0, _NextSemesterString.getSemesterString)({\n    year: 2019,\n    code: \"S2-01\",\n    teachingPeriodData: sortedTeachingPeriodData\n})).to.equal(\"Semester 2, 2019\");",
      "err": {},
      "isRoot": false,
      "uuid": "fc550193-7960-4a42-b346-ac7aebd08e69",
      "parentUUID": "36d39c3e-d23f-4c68-ac55-f2513f86215f",
      "skipped": false
    },
    {
      "title": "Should revert back to semester codes if teachingPeriodData is not available",
      "fullTitle": "getSemesterString Should revert back to semester codes if teachingPeriodData is not available",
      "timedOut": false,
      "duration": 0,
      "state": "passed",
      "speed": "fast",
      "pass": true,
      "fail": false,
      "pending": false,
      "code": "expect((0, _NextSemesterString.getSemesterString)({\n    year: 2015,\n    code: \"S1-01\"\n})).to.equal(\"S1-01, 2015\");",
      "err": {},
      "isRoot": false,
      "uuid": "b719036f-3840-4b8a-9bee-4103ee9079ba",
      "parentUUID": "36d39c3e-d23f-4c68-ac55-f2513f86215f",
      "skipped": false
    },
    {
      "title": "Should contain the same year as it was specified",
      "fullTitle": "UTILS: YearCalc Should contain the same year as it was specified",
      "timedOut": false,
      "duration": 0,
      "state": "passed",
      "speed": "fast",
      "pass": true,
      "fail": false,
      "pending": false,
      "code": "expect(_YearCalc2.default.getStartYearVals(2016).find(function (year) {\n    return year.value === 2016;\n})).to.be.ok;\nexpect(_YearCalc2.default.getEndYearVals(2017).find(function (year) {\n    return year.value === 2017;\n})).to.be.ok;",
      "err": {},
      "isRoot": false,
      "uuid": "5fc38d05-c180-4a7b-afdb-0a968c8d0945",
      "parentUUID": "067ed0ab-5858-4ced-90fd-a98a32f58f04",
      "skipped": false
    },
    {
      "title": "Should contain a year that is ten years from now",
      "fullTitle": "UTILS: YearCalc Should contain a year that is ten years from now",
      "timedOut": false,
      "duration": 0,
      "state": "passed",
      "speed": "fast",
      "pass": true,
      "fail": false,
      "pending": false,
      "code": "expect(_YearCalc2.default.getStartYearVals(2019).find(function (year) {\n    return year.value === 2029;\n})).to.be.ok;\nexpect(_YearCalc2.default.getStartYearVals(2012).find(function (year) {\n    return year.value === 2002;\n})).to.be.ok;\nexpect(_YearCalc2.default.getEndYearVals(2018).find(function (year) {\n    return year.value === 2028;\n})).to.be.ok;",
      "err": {},
      "isRoot": false,
      "uuid": "59c6d426-4a16-425d-9385-bbbd075c8dca",
      "parentUUID": "067ed0ab-5858-4ced-90fd-a98a32f58f04",
      "skipped": false
    },
    {
      "title": "Should not contain any past year when computing end years",
      "fullTitle": "UTILS: YearCalc Should not contain any past year when computing end years",
      "timedOut": false,
      "duration": 0,
      "state": "passed",
      "speed": "fast",
      "pass": true,
      "fail": false,
      "pending": false,
      "code": "expect(_YearCalc2.default.getEndYearVals(2018).find(function (year) {\n    return year.value === 2017;\n})).to.be.not.ok;\nexpect(_YearCalc2.default.getEndYearVals(2018).find(function (year) {\n    return year.value === 2008;\n})).to.be.not.ok;",
      "err": {},
      "isRoot": false,
      "uuid": "05dcfe88-e345-4973-9e15-7c01dc1b0ef5",
      "parentUUID": "067ed0ab-5858-4ced-90fd-a98a32f58f04",
      "skipped": false
    },
    {
      "title": "Should have starting years go in decreasing order from one year ahead to the minimum",
      "fullTitle": "UTILS: YearCalc Should have starting years go in decreasing order from one year ahead to the minimum",
      "timedOut": false,
      "duration": 0,
      "state": "passed",
      "speed": "fast",
      "pass": true,
      "fail": false,
      "pending": false,
      "code": "expect(_YearCalc2.default.getStartYearVals(2019).slice(0, 12)).to.deep.equal([{\n    text: \"2020\",\n    value: 2020\n}, {\n    text: \"2019\",\n    value: 2019\n}, {\n    text: \"2018\",\n    value: 2018\n}, {\n    text: \"2017\",\n    value: 2017\n}, {\n    text: \"2016\",\n    value: 2016\n}, {\n    text: \"2015\",\n    value: 2015\n}, {\n    text: \"2014\",\n    value: 2014\n}, {\n    text: \"2013\",\n    value: 2013\n}, {\n    text: \"2012\",\n    value: 2012\n}, {\n    text: \"2011\",\n    value: 2011\n}, {\n    text: \"2010\",\n    value: 2010\n}, {\n    text: \"2009\",\n    value: 2009\n}]);",
      "err": {},
      "isRoot": false,
      "uuid": "785213b7-68ef-4388-b454-75a060879d7a",
      "parentUUID": "067ed0ab-5858-4ced-90fd-a98a32f58f04",
      "skipped": false
    }
  ],
  "allFailures": [],
  "copyrightYear": 2017
}