{
  "stats": {
    "suites": 53,
    "tests": 69,
    "passes": 69,
    "pending": 0,
    "failures": 0,
    "start": "2017-02-02T23:16:22.475Z",
    "end": "2017-02-02T23:16:23.960Z",
    "duration": 1485,
    "testsRegistered": 69,
    "passPercent": 100,
    "pendingPercent": 0,
    "other": 0,
    "hasOther": false,
    "skipped": 0,
    "hasSkipped": false,
    "passPercentClass": "success",
    "pendingPercentClass": "danger"
  },
  "suites": {
    "title": "",
    "suites": [
      {
        "title": "COMPONENT: Notification",
        "suites": [],
        "tests": [
          {
            "title": "Should render a notification title and a message",
            "fullTitle": "COMPONENT: Notification Should render a notification title and a message",
            "timedOut": false,
            "duration": 110,
            "state": "passed",
            "speed": "slow",
            "pass": true,
            "fail": false,
            "pending": false,
            "code": "var wrapper = (0, _enzyme.mount)(_react2.default.createElement(_Notification2.default, {\n    title: \"This is a test\",\n    message: \"Some message goes over here\"\n}));\nexpect(wrapper.find(\".header\").text().trim()).to.equal(\"This is a test\");\nexpect(wrapper.text().replace(\"This is a test\", \"\").trim()).to.equal(\"Some message goes over here\");",
            "err": {},
            "isRoot": false,
            "uuid": "3d1fd484-de36-47a9-84c8-9541582c48e1",
            "parentUUID": "28b8ffac-befa-4d3a-a178-d385502a41bd",
            "skipped": false
          },
          {
            "title": "Should have a default level to be info if it is not specified",
            "fullTitle": "COMPONENT: Notification Should have a default level to be info if it is not specified",
            "timedOut": false,
            "duration": 38,
            "state": "passed",
            "speed": "medium",
            "pass": true,
            "fail": false,
            "pending": false,
            "code": "expect((0, _enzyme.mount)(_react2.default.createElement(_Notification2.default, null)).find(\".info.message\")).to.have.length(1);",
            "err": {},
            "isRoot": false,
            "uuid": "62dc6373-6bd0-4142-a364-fdfe38847127",
            "parentUUID": "28b8ffac-befa-4d3a-a178-d385502a41bd",
            "skipped": false
          },
          {
            "title": "Should follow a specified level",
            "fullTitle": "COMPONENT: Notification Should follow a specified level",
            "timedOut": false,
            "duration": 87,
            "state": "passed",
            "speed": "slow",
            "pass": true,
            "fail": false,
            "pending": false,
            "code": "expect((0, _enzyme.mount)(_react2.default.createElement(_Notification2.default, { level: \"info\" })).find(\".info.message\")).to.have.length(1);\nexpect((0, _enzyme.mount)(_react2.default.createElement(_Notification2.default, { level: \"warning\" })).find(\".warning.message\")).to.have.length(1);\nexpect((0, _enzyme.mount)(_react2.default.createElement(_Notification2.default, { level: \"error\" })).find(\".negative.message\")).to.have.length(1);\nexpect((0, _enzyme.mount)(_react2.default.createElement(_Notification2.default, { level: \"success\" })).find(\".positive.message\")).to.have.length(1);",
            "err": {},
            "isRoot": false,
            "uuid": "86dfb0ba-bd91-4df6-a019-55d89c32e181",
            "parentUUID": "28b8ffac-befa-4d3a-a178-d385502a41bd",
            "skipped": false
          }
        ],
        "pending": [],
        "root": false,
        "_timeout": 2000,
        "file": "/test/components/Notifications/Notification.spec.jsx",
        "uuid": "28b8ffac-befa-4d3a-a178-d385502a41bd",
        "fullFile": "/home/staff01/Documents/monPlanR/test/components/Notifications/Notification.spec.jsx",
        "passes": [
          {
            "title": "Should render a notification title and a message",
            "fullTitle": "COMPONENT: Notification Should render a notification title and a message",
            "timedOut": false,
            "duration": 110,
            "state": "passed",
            "speed": "slow",
            "pass": true,
            "fail": false,
            "pending": false,
            "code": "var wrapper = (0, _enzyme.mount)(_react2.default.createElement(_Notification2.default, {\n    title: \"This is a test\",\n    message: \"Some message goes over here\"\n}));\nexpect(wrapper.find(\".header\").text().trim()).to.equal(\"This is a test\");\nexpect(wrapper.text().replace(\"This is a test\", \"\").trim()).to.equal(\"Some message goes over here\");",
            "err": {},
            "isRoot": false,
            "uuid": "3d1fd484-de36-47a9-84c8-9541582c48e1",
            "parentUUID": "28b8ffac-befa-4d3a-a178-d385502a41bd",
            "skipped": false
          },
          {
            "title": "Should have a default level to be info if it is not specified",
            "fullTitle": "COMPONENT: Notification Should have a default level to be info if it is not specified",
            "timedOut": false,
            "duration": 38,
            "state": "passed",
            "speed": "medium",
            "pass": true,
            "fail": false,
            "pending": false,
            "code": "expect((0, _enzyme.mount)(_react2.default.createElement(_Notification2.default, null)).find(\".info.message\")).to.have.length(1);",
            "err": {},
            "isRoot": false,
            "uuid": "62dc6373-6bd0-4142-a364-fdfe38847127",
            "parentUUID": "28b8ffac-befa-4d3a-a178-d385502a41bd",
            "skipped": false
          },
          {
            "title": "Should follow a specified level",
            "fullTitle": "COMPONENT: Notification Should follow a specified level",
            "timedOut": false,
            "duration": 87,
            "state": "passed",
            "speed": "slow",
            "pass": true,
            "fail": false,
            "pending": false,
            "code": "expect((0, _enzyme.mount)(_react2.default.createElement(_Notification2.default, { level: \"info\" })).find(\".info.message\")).to.have.length(1);\nexpect((0, _enzyme.mount)(_react2.default.createElement(_Notification2.default, { level: \"warning\" })).find(\".warning.message\")).to.have.length(1);\nexpect((0, _enzyme.mount)(_react2.default.createElement(_Notification2.default, { level: \"error\" })).find(\".negative.message\")).to.have.length(1);\nexpect((0, _enzyme.mount)(_react2.default.createElement(_Notification2.default, { level: \"success\" })).find(\".positive.message\")).to.have.length(1);",
            "err": {},
            "isRoot": false,
            "uuid": "86dfb0ba-bd91-4df6-a019-55d89c32e181",
            "parentUUID": "28b8ffac-befa-4d3a-a178-d385502a41bd",
            "skipped": false
          }
        ],
        "failures": [],
        "skipped": [],
        "hasTests": true,
        "hasSuites": false,
        "totalTests": 3,
        "totalPasses": 3,
        "totalFailures": 0,
        "totalPending": 0,
        "totalSkipped": 0,
        "hasPasses": true,
        "hasFailures": false,
        "hasPending": false,
        "hasSkipped": false,
        "duration": 235
      },
      {
        "title": "COMPONENT: SetuRating",
        "suites": [],
        "tests": [
          {
            "title": "should render two ratings",
            "fullTitle": "COMPONENT: SetuRating should render two ratings",
            "timedOut": false,
            "duration": 105,
            "state": "passed",
            "speed": "slow",
            "pass": true,
            "fail": false,
            "pending": false,
            "code": "expect((0, _enzyme.mount)(_react2.default.createElement(_SetuRating2.default, null)).find(\".rating\")).to.have.length(2);",
            "err": {},
            "isRoot": false,
            "uuid": "09fd5b21-7915-4f71-8316-432969aed43f",
            "parentUUID": "9acddcee-d525-4e26-9023-7a2f3cae811b",
            "skipped": false
          },
          {
            "title": "should render a book if learning ratings is >=2.5",
            "fullTitle": "COMPONENT: SetuRating should render a book if learning ratings is >=2.5",
            "timedOut": false,
            "duration": 152,
            "state": "passed",
            "speed": "slow",
            "pass": true,
            "fail": false,
            "pending": false,
            "code": "expect((0, _enzyme.mount)(_react2.default.createElement(_SetuRating2.default, { starRating: 4.13 })).find(\".book\")).to.have.length(1);\nexpect((0, _enzyme.mount)(_react2.default.createElement(_SetuRating2.default, { starRating: 2.50 })).find(\".book\")).to.have.length(1);",
            "err": {},
            "isRoot": false,
            "uuid": "b719b8af-9dc6-44c5-83f8-384beb5625f5",
            "parentUUID": "9acddcee-d525-4e26-9023-7a2f3cae811b",
            "skipped": false
          },
          {
            "title": "should render a remove circle if learning ratings is <2.5",
            "fullTitle": "COMPONENT: SetuRating should render a remove circle if learning ratings is <2.5",
            "timedOut": false,
            "duration": 122,
            "state": "passed",
            "speed": "slow",
            "pass": true,
            "fail": false,
            "pending": false,
            "code": "expect((0, _enzyme.mount)(_react2.default.createElement(_SetuRating2.default, { starRating: 1.51 })).find(\".remove.circle\")).to.have.length(1);\nexpect((0, _enzyme.mount)(_react2.default.createElement(_SetuRating2.default, { starRating: 2.49 })).find(\".remove.circle\")).to.have.length(1);",
            "err": {},
            "isRoot": false,
            "uuid": "c9a600db-811d-40c7-b92d-3b90a3fea59b",
            "parentUUID": "9acddcee-d525-4e26-9023-7a2f3cae811b",
            "skipped": false
          },
          {
            "title": "should render a thumbs up if enjoyment ratings is >=2.5",
            "fullTitle": "COMPONENT: SetuRating should render a thumbs up if enjoyment ratings is >=2.5",
            "timedOut": false,
            "duration": 133,
            "state": "passed",
            "speed": "slow",
            "pass": true,
            "fail": false,
            "pending": false,
            "code": "expect((0, _enzyme.mount)(_react2.default.createElement(_SetuRating2.default, { heartRating: 4.13 })).find(\".thumbs.up\")).to.have.length(1);\nexpect((0, _enzyme.mount)(_react2.default.createElement(_SetuRating2.default, { heartRating: 2.50 })).find(\".thumbs.up\")).to.have.length(1);",
            "err": {},
            "isRoot": false,
            "uuid": "598f22a9-37ac-44db-9483-a17b34c111a4",
            "parentUUID": "9acddcee-d525-4e26-9023-7a2f3cae811b",
            "skipped": false
          },
          {
            "title": "should render a thumbs down if enjoyment ratings is <2.5",
            "fullTitle": "COMPONENT: SetuRating should render a thumbs down if enjoyment ratings is <2.5",
            "timedOut": false,
            "duration": 120,
            "state": "passed",
            "speed": "slow",
            "pass": true,
            "fail": false,
            "pending": false,
            "code": "expect((0, _enzyme.mount)(_react2.default.createElement(_SetuRating2.default, { heartRating: 1.51 })).find(\".thumbs.down\")).to.have.length(1);\nexpect((0, _enzyme.mount)(_react2.default.createElement(_SetuRating2.default, { heartRating: 2.49 })).find(\".thumbs.down\")).to.have.length(1);",
            "err": {},
            "isRoot": false,
            "uuid": "4dcae162-903d-408b-86b0-1853d450dad6",
            "parentUUID": "9acddcee-d525-4e26-9023-7a2f3cae811b",
            "skipped": false
          }
        ],
        "pending": [],
        "root": false,
        "_timeout": 2000,
        "file": "/test/components/Unit/SetuRating.spec.jsx",
        "uuid": "9acddcee-d525-4e26-9023-7a2f3cae811b",
        "fullFile": "/home/staff01/Documents/monPlanR/test/components/Unit/SetuRating.spec.jsx",
        "passes": [
          {
            "title": "should render two ratings",
            "fullTitle": "COMPONENT: SetuRating should render two ratings",
            "timedOut": false,
            "duration": 105,
            "state": "passed",
            "speed": "slow",
            "pass": true,
            "fail": false,
            "pending": false,
            "code": "expect((0, _enzyme.mount)(_react2.default.createElement(_SetuRating2.default, null)).find(\".rating\")).to.have.length(2);",
            "err": {},
            "isRoot": false,
            "uuid": "09fd5b21-7915-4f71-8316-432969aed43f",
            "parentUUID": "9acddcee-d525-4e26-9023-7a2f3cae811b",
            "skipped": false
          },
          {
            "title": "should render a book if learning ratings is >=2.5",
            "fullTitle": "COMPONENT: SetuRating should render a book if learning ratings is >=2.5",
            "timedOut": false,
            "duration": 152,
            "state": "passed",
            "speed": "slow",
            "pass": true,
            "fail": false,
            "pending": false,
            "code": "expect((0, _enzyme.mount)(_react2.default.createElement(_SetuRating2.default, { starRating: 4.13 })).find(\".book\")).to.have.length(1);\nexpect((0, _enzyme.mount)(_react2.default.createElement(_SetuRating2.default, { starRating: 2.50 })).find(\".book\")).to.have.length(1);",
            "err": {},
            "isRoot": false,
            "uuid": "b719b8af-9dc6-44c5-83f8-384beb5625f5",
            "parentUUID": "9acddcee-d525-4e26-9023-7a2f3cae811b",
            "skipped": false
          },
          {
            "title": "should render a remove circle if learning ratings is <2.5",
            "fullTitle": "COMPONENT: SetuRating should render a remove circle if learning ratings is <2.5",
            "timedOut": false,
            "duration": 122,
            "state": "passed",
            "speed": "slow",
            "pass": true,
            "fail": false,
            "pending": false,
            "code": "expect((0, _enzyme.mount)(_react2.default.createElement(_SetuRating2.default, { starRating: 1.51 })).find(\".remove.circle\")).to.have.length(1);\nexpect((0, _enzyme.mount)(_react2.default.createElement(_SetuRating2.default, { starRating: 2.49 })).find(\".remove.circle\")).to.have.length(1);",
            "err": {},
            "isRoot": false,
            "uuid": "c9a600db-811d-40c7-b92d-3b90a3fea59b",
            "parentUUID": "9acddcee-d525-4e26-9023-7a2f3cae811b",
            "skipped": false
          },
          {
            "title": "should render a thumbs up if enjoyment ratings is >=2.5",
            "fullTitle": "COMPONENT: SetuRating should render a thumbs up if enjoyment ratings is >=2.5",
            "timedOut": false,
            "duration": 133,
            "state": "passed",
            "speed": "slow",
            "pass": true,
            "fail": false,
            "pending": false,
            "code": "expect((0, _enzyme.mount)(_react2.default.createElement(_SetuRating2.default, { heartRating: 4.13 })).find(\".thumbs.up\")).to.have.length(1);\nexpect((0, _enzyme.mount)(_react2.default.createElement(_SetuRating2.default, { heartRating: 2.50 })).find(\".thumbs.up\")).to.have.length(1);",
            "err": {},
            "isRoot": false,
            "uuid": "598f22a9-37ac-44db-9483-a17b34c111a4",
            "parentUUID": "9acddcee-d525-4e26-9023-7a2f3cae811b",
            "skipped": false
          },
          {
            "title": "should render a thumbs down if enjoyment ratings is <2.5",
            "fullTitle": "COMPONENT: SetuRating should render a thumbs down if enjoyment ratings is <2.5",
            "timedOut": false,
            "duration": 120,
            "state": "passed",
            "speed": "slow",
            "pass": true,
            "fail": false,
            "pending": false,
            "code": "expect((0, _enzyme.mount)(_react2.default.createElement(_SetuRating2.default, { heartRating: 1.51 })).find(\".thumbs.down\")).to.have.length(1);\nexpect((0, _enzyme.mount)(_react2.default.createElement(_SetuRating2.default, { heartRating: 2.49 })).find(\".thumbs.down\")).to.have.length(1);",
            "err": {},
            "isRoot": false,
            "uuid": "4dcae162-903d-408b-86b0-1853d450dad6",
            "parentUUID": "9acddcee-d525-4e26-9023-7a2f3cae811b",
            "skipped": false
          }
        ],
        "failures": [],
        "skipped": [],
        "hasTests": true,
        "hasSuites": false,
        "totalTests": 5,
        "totalPasses": 5,
        "totalFailures": 0,
        "totalPending": 0,
        "totalSkipped": 0,
        "hasPasses": true,
        "hasFailures": false,
        "hasPending": false,
        "hasSkipped": false,
        "duration": 632
      },
      {
        "title": "COMPONENT: Unit",
        "suites": [],
        "tests": [
          {
            "title": "should only render a unit code and a unit name",
            "fullTitle": "COMPONENT: Unit should only render a unit code and a unit name",
            "timedOut": false,
            "duration": 103,
            "state": "passed",
            "speed": "slow",
            "pass": true,
            "fail": false,
            "pending": false,
            "code": "var unitCode = \"ABC1234\";\nvar unitName = \"Example unit\";\nvar wrapper = (0, _enzyme.mount)(_react2.default.createElement(_Unit.Unit, {\n    code: unitCode,\n    name: unitName,\n    connectDragSource: identity,\n    connectDropTarget: identity }));\nexpect(wrapper.find(\".header\").text().trim()).to.equal(unitCode);\nexpect(wrapper.find(\".message\").text().replace(unitCode, \"\").trim()).to.equal(unitName);",
            "err": {},
            "isRoot": false,
            "uuid": "897993ec-0b25-428e-9bc7-71499b1802cb",
            "parentUUID": "06ed2790-9321-46f2-99cb-0b7c904cdb09",
            "skipped": false
          },
          {
            "title": "should render a close button only when mouse is over the unit",
            "fullTitle": "COMPONENT: Unit should render a close button only when mouse is over the unit",
            "timedOut": false,
            "duration": 168,
            "state": "passed",
            "speed": "slow",
            "pass": true,
            "fail": false,
            "pending": false,
            "code": "var wrapper = (0, _enzyme.mount)(_react2.default.createElement(_Unit.Unit, {\n    code: \"ABC1234\",\n    name: \"Example unit\",\n    connectDragSource: identity,\n    connectDropTarget: identity }));\nwrapper.simulate(\"mouseout\");\nwrapper.simulate(\"mouseleave\");\nexpect(wrapper.find(\".buttons\")).to.have.length(1);\nexpect(wrapper.find(\".buttons\")).to.have.style(\"visibility\", \"hidden\");\nwrapper.simulate(\"mouseover\");\nwrapper.simulate(\"mouseenter\");\nexpect(wrapper.find(\".buttons\")).to.have.length(1);\nexpect(wrapper.find(\".buttons\")).to.have.style(\"visibility\", \"visible\");\nwrapper.simulate(\"mouseout\");\nwrapper.simulate(\"mouseleave\");\nexpect(wrapper.find(\".buttons\")).to.have.length(1);\nexpect(wrapper.find(\".buttons\")).to.have.style(\"visibility\", \"hidden\");",
            "err": {},
            "isRoot": false,
            "uuid": "29653cd1-f4d0-4616-a0ab-dd1df4e93dc8",
            "parentUUID": "06ed2790-9321-46f2-99cb-0b7c904cdb09",
            "skipped": false
          }
        ],
        "pending": [],
        "root": false,
        "_timeout": 2000,
        "file": "/test/components/Unit/Unit.spec.jsx",
        "uuid": "06ed2790-9321-46f2-99cb-0b7c904cdb09",
        "fullFile": "/home/staff01/Documents/monPlanR/test/components/Unit/Unit.spec.jsx",
        "passes": [
          {
            "title": "should only render a unit code and a unit name",
            "fullTitle": "COMPONENT: Unit should only render a unit code and a unit name",
            "timedOut": false,
            "duration": 103,
            "state": "passed",
            "speed": "slow",
            "pass": true,
            "fail": false,
            "pending": false,
            "code": "var unitCode = \"ABC1234\";\nvar unitName = \"Example unit\";\nvar wrapper = (0, _enzyme.mount)(_react2.default.createElement(_Unit.Unit, {\n    code: unitCode,\n    name: unitName,\n    connectDragSource: identity,\n    connectDropTarget: identity }));\nexpect(wrapper.find(\".header\").text().trim()).to.equal(unitCode);\nexpect(wrapper.find(\".message\").text().replace(unitCode, \"\").trim()).to.equal(unitName);",
            "err": {},
            "isRoot": false,
            "uuid": "897993ec-0b25-428e-9bc7-71499b1802cb",
            "parentUUID": "06ed2790-9321-46f2-99cb-0b7c904cdb09",
            "skipped": false
          },
          {
            "title": "should render a close button only when mouse is over the unit",
            "fullTitle": "COMPONENT: Unit should render a close button only when mouse is over the unit",
            "timedOut": false,
            "duration": 168,
            "state": "passed",
            "speed": "slow",
            "pass": true,
            "fail": false,
            "pending": false,
            "code": "var wrapper = (0, _enzyme.mount)(_react2.default.createElement(_Unit.Unit, {\n    code: \"ABC1234\",\n    name: \"Example unit\",\n    connectDragSource: identity,\n    connectDropTarget: identity }));\nwrapper.simulate(\"mouseout\");\nwrapper.simulate(\"mouseleave\");\nexpect(wrapper.find(\".buttons\")).to.have.length(1);\nexpect(wrapper.find(\".buttons\")).to.have.style(\"visibility\", \"hidden\");\nwrapper.simulate(\"mouseover\");\nwrapper.simulate(\"mouseenter\");\nexpect(wrapper.find(\".buttons\")).to.have.length(1);\nexpect(wrapper.find(\".buttons\")).to.have.style(\"visibility\", \"visible\");\nwrapper.simulate(\"mouseout\");\nwrapper.simulate(\"mouseleave\");\nexpect(wrapper.find(\".buttons\")).to.have.length(1);\nexpect(wrapper.find(\".buttons\")).to.have.style(\"visibility\", \"hidden\");",
            "err": {},
            "isRoot": false,
            "uuid": "29653cd1-f4d0-4616-a0ab-dd1df4e93dc8",
            "parentUUID": "06ed2790-9321-46f2-99cb-0b7c904cdb09",
            "skipped": false
          }
        ],
        "failures": [],
        "skipped": [],
        "hasTests": true,
        "hasSuites": false,
        "totalTests": 2,
        "totalPasses": 2,
        "totalFailures": 0,
        "totalPending": 0,
        "totalSkipped": 0,
        "hasPasses": true,
        "hasFailures": false,
        "hasPending": false,
        "hasSkipped": false,
        "duration": 271
      },
      {
        "title": "REDUCER: Counter",
        "suites": [
          {
            "title": "ACTION: INCREMENT_CREDIT_POINTS",
            "suites": [],
            "tests": [
              {
                "title": "Should increment the credit point state by a given value",
                "fullTitle": "REDUCER: Counter ACTION: INCREMENT_CREDIT_POINTS Should increment the credit point state by a given value",
                "timedOut": false,
                "duration": 6,
                "state": "passed",
                "speed": "fast",
                "pass": true,
                "fail": false,
                "pending": false,
                "code": "var stateBefore = { cost: 2, creditPoints: 0 };\nvar action = {\n    type: \"INCREMENT_CREDIT_POINTS\",\n    value: 1\n};\nvar stateAfter = {\n    cost: 2,\n    creditPoints: 1\n};\n(0, _deepFreeze2.default)(stateBefore);\n(0, _deepFreeze2.default)(action);\n(0, _expect2.default)((0, _Counter2.default)(stateBefore, action)).toEqual(stateAfter);",
                "err": {},
                "isRoot": false,
                "uuid": "ba04f3f1-f4f9-4308-bfc5-ab2d712ea18b",
                "parentUUID": "71fe2838-c2aa-442f-b7ea-0911f5a29b8b",
                "skipped": false
              }
            ],
            "pending": [],
            "root": false,
            "_timeout": 2000,
            "file": "/test/reducers/Counter.spec.js",
            "uuid": "71fe2838-c2aa-442f-b7ea-0911f5a29b8b",
            "fullFile": "/home/staff01/Documents/monPlanR/test/reducers/Counter.spec.js",
            "passes": [
              {
                "title": "Should increment the credit point state by a given value",
                "fullTitle": "REDUCER: Counter ACTION: INCREMENT_CREDIT_POINTS Should increment the credit point state by a given value",
                "timedOut": false,
                "duration": 6,
                "state": "passed",
                "speed": "fast",
                "pass": true,
                "fail": false,
                "pending": false,
                "code": "var stateBefore = { cost: 2, creditPoints: 0 };\nvar action = {\n    type: \"INCREMENT_CREDIT_POINTS\",\n    value: 1\n};\nvar stateAfter = {\n    cost: 2,\n    creditPoints: 1\n};\n(0, _deepFreeze2.default)(stateBefore);\n(0, _deepFreeze2.default)(action);\n(0, _expect2.default)((0, _Counter2.default)(stateBefore, action)).toEqual(stateAfter);",
                "err": {},
                "isRoot": false,
                "uuid": "ba04f3f1-f4f9-4308-bfc5-ab2d712ea18b",
                "parentUUID": "71fe2838-c2aa-442f-b7ea-0911f5a29b8b",
                "skipped": false
              }
            ],
            "failures": [],
            "skipped": [],
            "hasTests": true,
            "hasSuites": false,
            "totalTests": 1,
            "totalPasses": 1,
            "totalFailures": 0,
            "totalPending": 0,
            "totalSkipped": 0,
            "hasPasses": true,
            "hasFailures": false,
            "hasPending": false,
            "hasSkipped": false,
            "duration": 6
          },
          {
            "title": "ACTION: DECREMENT_CREDIT_POINTS",
            "suites": [],
            "tests": [
              {
                "title": "Should decrement the credit point state by a given value",
                "fullTitle": "REDUCER: Counter ACTION: DECREMENT_CREDIT_POINTS Should decrement the credit point state by a given value",
                "timedOut": false,
                "duration": 1,
                "state": "passed",
                "speed": "fast",
                "pass": true,
                "fail": false,
                "pending": false,
                "code": "var stateBefore = { cost: 40, creditPoints: 50 };\nvar action = {\n    type: \"DECREMENT_CREDIT_POINTS\",\n    value: 10\n};\nvar stateAfter = {\n    cost: 40,\n    creditPoints: 40\n};\n(0, _deepFreeze2.default)(stateBefore);\n(0, _deepFreeze2.default)(action);\n(0, _expect2.default)((0, _Counter2.default)(stateBefore, action)).toEqual(stateAfter);",
                "err": {},
                "isRoot": false,
                "uuid": "87fe0d10-e12d-4e7c-bb58-73a663cb5021",
                "parentUUID": "50a72915-9797-493b-86d2-e8d4053d96a9",
                "skipped": false
              },
              {
                "title": "Should decrement the credit point state to 0 if a value given is larger than the current credit point value",
                "fullTitle": "REDUCER: Counter ACTION: DECREMENT_CREDIT_POINTS Should decrement the credit point state to 0 if a value given is larger than the current credit point value",
                "timedOut": false,
                "duration": 1,
                "state": "passed",
                "speed": "fast",
                "pass": true,
                "fail": false,
                "pending": false,
                "code": "var stateBefore = { cost: 40, creditPoints: 50 };\nvar action = {\n    type: \"DECREMENT_CREDIT_POINTS\",\n    value: 51\n};\nvar stateAfter = {\n    cost: 40,\n    creditPoints: 0\n};\n(0, _deepFreeze2.default)(stateBefore);\n(0, _deepFreeze2.default)(action);\n(0, _expect2.default)((0, _Counter2.default)(stateBefore, action)).toEqual(stateAfter);",
                "err": {},
                "isRoot": false,
                "uuid": "b7d22a5d-9ca6-4b1f-899d-0e2bdac7ddf5",
                "parentUUID": "50a72915-9797-493b-86d2-e8d4053d96a9",
                "skipped": false
              }
            ],
            "pending": [],
            "root": false,
            "_timeout": 2000,
            "file": "/test/reducers/Counter.spec.js",
            "uuid": "50a72915-9797-493b-86d2-e8d4053d96a9",
            "fullFile": "/home/staff01/Documents/monPlanR/test/reducers/Counter.spec.js",
            "passes": [
              {
                "title": "Should decrement the credit point state by a given value",
                "fullTitle": "REDUCER: Counter ACTION: DECREMENT_CREDIT_POINTS Should decrement the credit point state by a given value",
                "timedOut": false,
                "duration": 1,
                "state": "passed",
                "speed": "fast",
                "pass": true,
                "fail": false,
                "pending": false,
                "code": "var stateBefore = { cost: 40, creditPoints: 50 };\nvar action = {\n    type: \"DECREMENT_CREDIT_POINTS\",\n    value: 10\n};\nvar stateAfter = {\n    cost: 40,\n    creditPoints: 40\n};\n(0, _deepFreeze2.default)(stateBefore);\n(0, _deepFreeze2.default)(action);\n(0, _expect2.default)((0, _Counter2.default)(stateBefore, action)).toEqual(stateAfter);",
                "err": {},
                "isRoot": false,
                "uuid": "87fe0d10-e12d-4e7c-bb58-73a663cb5021",
                "parentUUID": "50a72915-9797-493b-86d2-e8d4053d96a9",
                "skipped": false
              },
              {
                "title": "Should decrement the credit point state to 0 if a value given is larger than the current credit point value",
                "fullTitle": "REDUCER: Counter ACTION: DECREMENT_CREDIT_POINTS Should decrement the credit point state to 0 if a value given is larger than the current credit point value",
                "timedOut": false,
                "duration": 1,
                "state": "passed",
                "speed": "fast",
                "pass": true,
                "fail": false,
                "pending": false,
                "code": "var stateBefore = { cost: 40, creditPoints: 50 };\nvar action = {\n    type: \"DECREMENT_CREDIT_POINTS\",\n    value: 51\n};\nvar stateAfter = {\n    cost: 40,\n    creditPoints: 0\n};\n(0, _deepFreeze2.default)(stateBefore);\n(0, _deepFreeze2.default)(action);\n(0, _expect2.default)((0, _Counter2.default)(stateBefore, action)).toEqual(stateAfter);",
                "err": {},
                "isRoot": false,
                "uuid": "b7d22a5d-9ca6-4b1f-899d-0e2bdac7ddf5",
                "parentUUID": "50a72915-9797-493b-86d2-e8d4053d96a9",
                "skipped": false
              }
            ],
            "failures": [],
            "skipped": [],
            "hasTests": true,
            "hasSuites": false,
            "totalTests": 2,
            "totalPasses": 2,
            "totalFailures": 0,
            "totalPending": 0,
            "totalSkipped": 0,
            "hasPasses": true,
            "hasFailures": false,
            "hasPending": false,
            "hasSkipped": false,
            "duration": 2
          },
          {
            "title": "ACTION: INCREMENT_COST",
            "suites": [],
            "tests": [
              {
                "title": "Should increment the cost state by a given value",
                "fullTitle": "REDUCER: Counter ACTION: INCREMENT_COST Should increment the cost state by a given value",
                "timedOut": false,
                "duration": 1,
                "state": "passed",
                "speed": "fast",
                "pass": true,
                "fail": false,
                "pending": false,
                "code": "var stateBefore = { cost: 20, creditPoints: 13 };\nvar action = {\n    type: \"INCREMENT_COST\",\n    value: 1\n};\nvar stateAfter = {\n    cost: 21,\n    creditPoints: 13\n};\n(0, _deepFreeze2.default)(stateBefore);\n(0, _deepFreeze2.default)(action);\n(0, _expect2.default)((0, _Counter2.default)(stateBefore, action)).toEqual(stateAfter);",
                "err": {},
                "isRoot": false,
                "uuid": "9d79ac16-0291-45f5-ab07-e8336bfb0a6a",
                "parentUUID": "0928ed0b-3d57-4a3c-851f-b9491d08da4c",
                "skipped": false
              }
            ],
            "pending": [],
            "root": false,
            "_timeout": 2000,
            "file": "/test/reducers/Counter.spec.js",
            "uuid": "0928ed0b-3d57-4a3c-851f-b9491d08da4c",
            "fullFile": "/home/staff01/Documents/monPlanR/test/reducers/Counter.spec.js",
            "passes": [
              {
                "title": "Should increment the cost state by a given value",
                "fullTitle": "REDUCER: Counter ACTION: INCREMENT_COST Should increment the cost state by a given value",
                "timedOut": false,
                "duration": 1,
                "state": "passed",
                "speed": "fast",
                "pass": true,
                "fail": false,
                "pending": false,
                "code": "var stateBefore = { cost: 20, creditPoints: 13 };\nvar action = {\n    type: \"INCREMENT_COST\",\n    value: 1\n};\nvar stateAfter = {\n    cost: 21,\n    creditPoints: 13\n};\n(0, _deepFreeze2.default)(stateBefore);\n(0, _deepFreeze2.default)(action);\n(0, _expect2.default)((0, _Counter2.default)(stateBefore, action)).toEqual(stateAfter);",
                "err": {},
                "isRoot": false,
                "uuid": "9d79ac16-0291-45f5-ab07-e8336bfb0a6a",
                "parentUUID": "0928ed0b-3d57-4a3c-851f-b9491d08da4c",
                "skipped": false
              }
            ],
            "failures": [],
            "skipped": [],
            "hasTests": true,
            "hasSuites": false,
            "totalTests": 1,
            "totalPasses": 1,
            "totalFailures": 0,
            "totalPending": 0,
            "totalSkipped": 0,
            "hasPasses": true,
            "hasFailures": false,
            "hasPending": false,
            "hasSkipped": false,
            "duration": 1
          },
          {
            "title": "ACTION: DECREMENT_COST",
            "suites": [],
            "tests": [
              {
                "title": "Should decrement the cost state by a given value",
                "fullTitle": "REDUCER: Counter ACTION: DECREMENT_COST Should decrement the cost state by a given value",
                "timedOut": false,
                "duration": 0,
                "state": "passed",
                "speed": "fast",
                "pass": true,
                "fail": false,
                "pending": false,
                "code": "var stateBefore = { cost: 50, creditPoints: 40 };\nvar action = {\n    type: \"DECREMENT_COST\",\n    value: 10\n};\nvar stateAfter = {\n    cost: 40,\n    creditPoints: 40\n};\n(0, _deepFreeze2.default)(stateBefore);\n(0, _deepFreeze2.default)(action);\n(0, _expect2.default)((0, _Counter2.default)(stateBefore, action)).toEqual(stateAfter);",
                "err": {},
                "isRoot": false,
                "uuid": "003738c7-f75a-4169-bb41-8887bd09159a",
                "parentUUID": "3d51d5dd-5aaa-406e-9e92-e6a6e0d44101",
                "skipped": false
              },
              {
                "title": "Should decrement the cost state to 0 if a value given is larger than the current credit point value",
                "fullTitle": "REDUCER: Counter ACTION: DECREMENT_COST Should decrement the cost state to 0 if a value given is larger than the current credit point value",
                "timedOut": false,
                "duration": 1,
                "state": "passed",
                "speed": "fast",
                "pass": true,
                "fail": false,
                "pending": false,
                "code": "var stateBefore = { cost: 50, creditPoints: 40 };\nvar action = {\n    type: \"DECREMENT_COST\",\n    value: 51\n};\nvar stateAfter = {\n    cost: 0,\n    creditPoints: 40\n};\n(0, _deepFreeze2.default)(stateBefore);\n(0, _deepFreeze2.default)(action);\n(0, _expect2.default)((0, _Counter2.default)(stateBefore, action)).toEqual(stateAfter);",
                "err": {},
                "isRoot": false,
                "uuid": "d6131655-4ddd-4b15-926a-2aa6381bb7f7",
                "parentUUID": "3d51d5dd-5aaa-406e-9e92-e6a6e0d44101",
                "skipped": false
              }
            ],
            "pending": [],
            "root": false,
            "_timeout": 2000,
            "file": "/test/reducers/Counter.spec.js",
            "uuid": "3d51d5dd-5aaa-406e-9e92-e6a6e0d44101",
            "fullFile": "/home/staff01/Documents/monPlanR/test/reducers/Counter.spec.js",
            "passes": [
              {
                "title": "Should decrement the cost state by a given value",
                "fullTitle": "REDUCER: Counter ACTION: DECREMENT_COST Should decrement the cost state by a given value",
                "timedOut": false,
                "duration": 0,
                "state": "passed",
                "speed": "fast",
                "pass": true,
                "fail": false,
                "pending": false,
                "code": "var stateBefore = { cost: 50, creditPoints: 40 };\nvar action = {\n    type: \"DECREMENT_COST\",\n    value: 10\n};\nvar stateAfter = {\n    cost: 40,\n    creditPoints: 40\n};\n(0, _deepFreeze2.default)(stateBefore);\n(0, _deepFreeze2.default)(action);\n(0, _expect2.default)((0, _Counter2.default)(stateBefore, action)).toEqual(stateAfter);",
                "err": {},
                "isRoot": false,
                "uuid": "003738c7-f75a-4169-bb41-8887bd09159a",
                "parentUUID": "3d51d5dd-5aaa-406e-9e92-e6a6e0d44101",
                "skipped": false
              },
              {
                "title": "Should decrement the cost state to 0 if a value given is larger than the current credit point value",
                "fullTitle": "REDUCER: Counter ACTION: DECREMENT_COST Should decrement the cost state to 0 if a value given is larger than the current credit point value",
                "timedOut": false,
                "duration": 1,
                "state": "passed",
                "speed": "fast",
                "pass": true,
                "fail": false,
                "pending": false,
                "code": "var stateBefore = { cost: 50, creditPoints: 40 };\nvar action = {\n    type: \"DECREMENT_COST\",\n    value: 51\n};\nvar stateAfter = {\n    cost: 0,\n    creditPoints: 40\n};\n(0, _deepFreeze2.default)(stateBefore);\n(0, _deepFreeze2.default)(action);\n(0, _expect2.default)((0, _Counter2.default)(stateBefore, action)).toEqual(stateAfter);",
                "err": {},
                "isRoot": false,
                "uuid": "d6131655-4ddd-4b15-926a-2aa6381bb7f7",
                "parentUUID": "3d51d5dd-5aaa-406e-9e92-e6a6e0d44101",
                "skipped": false
              }
            ],
            "failures": [],
            "skipped": [],
            "hasTests": true,
            "hasSuites": false,
            "totalTests": 2,
            "totalPasses": 2,
            "totalFailures": 0,
            "totalPending": 0,
            "totalSkipped": 0,
            "hasPasses": true,
            "hasFailures": false,
            "hasPending": false,
            "hasSkipped": false,
            "duration": 1
          },
          {
            "title": "ACTION: CLEAR_COURSE",
            "suites": [],
            "tests": [
              {
                "title": "Should reset the cost and credit point counters to 0",
                "fullTitle": "REDUCER: Counter ACTION: CLEAR_COURSE Should reset the cost and credit point counters to 0",
                "timedOut": false,
                "duration": 0,
                "state": "passed",
                "speed": "fast",
                "pass": true,
                "fail": false,
                "pending": false,
                "code": "var stateBefore = { cost: 50, creditPoints: 40 };\nvar action = {\n    type: \"CLEAR_COURSE\"\n};\nvar stateAfter = { cost: 0, creditPoints: 0 };\n(0, _deepFreeze2.default)(stateBefore);\n(0, _deepFreeze2.default)(action);\n(0, _expect2.default)((0, _Counter2.default)(stateBefore, action)).toEqual(stateAfter);",
                "err": {},
                "isRoot": false,
                "uuid": "0ecfc4ab-065e-48a0-99d9-acb4ff5eb756",
                "parentUUID": "1f4e2a05-b5b2-49c0-b2f6-c8240681710f",
                "skipped": false
              }
            ],
            "pending": [],
            "root": false,
            "_timeout": 2000,
            "file": "/test/reducers/Counter.spec.js",
            "uuid": "1f4e2a05-b5b2-49c0-b2f6-c8240681710f",
            "fullFile": "/home/staff01/Documents/monPlanR/test/reducers/Counter.spec.js",
            "passes": [
              {
                "title": "Should reset the cost and credit point counters to 0",
                "fullTitle": "REDUCER: Counter ACTION: CLEAR_COURSE Should reset the cost and credit point counters to 0",
                "timedOut": false,
                "duration": 0,
                "state": "passed",
                "speed": "fast",
                "pass": true,
                "fail": false,
                "pending": false,
                "code": "var stateBefore = { cost: 50, creditPoints: 40 };\nvar action = {\n    type: \"CLEAR_COURSE\"\n};\nvar stateAfter = { cost: 0, creditPoints: 0 };\n(0, _deepFreeze2.default)(stateBefore);\n(0, _deepFreeze2.default)(action);\n(0, _expect2.default)((0, _Counter2.default)(stateBefore, action)).toEqual(stateAfter);",
                "err": {},
                "isRoot": false,
                "uuid": "0ecfc4ab-065e-48a0-99d9-acb4ff5eb756",
                "parentUUID": "1f4e2a05-b5b2-49c0-b2f6-c8240681710f",
                "skipped": false
              }
            ],
            "failures": [],
            "skipped": [],
            "hasTests": true,
            "hasSuites": false,
            "totalTests": 1,
            "totalPasses": 1,
            "totalFailures": 0,
            "totalPending": 0,
            "totalSkipped": 0,
            "hasPasses": true,
            "hasFailures": false,
            "hasPending": false,
            "hasSkipped": false,
            "duration": 0
          },
          {
            "title": "ACTION: REMOVE_TEACHING_PERIOD",
            "suites": [],
            "tests": [
              {
                "title": "Should correctly go through and decrement the counters for each value ",
                "fullTitle": "REDUCER: Counter ACTION: REMOVE_TEACHING_PERIOD Should correctly go through and decrement the counters for each value ",
                "timedOut": false,
                "duration": 1,
                "state": "passed",
                "speed": "fast",
                "pass": true,
                "fail": false,
                "pending": false,
                "code": "var stateBefore = { cost: 50, creditPoints: 40 };\nvar action = {\n    type: \"REMOVE_TEACHING_PERIOD\",\n    tp: [null, { cost: 2, creditPoints: 20 }, { cost: 5, creditPoints: 10 }, null]\n};\nvar stateAfter = { cost: 43, creditPoints: 10 };\n(0, _deepFreeze2.default)(stateBefore);\n(0, _deepFreeze2.default)(action);\n(0, _expect2.default)((0, _Counter2.default)(stateBefore, action)).toEqual(stateAfter);",
                "err": {},
                "isRoot": false,
                "uuid": "6180c3e6-97eb-4715-9ff3-d7c677378db4",
                "parentUUID": "1739643c-5432-4f7b-bece-9e3324ed9b6e",
                "skipped": false
              },
              {
                "title": "Should not decrement the counters below 0 ",
                "fullTitle": "REDUCER: Counter ACTION: REMOVE_TEACHING_PERIOD Should not decrement the counters below 0 ",
                "timedOut": false,
                "duration": 0,
                "state": "passed",
                "speed": "fast",
                "pass": true,
                "fail": false,
                "pending": false,
                "code": "var stateBefore = { cost: 50, creditPoints: 40 };\nvar action = {\n    type: \"REMOVE_TEACHING_PERIOD\",\n    tp: [null, { cost: 25, creditPoints: 20 }, { cost: 30, creditPoints: 30 }, { cost: 0, creditPoints: 10 }]\n};\nvar stateAfter = { cost: 0, creditPoints: 0 };\n(0, _deepFreeze2.default)(stateBefore);\n(0, _deepFreeze2.default)(action);\n(0, _expect2.default)((0, _Counter2.default)(stateBefore, action)).toEqual(stateAfter);",
                "err": {},
                "isRoot": false,
                "uuid": "611219c4-24f3-4182-8980-474c90490dfd",
                "parentUUID": "1739643c-5432-4f7b-bece-9e3324ed9b6e",
                "skipped": false
              }
            ],
            "pending": [],
            "root": false,
            "_timeout": 2000,
            "file": "/test/reducers/Counter.spec.js",
            "uuid": "1739643c-5432-4f7b-bece-9e3324ed9b6e",
            "fullFile": "/home/staff01/Documents/monPlanR/test/reducers/Counter.spec.js",
            "passes": [
              {
                "title": "Should correctly go through and decrement the counters for each value ",
                "fullTitle": "REDUCER: Counter ACTION: REMOVE_TEACHING_PERIOD Should correctly go through and decrement the counters for each value ",
                "timedOut": false,
                "duration": 1,
                "state": "passed",
                "speed": "fast",
                "pass": true,
                "fail": false,
                "pending": false,
                "code": "var stateBefore = { cost: 50, creditPoints: 40 };\nvar action = {\n    type: \"REMOVE_TEACHING_PERIOD\",\n    tp: [null, { cost: 2, creditPoints: 20 }, { cost: 5, creditPoints: 10 }, null]\n};\nvar stateAfter = { cost: 43, creditPoints: 10 };\n(0, _deepFreeze2.default)(stateBefore);\n(0, _deepFreeze2.default)(action);\n(0, _expect2.default)((0, _Counter2.default)(stateBefore, action)).toEqual(stateAfter);",
                "err": {},
                "isRoot": false,
                "uuid": "6180c3e6-97eb-4715-9ff3-d7c677378db4",
                "parentUUID": "1739643c-5432-4f7b-bece-9e3324ed9b6e",
                "skipped": false
              },
              {
                "title": "Should not decrement the counters below 0 ",
                "fullTitle": "REDUCER: Counter ACTION: REMOVE_TEACHING_PERIOD Should not decrement the counters below 0 ",
                "timedOut": false,
                "duration": 0,
                "state": "passed",
                "speed": "fast",
                "pass": true,
                "fail": false,
                "pending": false,
                "code": "var stateBefore = { cost: 50, creditPoints: 40 };\nvar action = {\n    type: \"REMOVE_TEACHING_PERIOD\",\n    tp: [null, { cost: 25, creditPoints: 20 }, { cost: 30, creditPoints: 30 }, { cost: 0, creditPoints: 10 }]\n};\nvar stateAfter = { cost: 0, creditPoints: 0 };\n(0, _deepFreeze2.default)(stateBefore);\n(0, _deepFreeze2.default)(action);\n(0, _expect2.default)((0, _Counter2.default)(stateBefore, action)).toEqual(stateAfter);",
                "err": {},
                "isRoot": false,
                "uuid": "611219c4-24f3-4182-8980-474c90490dfd",
                "parentUUID": "1739643c-5432-4f7b-bece-9e3324ed9b6e",
                "skipped": false
              }
            ],
            "failures": [],
            "skipped": [],
            "hasTests": true,
            "hasSuites": false,
            "totalTests": 2,
            "totalPasses": 2,
            "totalFailures": 0,
            "totalPending": 0,
            "totalSkipped": 0,
            "hasPasses": true,
            "hasFailures": false,
            "hasPending": false,
            "hasSkipped": false,
            "duration": 1
          }
        ],
        "tests": [],
        "pending": [],
        "root": false,
        "_timeout": 2000,
        "file": "/test/reducers/Counter.spec.js",
        "uuid": "2dcdfb5e-2d22-4570-8cc3-9cebef5104b6",
        "fullFile": "/home/staff01/Documents/monPlanR/test/reducers/Counter.spec.js",
        "passes": [],
        "failures": [],
        "skipped": [],
        "hasTests": false,
        "hasSuites": true,
        "totalTests": 0,
        "totalPasses": 0,
        "totalFailures": 0,
        "totalPending": 0,
        "totalSkipped": 0,
        "hasPasses": false,
        "hasFailures": false,
        "hasPending": false,
        "hasSkipped": false,
        "duration": 0
      },
      {
        "title": "REDUCER: CourseStructure",
        "suites": [
          {
            "title": "ACTION: INSERT_TEACHING_PERIOD",
            "suites": [],
            "tests": [
              {
                "title": "Should insert a teaching period with the given info correctly into middle of array",
                "fullTitle": "REDUCER: CourseStructure ACTION: INSERT_TEACHING_PERIOD Should insert a teaching period with the given info correctly into middle of array",
                "timedOut": false,
                "duration": 4,
                "state": "passed",
                "speed": "fast",
                "pass": true,
                "fail": false,
                "pending": false,
                "code": "var stateBefore = {\n    teachingPeriods: [{ year: 2017, code: \"S2-01\", units: [null, null, null, null] }, { year: 2019, code: \"S2-01\", units: [null, null, null, null] }],\n    numberOfUnits: 4\n};\nvar action = {\n    type: \"INSERT_TEACHING_PERIOD\",\n    year: 2018,\n    code: \"S2-01\",\n    index: 1\n};\nvar stateAfter = {\n    teachingPeriods: [{ year: 2017, code: \"S2-01\", units: [null, null, null, null] }, { year: 2018, code: \"S2-01\", units: [null, null, null, null] }, { year: 2019, code: \"S2-01\", units: [null, null, null, null] }],\n    numberOfUnits: 4\n};\ntest(stateBefore, action, stateAfter);",
                "err": {},
                "isRoot": false,
                "uuid": "2c9a6616-e453-4f1f-9398-39fc2ed2b991",
                "parentUUID": "ad8b032d-3384-48a7-b40c-75b6fa82941a",
                "skipped": false
              },
              {
                "title": "Should insert a teaching period with the given info correctly into start of array",
                "fullTitle": "REDUCER: CourseStructure ACTION: INSERT_TEACHING_PERIOD Should insert a teaching period with the given info correctly into start of array",
                "timedOut": false,
                "duration": 0,
                "state": "passed",
                "speed": "fast",
                "pass": true,
                "fail": false,
                "pending": false,
                "code": "var stateBefore = {\n    teachingPeriods: [{ year: 2017, code: \"S2-01\", units: [null, null, null, null] }, { year: 2019, code: \"S2-01\", units: [null, null, null, null] }],\n    numberOfUnits: 4\n};\nvar action = {\n    type: \"INSERT_TEACHING_PERIOD\",\n    year: 2016,\n    code: \"S2-01\",\n    index: 0\n};\nvar stateAfter = {\n    teachingPeriods: [{ year: 2016, code: \"S2-01\", units: [null, null, null, null] }, { year: 2017, code: \"S2-01\", units: [null, null, null, null] }, { year: 2019, code: \"S2-01\", units: [null, null, null, null] }],\n    numberOfUnits: 4\n};\ntest(stateBefore, action, stateAfter);",
                "err": {},
                "isRoot": false,
                "uuid": "bb1a6248-19ad-4997-9d34-d7ce32c8c964",
                "parentUUID": "ad8b032d-3384-48a7-b40c-75b6fa82941a",
                "skipped": false
              }
            ],
            "pending": [],
            "root": false,
            "_timeout": 2000,
            "file": "/test/reducers/CourseStructure.spec.js",
            "uuid": "ad8b032d-3384-48a7-b40c-75b6fa82941a",
            "fullFile": "/home/staff01/Documents/monPlanR/test/reducers/CourseStructure.spec.js",
            "passes": [
              {
                "title": "Should insert a teaching period with the given info correctly into middle of array",
                "fullTitle": "REDUCER: CourseStructure ACTION: INSERT_TEACHING_PERIOD Should insert a teaching period with the given info correctly into middle of array",
                "timedOut": false,
                "duration": 4,
                "state": "passed",
                "speed": "fast",
                "pass": true,
                "fail": false,
                "pending": false,
                "code": "var stateBefore = {\n    teachingPeriods: [{ year: 2017, code: \"S2-01\", units: [null, null, null, null] }, { year: 2019, code: \"S2-01\", units: [null, null, null, null] }],\n    numberOfUnits: 4\n};\nvar action = {\n    type: \"INSERT_TEACHING_PERIOD\",\n    year: 2018,\n    code: \"S2-01\",\n    index: 1\n};\nvar stateAfter = {\n    teachingPeriods: [{ year: 2017, code: \"S2-01\", units: [null, null, null, null] }, { year: 2018, code: \"S2-01\", units: [null, null, null, null] }, { year: 2019, code: \"S2-01\", units: [null, null, null, null] }],\n    numberOfUnits: 4\n};\ntest(stateBefore, action, stateAfter);",
                "err": {},
                "isRoot": false,
                "uuid": "2c9a6616-e453-4f1f-9398-39fc2ed2b991",
                "parentUUID": "ad8b032d-3384-48a7-b40c-75b6fa82941a",
                "skipped": false
              },
              {
                "title": "Should insert a teaching period with the given info correctly into start of array",
                "fullTitle": "REDUCER: CourseStructure ACTION: INSERT_TEACHING_PERIOD Should insert a teaching period with the given info correctly into start of array",
                "timedOut": false,
                "duration": 0,
                "state": "passed",
                "speed": "fast",
                "pass": true,
                "fail": false,
                "pending": false,
                "code": "var stateBefore = {\n    teachingPeriods: [{ year: 2017, code: \"S2-01\", units: [null, null, null, null] }, { year: 2019, code: \"S2-01\", units: [null, null, null, null] }],\n    numberOfUnits: 4\n};\nvar action = {\n    type: \"INSERT_TEACHING_PERIOD\",\n    year: 2016,\n    code: \"S2-01\",\n    index: 0\n};\nvar stateAfter = {\n    teachingPeriods: [{ year: 2016, code: \"S2-01\", units: [null, null, null, null] }, { year: 2017, code: \"S2-01\", units: [null, null, null, null] }, { year: 2019, code: \"S2-01\", units: [null, null, null, null] }],\n    numberOfUnits: 4\n};\ntest(stateBefore, action, stateAfter);",
                "err": {},
                "isRoot": false,
                "uuid": "bb1a6248-19ad-4997-9d34-d7ce32c8c964",
                "parentUUID": "ad8b032d-3384-48a7-b40c-75b6fa82941a",
                "skipped": false
              }
            ],
            "failures": [],
            "skipped": [],
            "hasTests": true,
            "hasSuites": false,
            "totalTests": 2,
            "totalPasses": 2,
            "totalFailures": 0,
            "totalPending": 0,
            "totalSkipped": 0,
            "hasPasses": true,
            "hasFailures": false,
            "hasPending": false,
            "hasSkipped": false,
            "duration": 4
          },
          {
            "title": "ACTION: REMOVE_TEACHING_PERIOD",
            "suites": [],
            "tests": [
              {
                "title": "Should remove a teaching period at the given index",
                "fullTitle": "REDUCER: CourseStructure ACTION: REMOVE_TEACHING_PERIOD Should remove a teaching period at the given index",
                "timedOut": false,
                "duration": 0,
                "state": "passed",
                "speed": "fast",
                "pass": true,
                "fail": false,
                "pending": false,
                "code": "var stateBefore = {\n    teachingPeriods: [{ year: 2017, code: \"S2-01\", units: [null, null, null, null] }, { year: 2018, code: \"S2-01\", units: [null, null, null, null] }, { year: 2019, code: \"S2-01\", units: [null, null, null, null] }],\n    numberOfUnits: 4\n};\nvar action = {\n    type: \"REMOVE_TEACHING_PERIOD\",\n    index: 1\n};\nvar stateAfter = {\n    teachingPeriods: [{ year: 2017, code: \"S2-01\", units: [null, null, null, null] }, { year: 2019, code: \"S2-01\", units: [null, null, null, null] }],\n    numberOfUnits: 4\n};\ntest(stateBefore, action, stateAfter);",
                "err": {},
                "isRoot": false,
                "uuid": "3b2faef1-cf9b-47e0-bd01-1c9f5943d671",
                "parentUUID": "6f853fa4-6448-4a9c-9c0c-6c33f3368d77",
                "skipped": false
              },
              {
                "title": "Should remove a teaching period at the start of the array",
                "fullTitle": "REDUCER: CourseStructure ACTION: REMOVE_TEACHING_PERIOD Should remove a teaching period at the start of the array",
                "timedOut": false,
                "duration": 1,
                "state": "passed",
                "speed": "fast",
                "pass": true,
                "fail": false,
                "pending": false,
                "code": "var stateBefore = {\n    teachingPeriods: [{ year: 2017, code: \"S2-01\", units: [null, null, null, null] }, { year: 2018, code: \"S2-01\", units: [null, null, null, null] }, { year: 2019, code: \"S2-01\", units: [null, null, null, null] }],\n    numberOfUnits: 4\n};\nvar action = {\n    type: \"REMOVE_TEACHING_PERIOD\",\n    index: 0\n};\nvar stateAfter = {\n    teachingPeriods: [{ year: 2018, code: \"S2-01\", units: [null, null, null, null] }, { year: 2019, code: \"S2-01\", units: [null, null, null, null] }],\n    numberOfUnits: 4\n};\ntest(stateBefore, action, stateAfter);",
                "err": {},
                "isRoot": false,
                "uuid": "eb5812eb-beff-4cdd-9cf6-a65bd6306d95",
                "parentUUID": "6f853fa4-6448-4a9c-9c0c-6c33f3368d77",
                "skipped": false
              }
            ],
            "pending": [],
            "root": false,
            "_timeout": 2000,
            "file": "/test/reducers/CourseStructure.spec.js",
            "uuid": "6f853fa4-6448-4a9c-9c0c-6c33f3368d77",
            "fullFile": "/home/staff01/Documents/monPlanR/test/reducers/CourseStructure.spec.js",
            "passes": [
              {
                "title": "Should remove a teaching period at the given index",
                "fullTitle": "REDUCER: CourseStructure ACTION: REMOVE_TEACHING_PERIOD Should remove a teaching period at the given index",
                "timedOut": false,
                "duration": 0,
                "state": "passed",
                "speed": "fast",
                "pass": true,
                "fail": false,
                "pending": false,
                "code": "var stateBefore = {\n    teachingPeriods: [{ year: 2017, code: \"S2-01\", units: [null, null, null, null] }, { year: 2018, code: \"S2-01\", units: [null, null, null, null] }, { year: 2019, code: \"S2-01\", units: [null, null, null, null] }],\n    numberOfUnits: 4\n};\nvar action = {\n    type: \"REMOVE_TEACHING_PERIOD\",\n    index: 1\n};\nvar stateAfter = {\n    teachingPeriods: [{ year: 2017, code: \"S2-01\", units: [null, null, null, null] }, { year: 2019, code: \"S2-01\", units: [null, null, null, null] }],\n    numberOfUnits: 4\n};\ntest(stateBefore, action, stateAfter);",
                "err": {},
                "isRoot": false,
                "uuid": "3b2faef1-cf9b-47e0-bd01-1c9f5943d671",
                "parentUUID": "6f853fa4-6448-4a9c-9c0c-6c33f3368d77",
                "skipped": false
              },
              {
                "title": "Should remove a teaching period at the start of the array",
                "fullTitle": "REDUCER: CourseStructure ACTION: REMOVE_TEACHING_PERIOD Should remove a teaching period at the start of the array",
                "timedOut": false,
                "duration": 1,
                "state": "passed",
                "speed": "fast",
                "pass": true,
                "fail": false,
                "pending": false,
                "code": "var stateBefore = {\n    teachingPeriods: [{ year: 2017, code: \"S2-01\", units: [null, null, null, null] }, { year: 2018, code: \"S2-01\", units: [null, null, null, null] }, { year: 2019, code: \"S2-01\", units: [null, null, null, null] }],\n    numberOfUnits: 4\n};\nvar action = {\n    type: \"REMOVE_TEACHING_PERIOD\",\n    index: 0\n};\nvar stateAfter = {\n    teachingPeriods: [{ year: 2018, code: \"S2-01\", units: [null, null, null, null] }, { year: 2019, code: \"S2-01\", units: [null, null, null, null] }],\n    numberOfUnits: 4\n};\ntest(stateBefore, action, stateAfter);",
                "err": {},
                "isRoot": false,
                "uuid": "eb5812eb-beff-4cdd-9cf6-a65bd6306d95",
                "parentUUID": "6f853fa4-6448-4a9c-9c0c-6c33f3368d77",
                "skipped": false
              }
            ],
            "failures": [],
            "skipped": [],
            "hasTests": true,
            "hasSuites": false,
            "totalTests": 2,
            "totalPasses": 2,
            "totalFailures": 0,
            "totalPending": 0,
            "totalSkipped": 0,
            "hasPasses": true,
            "hasFailures": false,
            "hasPending": false,
            "hasSkipped": false,
            "duration": 1
          },
          {
            "title": "ACTION: APPEND_TEACHING_PERIOD",
            "suites": [],
            "tests": [
              {
                "title": "Should add the given teaching period to the end of the array",
                "fullTitle": "REDUCER: CourseStructure ACTION: APPEND_TEACHING_PERIOD Should add the given teaching period to the end of the array",
                "timedOut": false,
                "duration": 1,
                "state": "passed",
                "speed": "fast",
                "pass": true,
                "fail": false,
                "pending": false,
                "code": "var stateBefore = {\n    teachingPeriods: [{ year: 2018, code: \"S2-01\", units: [null, null, null, null] }, { year: 2019, code: \"S2-01\", units: [null, null, null, null] }],\n    numberOfUnits: 4\n};\nvar action = {\n    type: \"APPEND_TEACHING_PERIOD\",\n    year: 2020,\n    code: \"S2-01\"\n};\nvar stateAfter = {\n    teachingPeriods: [{ year: 2018, code: \"S2-01\", units: [null, null, null, null] }, { year: 2019, code: \"S2-01\", units: [null, null, null, null] }, { year: 2020, code: \"S2-01\", units: [null, null, null, null] }],\n    numberOfUnits: 4\n};\ntest(stateBefore, action, stateAfter);",
                "err": {},
                "isRoot": false,
                "uuid": "16989d50-5fe2-4b5f-b8f0-4a2be951f5a0",
                "parentUUID": "aa30a241-f18f-47a0-b946-633121d48a4d",
                "skipped": false
              }
            ],
            "pending": [],
            "root": false,
            "_timeout": 2000,
            "file": "/test/reducers/CourseStructure.spec.js",
            "uuid": "aa30a241-f18f-47a0-b946-633121d48a4d",
            "fullFile": "/home/staff01/Documents/monPlanR/test/reducers/CourseStructure.spec.js",
            "passes": [
              {
                "title": "Should add the given teaching period to the end of the array",
                "fullTitle": "REDUCER: CourseStructure ACTION: APPEND_TEACHING_PERIOD Should add the given teaching period to the end of the array",
                "timedOut": false,
                "duration": 1,
                "state": "passed",
                "speed": "fast",
                "pass": true,
                "fail": false,
                "pending": false,
                "code": "var stateBefore = {\n    teachingPeriods: [{ year: 2018, code: \"S2-01\", units: [null, null, null, null] }, { year: 2019, code: \"S2-01\", units: [null, null, null, null] }],\n    numberOfUnits: 4\n};\nvar action = {\n    type: \"APPEND_TEACHING_PERIOD\",\n    year: 2020,\n    code: \"S2-01\"\n};\nvar stateAfter = {\n    teachingPeriods: [{ year: 2018, code: \"S2-01\", units: [null, null, null, null] }, { year: 2019, code: \"S2-01\", units: [null, null, null, null] }, { year: 2020, code: \"S2-01\", units: [null, null, null, null] }],\n    numberOfUnits: 4\n};\ntest(stateBefore, action, stateAfter);",
                "err": {},
                "isRoot": false,
                "uuid": "16989d50-5fe2-4b5f-b8f0-4a2be951f5a0",
                "parentUUID": "aa30a241-f18f-47a0-b946-633121d48a4d",
                "skipped": false
              }
            ],
            "failures": [],
            "skipped": [],
            "hasTests": true,
            "hasSuites": false,
            "totalTests": 1,
            "totalPasses": 1,
            "totalFailures": 0,
            "totalPending": 0,
            "totalSkipped": 0,
            "hasPasses": true,
            "hasFailures": false,
            "hasPending": false,
            "hasSkipped": false,
            "duration": 1
          },
          {
            "title": "ACTION: INCREASE_STUDY_LOAD",
            "suites": [],
            "tests": [
              {
                "title": "Should increase the study load if the study load is less than 4",
                "fullTitle": "REDUCER: CourseStructure ACTION: INCREASE_STUDY_LOAD Should increase the study load if the study load is less than 4",
                "timedOut": false,
                "duration": 2,
                "state": "passed",
                "speed": "fast",
                "pass": true,
                "fail": false,
                "pending": false,
                "code": "var stateBefore = {\n    teachingPeriods: [{ year: 2018, code: \"S2-01\", units: [null, null, null, null] }],\n    numberOfUnits: 4\n};\nvar action = {\n    type: \"INCREASE_STUDY_LOAD\"\n};\nvar stateAfter = {\n    teachingPeriods: [{ year: 2018, code: \"S2-01\", units: [null, null, null, null, null] }],\n    numberOfUnits: 5\n};\ntest(stateBefore, action, stateAfter);",
                "err": {},
                "isRoot": false,
                "uuid": "cc01dffe-ec6c-49ed-83eb-a7d6d4a32946",
                "parentUUID": "9fd2e548-2650-4f20-98a4-a94572d28e10",
                "skipped": false
              },
              {
                "title": "Should not increase the study load if the study load is 6 or greater",
                "fullTitle": "REDUCER: CourseStructure ACTION: INCREASE_STUDY_LOAD Should not increase the study load if the study load is 6 or greater",
                "timedOut": false,
                "duration": 0,
                "state": "passed",
                "speed": "fast",
                "pass": true,
                "fail": false,
                "pending": false,
                "code": "var stateBefore = {\n    teachingPeriods: [{ year: 2018, code: \"S2-01\", units: [null, null, null, null, null, null] }],\n    numberOfUnits: 6\n};\nvar action = {\n    type: \"INCREASE_STUDY_LOAD\"\n};\nvar stateAfter = {\n    teachingPeriods: [{ year: 2018, code: \"S2-01\", units: [null, null, null, null, null, null] }],\n    numberOfUnits: 6\n};\ntest(stateBefore, action, stateAfter);",
                "err": {},
                "isRoot": false,
                "uuid": "25ec5fcb-4032-4783-a828-a7405fccb450",
                "parentUUID": "9fd2e548-2650-4f20-98a4-a94572d28e10",
                "skipped": false
              }
            ],
            "pending": [],
            "root": false,
            "_timeout": 2000,
            "file": "/test/reducers/CourseStructure.spec.js",
            "uuid": "9fd2e548-2650-4f20-98a4-a94572d28e10",
            "fullFile": "/home/staff01/Documents/monPlanR/test/reducers/CourseStructure.spec.js",
            "passes": [
              {
                "title": "Should increase the study load if the study load is less than 4",
                "fullTitle": "REDUCER: CourseStructure ACTION: INCREASE_STUDY_LOAD Should increase the study load if the study load is less than 4",
                "timedOut": false,
                "duration": 2,
                "state": "passed",
                "speed": "fast",
                "pass": true,
                "fail": false,
                "pending": false,
                "code": "var stateBefore = {\n    teachingPeriods: [{ year: 2018, code: \"S2-01\", units: [null, null, null, null] }],\n    numberOfUnits: 4\n};\nvar action = {\n    type: \"INCREASE_STUDY_LOAD\"\n};\nvar stateAfter = {\n    teachingPeriods: [{ year: 2018, code: \"S2-01\", units: [null, null, null, null, null] }],\n    numberOfUnits: 5\n};\ntest(stateBefore, action, stateAfter);",
                "err": {},
                "isRoot": false,
                "uuid": "cc01dffe-ec6c-49ed-83eb-a7d6d4a32946",
                "parentUUID": "9fd2e548-2650-4f20-98a4-a94572d28e10",
                "skipped": false
              },
              {
                "title": "Should not increase the study load if the study load is 6 or greater",
                "fullTitle": "REDUCER: CourseStructure ACTION: INCREASE_STUDY_LOAD Should not increase the study load if the study load is 6 or greater",
                "timedOut": false,
                "duration": 0,
                "state": "passed",
                "speed": "fast",
                "pass": true,
                "fail": false,
                "pending": false,
                "code": "var stateBefore = {\n    teachingPeriods: [{ year: 2018, code: \"S2-01\", units: [null, null, null, null, null, null] }],\n    numberOfUnits: 6\n};\nvar action = {\n    type: \"INCREASE_STUDY_LOAD\"\n};\nvar stateAfter = {\n    teachingPeriods: [{ year: 2018, code: \"S2-01\", units: [null, null, null, null, null, null] }],\n    numberOfUnits: 6\n};\ntest(stateBefore, action, stateAfter);",
                "err": {},
                "isRoot": false,
                "uuid": "25ec5fcb-4032-4783-a828-a7405fccb450",
                "parentUUID": "9fd2e548-2650-4f20-98a4-a94572d28e10",
                "skipped": false
              }
            ],
            "failures": [],
            "skipped": [],
            "hasTests": true,
            "hasSuites": false,
            "totalTests": 2,
            "totalPasses": 2,
            "totalFailures": 0,
            "totalPending": 0,
            "totalSkipped": 0,
            "hasPasses": true,
            "hasFailures": false,
            "hasPending": false,
            "hasSkipped": false,
            "duration": 2
          },
          {
            "title": "ACTION: DECREASE_STUDY_LOAD",
            "suites": [],
            "tests": [
              {
                "title": "Should decrease the study load if the study load is greater than 4",
                "fullTitle": "REDUCER: CourseStructure ACTION: DECREASE_STUDY_LOAD Should decrease the study load if the study load is greater than 4",
                "timedOut": false,
                "duration": 3,
                "state": "passed",
                "speed": "fast",
                "pass": true,
                "fail": false,
                "pending": false,
                "code": "var stateBefore = {\n    teachingPeriods: [{ year: 2018, code: \"S2-01\", units: [null, null, null, null, null] }],\n    numberOfUnits: 5\n};\nvar action = {\n    type: \"DECREASE_STUDY_LOAD\"\n};\nvar stateAfter = {\n    teachingPeriods: [{ year: 2018, code: \"S2-01\", units: [null, null, null, null] }],\n    numberOfUnits: 4\n};\ntest(stateBefore, action, stateAfter);",
                "err": {},
                "isRoot": false,
                "uuid": "1d69a5fa-2761-4e19-b25c-3f22491942a5",
                "parentUUID": "da03181f-5633-4194-a642-a7ae5d2c42ab",
                "skipped": false
              },
              {
                "title": "Should not decrease the study load if the study load is 4 or less",
                "fullTitle": "REDUCER: CourseStructure ACTION: DECREASE_STUDY_LOAD Should not decrease the study load if the study load is 4 or less",
                "timedOut": false,
                "duration": 0,
                "state": "passed",
                "speed": "fast",
                "pass": true,
                "fail": false,
                "pending": false,
                "code": "var stateBefore = {\n    teachingPeriods: [{ year: 2018, code: \"S2-01\", units: [null, null, null, null] }],\n    numberOfUnits: 4\n};\nvar action = {\n    type: \"DECREASE_STUDY_LOAD\"\n};\nvar stateAfter = {\n    teachingPeriods: [{ year: 2018, code: \"S2-01\", units: [null, null, null, null] }],\n    numberOfUnits: 4\n};\ntest(stateBefore, action, stateAfter);",
                "err": {},
                "isRoot": false,
                "uuid": "372df02d-6d97-45af-9eb9-cf69c4fcab38",
                "parentUUID": "da03181f-5633-4194-a642-a7ae5d2c42ab",
                "skipped": false
              }
            ],
            "pending": [],
            "root": false,
            "_timeout": 2000,
            "file": "/test/reducers/CourseStructure.spec.js",
            "uuid": "da03181f-5633-4194-a642-a7ae5d2c42ab",
            "fullFile": "/home/staff01/Documents/monPlanR/test/reducers/CourseStructure.spec.js",
            "passes": [
              {
                "title": "Should decrease the study load if the study load is greater than 4",
                "fullTitle": "REDUCER: CourseStructure ACTION: DECREASE_STUDY_LOAD Should decrease the study load if the study load is greater than 4",
                "timedOut": false,
                "duration": 3,
                "state": "passed",
                "speed": "fast",
                "pass": true,
                "fail": false,
                "pending": false,
                "code": "var stateBefore = {\n    teachingPeriods: [{ year: 2018, code: \"S2-01\", units: [null, null, null, null, null] }],\n    numberOfUnits: 5\n};\nvar action = {\n    type: \"DECREASE_STUDY_LOAD\"\n};\nvar stateAfter = {\n    teachingPeriods: [{ year: 2018, code: \"S2-01\", units: [null, null, null, null] }],\n    numberOfUnits: 4\n};\ntest(stateBefore, action, stateAfter);",
                "err": {},
                "isRoot": false,
                "uuid": "1d69a5fa-2761-4e19-b25c-3f22491942a5",
                "parentUUID": "da03181f-5633-4194-a642-a7ae5d2c42ab",
                "skipped": false
              },
              {
                "title": "Should not decrease the study load if the study load is 4 or less",
                "fullTitle": "REDUCER: CourseStructure ACTION: DECREASE_STUDY_LOAD Should not decrease the study load if the study load is 4 or less",
                "timedOut": false,
                "duration": 0,
                "state": "passed",
                "speed": "fast",
                "pass": true,
                "fail": false,
                "pending": false,
                "code": "var stateBefore = {\n    teachingPeriods: [{ year: 2018, code: \"S2-01\", units: [null, null, null, null] }],\n    numberOfUnits: 4\n};\nvar action = {\n    type: \"DECREASE_STUDY_LOAD\"\n};\nvar stateAfter = {\n    teachingPeriods: [{ year: 2018, code: \"S2-01\", units: [null, null, null, null] }],\n    numberOfUnits: 4\n};\ntest(stateBefore, action, stateAfter);",
                "err": {},
                "isRoot": false,
                "uuid": "372df02d-6d97-45af-9eb9-cf69c4fcab38",
                "parentUUID": "da03181f-5633-4194-a642-a7ae5d2c42ab",
                "skipped": false
              }
            ],
            "failures": [],
            "skipped": [],
            "hasTests": true,
            "hasSuites": false,
            "totalTests": 2,
            "totalPasses": 2,
            "totalFailures": 0,
            "totalPending": 0,
            "totalSkipped": 0,
            "hasPasses": true,
            "hasFailures": false,
            "hasPending": false,
            "hasSkipped": false,
            "duration": 3
          },
          {
            "title": "ACTION: CLEAR_COURSE",
            "suites": [],
            "tests": [
              {
                "title": "Should remove all teaching periods and set the amount of units to 4",
                "fullTitle": "REDUCER: CourseStructure ACTION: CLEAR_COURSE Should remove all teaching periods and set the amount of units to 4",
                "timedOut": false,
                "duration": 1,
                "state": "passed",
                "speed": "fast",
                "pass": true,
                "fail": false,
                "pending": false,
                "code": "var stateBefore = {\n    teachingPeriods: [{ year: 2018, code: \"S2-01\", units: [null, null, null, null, null] }],\n    numberOfUnits: 5\n};\nvar action = {\n    type: \"CLEAR_COURSE\"\n};\nvar stateAfter = {\n    teachingPeriods: [],\n    numberOfUnits: 4\n};\ntest(stateBefore, action, stateAfter);",
                "err": {},
                "isRoot": false,
                "uuid": "76544dea-e59b-49a4-913f-111dc307360f",
                "parentUUID": "c0b6b155-8c8e-4861-9872-9164bc649b17",
                "skipped": false
              }
            ],
            "pending": [],
            "root": false,
            "_timeout": 2000,
            "file": "/test/reducers/CourseStructure.spec.js",
            "uuid": "c0b6b155-8c8e-4861-9872-9164bc649b17",
            "fullFile": "/home/staff01/Documents/monPlanR/test/reducers/CourseStructure.spec.js",
            "passes": [
              {
                "title": "Should remove all teaching periods and set the amount of units to 4",
                "fullTitle": "REDUCER: CourseStructure ACTION: CLEAR_COURSE Should remove all teaching periods and set the amount of units to 4",
                "timedOut": false,
                "duration": 1,
                "state": "passed",
                "speed": "fast",
                "pass": true,
                "fail": false,
                "pending": false,
                "code": "var stateBefore = {\n    teachingPeriods: [{ year: 2018, code: \"S2-01\", units: [null, null, null, null, null] }],\n    numberOfUnits: 5\n};\nvar action = {\n    type: \"CLEAR_COURSE\"\n};\nvar stateAfter = {\n    teachingPeriods: [],\n    numberOfUnits: 4\n};\ntest(stateBefore, action, stateAfter);",
                "err": {},
                "isRoot": false,
                "uuid": "76544dea-e59b-49a4-913f-111dc307360f",
                "parentUUID": "c0b6b155-8c8e-4861-9872-9164bc649b17",
                "skipped": false
              }
            ],
            "failures": [],
            "skipped": [],
            "hasTests": true,
            "hasSuites": false,
            "totalTests": 1,
            "totalPasses": 1,
            "totalFailures": 0,
            "totalPending": 0,
            "totalSkipped": 0,
            "hasPasses": true,
            "hasFailures": false,
            "hasPending": false,
            "hasSkipped": false,
            "duration": 1
          },
          {
            "title": "ACTION: ADD_UNIT",
            "suites": [],
            "tests": [
              {
                "title": "Should add a unit correctly to the start of an array",
                "fullTitle": "REDUCER: CourseStructure ACTION: ADD_UNIT Should add a unit correctly to the start of an array",
                "timedOut": false,
                "duration": 10,
                "state": "passed",
                "speed": "fast",
                "pass": true,
                "fail": false,
                "pending": false,
[...]
    {
      "title": "Should handle the initiation of a course snapshot upload correctly",
      "fullTitle": "ACTION: UPLOAD_COURSE_SNAPSHOT_PENDING Should handle the initiation of a course snapshot upload correctly",
      "timedOut": false,
      "duration": 0,
      "state": "passed",
      "speed": "fast",
      "pass": true,
      "fail": false,
      "pending": false,
      "code": "var stateBefore = {\n    testParam1: 1,\n    testParam2: \"test\",\n    courseSnapshotUploading: false,\n    courseSnapshotUploadError: true,\n    courseSnapShotUploadData: null\n};\nvar action = {\n    type: \"UPLOAD_COURSE_SNAPSHOT_PENDING\"\n};\nvar stateAfter = {\n    testParam1: 1,\n    testParam2: \"test\",\n    courseSnapshotUploading: true,\n    courseSnapshotUploadError: false,\n    courseSnapShotUploadData: null\n};\ntest(stateBefore, action, stateAfter);",
      "err": {},
      "isRoot": false,
      "uuid": "eda662d4-7600-4ea2-b5f6-775c6f1bb3fb",
      "parentUUID": "48aadb14-cde0-4148-9a19-54fc398581fa",
      "skipped": false
    },
    {
      "title": "Should handle the successful upload of a course snapshot correctly",
      "fullTitle": "ACTION: UPLOAD_COURSE_SNAPSHOT_FULFILLED Should handle the successful upload of a course snapshot correctly",
      "timedOut": false,
      "duration": 1,
      "state": "passed",
      "speed": "fast",
      "pass": true,
      "fail": false,
      "pending": false,
      "code": "var stateBefore = {\n    testParam1: 1,\n    testParam2: \"test\",\n    courseSnapshotUploading: true,\n    courseSnapshotUploadError: false,\n    courseSnapShotUploadData: null\n};\nvar action = {\n    type: \"UPLOAD_COURSE_SNAPSHOT_FULFILLED\",\n    payload: { data: \"upload string\" }\n};\nvar stateAfter = {\n    testParam1: 1,\n    testParam2: \"test\",\n    courseSnapshotUploading: false,\n    courseSnapshotUploadError: false,\n    courseSnapShotUploadData: \"upload string\"\n};\ntest(stateBefore, action, stateAfter);",
      "err": {},
      "isRoot": false,
      "uuid": "03a3c0cc-d7f7-4217-8b8e-a72411bae47c",
      "parentUUID": "e853a4d1-5b00-46a5-a483-3b14bc5adcf5",
      "skipped": false
    },
    {
      "title": "Should do handle the rejected upload of a course snapshot correctly",
      "fullTitle": "ACTION: UPLOAD_COURSE_SNAPSHOT_REJECTED Should do handle the rejected upload of a course snapshot correctly",
      "timedOut": false,
      "duration": 0,
      "state": "passed",
      "speed": "fast",
      "pass": true,
      "fail": false,
      "pending": false,
      "code": "var stateBefore = {\n    testParam1: 1,\n    testParam2: \"test\",\n    courseSnapshotUploading: true,\n    courseSnapshotUploadError: false,\n    courseSnapShotUploadData: null\n};\nvar action = {\n    type: \"UPLOAD_COURSE_SNAPSHOT_REJECTED\"\n};\nvar stateAfter = {\n    testParam1: 1,\n    testParam2: \"test\",\n    courseSnapshotUploading: false,\n    courseSnapshotUploadError: true,\n    courseSnapShotUploadData: null\n};\ntest(stateBefore, action, stateAfter);",
      "err": {},
      "isRoot": false,
      "uuid": "8b0890cb-470b-491b-9d55-4ed32272331e",
      "parentUUID": "2c6f99ed-a964-4a57-9252-5c6a7e02f5b9",
      "skipped": false
    },
    {
      "title": "Should begin fetching a course snapshot correctly",
      "fullTitle": "ACTION: FETCH_COURSE_SNAPSHOT_PENDING Should begin fetching a course snapshot correctly",
      "timedOut": false,
      "duration": 0,
      "state": "passed",
      "speed": "fast",
      "pass": true,
      "fail": false,
      "pending": false,
      "code": "var stateBefore = {\n    testParam1: 1,\n    testParam2: \"test\",\n    courseSnapshotLoading: false,\n    courseSnapshotLoadError: true,\n    courseSnapshotData: null\n};\nvar action = {\n    type: \"FETCH_COURSE_SNAPSHOT_PENDING\"\n};\nvar stateAfter = {\n    testParam1: 1,\n    testParam2: \"test\",\n    courseSnapshotLoading: true,\n    courseSnapshotLoadError: false,\n    courseSnapshotData: null\n};\ntest(stateBefore, action, stateAfter);",
      "err": {},
      "isRoot": false,
      "uuid": "83bb530f-d759-4db3-89d7-ece095fa0591",
      "parentUUID": "6a4a36e6-cd5d-4e17-afea-87018b673f3e",
      "skipped": false
    },
    {
      "title": "Should handle a successful course snapshot fetch correctly",
      "fullTitle": "ACTION: FETCH_COURSE_SNAPSHOT_FULFILLED Should handle a successful course snapshot fetch correctly",
      "timedOut": false,
      "duration": 0,
      "state": "passed",
      "speed": "fast",
      "pass": true,
      "fail": false,
      "pending": false,
      "code": "var stateBefore = {\n    testParam1: 1,\n    testParam2: \"test\",\n    courseSnapshotLoading: true,\n    courseSnapshotLoadError: false,\n    courseSnapshotData: null\n};\nvar action = {\n    type: \"FETCH_COURSE_SNAPSHOT_FULFILLED\",\n    payload: { data: \"Snap data\" }\n};\nvar stateAfter = {\n    testParam1: 1,\n    testParam2: \"test\",\n    courseSnapshotLoading: false,\n    courseSnapshotLoadError: false,\n    courseSnapshotData: \"Snap data\"\n};\ntest(stateBefore, action, stateAfter);",
      "err": {},
      "isRoot": false,
      "uuid": "c2f203ba-fc17-4870-8851-71af560e61f4",
      "parentUUID": "1185d6c5-71ef-432f-a185-8eadf8dedc52",
      "skipped": false
    },
    {
      "title": "Should handle a rejected course snapshot fetch correctly",
      "fullTitle": "ACTION: FETCH_COURSE_SNAPSHOT_REJECTED Should handle a rejected course snapshot fetch correctly",
      "timedOut": false,
      "duration": 0,
      "state": "passed",
      "speed": "fast",
      "pass": true,
      "fail": false,
      "pending": false,
      "code": "var stateBefore = {\n    testParam1: 1,\n    testParam2: \"test\",\n    courseSnapshotLoading: true,\n    courseSnapshotLoadError: false,\n    courseSnapshotData: null\n};\nvar action = {\n    type: \"FETCH_COURSE_SNAPSHOT_REJECTED\"\n};\nvar stateAfter = {\n    testParam1: 1,\n    testParam2: \"test\",\n    courseSnapshotLoading: false,\n    courseSnapshotLoadError: true,\n    courseSnapshotData: null\n};\ntest(stateBefore, action, stateAfter);",
      "err": {},
      "isRoot": false,
      "uuid": "1ae8a4ee-fe7e-417a-9702-d6928f1c2a83",
      "parentUUID": "053d2e8f-1cc8-4dd2-839a-26285b5ff7d9",
      "skipped": false
    },
    {
      "title": "should insert a notification from an empty list",
      "fullTitle": "ACTION: ADD_NOTIFICATION should insert a notification from an empty list",
      "timedOut": false,
      "duration": 1,
      "state": "passed",
      "speed": "fast",
      "pass": true,
      "fail": false,
      "pending": false,
      "code": "var stateBefore = {\n    notificationsList: []\n};\nvar action = {\n    type: \"ADD_NOTIFICATION\",\n    id: \"TEST_NOTIFICATION\",\n    title: \"This is a test\",\n    message: \"Some message goes over here\",\n    level: \"info\"\n};\nvar stateAfter = {\n    notificationsList: [{\n        id: \"TEST_NOTIFICATION\",\n        title: \"This is a test\",\n        message: \"Some message goes over here\",\n        level: \"info\",\n        dismissable: undefined,\n        autoDismiss: undefined\n    }]\n};\n(0, _deepFreeze2.default)(stateBefore);\n(0, _deepFreeze2.default)(action);\n(0, _expect2.default)((0, _Notifications2.default)(stateBefore, action)).toEqual(stateAfter);",
      "err": {},
      "isRoot": false,
      "uuid": "f85b2f97-9edf-4b19-b9d1-72a2a8987732",
      "parentUUID": "670dc1e0-2f58-4d0e-af94-22fbbd01015e",
      "skipped": false
    },
    {
      "title": "should prepend a notification into an list of a few existing notifications.",
      "fullTitle": "ACTION: ADD_NOTIFICATION should prepend a notification into an list of a few existing notifications.",
      "timedOut": false,
      "duration": 1,
      "state": "passed",
      "speed": "fast",
      "pass": true,
      "fail": false,
      "pending": false,
      "code": "var stateBefore = {\n    notificationsList: [{\n        id: \"GENERIC_ERROR\",\n        title: \"Error\",\n        message: \"Something went wrong. Please try again later.\",\n        level: \"error\",\n        dismissable: true,\n        autoDismiss: undefined\n    }, {\n        id: \"CONNECTION_LOST\",\n        title: \"Lost connection\",\n        message: \"Please check your connection. This notification will go away once you go online.\",\n        level: \"warning\",\n        dismissable: false,\n        autoDismiss: undefined\n    }]\n};\nvar action = {\n    type: \"ADD_NOTIFICATION\",\n    id: \"TEST_NOTIFICATION\",\n    title: \"This is a test\",\n    message: \"Some message goes over here\",\n    level: \"info\"\n};\nvar stateAfter = {\n    notificationsList: [{\n        id: \"TEST_NOTIFICATION\",\n        title: \"This is a test\",\n        message: \"Some message goes over here\",\n        level: \"info\",\n        dismissable: undefined,\n        autoDismiss: undefined\n    }, {\n        id: \"GENERIC_ERROR\",\n        title: \"Error\",\n        message: \"Something went wrong. Please try again later.\",\n        level: \"error\",\n        dismissable: true,\n        autoDismiss: undefined\n    }, {\n        id: \"CONNECTION_LOST\",\n        title: \"Lost connection\",\n        message: \"Please check your connection. This notification will go away once you go online.\",\n        level: \"warning\",\n        dismissable: false,\n        autoDismiss: undefined\n    }]\n};\n(0, _deepFreeze2.default)(stateBefore);\n(0, _deepFreeze2.default)(action);\n(0, _expect2.default)((0, _Notifications2.default)(stateBefore, action)).toEqual(stateAfter);",
      "err": {},
      "isRoot": false,
      "uuid": "a16b89cf-7a4f-40b0-9402-fef4dbbc856c",
      "parentUUID": "670dc1e0-2f58-4d0e-af94-22fbbd01015e",
      "skipped": false
    },
    {
      "title": "Should remove a notification given its ID",
      "fullTitle": "ACTION: REMOVE_NOTIFICATION Should remove a notification given its ID",
      "timedOut": false,
      "duration": 1,
      "state": "passed",
      "speed": "fast",
      "pass": true,
      "fail": false,
      "pending": false,
      "code": "var stateBefore = {\n    notificationsList: [{\n        id: \"TEST_NOTIFICATION\",\n        title: \"This is a test\",\n        message: \"Some message goes over here\",\n        level: \"info\",\n        dismissable: undefined,\n        autoDismiss: undefined\n    }, {\n        id: \"GENERIC_ERROR\",\n        title: \"Error\",\n        message: \"Something went wrong. Please try again later.\",\n        level: \"error\",\n        dismissable: true,\n        autoDismiss: undefined\n    }, {\n        id: \"CONNECTION_LOST\",\n        title: \"Lost connection\",\n        message: \"Please check your connection. This notification will go away once you go online.\",\n        level: \"warning\",\n        dismissable: false,\n        autoDismiss: undefined\n    }]\n};\nvar action = {\n    type: \"REMOVE_NOTIFICATION\",\n    id: \"CONNECTION_LOST\"\n};\nvar stateAfter = {\n    notificationsList: [{\n        id: \"TEST_NOTIFICATION\",\n        title: \"This is a test\",\n        message: \"Some message goes over here\",\n        level: \"info\",\n        dismissable: undefined,\n        autoDismiss: undefined\n    }, {\n        id: \"GENERIC_ERROR\",\n        title: \"Error\",\n        message: \"Something went wrong. Please try again later.\",\n        level: \"error\",\n        dismissable: true,\n        autoDismiss: undefined\n    }]\n};\n(0, _deepFreeze2.default)(stateBefore);\n(0, _deepFreeze2.default)(action);\n(0, _expect2.default)((0, _Notifications2.default)(stateBefore, action)).toEqual(stateAfter);",
      "err": {},
      "isRoot": false,
      "uuid": "eba8d884-7f4a-4e39-a249-1f5f3fa0da6f",
      "parentUUID": "90e5596e-a848-4bd9-98c1-03f99fa716d9",
      "skipped": false
    },
    {
      "title": "Should correctly toggle the insert teaching period UI boolean",
      "fullTitle": "ACTION: SHOW_INSERT_TEACHING_PERIOD_UI Should correctly toggle the insert teaching period UI boolean",
      "timedOut": false,
      "duration": 1,
      "state": "passed",
      "speed": "fast",
      "pass": true,
      "fail": false,
      "pending": false,
      "code": "var stateBefore = {\n    showingInsertTeachingPeriodUI: false,\n    showMovingUnitUI: false,\n    showAddingUnitUI: false\n};\nvar action = {\n    type: \"SHOW_INSERT_TEACHING_PERIOD_UI\"\n};\nvar stateAfter = {\n    showingInsertTeachingPeriodUI: true,\n    showMovingUnitUI: false,\n    showAddingUnitUI: false\n};\n(0, _deepFreeze2.default)(stateBefore);\n(0, _deepFreeze2.default)(action);\n(0, _expect2.default)((0, _UI2.default)(stateBefore, action)).toEqual(stateAfter);",
      "err": {},
      "isRoot": false,
      "uuid": "bf067be3-a572-4b12-bef2-21523ae73adc",
      "parentUUID": "ef455338-f353-46c7-91e8-0ac98d8a52b8",
      "skipped": false
    },
    {
      "title": "Should correctly toggle the insert teaching period UI boolean",
      "fullTitle": "ACTION: HIDE_INSERT_TEACHING_PERIOD_UI Should correctly toggle the insert teaching period UI boolean",
      "timedOut": false,
      "duration": 0,
      "state": "passed",
      "speed": "fast",
      "pass": true,
      "fail": false,
      "pending": false,
      "code": "var stateBefore = {\n    showingInsertTeachingPeriodUI: true,\n    showMovingUnitUI: false,\n    showAddingUnitUI: false\n};\nvar action = {\n    type: \"HIDE_INSERT_TEACHING_PERIOD_UI\"\n};\nvar stateAfter = {\n    showingInsertTeachingPeriodUI: false,\n    showMovingUnitUI: false,\n    showAddingUnitUI: false\n};\n(0, _deepFreeze2.default)(stateBefore);\n(0, _deepFreeze2.default)(action);\n(0, _expect2.default)((0, _UI2.default)(stateBefore, action)).toEqual(stateAfter);",
      "err": {},
      "isRoot": false,
      "uuid": "437b4e55-05eb-4073-ae30-7ce653d396b8",
      "parentUUID": "7ed33123-5d38-47fc-97dc-e9045300122c",
      "skipped": false
    },
    {
      "title": "Should correctly toggle the add unit UI boolean",
      "fullTitle": "ACTION: SHOW_ADD_UNIT_UI Should correctly toggle the add unit UI boolean",
      "timedOut": false,
      "duration": 0,
      "state": "passed",
      "speed": "fast",
      "pass": true,
      "fail": false,
      "pending": false,
      "code": "var stateBefore = {\n    showingInsertTeachingPeriodUI: false,\n    showMovingUnitUI: false,\n    showAddingUnitUI: false\n};\nvar action = {\n    type: \"SHOW_ADD_UNIT_UI\"\n};\nvar stateAfter = {\n    showingInsertTeachingPeriodUI: false,\n    showMovingUnitUI: false,\n    showAddingUnitUI: true\n};\n(0, _deepFreeze2.default)(stateBefore);\n(0, _deepFreeze2.default)(action);\n(0, _expect2.default)((0, _UI2.default)(stateBefore, action)).toEqual(stateAfter);",
      "err": {},
      "isRoot": false,
      "uuid": "558d4e1a-5d22-4394-893c-41775b204e46",
      "parentUUID": "0825bd2c-9921-4c21-a250-7a9bb5c1cfa1",
      "skipped": false
    },
    {
      "title": "Should correctly toggle the add unit UI boolean",
      "fullTitle": "ACTION: HIDE_ADD_UNIT_UI Should correctly toggle the add unit UI boolean",
      "timedOut": false,
      "duration": 1,
      "state": "passed",
      "speed": "fast",
      "pass": true,
      "fail": false,
      "pending": false,
      "code": "var stateBefore = {\n    showingInsertTeachingPeriodUI: false,\n    showMovingUnitUI: false,\n    showAddingUnitUI: true\n};\nvar action = {\n    type: \"HIDE_ADD_UNIT_UI\"\n};\nvar stateAfter = {\n    showingInsertTeachingPeriodUI: false,\n    showMovingUnitUI: false,\n    showAddingUnitUI: false\n};\n(0, _deepFreeze2.default)(stateBefore);\n(0, _deepFreeze2.default)(action);\n(0, _expect2.default)((0, _UI2.default)(stateBefore, action)).toEqual(stateAfter);",
      "err": {},
      "isRoot": false,
      "uuid": "089508b3-b4aa-426c-b9a3-4f861796aa26",
      "parentUUID": "f9d41bcd-a978-4fc4-9534-6a12b96e16e2",
      "skipped": false
    },
    {
      "title": "Should correctly toggle the move unit UI boolean",
      "fullTitle": "ACTION: SHOW_MOVE_UNIT_UI Should correctly toggle the move unit UI boolean",
      "timedOut": false,
      "duration": 0,
      "state": "passed",
      "speed": "fast",
      "pass": true,
      "fail": false,
      "pending": false,
      "code": "var stateBefore = {\n    showingInsertTeachingPeriodUI: false,\n    showMovingUnitUI: false,\n    showAddingUnitUI: false\n};\nvar action = {\n    type: \"SHOW_MOVE_UNIT_UI\"\n};\nvar stateAfter = {\n    showingInsertTeachingPeriodUI: false,\n    showMovingUnitUI: true,\n    showAddingUnitUI: false\n};\n(0, _deepFreeze2.default)(stateBefore);\n(0, _deepFreeze2.default)(action);\n(0, _expect2.default)((0, _UI2.default)(stateBefore, action)).toEqual(stateAfter);",
      "err": {},
      "isRoot": false,
      "uuid": "91f2fca5-b8ca-41fd-baa8-427afc3b3468",
      "parentUUID": "b64d01d4-36f1-4d16-b5a7-18e2c3f14cef",
      "skipped": false
    },
    {
      "title": "Should correctly toggle the move unit UI boolean",
      "fullTitle": "ACTION: HIDE_MOVE_UNIT_UI Should correctly toggle the move unit UI boolean",
      "timedOut": false,
      "duration": 0,
      "state": "passed",
      "speed": "fast",
      "pass": true,
      "fail": false,
      "pending": false,
      "code": "var stateBefore = {\n    showingInsertTeachingPeriodUI: false,\n    showMovingUnitUI: true,\n    showAddingUnitUI: false\n};\nvar action = {\n    type: \"HIDE_MOVE_UNIT_UI\"\n};\nvar stateAfter = {\n    showingInsertTeachingPeriodUI: false,\n    showMovingUnitUI: false,\n    showAddingUnitUI: false\n};\n(0, _deepFreeze2.default)(stateBefore);\n(0, _deepFreeze2.default)(action);\n(0, _expect2.default)((0, _UI2.default)(stateBefore, action)).toEqual(stateAfter);",
      "err": {},
      "isRoot": false,
      "uuid": "6da44dfb-dae6-4b15-b28a-ab0b885eecb9",
      "parentUUID": "e477e078-bbda-41c5-81ec-67668d3655ef",
      "skipped": false
    },
    {
      "title": "Should set the course to read only correctly",
      "fullTitle": "ACTION: SET_COURSE_READ_ONLY Should set the course to read only correctly",
      "timedOut": false,
      "duration": 0,
      "state": "passed",
      "speed": "fast",
      "pass": true,
      "fail": false,
      "pending": false,
      "code": "var stateBefore = {\n    showingInsertTeachingPeriodUI: false,\n    showMovingUnitUI: false,\n    showAddingUnitUI: false,\n    readOnly: false\n};\nvar action = {\n    type: \"SET_COURSE_READ_ONLY\"\n};\nvar stateAfter = {\n    showingInsertTeachingPeriodUI: false,\n    showMovingUnitUI: false,\n    showAddingUnitUI: false,\n    readOnly: true\n};\n(0, _deepFreeze2.default)(stateBefore);\n(0, _deepFreeze2.default)(action);\n(0, _expect2.default)((0, _UI2.default)(stateBefore, action)).toEqual(stateAfter);",
      "err": {},
      "isRoot": false,
      "uuid": "0c6820fc-2347-4309-a242-3a590118217f",
      "parentUUID": "8a5baffc-c77b-47a3-8871-3b67dacf5183",
      "skipped": false
    },
    {
      "title": "Should set the course to allow edits correctly",
      "fullTitle": "ACTION: SET_COURSE_READ_AND_WRITE Should set the course to allow edits correctly",
      "timedOut": false,
      "duration": 1,
      "state": "passed",
      "speed": "fast",
      "pass": true,
      "fail": false,
      "pending": false,
      "code": "var stateBefore = {\n    showingInsertTeachingPeriodUI: false,\n    showMovingUnitUI: false,\n    showAddingUnitUI: false,\n    readOnly: true\n};\nvar action = {\n    type: \"SET_COURSE_READ_AND_WRITE\"\n};\nvar stateAfter = {\n    showingInsertTeachingPeriodUI: false,\n    showMovingUnitUI: false,\n    showAddingUnitUI: false,\n    readOnly: false\n};\n(0, _deepFreeze2.default)(stateBefore);\n(0, _deepFreeze2.default)(action);\n(0, _expect2.default)((0, _UI2.default)(stateBefore, action)).toEqual(stateAfter);",
      "err": {},
      "isRoot": false,
      "uuid": "381665a9-0cea-49e3-80f9-5534fbc50d7c",
      "parentUUID": "dce5f750-9e23-4aa6-b164-d137bd2ec4d6",
      "skipped": false
    }
  ],
  "allFailures": [],
  "copyrightYear": 2017
}